[0.017s] Invoking command in '/home/sheila/march/ros1/build/computed_torque': /usr/bin/cmake --build /home/sheila/march/ros1/build/computed_torque -- -j4 -l4
[0.060s] -- Using CATKIN_DEVEL_PREFIX: /home/sheila/march/ros1/build/computed_torque/devel
[0.060s] -- Using CMAKE_PREFIX_PATH: /home/sheila/march/ros1/install/realsense_gazebo_plugin;/home/sheila/march/ros1/install/march_temperature_sensor_controller;/home/sheila/march/ros1/install/march_launch;/home/sheila/march/ros1/install/march_simulation;/home/sheila/march/ros1/install/march_rqt_gait_generator;/home/sheila/march/ros1/install/march_shared_classes;/home/sheila/march/ros1/install/march_realsense_reader;/home/sheila/march/ros1/install/march_pdb_state_controller;/home/sheila/march/ros1/install/march_parameter_server;/home/sheila/march/ros1/install/march_moveit_interface;/home/sheila/march/ros1/install/march_joint_inertia_controller;/home/sheila/march/ros1/install/march_hardware_interface;/home/sheila/march/ros1/install/march_gazebo_plugins;/home/sheila/march/ros1/install/march_gain_scheduling;/home/sheila/march/ros1/install/march_data_collector;/home/sheila/march/ros1/install/march_acado_mpc;/home/sheila/march/ros1/install/march_shared_msgs;/home/sheila/march/ros1/install/march_moveit;/home/sheila/march/ros1/install/march_imu_manager;/home/sheila/march/ros1/install/march_hardware_builder;/home/sheila/march/ros1/install/march_hardware;/home/sheila/march/ros1/install/march_description;/home/sheila/march/ros1/install/march_bridge_parameters;/home/sheila/march/ros1/install/joint_trajectory_controller;/home/sheila/march/ros1/install/direct_dynamic_controller;/opt/ros/noetic
[0.061s] -- This workspace overlays: /home/sheila/march/ros1/install/realsense_gazebo_plugin;/home/sheila/march/ros1/install/march_temperature_sensor_controller;/home/sheila/march/ros1/install/march_launch;/home/sheila/march/ros1/install/march_simulation;/home/sheila/march/ros1/install/march_rqt_gait_generator;/home/sheila/march/ros1/install/march_shared_classes;/home/sheila/march/ros1/install/march_realsense_reader;/home/sheila/march/ros1/install/march_pdb_state_controller;/home/sheila/march/ros1/install/march_parameter_server;/home/sheila/march/ros1/install/march_moveit_interface;/home/sheila/march/ros1/install/march_joint_inertia_controller;/home/sheila/march/ros1/install/march_hardware_interface;/home/sheila/march/ros1/install/march_gazebo_plugins;/home/sheila/march/ros1/install/march_gain_scheduling;/home/sheila/march/ros1/install/march_data_collector;/home/sheila/march/ros1/install/march_acado_mpc;/home/sheila/march/ros1/install/march_shared_msgs;/home/sheila/march/ros1/install/march_moveit;/home/sheila/march/ros1/install/march_imu_manager;/home/sheila/march/ros1/install/march_hardware_builder;/home/sheila/march/ros1/install/march_hardware;/home/sheila/march/ros1/install/march_description;/home/sheila/march/ros1/install/march_bridge_parameters;/home/sheila/march/ros1/install/joint_trajectory_controller;/home/sheila/march/ros1/install/direct_dynamic_controller;/opt/ros/noetic
[0.091s] -- Found PythonInterp: /usr/bin/python3 (found suitable version "3.8.5", minimum required is "3") 
[0.091s] -- Using PYTHON_EXECUTABLE: /usr/bin/python3
[0.091s] -- Using Debian Python package layout
[0.091s] -- Using empy: /usr/lib/python3/dist-packages/em.py
[0.240s] -- Using CATKIN_ENABLE_TESTING: ON
[0.240s] -- Call enable_testing()
[0.240s] -- Using CATKIN_TEST_RESULTS_DIR: /home/sheila/march/ros1/build/computed_torque/test_results
[0.277s] -- Forcing gtest/gmock from source, though one was otherwise available.
[0.277s] -- Found gtest sources under '/usr/src/googletest': gtests will be built
[0.277s] -- Found gmock sources under '/usr/src/googletest': gmock will be built
[0.307s] -- Found PythonInterp: /usr/bin/python3 (found version "3.8.5") 
[0.319s] -- Using Python nosetests: /usr/bin/nosetests3
[0.390s] -- catkin 0.8.9
[0.390s] -- BUILD_SHARED_LIBS is on
[0.763s] -- Using these message generators: gencpp;geneus;genlisp;gennodejs;genpy
[1.307s] -- Configuring done
[1.343s] -- Generating done
[1.350s] -- Build files have been written to: /home/sheila/march/ros1/build/computed_torque
[1.385s] [35m[1mScanning dependencies of target dynamic_reconfigure_generate_messages_nodejs[0m
[1.386s] [35m[1mScanning dependencies of target actionlib_msgs_generate_messages_nodejs[0m
[1.404s] [  0%] Built target actionlib_msgs_generate_messages_nodejs
[1.405s] [  0%] Built target std_msgs_generate_messages_eus
[1.405s] [  0%] Built target dynamic_reconfigure_generate_messages_nodejs
[1.405s] [  0%] Built target rosgraph_msgs_generate_messages_py
[1.424s] [35m[1mScanning dependencies of target actionlib_msgs_generate_messages_cpp[0m
[1.424s] [35m[1mScanning dependencies of target control_msgs_generate_messages_lisp[0m
[1.424s] [35m[1mScanning dependencies of target actionlib_msgs_generate_messages_lisp[0m
[1.444s] [  0%] Built target rosgraph_msgs_generate_messages_eus
[1.444s] [  0%] Built target control_msgs_generate_messages_lisp
[1.444s] [  0%] Built target actionlib_msgs_generate_messages_cpp
[1.445s] [  0%] Built target actionlib_msgs_generate_messages_lisp
[1.463s] [35m[1mScanning dependencies of target control_msgs_generate_messages_cpp[0m
[1.463s] [35m[1mScanning dependencies of target control_toolbox_generate_messages_nodejs[0m
[1.482s] [  0%] Built target std_msgs_generate_messages_lisp
[1.482s] [  0%] Built target roscpp_generate_messages_lisp
[1.482s] [  0%] Built target control_toolbox_generate_messages_nodejs
[1.483s] [  0%] Built target control_msgs_generate_messages_cpp
[1.501s] [35m[1mScanning dependencies of target dynamic_reconfigure_generate_messages_py[0m
[1.501s] [35m[1mScanning dependencies of target control_msgs_generate_messages_nodejs[0m
[1.501s] [35m[1mScanning dependencies of target actionlib_msgs_generate_messages_eus[0m
[1.520s] [  0%] Built target rosgraph_msgs_generate_messages_lisp
[1.520s] [  0%] Built target control_msgs_generate_messages_nodejs
[1.520s] [  0%] Built target actionlib_msgs_generate_messages_eus
[1.521s] [  0%] Built target dynamic_reconfigure_generate_messages_py
[1.539s] [35m[1mScanning dependencies of target actionlib_generate_messages_lisp[0m
[1.540s] [35m[1mScanning dependencies of target _catkin_empty_exported_target[0m
[1.540s] [35m[1mScanning dependencies of target actionlib_generate_messages_py[0m
[1.543s] [35m[1mScanning dependencies of target actionlib_generate_messages_nodejs[0m
[1.560s] [  0%] Built target actionlib_generate_messages_lisp
[1.560s] [  0%] Built target actionlib_generate_messages_py
[1.561s] [  0%] Built target _catkin_empty_exported_target
[1.563s] [  0%] Built target actionlib_generate_messages_nodejs
[1.579s] [35m[1mScanning dependencies of target trajectory_msgs_generate_messages_nodejs[0m
[1.579s] [35m[1mScanning dependencies of target trajectory_msgs_generate_messages_cpp[0m
[1.579s] [35m[1mScanning dependencies of target control_msgs_generate_messages_eus[0m
[1.582s] [35m[1mScanning dependencies of target control_toolbox_generate_messages_py[0m
[1.600s] [  0%] Built target trajectory_msgs_generate_messages_nodejs
[1.600s] [  0%] Built target control_msgs_generate_messages_eus
[1.601s] [  0%] Built target control_toolbox_generate_messages_py
[1.601s] [  0%] Built target trajectory_msgs_generate_messages_cpp
[1.619s] [35m[1mScanning dependencies of target geometry_msgs_generate_messages_eus[0m
[1.638s] [  0%] Built target roscpp_generate_messages_nodejs
[1.638s] [  0%] Built target std_msgs_generate_messages_nodejs
[1.639s] [  0%] Built target std_msgs_generate_messages_py
[1.639s] [  0%] Built target geometry_msgs_generate_messages_eus
[1.658s] [35m[1mScanning dependencies of target actionlib_msgs_generate_messages_py[0m
[1.658s] [35m[1mScanning dependencies of target actionlib_generate_messages_cpp[0m
[1.676s] [  0%] Built target actionlib_msgs_generate_messages_py
[1.676s] [  0%] Built target actionlib_generate_messages_cpp
[1.677s] [  0%] Built target rosgraph_msgs_generate_messages_nodejs
[1.677s] [  0%] Built target std_msgs_generate_messages_cpp
[1.695s] [35m[1mScanning dependencies of target control_toolbox_gencfg[0m
[1.695s] [35m[1mScanning dependencies of target control_msgs_generate_messages_py[0m
[1.714s] [  0%] Built target roscpp_generate_messages_eus
[1.714s] [  0%] Built target roscpp_generate_messages_cpp
[1.715s] [  0%] Built target control_toolbox_gencfg
[1.715s] [  0%] Built target control_msgs_generate_messages_py
[1.733s] [35m[1mScanning dependencies of target geometry_msgs_generate_messages_cpp[0m
[1.733s] [35m[1mScanning dependencies of target geometry_msgs_generate_messages_lisp[0m
[1.733s] [35m[1mScanning dependencies of target geometry_msgs_generate_messages_py[0m
[1.734s] [35m[1mScanning dependencies of target trajectory_msgs_generate_messages_lisp[0m
[1.753s] [  0%] Built target geometry_msgs_generate_messages_lisp
[1.753s] [  0%] Built target geometry_msgs_generate_messages_cpp
[1.753s] [  0%] Built target geometry_msgs_generate_messages_py
[1.754s] [  0%] Built target trajectory_msgs_generate_messages_lisp
[1.772s] [35m[1mScanning dependencies of target trajectory_msgs_generate_messages_eus[0m
[1.772s] [35m[1mScanning dependencies of target trajectory_msgs_generate_messages_py[0m
[1.773s] [35m[1mScanning dependencies of target actionlib_generate_messages_eus[0m
[1.791s] [  0%] Built target rosgraph_msgs_generate_messages_cpp
[1.791s] [  0%] Built target trajectory_msgs_generate_messages_py
[1.791s] [  0%] Built target actionlib_generate_messages_eus
[1.791s] [  0%] Built target trajectory_msgs_generate_messages_eus
[1.810s] [35m[1mScanning dependencies of target control_toolbox_generate_messages_eus[0m
[1.811s] [35m[1mScanning dependencies of target control_toolbox_generate_messages_cpp[0m
[1.811s] [35m[1mScanning dependencies of target control_toolbox_generate_messages_lisp[0m
[1.829s] [  0%] Built target roscpp_generate_messages_py
[1.829s] [  0%] Built target control_toolbox_generate_messages_cpp
[1.829s] [  0%] Built target control_toolbox_generate_messages_lisp
[1.830s] [  0%] Built target control_toolbox_generate_messages_eus
[1.848s] [35m[1mScanning dependencies of target geometry_msgs_generate_messages_nodejs[0m
[1.848s] [35m[1mScanning dependencies of target dynamic_reconfigure_gencfg[0m
[1.848s] [35m[1mScanning dependencies of target dynamic_reconfigure_generate_messages_cpp[0m
[1.851s] [35m[1mScanning dependencies of target dynamic_reconfigure_generate_messages_eus[0m
[1.868s] [  0%] Built target geometry_msgs_generate_messages_nodejs
[1.868s] [  0%] Built target dynamic_reconfigure_gencfg
[1.869s] [  0%] Built target dynamic_reconfigure_generate_messages_cpp
[1.871s] [  0%] Built target dynamic_reconfigure_generate_messages_eus
[1.881s] [35m[1mScanning dependencies of target dynamic_reconfigure_generate_messages_lisp[0m
[1.895s] [  0%] Built target dynamic_reconfigure_generate_messages_lisp
[1.911s] [35m[1mScanning dependencies of target computed_torque_lib[0m
[1.925s] [ 50%] [32mBuilding CXX object CMakeFiles/computed_torque_lib.dir/src/computed_torque_controller.cpp.o[0m
[2.868s] In file included from [01m[K/home/sheila/march/ros1/src/control/computed_torque/include/computed_torque/computed_torque_controller.h:95[m[K,
[2.868s]                  from [01m[K/home/sheila/march/ros1/src/control/computed_torque/src/computed_torque_controller.cpp:5[m[K:
[2.868s] [01m[K/home/sheila/march/ros1/src/control/computed_torque/include/computed_torque/computed_torque_controller.hpp:1:[m[K [01;31m[Kerror: [m[Kunterminated #ifndef
[2.868s]     1 | #ifndef COMPUTED_TORQUE_CONTROLLER_HPP_INCLUDED
[2.868s]       | 
[4.725s] In file included from [01m[K/home/sheila/march/ros1/src/control/computed_torque/src/computed_torque_controller.cpp:5[m[K:
[4.725s] [01m[K/home/sheila/march/ros1/src/control/computed_torque/include/computed_torque/computed_torque_controller.h:44:83:[m[K [01;31m[Kerror: [m[Kâ€˜[01m[KState[m[Kâ€™ does not name a type
[4.725s]    44 | d update(const ros::Time &time, const ros::Duration &period, const [01;31m[KState[m[K& desired_state, const State& state_error );
[4.725s]       |                                                                    [01;31m[K^~~~~[m[K
[4.726s] 
[4.727s] [01m[K/home/sheila/march/ros1/src/control/computed_torque/include/computed_torque/computed_torque_controller.h:44:111:[m[K [01;31m[Kerror: [m[Kâ€˜[01m[KState[m[Kâ€™ does not name a type
[4.727s]    44 | me, const ros::Duration &period, const State& desired_state, const [01;31m[KState[m[K& state_error );
[4.727s]       |                                                                    [01;31m[K^~~~~[m[K
[4.727s] 
[4.730s] [01m[K/home/sheila/march/ros1/src/control/computed_torque/include/computed_torque/computed_torque_controller.h:60:13:[m[K [01;31m[Kerror: [m[Kâ€˜[01m[Kddynamic_reconfigure[m[Kâ€™ does not name a type; did you mean â€˜[01m[Kdynamic_reconfigure[m[Kâ€™?
[4.731s]    60 |             [01;31m[Kddynamic_reconfigure[m[K::DDynamicReconfigurePtr ddr;
[4.731s]       |             [01;31m[K^~~~~~~~~~~~~~~~~~~~[m[K
[4.731s]       |             [32m[Kdynamic_reconfigure[m[K
[4.731s] [01m[K/home/sheila/march/ros1/src/control/computed_torque/include/computed_torque/computed_torque_controller.h:61:27:[m[K [01;31m[Kerror: [m[Kinvalid use of non-static data member â€˜[01m[Kcontroller_ns::computed_torque_controller_class::num_joints_[m[Kâ€™
[4.731s]    61 |             double Kp_vec[[01;31m[Knum_joints_[m[K] = {0.0, 0.0, 0.0, 0.0, 0.0, 0.0, 0.0};
[4.731s]       |                           [01;31m[K^~~~~~~~~~~[m[K
[4.731s] [01m[K/home/sheila/march/ros1/src/control/computed_torque/include/computed_torque/computed_torque_controller.h:50:26:[m[K [01;36m[Knote: [m[Kdeclared here
[4.731s]    50 |             unsigned int [01;36m[Knum_joints_[m[K;
[4.731s]       |                          [01;36m[K^~~~~~~~~~~[m[K
[4.731s] [01m[K/home/sheila/march/ros1/src/control/computed_torque/include/computed_torque/computed_torque_controller.h:62:27:[m[K [01;31m[Kerror: [m[Kinvalid use of non-static data member â€˜[01m[Kcontroller_ns::computed_torque_controller_class::num_joints_[m[Kâ€™
[4.731s]    62 |             double Kv_vec[[01;31m[Knum_joints_[m[K] = {0.0, 0.0, 0.0, 0.0, 0.0, 0.0, 0.0};
[4.732s]       |                           [01;31m[K^~~~~~~~~~~[m[K
[4.732s] [01m[K/home/sheila/march/ros1/src/control/computed_torque/include/computed_torque/computed_torque_controller.h:50:26:[m[K [01;36m[Knote: [m[Kdeclared here
[4.732s]    50 |             unsigned int [01;36m[Knum_joints_[m[K;
[4.732s]       |                          [01;36m[K^~~~~~~~~~~[m[K
[4.732s] [01m[K/home/sheila/march/ros1/src/control/computed_torque/include/computed_torque/computed_torque_controller.h:63:13:[m[K [01;31m[Kerror: [m[Kâ€˜[01m[KEigen[m[Kâ€™ does not name a type
[4.732s]    63 |             [01;31m[KEigen[m[K::MatrixXd Kp = Eigen::MatrixXd::Zero(num_joints_,num_joints_);
[4.732s]       |             [01;31m[K^~~~~[m[K
[4.734s] [01m[K/home/sheila/march/ros1/src/control/computed_torque/include/computed_torque/computed_torque_controller.h:64:13:[m[K [01;31m[Kerror: [m[Kâ€˜[01m[KEigen[m[Kâ€™ does not name a type
[4.734s]    64 |             [01;31m[KEigen[m[K::MatrixXd Kv = Eigen::MatrixXd::Zero(num_joints_,num_joints_);
[4.734s]       |             [01;31m[K^~~~~[m[K
[4.737s] [01m[K/home/sheila/march/ros1/src/control/computed_torque/include/computed_torque/computed_torque_controller.h:67:26:[m[K [01;31m[Kerror: [m[Kâ€˜[01m[KJOINTS[m[Kâ€™ was not declared in this scope
[4.737s]    67 |             double F_vec[[01;31m[KJOINTS[m[K] = {0.0, 0.0, 0.0, 0.0, 0.0, 0.0};
[4.738s]       |                          [01;31m[K^~~~~~[m[K
[4.739s] [01m[K/home/sheila/march/ros1/src/control/computed_torque/include/computed_torque/computed_torque_controller.h:68:13:[m[K [01;31m[Kerror: [m[Kâ€˜[01m[KEigen[m[Kâ€™ does not name a type
[4.739s]    68 |             [01;31m[KEigen[m[K::MatrixXd F = Eigen::MatrixXd::Zero(num_joints_, num_joints_);
[4.739s]       |             [01;31m[K^~~~~[m[K
[4.742s] [01m[K/home/sheila/march/ros1/src/control/computed_torque/include/computed_torque/computed_torque_controller.h:73:13:[m[K [01;31m[Kerror: [m[Kâ€˜[01m[KEigen[m[Kâ€™ does not name a type
[4.742s]    73 |             [01;31m[KEigen[m[K::VectorXd current_vel = Eigen::VectorXd::Zero(6);
[4.742s]       |             [01;31m[K^~~~~[m[K
[4.744s] [01m[K/home/sheila/march/ros1/src/control/computed_torque/include/computed_torque/computed_torque_controller.h:74:13:[m[K [01;31m[Kerror: [m[Kâ€˜[01m[KEigen[m[Kâ€™ does not name a type
[4.744s]    74 |             [01;31m[KEigen[m[K::VectorXd current_torque = Eigen::VectorXd::Zero(num_joints_);
[4.744s]       |             [01;31m[K^~~~~[m[K
[4.745s] [01m[K/home/sheila/march/ros1/src/control/computed_torque/include/computed_torque/computed_torque_controller.h:75:13:[m[K [01;31m[Kerror: [m[Kâ€˜[01m[KEigen[m[Kâ€™ does not name a type
[4.746s]    75 |             [01;31m[KEigen[m[K::VectorXd pos_error = Eigen::VectorXd::Zero(6);
[4.746s]       |             [01;31m[K^~~~~[m[K
[4.747s] [01m[K/home/sheila/march/ros1/src/control/computed_torque/include/computed_torque/computed_torque_controller.h:76:13:[m[K [01;31m[Kerror: [m[Kâ€˜[01m[KEigen[m[Kâ€™ does not name a type
[4.747s]    76 |             [01;31m[KEigen[m[K::VectorXd vel_error = Eigen::VectorXd::Zero(6);
[4.747s]       |             [01;31m[K^~~~~[m[K
[4.749s] [01m[K/home/sheila/march/ros1/src/control/computed_torque/include/computed_torque/computed_torque_controller.h:77:13:[m[K [01;31m[Kerror: [m[Kâ€˜[01m[KEigen[m[Kâ€™ does not name a type
[4.749s]    77 |             [01;31m[KEigen[m[K::VectorXd desired_vel = Eigen::VectorXd::Zero(6);
[4.749s]       |             [01;31m[K^~~~~[m[K
[4.751s] [01m[K/home/sheila/march/ros1/src/control/computed_torque/include/computed_torque/computed_torque_controller.h:78:13:[m[K [01;31m[Kerror: [m[Kâ€˜[01m[KEigen[m[Kâ€™ does not name a type
[4.751s]    78 |             [01;31m[KEigen[m[K::VectorXd desired_acc = Eigen::VectorXd::Zero(6);
[4.751s]       |             [01;31m[K^~~~~[m[K
[4.751s] [01m[K/home/sheila/march/ros1/src/control/computed_torque/include/computed_torque/computed_torque_controller.h:82:18:[m[K [01;31m[Kerror: [m[Kâ€˜[01m[KJntSpaceInertiaMatrix[m[Kâ€™ in namespace â€˜[01m[KKDL[m[Kâ€™ does not name a type
[4.752s]    82 |             KDL::[01;31m[KJntSpaceInertiaMatrix[m[K M = KDL::JntSpaceInertiaMatrix(num_joints_);
[4.752s]       |                  [01;31m[K^~~~~~~~~~~~~~~~~~~~~[m[K
[4.752s] [01m[K/home/sheila/march/ros1/src/control/computed_torque/include/computed_torque/computed_torque_controller.h:83:18:[m[K [01;31m[Kerror: [m[Kâ€˜[01m[KJntArray[m[Kâ€™ in namespace â€˜[01m[KKDL[m[Kâ€™ does not name a type
[4.752s]    83 |             KDL::[01;31m[KJntArray[m[K C = KDL::JntArray(num_joints_);
[4.752s]       |                  [01;31m[K^~~~~~~~[m[K
[4.752s] [01m[K/home/sheila/march/ros1/src/control/computed_torque/include/computed_torque/computed_torque_controller.h:84:18:[m[K [01;31m[Kerror: [m[Kâ€˜[01m[KJntArray[m[Kâ€™ in namespace â€˜[01m[KKDL[m[Kâ€™ does not name a type
[4.752s]    84 |             KDL::[01;31m[KJntArray[m[K G = KDL::JntArray(num_joints_);
[4.752s]       |                  [01;31m[K^~~~~~~~[m[K
[4.752s] [01m[K/home/sheila/march/ros1/src/control/computed_torque/include/computed_torque/computed_torque_controller.h:87:18:[m[K [01;31m[Kerror: [m[Kâ€˜[01m[KJntArray[m[Kâ€™ in namespace â€˜[01m[KKDL[m[Kâ€™ does not name a type
[4.752s]    87 |             KDL::[01;31m[KJntArray[m[K tau = KDL::JntArray(num_joints_);
[4.752s]       |                  [01;31m[K^~~~~~~~[m[K
[5.100s] In file included from [01m[K/home/sheila/march/ros1/src/control/computed_torque/include/computed_torque/computed_torque_controller.h:95[m[K,
[5.100s]                  from [01m[K/home/sheila/march/ros1/src/control/computed_torque/src/computed_torque_controller.cpp:5[m[K:
[5.101s] [01m[K/home/sheila/march/ros1/src/control/computed_torque/include/computed_torque/computed_torque_controller.hpp:[m[K In member function â€˜[01m[Kbool controller_ns::computed_torque_controller_class::init(std::vector<hardware_interface::JointHandle>&, ros::NodeHandle&)[m[Kâ€™:
[5.101s] [01m[K/home/sheila/march/ros1/src/control/computed_torque/include/computed_torque/computed_torque_controller.hpp:35:10:[m[K [01;31m[Kerror: [m[Kâ€˜[01m[Kcontroller_nh_ptr_[m[Kâ€™ was not declared in this scope; did you mean â€˜[01m[Kcontroller_ns[m[Kâ€™?
[5.101s]    35 |     if (![01;31m[Kcontroller_nh_ptr_[m[K->getParam("Kp", kp_default)){
[5.101s]       |          [01;31m[K^~~~~~~~~~~~~~~~~~[m[K
[5.101s]       |          [32m[Kcontroller_ns[m[K
[5.112s] [01m[K/home/sheila/march/ros1/src/control/computed_torque/include/computed_torque/computed_torque_controller.hpp:39:10:[m[K [01;31m[Kerror: [m[Kâ€˜[01m[Kcontroller_nh_ptr_[m[Kâ€™ was not declared in this scope; did you mean â€˜[01m[Kcontroller_ns[m[Kâ€™?
[5.112s]    39 |     if (![01;31m[Kcontroller_nh_ptr_[m[K->getParam("Kv", kv_default)){
[5.112s]       |          [01;31m[K^~~~~~~~~~~~~~~~~~[m[K
[5.112s]       |          [32m[Kcontroller_ns[m[K
[5.115s] [01m[K/home/sheila/march/ros1/src/control/computed_torque/include/computed_torque/computed_torque_controller.hpp:47:5:[m[K [01;31m[Kerror: [m[Kâ€˜[01m[Kddr[m[Kâ€™ was not declared in this scope
[5.115s]    47 |     [01;31m[Kddr[m[K.reset(new ddynamic_reconfigure::DDynamicReconfigure(nh));
[5.115s]       |     [01;31m[K^~~[m[K
[5.119s] [01m[K/home/sheila/march/ros1/src/control/computed_torque/include/computed_torque/computed_torque_controller.hpp:47:19:[m[K [01;31m[Kerror: [m[Kâ€˜[01m[Kddynamic_reconfigure[m[Kâ€™ does not name a type; did you mean â€˜[01m[Kdynamic_reconfigure[m[Kâ€™?
[5.119s]    47 |     ddr.reset(new [01;31m[Kddynamic_reconfigure[m[K::DDynamicReconfigure(nh));
[5.119s]       |                   [01;31m[K^~~~~~~~~~~~~~~~~~~~[m[K
[5.119s]       |                   [32m[Kdynamic_reconfigure[m[K
[5.122s] [01m[K/home/sheila/march/ros1/src/control/computed_torque/include/computed_torque/computed_torque_controller.hpp:50:9:[m[K [01;31m[Kerror: [m[Kâ€˜[01m[KKp_vec[m[Kâ€™ was not declared in this scope
[5.122s]    50 |         [01;31m[KKp_vec[m[K[i] = kp_default[i];
[5.122s]       |         [01;31m[K^~~~~~[m[K
[5.125s] [01m[K/home/sheila/march/ros1/src/control/computed_torque/include/computed_torque/computed_torque_controller.hpp:51:9:[m[K [01;31m[Kerror: [m[Kâ€˜[01m[KKv_vec[m[Kâ€™ was not declared in this scope
[5.125s]    51 |         [01;31m[KKv_vec[m[K[i] = kv_default[i];
[5.125s]       |         [01;31m[K^~~~~~[m[K
[5.128s] [01m[K/home/sheila/march/ros1/src/control/computed_torque/include/computed_torque/computed_torque_controller.hpp:52:9:[m[K [01;31m[Kerror: [m[Kâ€˜[01m[KF_vec[m[Kâ€™ was not declared in this scope
[5.128s]    52 |         [01;31m[KF_vec[m[K[i] = F_default;
[5.128s]       |         [01;31m[K^~~~~[m[K
[5.140s] [01m[K/home/sheila/march/ros1/src/control/computed_torque/include/computed_torque/computed_torque_controller.hpp:53:43:[m[K [01;31m[Kerror: [m[Kâ€˜[01m[Kcontroller_nh_ptr_[m[Kâ€™ was not declared in this scope; did you mean â€˜[01m[Kcontroller_ns[m[Kâ€™?
[5.140s]    53 |         ddr->RegisterVariable(&Kp_vec[i], [01;31m[Kcontroller_nh_ptr_[m[K->getNamespace() + "/Kp/" + joint_names_[i], 0, 6000);
[5.140s]       |                                           [01;31m[K^~~~~~~~~~~~~~~~~~[m[K
[5.141s]       |                                           [32m[Kcontroller_ns[m[K
[5.147s] [01m[K/home/sheila/march/ros1/src/control/computed_torque/include/computed_torque/computed_torque_controller.hpp:68:5:[m[K [01;31m[Kerror: [m[Kâ€˜[01m[Kcommand_pub_[m[Kâ€™ was not declared in this scope
[5.147s]    68 |     [01;31m[Kcommand_pub_[m[K = std::make_unique<realtime_tools::RealtimePublisher<std_msgs::Float64MultiArray>>(nh, "/march/mpc/command", 10);
[5.147s]       |     [01;31m[K^~~~~~~~~~~~[m[K
[5.148s] [01m[K/home/sheila/march/ros1/src/control/computed_torque/include/computed_torque/computed_torque_controller.hpp:68:81:[m[K [01;31m[Kerror: [m[Kâ€˜[01m[KFloat64MultiArray[m[Kâ€™ is not a member of â€˜[01m[Kstd_msgs[m[Kâ€™
[5.148s]    68 | ub_ = std::make_unique<realtime_tools::RealtimePublisher<std_msgs::[01;31m[KFloat64MultiArray[m[K>>(nh, "/march/mpc/command", 10);
[5.148s]       |                                                                    [01;31m[K^~~~~~~~~~~~~~~~~[m[K
[5.148s] 
[5.148s] [01m[K/home/sheila/march/ros1/src/control/computed_torque/include/computed_torque/computed_torque_controller.hpp:68:81:[m[K [01;31m[Kerror: [m[Kâ€˜[01m[KFloat64MultiArray[m[Kâ€™ is not a member of â€˜[01m[Kstd_msgs[m[Kâ€™
[5.149s] [01m[K/home/sheila/march/ros1/src/control/computed_torque/include/computed_torque/computed_torque_controller.hpp:68:81:[m[K [01;31m[Kerror: [m[Ktemplate argument 1 is invalid
[5.149s] In file included from [01m[K/home/sheila/march/ros1/src/control/computed_torque/include/computed_torque/computed_torque_controller.h:95[m[K,
[5.149s]                  from [01m[K/home/sheila/march/ros1/src/control/computed_torque/src/computed_torque_controller.cpp:5[m[K:
[5.149s] [01m[K/home/sheila/march/ros1/src/control/computed_torque/include/computed_torque/computed_torque_controller.hpp:68:129:[m[K [01;31m[Kerror: [m[Kno matching function for call to â€˜[01m[Kmake_unique<<expression error> >(ros::NodeHandle&, const char [19], int)[m[Kâ€™
[5.150s]    68 | ublisher<std_msgs::Float64MultiArray>>(nh, "/march/mpc/command", 10[01;31m[K)[m[K;
[5.150s]       |                                                                    [01;31m[K^[m[K
[5.150s] 
[5.150s] In file included from [01m[K/usr/include/c++/9/memory:80[m[K,
[5.150s]                  from [01m[K/usr/include/boost/config/no_tr1/memory.hpp:21[m[K,
[5.150s]                  from [01m[K/usr/include/boost/get_pointer.hpp:14[m[K,
[5.150s]                  from [01m[K/usr/include/boost/bind/mem_fn.hpp:25[m[K,
[5.150s]                  from [01m[K/usr/include/boost/mem_fn.hpp:22[m[K,
[5.151s]                  from [01m[K/usr/include/boost/bind/bind.hpp:26[m[K,
[5.151s]                  from [01m[K/usr/include/boost/bind.hpp:22[m[K,
[5.151s]                  from [01m[K/opt/ros/noetic/include/class_loader/class_loader.hpp:35[m[K,
[5.151s]                  from [01m[K/opt/ros/noetic/include/pluginlib/./class_list_macros.hpp:40[m[K,
[5.151s]                  from [01m[K/opt/ros/noetic/include/pluginlib/class_list_macros.h:35[m[K,
[5.151s]                  from [01m[K/home/sheila/march/ros1/src/control/computed_torque/src/computed_torque_controller.cpp:2[m[K:
[5.151s] [01m[K/usr/include/c++/9/bits/unique_ptr.h:856:5:[m[K [01;36m[Knote: [m[Kcandidate: â€˜[01m[Ktemplate<class _Tp, class ... _Args> typename std::_MakeUniq<_Tp>::__single_object std::make_unique(_Args&& ...)[m[Kâ€™
[5.151s]   856 |     [01;36m[Kmake_unique[m[K(_Args&&... __args)
[5.152s]       |     [01;36m[K^~~~~~~~~~~[m[K
[5.152s] [01m[K/usr/include/c++/9/bits/unique_ptr.h:856:5:[m[K [01;36m[Knote: [m[K  template argument deduction/substitution failed:
[5.152s] In file included from [01m[K/home/sheila/march/ros1/src/control/computed_torque/include/computed_torque/computed_torque_controller.h:95[m[K,
[5.152s]                  from [01m[K/home/sheila/march/ros1/src/control/computed_torque/src/computed_torque_controller.cpp:5[m[K:
[5.152s] [01m[K/home/sheila/march/ros1/src/control/computed_torque/include/computed_torque/computed_torque_controller.hpp:68:129:[m[K [01;31m[Kerror: [m[Ktemplate argument 1 is invalid
[5.152s]    68 | ublisher<std_msgs::Float64MultiArray>>(nh, "/march/mpc/command", 10[01;31m[K)[m[K;
[5.152s]       |                                                                    [01;31m[K^[m[K
[5.153s] 
[5.153s] In file included from [01m[K/usr/include/c++/9/memory:80[m[K,
[5.153s]                  from [01m[K/usr/include/boost/config/no_tr1/memory.hpp:21[m[K,
[5.153s]                  from [01m[K/usr/include/boost/get_pointer.hpp:14[m[K,
[5.153s]                  from [01m[K/usr/include/boost/bind/mem_fn.hpp:25[m[K,
[5.153s]                  from [01m[K/usr/include/boost/mem_fn.hpp:22[m[K,
[5.153s]                  from [01m[K/usr/include/boost/bind/bind.hpp:26[m[K,
[5.153s]                  from [01m[K/usr/include/boost/bind.hpp:22[m[K,
[5.154s]                  from [01m[K/opt/ros/noetic/include/class_loader/class_loader.hpp:35[m[K,
[5.154s]                  from [01m[K/opt/ros/noetic/include/pluginlib/./class_list_macros.hpp:40[m[K,
[5.154s]                  from [01m[K/opt/ros/noetic/include/pluginlib/class_list_macros.h:35[m[K,
[5.154s]                  from [01m[K/home/sheila/march/ros1/src/control/computed_torque/src/computed_torque_controller.cpp:2[m[K:
[5.154s] [01m[K/usr/include/c++/9/bits/unique_ptr.h:862:5:[m[K [01;36m[Knote: [m[Kcandidate: â€˜[01m[Ktemplate<class _Tp> typename std::_MakeUniq<_Tp>::__array std::make_unique(std::size_t)[m[Kâ€™
[5.154s]   862 |     [01;36m[Kmake_unique[m[K(size_t __num)
[5.154s]       |     [01;36m[K^~~~~~~~~~~[m[K
[5.154s] [01m[K/usr/include/c++/9/bits/unique_ptr.h:862:5:[m[K [01;36m[Knote: [m[K  template argument deduction/substitution failed:
[5.155s] In file included from [01m[K/home/sheila/march/ros1/src/control/computed_torque/include/computed_torque/computed_torque_controller.h:95[m[K,
[5.155s]                  from [01m[K/home/sheila/march/ros1/src/control/computed_torque/src/computed_torque_controller.cpp:5[m[K:
[5.155s] [01m[K/home/sheila/march/ros1/src/control/computed_torque/include/computed_torque/computed_torque_controller.hpp:68:129:[m[K [01;31m[Kerror: [m[Ktemplate argument 1 is invalid
[5.155s]    68 | ublisher<std_msgs::Float64MultiArray>>(nh, "/march/mpc/command", 10[01;31m[K)[m[K;
[5.155s]       |                                                                    [01;31m[K^[m[K
[5.155s] 
[5.155s] In file included from [01m[K/usr/include/c++/9/memory:80[m[K,
[5.156s]                  from [01m[K/usr/include/boost/config/no_tr1/memory.hpp:21[m[K,
[5.156s]                  from [01m[K/usr/include/boost/get_pointer.hpp:14[m[K,
[5.156s]                  from [01m[K/usr/include/boost/bind/mem_fn.hpp:25[m[K,
[5.156s]                  from [01m[K/usr/include/boost/mem_fn.hpp:22[m[K,
[5.156s]                  from [01m[K/usr/include/boost/bind/bind.hpp:26[m[K,
[5.156s]                  from [01m[K/usr/include/boost/bind.hpp:22[m[K,
[5.156s]                  from [01m[K/opt/ros/noetic/include/class_loader/class_loader.hpp:35[m[K,
[5.156s]                  from [01m[K/opt/ros/noetic/include/pluginlib/./class_list_macros.hpp:40[m[K,
[5.157s]                  from [01m[K/opt/ros/noetic/include/pluginlib/class_list_macros.h:35[m[K,
[5.157s]                  from [01m[K/home/sheila/march/ros1/src/control/computed_torque/src/computed_torque_controller.cpp:2[m[K:
[5.157s] [01m[K/usr/include/c++/9/bits/unique_ptr.h:868:5:[m[K [01;36m[Knote: [m[Kcandidate: â€˜[01m[Ktemplate<class _Tp, class ... _Args> typename std::_MakeUniq<_Tp>::__invalid_type std::make_unique(_Args&& ...)[m[Kâ€™ <deleted>
[5.157s]   868 |     [01;36m[Kmake_unique[m[K(_Args&&...) = delete;
[5.157s]       |     [01;36m[K^~~~~~~~~~~[m[K
[5.157s] [01m[K/usr/include/c++/9/bits/unique_ptr.h:868:5:[m[K [01;36m[Knote: [m[K  template argument deduction/substitution failed:
[5.157s] In file included from [01m[K/home/sheila/march/ros1/src/control/computed_torque/include/computed_torque/computed_torque_controller.h:95[m[K,
[5.157s]                  from [01m[K/home/sheila/march/ros1/src/control/computed_torque/src/computed_torque_controller.cpp:5[m[K:
[5.158s] [01m[K/home/sheila/march/ros1/src/control/computed_torque/include/computed_torque/computed_torque_controller.hpp:68:129:[m[K [01;31m[Kerror: [m[Ktemplate argument 1 is invalid
[5.158s]    68 | ublisher<std_msgs::Float64MultiArray>>(nh, "/march/mpc/command", 10[01;31m[K)[m[K;
[5.158s]       |                                                                    [01;31m[K^[m[K
[5.158s] 
[5.158s] [01m[K/home/sheila/march/ros1/src/control/computed_torque/include/computed_torque/computed_torque_controller.hpp:[m[K At global scope:
[5.158s] [01m[K/home/sheila/march/ros1/src/control/computed_torque/include/computed_torque/computed_torque_controller.hpp:75:53:[m[K [01;31m[Kerror: [m[Kâ€˜[01m[KState[m[Kâ€™ does not name a type
[5.158s]    75 |                                               const [01;31m[KState[m[K& desired_state, const State& state_error ){
[5.158s]       |                                                     [01;31m[K^~~~~[m[K
[5.159s] [01m[K/home/sheila/march/ros1/src/control/computed_torque/include/computed_torque/computed_torque_controller.hpp:75:81:[m[K [01;31m[Kerror: [m[Kâ€˜[01m[KState[m[Kâ€™ does not name a type
[5.159s]    75 |                                  const State& desired_state, const [01;31m[KState[m[K& state_error ){
[5.159s]       |                                                                    [01;31m[K^~~~~[m[K
[5.159s] 
[5.160s] [01m[K/home/sheila/march/ros1/src/control/computed_torque/include/computed_torque/computed_torque_controller.hpp:[m[K In member function â€˜[01m[Kvoid controller_ns::computed_torque_controller_class::update(const ros::Time&, const ros::Duration&, const int&, const int&)[m[Kâ€™:
[5.160s] [01m[K/home/sheila/march/ros1/src/control/computed_torque/include/computed_torque/computed_torque_controller.hpp:79:28:[m[K [01;31m[Kerror: [m[Kâ€˜[01m[Kn_joints[m[Kâ€™ was not declared in this scope; did you mean â€˜[01m[Knum_joints_[m[Kâ€™?
[5.161s]    79 |     for(unsigned int i=0;i<[01;31m[Kn_joints[m[K;i++){
[5.161s]       |                            [01;31m[K^~~~~~~~[m[K
[5.161s]       |                            [32m[Knum_joints_[m[K
[5.164s] [01m[K/home/sheila/march/ros1/src/control/computed_torque/include/computed_torque/computed_torque_controller.hpp:80:7:[m[K [01;31m[Kerror: [m[Kâ€˜[01m[Kcurrent[m[Kâ€™ was not declared in this scope
[5.164s]    80 |       [01;31m[Kcurrent[m[K.q(i) = (*joint_handles_ptr_)[i].getPosition();
[5.164s]       |       [01;31m[K^~~~~~~[m[K
[5.174s] [01m[K/home/sheila/march/ros1/src/control/computed_torque/include/computed_torque/computed_torque_controller.hpp:82:7:[m[K [01;31m[Kerror: [m[Kâ€˜[01m[Kcurrent_torque[m[Kâ€™ was not declared in this scope
[5.174s]    82 |       [01;31m[Kcurrent_torque[m[K[i] = (*joint_handles_ptr_)[i].getEffort();
[5.175s]       |       [01;31m[K^~~~~~~~~~~~~~[m[K
[5.178s] [01m[K/home/sheila/march/ros1/src/control/computed_torque/include/computed_torque/computed_torque_controller.hpp:84:7:[m[K [01;31m[Kerror: [m[Kâ€˜[01m[Kdesired[m[Kâ€™ was not declared in this scope
[5.178s]    84 |       [01;31m[Kdesired[m[K.q(i) = desired_state.position[i];
[5.178s]       |       [01;31m[K^~~~~~~[m[K
[5.178s] [01m[K/home/sheila/march/ros1/src/control/computed_torque/include/computed_torque/computed_torque_controller.hpp:84:36:[m[K [01;31m[Kerror: [m[Krequest for member â€˜[01m[Kposition[m[Kâ€™ in â€˜[01m[Kdesired_state[m[Kâ€™, which is of non-class type â€˜[01m[Kconst int[m[Kâ€™
[5.178s]    84 |       desired.q(i) = desired_state.[01;31m[Kposition[m[K[i];
[5.179s]       |                                    [01;31m[K^~~~~~~~[m[K
[5.179s] [01m[K/home/sheila/march/ros1/src/control/computed_torque/include/computed_torque/computed_torque_controller.hpp:85:39:[m[K [01;31m[Kerror: [m[Krequest for member â€˜[01m[Kvelocity[m[Kâ€™ in â€˜[01m[Kdesired_state[m[Kâ€™, which is of non-class type â€˜[01m[Kconst int[m[Kâ€™
[5.179s]    85 |       desired.qdot(i) = desired_state.[01;31m[Kvelocity[m[K[i];
[5.179s]       |                                       [01;31m[K^~~~~~~~[m[K
[5.179s] [01m[K/home/sheila/march/ros1/src/control/computed_torque/include/computed_torque/computed_torque_controller.hpp:86:42:[m[K [01;31m[Kerror: [m[Krequest for member â€˜[01m[Kacceleration[m[Kâ€™ in â€˜[01m[Kdesired_state[m[Kâ€™, which is of non-class type â€˜[01m[Kconst int[m[Kâ€™
[5.179s]    86 |       desired.qdotdot(i) = desired_state.[01;31m[Kacceleration[m[K[i];
[5.179s]       |                                          [01;31m[K^~~~~~~~~~~~[m[K
[5.181s] [01m[K/home/sheila/march/ros1/src/control/computed_torque/include/computed_torque/computed_torque_controller.hpp:88:7:[m[K [01;31m[Kerror: [m[Kâ€˜[01m[Kerror[m[Kâ€™ was not declared in this scope; did you mean â€˜[01m[Kperror[m[Kâ€™?
[5.181s]    88 |       [01;31m[Kerror[m[K.q(i) = state_error.position[i];
[5.181s]       |       [01;31m[K^~~~~[m[K
[5.181s]       |       [32m[Kperror[m[K
[5.181s] [01m[K/home/sheila/march/ros1/src/control/computed_torque/include/computed_torque/computed_torque_controller.hpp:88:32:[m[K [01;31m[Kerror: [m[Krequest for member â€˜[01m[Kposition[m[Kâ€™ in â€˜[01m[Kstate_error[m[Kâ€™, which is of non-class type â€˜[01m[Kconst int[m[Kâ€™
[5.181s]    88 |       error.q(i) = state_error.[01;31m[Kposition[m[K[i];
[5.181s]       |                                [01;31m[K^~~~~~~~[m[K
[5.181s] [01m[K/home/sheila/march/ros1/src/control/computed_torque/include/computed_torque/computed_torque_controller.hpp:89:35:[m[K [01;31m[Kerror: [m[Krequest for member â€˜[01m[Kvelocity[m[Kâ€™ in â€˜[01m[Kstate_error[m[Kâ€™, which is of non-class type â€˜[01m[Kconst int[m[Kâ€™
[5.181s]    89 |       error.qdot(i) = state_error.[01;31m[Kvelocity[m[K[i];
[5.182s]       |                                   [01;31m[K^~~~~~~~[m[K
[5.184s] [01m[K/home/sheila/march/ros1/src/control/computed_torque/include/computed_torque/computed_torque_controller.hpp:93:28:[m[K [01;31m[Kerror: [m[Kâ€˜[01m[Kn_joints[m[Kâ€™ was not declared in this scope; did you mean â€˜[01m[Knum_joints_[m[Kâ€™?
[5.184s]    93 |     for(unsigned int i=0;i<[01;31m[Kn_joints[m[K;i++){
[5.184s]       |                            [01;31m[K^~~~~~~~[m[K
[5.184s]       |                            [32m[Knum_joints_[m[K
[5.187s] [01m[K/home/sheila/march/ros1/src/control/computed_torque/include/computed_torque/computed_torque_controller.hpp:94:9:[m[K [01;31m[Kerror: [m[Kâ€˜[01m[KKp[m[Kâ€™ was not declared in this scope
[5.187s]    94 |         [01;31m[KKp[m[K(i,i) = Kp_vec[i];
[5.187s]       |         [01;31m[K^~[m[K
[5.190s] [01m[K/home/sheila/march/ros1/src/control/computed_torque/include/computed_torque/computed_torque_controller.hpp:94:19:[m[K [01;31m[Kerror: [m[Kâ€˜[01m[KKp_vec[m[Kâ€™ was not declared in this scope
[5.190s]    94 |         Kp(i,i) = [01;31m[KKp_vec[m[K[i];
[5.190s]       |                   [01;31m[K^~~~~~[m[K
[5.192s] [01m[K/home/sheila/march/ros1/src/control/computed_torque/include/computed_torque/computed_torque_controller.hpp:95:9:[m[K [01;31m[Kerror: [m[Kâ€˜[01m[KKv[m[Kâ€™ was not declared in this scope
[5.192s]    95 |         [01;31m[KKv[m[K(i,i) = Kv_vec[i];
[5.192s]       |         [01;31m[K^~[m[K
[5.195s] [01m[K/home/sheila/march/ros1/src/control/computed_torque/include/computed_torque/computed_torque_controller.hpp:95:19:[m[K [01;31m[Kerror: [m[Kâ€˜[01m[KKv_vec[m[Kâ€™ was not declared in this scope
[5.196s]    95 |         Kv(i,i) = [01;31m[KKv_vec[m[K[i];
[5.196s]       |                   [01;31m[K^~~~~~[m[K
[5.198s] [01m[K/home/sheila/march/ros1/src/control/computed_torque/include/computed_torque/computed_torque_controller.hpp:96:9:[m[K [01;31m[Kerror: [m[Kâ€˜[01m[KF[m[Kâ€™ was not declared in this scope
[5.198s]    96 |         [01;31m[KF[m[K(i,i) = F_vec[i];
[5.198s]       |         [01;31m[K^[m[K
[5.201s] [01m[K/home/sheila/march/ros1/src/control/computed_torque/include/computed_torque/computed_torque_controller.hpp:96:18:[m[K [01;31m[Kerror: [m[Kâ€˜[01m[KF_vec[m[Kâ€™ was not declared in this scope
[5.201s]    96 |         F(i,i) = [01;31m[KF_vec[m[K[i];
[5.201s]       |                  [01;31m[K^~~~~[m[K
[5.201s] [01m[K/home/sheila/march/ros1/src/control/computed_torque/include/computed_torque/computed_torque_controller.hpp:[m[K At global scope:
[5.201s] [01m[K/home/sheila/march/ros1/src/control/computed_torque/include/computed_torque/computed_torque_controller.hpp:105:10:[m[K [01;31m[Kerror: [m[Kâ€˜[01m[KChainDynParam[m[Kâ€™ in namespace â€˜[01m[KKDL[m[Kâ€™ does not name a type
[5.201s]   105 |     KDL::[01;31m[KChainDynParam[m[K dynamics = KDL::ChainDynParam(chain, KDL::Vector(0.0,0.0,-9.81));
[5.201s]       |          [01;31m[K^~~~~~~~~~~~~[m[K
[5.203s] [01m[K/home/sheila/march/ros1/src/control/computed_torque/include/computed_torque/computed_torque_controller.hpp:108:5:[m[K [01;31m[Kerror: [m[Kâ€˜[01m[Kdynamics[m[Kâ€™ does not name a type
[5.203s]   108 |     [01;31m[Kdynamics[m[K.JntToGravity(current.q,G);
[5.203s]       |     [01;31m[K^~~~~~~~[m[K
[5.205s] [01m[K/home/sheila/march/ros1/src/control/computed_torque/include/computed_torque/computed_torque_controller.hpp:109:5:[m[K [01;31m[Kerror: [m[Kâ€˜[01m[Kdynamics[m[Kâ€™ does not name a type
[5.205s]   109 |     [01;31m[Kdynamics[m[K.JntToCoriolis(current.q,current.qdot,C);
[5.205s]       |     [01;31m[K^~~~~~~~[m[K
[5.207s] [01m[K/home/sheila/march/ros1/src/control/computed_torque/include/computed_torque/computed_torque_controller.hpp:110:5:[m[K [01;31m[Kerror: [m[Kâ€˜[01m[Kdynamics[m[Kâ€™ does not name a type
[5.207s]   110 |     [01;31m[Kdynamics[m[K.JntToMass(current.q,M);
[5.207s]       |     [01;31m[K^~~~~~~~[m[K
[5.208s] [01m[K/home/sheila/march/ros1/src/control/computed_torque/include/computed_torque/computed_torque_controller.hpp:112:5:[m[K [01;31m[Kerror: [m[Kâ€˜[01m[Ktau[m[Kâ€™ does not name a type; did you mean â€˜[01m[Ktan[m[Kâ€™?
[5.208s]   112 |     [01;31m[Ktau[m[K.data = M.data*(desired.qdotdot.data + Kp*error.q.data + Kv*error.qdot.data) + C.data + G.data - F * current.qdot.data;
[5.208s]       |     [01;31m[K^~~[m[K
[5.209s]       |     [32m[Ktan[m[K
[5.209s] [01m[K/home/sheila/march/ros1/src/control/computed_torque/include/computed_torque/computed_torque_controller.hpp:113:5:[m[K [01;31m[Kerror: [m[Kexpected unqualified-id before â€˜[01m[Kfor[m[Kâ€™
[5.209s]   113 |     [01;31m[Kfor[m[K (unsigned int i = 0; i < n_joints; ++i)
[5.209s]       |     [01;31m[K^~~[m[K
[5.210s] [01m[K/home/sheila/march/ros1/src/control/computed_torque/include/computed_torque/computed_torque_controller.hpp:113:30:[m[K [01;31m[Kerror: [m[Kâ€˜[01m[Ki[m[Kâ€™ does not name a type
[5.210s]   113 |     for (unsigned int i = 0; [01;31m[Ki[m[K < n_joints; ++i)
[5.210s]       |                              [01;31m[K^[m[K
[5.210s] [01m[K/home/sheila/march/ros1/src/control/computed_torque/include/computed_torque/computed_torque_controller.hpp:113:44:[m[K [01;31m[Kerror: [m[Kexpected unqualified-id before â€˜[01m[K++[m[Kâ€™ token
[5.210s]   113 |     for (unsigned int i = 0; i < n_joints; [01;31m[K++[m[Ki)
[5.210s]       |                                            [01;31m[K^~[m[K
[5.210s] [01m[K/home/sheila/march/ros1/src/control/computed_torque/include/computed_torque/computed_torque_controller.hpp:126:6:[m[K [01;31m[Kerror: [m[Kâ€˜[01m[Kcomputed_torque_controller_class[m[Kâ€™ has not been declared
[5.210s]   126 | void [01;31m[Kcomputed_torque_controller_class[m[K::starting(const ros::Time& /*time*/)
[5.210s]       |      [01;31m[K^~~~~~~~~~~~~~~~~~~~~~~~~~~~~~~~[m[K
[5.224s] [01m[K/home/sheila/march/ros1/src/control/computed_torque/include/computed_torque/computed_torque_controller.hpp:[m[K In function â€˜[01m[Kvoid starting(const ros::Time&)[m[Kâ€™:
[5.224s] [01m[K/home/sheila/march/ros1/src/control/computed_torque/include/computed_torque/computed_torque_controller.hpp:128:8:[m[K [01;31m[Kerror: [m[Kâ€˜[01m[Kjoint_handles_ptr_[m[Kâ€™ was not declared in this scope
[5.224s]   128 |   if (![01;31m[Kjoint_handles_ptr_[m[K) {return;}
[5.225s]       |        [01;31m[K^~~~~~~~~~~~~~~~~~[m[K
[5.229s] [01m[K/home/sheila/march/ros1/src/control/computed_torque/include/computed_torque/computed_torque_controller.hpp:131:32:[m[K [01;31m[Kerror: [m[Kâ€˜[01m[Knum_joints_[m[Kâ€™ was not declared in this scope
[5.229s]   131 |   for (unsigned int i = 0; i < [01;31m[Knum_joints_[m[K; ++i)
[5.229s]       |                                [01;31m[K^~~~~~~~~~~[m[K
[5.244s] [01m[K/home/sheila/march/ros1/src/control/computed_torque/include/computed_torque/computed_torque_controller.hpp:133:7:[m[K [01;31m[Kerror: [m[Kâ€˜[01m[Kjoint_handles_ptr_[m[Kâ€™ was not declared in this scope
[5.244s]   133 |     (*[01;31m[Kjoint_handles_ptr_[m[K)[i].setCommand(0.0);
[5.244s]       |       [01;31m[K^~~~~~~~~~~~~~~~~~[m[K
[5.244s] [01m[K/home/sheila/march/ros1/src/control/computed_torque/include/computed_torque/computed_torque_controller.hpp:[m[K At global scope:
[5.244s] [01m[K/home/sheila/march/ros1/src/control/computed_torque/include/computed_torque/computed_torque_controller.hpp:138:6:[m[K [01;31m[Kerror: [m[Kâ€˜[01m[KModelPredictiveControllerInterface[m[Kâ€™ has not been declared
[5.244s]   138 | void [01;31m[KModelPredictiveControllerInterface[m[K::stopping(const ros::Time& /*time*/){ }
[5.244s]       |      [01;31m[K^~~~~~~~~~~~~~~~~~~~~~~~~~~~~~~~~~[m[K
[5.245s] [01m[K/home/sheila/march/ros1/src/control/computed_torque/include/computed_torque/computed_torque_controller.hpp:141:1:[m[K [01;31m[Kerror: [m[Kexpected declaration before â€˜[01m[K}[m[Kâ€™ token
[5.245s]   141 | [01;31m[K}[m[K
[5.245s]       | [01;31m[K^[m[K
[5.247s] In file included from [01m[K/opt/ros/noetic/include/class_loader/class_loader.hpp:47[m[K,
[5.247s]                  from [01m[K/opt/ros/noetic/include/pluginlib/./class_list_macros.hpp:40[m[K,
[5.247s]                  from [01m[K/opt/ros/noetic/include/pluginlib/class_list_macros.h:35[m[K,
[5.247s]                  from [01m[K/home/sheila/march/ros1/src/control/computed_torque/src/computed_torque_controller.cpp:2[m[K:
[5.247s] [01m[K/home/sheila/march/ros1/src/control/computed_torque/src/computed_torque_controller.cpp:13:24:[m[K [01;31m[Kerror: [m[Kâ€˜[01m[Keffort_controller[m[Kâ€™ does not name a type; did you mean â€˜[01m[Keffort_controllers[m[Kâ€™?
[5.247s]    13 | PLUGINLIB_EXPORT_CLASS([01;31m[Keffort_controller[m[K::ComputedTorque, controller_interface::ControllerBase);
[5.247s]       |                        [01;31m[K^~~~~~~~~~~~~~~~~[m[K
[5.247s] [01m[K/opt/ros/noetic/include/class_loader/register_macro.hpp:43:14:[m[K [01;36m[Knote: [m[Kin definition of macro â€˜[01m[KCLASS_LOADER_REGISTER_CLASS_INTERNAL_WITH_MESSAGE[m[Kâ€™
[5.247s]    43 |     typedef  [01;36m[KDerived[m[K _derived; \
[5.248s]       |              [01;36m[K^~~~~~~[m[K
[5.248s] [01m[K/opt/ros/noetic/include/class_loader/register_macro.hpp:63:3:[m[K [01;36m[Knote: [m[Kin expansion of macro â€˜[01m[KCLASS_LOADER_REGISTER_CLASS_INTERNAL_HOP1_WITH_MESSAGE[m[Kâ€™
[5.248s]    63 |   [01;36m[KCLASS_LOADER_REGISTER_CLASS_INTERNAL_HOP1_WITH_MESSAGE[m[K(Derived, Base, __COUNTER__, Message)
[5.248s]       |   [01;36m[K^~~~~~~~~~~~~~~~~~~~~~~~~~~~~~~~~~~~~~~~~~~~~~~~~~~~~~[m[K
[5.248s] [01m[K/opt/ros/noetic/include/class_loader/register_macro.hpp:70:3:[m[K [01;36m[Knote: [m[Kin expansion of macro â€˜[01m[KCLASS_LOADER_REGISTER_CLASS_WITH_MESSAGE[m[Kâ€™
[5.248s]    70 |   [01;36m[KCLASS_LOADER_REGISTER_CLASS_WITH_MESSAGE[m[K(Derived, Base, "")
[5.248s]       |   [01;36m[K^~~~~~~~~~~~~~~~~~~~~~~~~~~~~~~~~~~~~~~~[m[K
[5.248s] [01m[K/opt/ros/noetic/include/pluginlib/./class_list_macros.hpp:49:3:[m[K [01;36m[Knote: [m[Kin expansion of macro â€˜[01m[KCLASS_LOADER_REGISTER_CLASS[m[Kâ€™
[5.248s]    49 |   [01;36m[KCLASS_LOADER_REGISTER_CLASS[m[K(class_type, base_class_type)
[5.248s]       |   [01;36m[K^~~~~~~~~~~~~~~~~~~~~~~~~~~[m[K
[5.248s] [01m[K/home/sheila/march/ros1/src/control/computed_torque/src/computed_torque_controller.cpp:13:1:[m[K [01;36m[Knote: [m[Kin expansion of macro â€˜[01m[KPLUGINLIB_EXPORT_CLASS[m[Kâ€™
[5.248s]    13 | [01;36m[KPLUGINLIB_EXPORT_CLASS[m[K(effort_controller::ComputedTorque, controller_interface::ControllerBase);
[5.249s]       | [01;36m[K^~~~~~~~~~~~~~~~~~~~~~[m[K
[5.252s] [01m[K/home/sheila/march/ros1/src/control/computed_torque/src/computed_torque_controller.cpp:[m[K In constructor â€˜[01m[K{anonymous}::ProxyExec0::ProxyExec0()[m[Kâ€™:
[5.252s] [01m[K/opt/ros/noetic/include/class_loader/register_macro.hpp:49:42:[m[K [01;31m[Kerror: [m[Kâ€˜[01m[K_derived[m[Kâ€™ was not declared in this scope
[5.252s]    49 |       class_loader::impl::registerPlugin<[01;31m[K_derived[m[K, _base>(#Derived, #Base); \
[5.252s]       |                                          [01;31m[K^~~~~~~~[m[K
[5.253s] [01m[K/opt/ros/noetic/include/class_loader/register_macro.hpp:56:3:[m[K [01;36m[Knote: [m[Kin expansion of macro â€˜[01m[KCLASS_LOADER_REGISTER_CLASS_INTERNAL_WITH_MESSAGE[m[Kâ€™
[5.253s]    56 |   [01;36m[KCLASS_LOADER_REGISTER_CLASS_INTERNAL_WITH_MESSAGE[m[K(Derived, Base, UniqueID, Message)
[5.253s]       |   [01;36m[K^~~~~~~~~~~~~~~~~~~~~~~~~~~~~~~~~~~~~~~~~~~~~~~~~[m[K
[5.253s] [01m[K/opt/ros/noetic/include/class_loader/register_macro.hpp:63:3:[m[K [01;36m[Knote: [m[Kin expansion of macro â€˜[01m[KCLASS_LOADER_REGISTER_CLASS_INTERNAL_HOP1_WITH_MESSAGE[m[Kâ€™
[5.253s]    63 |   [01;36m[KCLASS_LOADER_REGISTER_CLASS_INTERNAL_HOP1_WITH_MESSAGE[m[K(Derived, Base, __COUNTER__, Message)
[5.253s]       |   [01;36m[K^~~~~~~~~~~~~~~~~~~~~~~~~~~~~~~~~~~~~~~~~~~~~~~~~~~~~~[m[K
[5.253s] [01m[K/opt/ros/noetic/include/class_loader/register_macro.hpp:70:3:[m[K [01;36m[Knote: [m[Kin expansion of macro â€˜[01m[KCLASS_LOADER_REGISTER_CLASS_WITH_MESSAGE[m[Kâ€™
[5.253s]    70 |   [01;36m[KCLASS_LOADER_REGISTER_CLASS_WITH_MESSAGE[m[K(Derived, Base, "")
[5.253s]       |   [01;36m[K^~~~~~~~~~~~~~~~~~~~~~~~~~~~~~~~~~~~~~~~[m[K
[5.253s] [01m[K/opt/ros/noetic/include/pluginlib/./class_list_macros.hpp:49:3:[m[K [01;36m[Knote: [m[Kin expansion of macro â€˜[01m[KCLASS_LOADER_REGISTER_CLASS[m[Kâ€™
[5.253s]    49 |   [01;36m[KCLASS_LOADER_REGISTER_CLASS[m[K(class_type, base_class_type)
[5.254s]       |   [01;36m[K^~~~~~~~~~~~~~~~~~~~~~~~~~~[m[K
[5.254s] [01m[K/home/sheila/march/ros1/src/control/computed_torque/src/computed_torque_controller.cpp:13:1:[m[K [01;36m[Knote: [m[Kin expansion of macro â€˜[01m[KPLUGINLIB_EXPORT_CLASS[m[Kâ€™
[5.254s]    13 | [01;36m[KPLUGINLIB_EXPORT_CLASS[m[K(effort_controller::ComputedTorque, controller_interface::ControllerBase);
[5.254s]       | [01;36m[K^~~~~~~~~~~~~~~~~~~~~~[m[K
[5.254s] [01m[K/opt/ros/noetic/include/class_loader/register_macro.hpp:49:74:[m[K [01;31m[Kerror: [m[Kno matching function for call to â€˜[01m[KregisterPlugin<<expression error>, {anonymous}::ProxyExec0::_base>(const char [34], const char [37])[m[Kâ€™
[5.254s]    49 |       class_loader::impl::registerPlugin<_derived, _base>(#Derived, #Base[01;31m[K)[m[K; \
[5.254s]       |                                                                          [01;31m[K^[m[K
[5.254s] [01m[K/opt/ros/noetic/include/class_loader/register_macro.hpp:56:3:[m[K [01;36m[Knote: [m[Kin expansion of macro â€˜[01m[KCLASS_LOADER_REGISTER_CLASS_INTERNAL_WITH_MESSAGE[m[Kâ€™
[5.254s]    56 |   [01;36m[KCLASS_LOADER_REGISTER_CLASS_INTERNAL_WITH_MESSAGE[m[K(Derived, Base, UniqueID, Message)
[5.254s]       |   [01;36m[K^~~~~~~~~~~~~~~~~~~~~~~~~~~~~~~~~~~~~~~~~~~~~~~~~[m[K
[5.254s] [01m[K/opt/ros/noetic/include/class_loader/register_macro.hpp:63:3:[m[K [01;36m[Knote: [m[Kin expansion of macro â€˜[01m[KCLASS_LOADER_REGISTER_CLASS_INTERNAL_HOP1_WITH_MESSAGE[m[Kâ€™
[5.254s]    63 |   [01;36m[KCLASS_LOADER_REGISTER_CLASS_INTERNAL_HOP1_WITH_MESSAGE[m[K(Derived, Base, __COUNTER__, Message)
[5.254s]       |   [01;36m[K^~~~~~~~~~~~~~~~~~~~~~~~~~~~~~~~~~~~~~~~~~~~~~~~~~~~~~[m[K
[5.255s] [01m[K/opt/ros/noetic/include/class_loader/register_macro.hpp:70:3:[m[K [01;36m[Knote: [m[Kin expansion of macro â€˜[01m[KCLASS_LOADER_REGISTER_CLASS_WITH_MESSAGE[m[Kâ€™
[5.255s]    70 |   [01;36m[KCLASS_LOADER_REGISTER_CLASS_WITH_MESSAGE[m[K(Derived, Base, "")
[5.255s]       |   [01;36m[K^~~~~~~~~~~~~~~~~~~~~~~~~~~~~~~~~~~~~~~~[m[K
[5.255s] [01m[K/opt/ros/noetic/include/pluginlib/./class_list_macros.hpp:49:3:[m[K [01;36m[Knote: [m[Kin expansion of macro â€˜[01m[KCLASS_LOADER_REGISTER_CLASS[m[Kâ€™
[5.255s]    49 |   [01;36m[KCLASS_LOADER_REGISTER_CLASS[m[K(class_type, base_class_type)
[5.255s]       |   [01;36m[K^~~~~~~~~~~~~~~~~~~~~~~~~~~[m[K
[5.255s] [01m[K/home/sheila/march/ros1/src/control/computed_torque/src/computed_torque_controller.cpp:13:1:[m[K [01;36m[Knote: [m[Kin expansion of macro â€˜[01m[KPLUGINLIB_EXPORT_CLASS[m[Kâ€™
[5.255s]    13 | [01;36m[KPLUGINLIB_EXPORT_CLASS[m[K(effort_controller::ComputedTorque, controller_interface::ControllerBase);
[5.255s]       | [01;36m[K^~~~~~~~~~~~~~~~~~~~~~[m[K
[5.255s] In file included from [01m[K/opt/ros/noetic/include/class_loader/class_loader.hpp:46[m[K,
[5.255s]                  from [01m[K/opt/ros/noetic/include/pluginlib/./class_list_macros.hpp:40[m[K,
[5.255s]                  from [01m[K/opt/ros/noetic/include/pluginlib/class_list_macros.h:35[m[K,
[5.255s]                  from [01m[K/home/sheila/march/ros1/src/control/computed_torque/src/computed_torque_controller.cpp:2[m[K:
[5.256s] [01m[K/opt/ros/noetic/include/class_loader/class_loader_core.hpp:176:6:[m[K [01;36m[Knote: [m[Kcandidate: â€˜[01m[Ktemplate<class Derived, class Base> void class_loader::impl::registerPlugin(const string&, const string&)[m[Kâ€™
[5.256s]   176 | void [01;36m[KregisterPlugin[m[K(const std::string & class_name, const std::string & base_class_name)
[5.256s]       |      [01;36m[K^~~~~~~~~~~~~~[m[K
[5.256s] [01m[K/opt/ros/noetic/include/class_loader/class_loader_core.hpp:176:6:[m[K [01;36m[Knote: [m[K  template argument deduction/substitution failed:
[5.256s] In file included from [01m[K/opt/ros/noetic/include/class_loader/class_loader.hpp:47[m[K,
[5.256s]                  from [01m[K/opt/ros/noetic/include/pluginlib/./class_list_macros.hpp:40[m[K,
[5.256s]                  from [01m[K/opt/ros/noetic/include/pluginlib/class_list_macros.h:35[m[K,
[5.256s]                  from [01m[K/home/sheila/march/ros1/src/control/computed_torque/src/computed_torque_controller.cpp:2[m[K:
[5.256s] [01m[K/opt/ros/noetic/include/class_loader/register_macro.hpp:49:74:[m[K [01;31m[Kerror: [m[Ktemplate argument 1 is invalid
[5.256s]    49 |       class_loader::impl::registerPlugin<_derived, _base>(#Derived, #Base[01;31m[K)[m[K; \
[5.256s]       |                                                                          [01;31m[K^[m[K
[5.256s] [01m[K/opt/ros/noetic/include/class_loader/register_macro.hpp:56:3:[m[K [01;36m[Knote: [m[Kin expansion of macro â€˜[01m[KCLASS_LOADER_REGISTER_CLASS_INTERNAL_WITH_MESSAGE[m[Kâ€™
[5.256s]    56 |   [01;36m[KCLASS_LOADER_REGISTER_CLASS_INTERNAL_WITH_MESSAGE[m[K(Derived, Base, UniqueID, Message)
[5.257s]       |   [01;36m[K^~~~~~~~~~~~~~~~~~~~~~~~~~~~~~~~~~~~~~~~~~~~~~~~~[m[K
[5.257s] [01m[K/opt/ros/noetic/include/class_loader/register_macro.hpp:63:3:[m[K [01;36m[Knote: [m[Kin expansion of macro â€˜[01m[KCLASS_LOADER_REGISTER_CLASS_INTERNAL_HOP1_WITH_MESSAGE[m[Kâ€™
[5.257s]    63 |   [01;36m[KCLASS_LOADER_REGISTER_CLASS_INTERNAL_HOP1_WITH_MESSAGE[m[K(Derived, Base, __COUNTER__, Message)
[5.257s]       |   [01;36m[K^~~~~~~~~~~~~~~~~~~~~~~~~~~~~~~~~~~~~~~~~~~~~~~~~~~~~~[m[K
[5.257s] [01m[K/opt/ros/noetic/include/class_loader/register_macro.hpp:70:3:[m[K [01;36m[Knote: [m[Kin expansion of macro â€˜[01m[KCLASS_LOADER_REGISTER_CLASS_WITH_MESSAGE[m[Kâ€™
[5.257s]    70 |   [01;36m[KCLASS_LOADER_REGISTER_CLASS_WITH_MESSAGE[m[K(Derived, Base, "")
[5.257s]       |   [01;36m[K^~~~~~~~~~~~~~~~~~~~~~~~~~~~~~~~~~~~~~~~[m[K
[5.257s] [01m[K/opt/ros/noetic/include/pluginlib/./class_list_macros.hpp:49:3:[m[K [01;36m[Knote: [m[Kin expansion of macro â€˜[01m[KCLASS_LOADER_REGISTER_CLASS[m[Kâ€™
[5.257s]    49 |   [01;36m[KCLASS_LOADER_REGISTER_CLASS[m[K(class_type, base_class_type)
[5.257s]       |   [01;36m[K^~~~~~~~~~~~~~~~~~~~~~~~~~~[m[K
[5.257s] [01m[K/home/sheila/march/ros1/src/control/computed_torque/src/computed_torque_controller.cpp:13:1:[m[K [01;36m[Knote: [m[Kin expansion of macro â€˜[01m[KPLUGINLIB_EXPORT_CLASS[m[Kâ€™
[5.257s]    13 | [01;36m[KPLUGINLIB_EXPORT_CLASS[m[K(effort_controller::ComputedTorque, controller_interface::ControllerBase);
[5.257s]       | [01;36m[K^~~~~~~~~~~~~~~~~~~~~~[m[K
[6.091s] make[2]: *** [CMakeFiles/computed_torque_lib.dir/build.make:63: CMakeFiles/computed_torque_lib.dir/src/computed_torque_controller.cpp.o] Error 1
[6.091s] make[1]: *** [CMakeFiles/Makefile2:1811: CMakeFiles/computed_torque_lib.dir/all] Error 2
[6.092s] make: *** [Makefile:141: all] Error 2
[6.094s] Invoked command in '/home/sheila/march/ros1/build/computed_torque' returned '2': /usr/bin/cmake --build /home/sheila/march/ros1/build/computed_torque -- -j4 -l4
