[0.017s] Invoking command in '/home/sheila/march/ros1/build/computed_torque': /usr/bin/cmake --build /home/sheila/march/ros1/build/computed_torque -- -j4 -l4
[0.102s] [  0%] Built target sensor_msgs_generate_messages_py
[0.102s] [  0%] Built target sensor_msgs_generate_messages_nodejs
[0.103s] [  0%] Built target dynamic_reconfigure_generate_messages_nodejs
[0.111s] [  0%] Built target sensor_msgs_generate_messages_cpp
[0.145s] [  0%] Built target march_shared_msgs_generate_messages_nodejs
[0.145s] [  0%] Built target march_shared_msgs_generate_messages_eus
[0.152s] [  0%] Built target march_shared_msgs_generate_messages_py
[0.159s] [  0%] Built target roscpp_generate_messages_eus
[0.183s] [  0%] Built target control_toolbox_gencfg
[0.189s] [  0%] Built target roscpp_generate_messages_cpp
[0.195s] [  0%] Built target std_msgs_generate_messages_py
[0.197s] [  0%] Built target march_shared_msgs_generate_messages_cpp
[0.222s] [  0%] Built target std_msgs_generate_messages_nodejs
[0.230s] [  0%] Built target geometry_msgs_generate_messages_eus
[0.237s] [  0%] Built target roscpp_generate_messages_nodejs
[0.238s] [  0%] Built target std_msgs_generate_messages_cpp
[0.271s] [  0%] Built target actionlib_generate_messages_cpp
[0.271s] [  0%] Built target actionlib_msgs_generate_messages_py
[0.275s] [  0%] Built target rosgraph_msgs_generate_messages_nodejs
[0.276s] [  0%] Built target march_shared_msgs_generate_messages_lisp
[0.309s] [  0%] Built target actionlib_generate_messages_py
[0.311s] [  0%] Built target rosgraph_msgs_generate_messages_lisp
[0.314s] [  0%] Built target actionlib_generate_messages_lisp
[0.314s] [  0%] Built target _catkin_empty_exported_target
[0.350s] [  0%] Built target trajectory_msgs_generate_messages_cpp
[0.351s] [  0%] Built target control_msgs_generate_messages_eus
[0.352s] [  0%] Built target actionlib_generate_messages_nodejs
[0.358s] [  0%] Built target trajectory_msgs_generate_messages_nodejs
[0.388s] [  0%] Built target control_toolbox_generate_messages_py
[0.388s] [  0%] Built target rosgraph_msgs_generate_messages_py
[0.389s] [  0%] Built target std_msgs_generate_messages_eus
[0.401s] [  0%] Built target actionlib_msgs_generate_messages_nodejs
[0.427s] [  0%] Built target actionlib_msgs_generate_messages_lisp
[0.428s] [  0%] Built target actionlib_msgs_generate_messages_cpp
[0.428s] [  0%] Built target rosgraph_msgs_generate_messages_eus
[0.444s] [  0%] Built target sensor_msgs_generate_messages_lisp
[0.465s] [  0%] Built target control_msgs_generate_messages_lisp
[0.466s] [  0%] Built target sensor_msgs_generate_messages_eus
[0.466s] [  0%] Built target std_msgs_generate_messages_lisp
[0.487s] [  0%] Built target control_msgs_generate_messages_cpp
[0.504s] [  0%] Built target control_toolbox_generate_messages_nodejs
[0.504s] [  0%] Built target actionlib_msgs_generate_messages_eus
[0.504s] [  0%] Built target roscpp_generate_messages_lisp
[0.526s] [  0%] Built target dynamic_reconfigure_generate_messages_py
[0.544s] [  0%] Built target control_msgs_generate_messages_nodejs
[0.545s] [  0%] Built target geometry_msgs_generate_messages_cpp
[0.545s] [  0%] Built target control_msgs_generate_messages_py
[0.565s] [  0%] Built target geometry_msgs_generate_messages_lisp
[0.582s] [  0%] Built target rosgraph_msgs_generate_messages_cpp
[0.583s] [  0%] Built target trajectory_msgs_generate_messages_lisp
[0.583s] [  0%] Built target geometry_msgs_generate_messages_py
[0.607s] [  0%] Built target actionlib_generate_messages_eus
[0.620s] [  0%] Built target trajectory_msgs_generate_messages_eus
[0.620s] [  0%] Built target trajectory_msgs_generate_messages_py
[0.623s] [  0%] Built target roscpp_generate_messages_py
[0.647s] [  0%] Built target control_toolbox_generate_messages_cpp
[0.659s] [  0%] Built target control_toolbox_generate_messages_eus
[0.662s] [  0%] Built target control_toolbox_generate_messages_lisp
[0.667s] [  0%] Built target dynamic_reconfigure_generate_messages_cpp
[0.687s] [  0%] Built target geometry_msgs_generate_messages_nodejs
[0.700s] [  0%] Built target dynamic_reconfigure_generate_messages_eus
[0.700s] [  0%] Built target dynamic_reconfigure_generate_messages_lisp
[0.701s] [  0%] Built target dynamic_reconfigure_gencfg
[0.716s] [35m[1mScanning dependencies of target computed_torque_lib[0m
[0.908s] [ 50%] [32mBuilding CXX object CMakeFiles/computed_torque_lib.dir/src/computed_torque_controller.cpp.o[0m
[4.279s] In file included from [01m[K/home/sheila/march/ros1/src/control/computed_torque/src/computed_torque_controller.cpp:5[m[K:
[4.279s] [01m[K/home/sheila/march/ros1/src/control/computed_torque/include/computed_torque/computed_torque_controller.h:81:31:[m[K [01;31m[Kerror: [m[Kâ€˜[01m[KSegment[m[Kâ€™ does not name a type
[4.279s]    81 |                         const [01;31m[KSegment[m[K::State& desired_state,
[4.279s]       |                               [01;31m[K^~~~~~~[m[K
[4.279s] [01m[K/home/sheila/march/ros1/src/control/computed_torque/include/computed_torque/computed_torque_controller.h:81:45:[m[K [01;31m[Kerror: [m[Kexpected unqualified-id before â€˜[01m[K&[m[Kâ€™ token
[4.279s]    81 |                         const Segment::State[01;31m[K&[m[K desired_state,
[4.279s]       |                                             [01;31m[K^[m[K
[4.279s] [01m[K/home/sheila/march/ros1/src/control/computed_torque/include/computed_torque/computed_torque_controller.h:81:45:[m[K [01;31m[Kerror: [m[Kexpected â€˜[01m[K)[m[Kâ€™ before â€˜[01m[K&[m[Kâ€™ token
[4.280s]    81 |                         const Segment::State[01;31m[K&[m[K desired_state,
[4.280s]       |                                             [01;31m[K^[m[K
[4.280s]       |                                             [32m[K)[m[K
[4.280s] [01m[K/home/sheila/march/ros1/src/control/computed_torque/include/computed_torque/computed_torque_controller.h:80:24:[m[K [01;36m[Knote: [m[Kto match this â€˜[01m[K([m[Kâ€™
[4.280s]    80 |             void update[01;36m[K([m[Kconst ros::Time &time, const ros::Duration &period,
[4.280s]       |                        [01;36m[K^[m[K
[4.280s] [01m[K/home/sheila/march/ros1/src/control/computed_torque/include/computed_torque/computed_torque_controller.h:81:45:[m[K [01;31m[Kerror: [m[Kexpected â€˜[01m[K;[m[Kâ€™ at end of member declaration
[4.280s]    81 |                         const Segment::State[01;31m[K&[m[K desired_state,
[4.280s]       |                                             [01;31m[K^[m[K
[4.280s]       |                                              [32m[K;[m[K
[4.285s] [01m[K/home/sheila/march/ros1/src/control/computed_torque/include/computed_torque/computed_torque_controller.h:81:47:[m[K [01;31m[Kerror: [m[Kâ€˜[01m[Kdesired_state[m[Kâ€™ does not name a type
[4.285s]    81 |                         const Segment::State& [01;31m[Kdesired_state[m[K,
[4.285s]       |                                               [01;31m[K^~~~~~~~~~~~~[m[K
[4.286s] [01m[K/home/sheila/march/ros1/src/control/computed_torque/include/computed_torque/computed_torque_controller.h:115:22:[m[K [01;31m[Kerror: [m[Kâ€˜[01m[KSegment[m[Kâ€™ has not been declared
[4.286s]   115 |             typename [01;31m[KSegment[m[K::State state_error_;           ///< Preallocated workspace variable.
[4.286s]       |                      [01;31m[K^~~~~~~[m[K
[4.286s] [01m[K/home/sheila/march/ros1/src/control/computed_torque/include/computed_torque/computed_torque_controller.h:116:22:[m[K [01;31m[Kerror: [m[Kâ€˜[01m[KSegment[m[Kâ€™ has not been declared
[4.286s]   116 |             typename [01;31m[KSegment[m[K::State desired_joint_state_;   ///< Preallocated workspace variable.
[4.286s]       |                      [01;31m[K^~~~~~~[m[K
[4.319s] In file included from [01m[K/home/sheila/march/ros1/src/control/computed_torque/include/computed_torque/computed_torque_controller.h:159[m[K,
[4.319s]                  from [01m[K/home/sheila/march/ros1/src/control/computed_torque/src/computed_torque_controller.cpp:5[m[K:
[4.319s] [01m[K/home/sheila/march/ros1/src/control/computed_torque/include/computed_torque/computed_torque_controller.hpp:76:53:[m[K [01;31m[Kerror: [m[Kâ€˜[01m[KSegment[m[Kâ€™ does not name a type
[4.319s]    76 |                                               const [01;31m[KSegment[m[K::State& desired_state,
[4.319s]       |                                                     [01;31m[K^~~~~~~[m[K
[4.319s] [01m[K/home/sheila/march/ros1/src/control/computed_torque/include/computed_torque/computed_torque_controller.hpp:76:67:[m[K [01;31m[Kerror: [m[Kexpected unqualified-id before â€˜[01m[K&[m[Kâ€™ token
[4.319s]    76 |                                               const Segment::State[01;31m[K&[m[K desired_state,
[4.319s]       |                                                                   [01;31m[K^[m[K
[4.319s] [01m[K/home/sheila/march/ros1/src/control/computed_torque/include/computed_torque/computed_torque_controller.hpp:76:67:[m[K [01;31m[Kerror: [m[Kexpected â€˜[01m[K)[m[Kâ€™ before â€˜[01m[K&[m[Kâ€™ token
[4.319s]    76 |                                               const Segment::State[01;31m[K&[m[K desired_state,
[4.319s]       |                                                                   [01;31m[K^[m[K
[4.319s]       |                                                                   [32m[K)[m[K
[4.320s] [01m[K/home/sheila/march/ros1/src/control/computed_torque/include/computed_torque/computed_torque_controller.hpp:75:46:[m[K [01;36m[Knote: [m[Kto match this â€˜[01m[K([m[Kâ€™
[4.320s]    75 | void computed_torque_controller_class::update[01;36m[K([m[Kconst ros::Time &time, const ros::Duration &period,
[4.320s]       |                                              [01;36m[K^[m[K
[4.320s] [01m[K/home/sheila/march/ros1/src/control/computed_torque/include/computed_torque/computed_torque_controller.hpp:76:69:[m[K [01;31m[Kerror: [m[Kexpected initializer before â€˜[01m[Kdesired_state[m[Kâ€™
[4.320s]    76 |                                               const Segment::State& [01;31m[Kdesired_state[m[K,
[4.320s]       |                                                                     [01;31m[K^~~~~~~~~~~~~[m[K
[5.164s] In file included from [01m[K/opt/ros/noetic/include/class_loader/class_loader_core.hpp:45[m[K,
[5.164s]                  from [01m[K/opt/ros/noetic/include/class_loader/class_loader.hpp:46[m[K,
[5.165s]                  from [01m[K/opt/ros/noetic/include/pluginlib/./class_list_macros.hpp:40[m[K,
[5.165s]                  from [01m[K/opt/ros/noetic/include/pluginlib/class_list_macros.h:35[m[K,
[5.165s]                  from [01m[K/home/sheila/march/ros1/src/control/computed_torque/src/computed_torque_controller.cpp:2[m[K:
[5.165s] /opt/ros/noetic/include/class_loader/meta_object.hpp: In instantiation of â€˜[01m[KB* class_loader::impl::MetaObject<C, B>::create() const [with C = controller_ns::computed_torque_controller_class; B = controller_interface::ControllerBase][m[Kâ€™:
[5.165s] [01m[K/opt/ros/noetic/include/class_loader/meta_object.hpp:196:7:[m[K   required from here
[5.165s] [01m[K/opt/ros/noetic/include/class_loader/meta_object.hpp:198:12:[m[K [01;31m[Kerror: [m[Kinvalid new-expression of abstract class type â€˜[01m[Kcontroller_ns::computed_torque_controller_class[m[Kâ€™
[5.166s]   198 |     return [01;31m[Knew C[m[K;
[5.166s]       |            [01;31m[K^~~~~[m[K
[5.166s] In file included from [01m[K/home/sheila/march/ros1/src/control/computed_torque/src/computed_torque_controller.cpp:5[m[K:
[5.166s] [01m[K/home/sheila/march/ros1/src/control/computed_torque/include/computed_torque/computed_torque_controller.h:75:11:[m[K [01;36m[Knote: [m[K  because the following virtual functions are pure within â€˜[01m[Kcontroller_ns::computed_torque_controller_class[m[Kâ€™:
[5.166s]    75 |     class [01;36m[Kcomputed_torque_controller_class[m[K : public controller_interface::Controller<hardware_interface::EffortJointInterface> {
[5.166s]       |           [01;36m[K^~~~~~~~~~~~~~~~~~~~~~~~~~~~~~~~[m[K
[5.167s] In file included from [01m[K/opt/ros/noetic/include/controller_interface/controller.h:35[m[K,
[5.167s]                  from [01m[K/home/sheila/march/ros1/src/control/computed_torque/include/computed_torque/computed_torque_controller.h:24[m[K,
[5.167s]                  from [01m[K/home/sheila/march/ros1/src/control/computed_torque/src/computed_torque_controller.cpp:5[m[K:
[5.167s] [01m[K/opt/ros/noetic/include/controller_interface/controller_base.h:73:16:[m[K [01;36m[Knote: [m[K	â€˜[01m[Kvirtual void controller_interface::ControllerBase::update(const ros::Time&, const ros::Duration&)[m[Kâ€™
[5.167s]    73 |   virtual void [01;36m[Kupdate[m[K(const ros::Time& time, const ros::Duration& period) = 0;
[5.168s]       |                [01;36m[K^~~~~~[m[K
[5.515s] make[2]: *** [CMakeFiles/computed_torque_lib.dir/build.make:63: CMakeFiles/computed_torque_lib.dir/src/computed_torque_controller.cpp.o] Error 1
[5.515s] make[1]: *** [CMakeFiles/Makefile2:265: CMakeFiles/computed_torque_lib.dir/all] Error 2
[5.516s] make: *** [Makefile:141: all] Error 2
[5.518s] Invoked command in '/home/sheila/march/ros1/build/computed_torque' returned '2': /usr/bin/cmake --build /home/sheila/march/ros1/build/computed_torque -- -j4 -l4
