[  0%] Built target std_msgs_generate_messages_eus
[  0%] Built target dynamic_reconfigure_generate_messages_nodejs
[  0%] Built target actionlib_msgs_generate_messages_nodejs
[  0%] Built target rosgraph_msgs_generate_messages_py
[  0%] Built target actionlib_msgs_generate_messages_lisp
[  0%] Built target rosgraph_msgs_generate_messages_eus
[  0%] Built target actionlib_msgs_generate_messages_cpp
[  0%] Built target control_msgs_generate_messages_lisp
[  0%] Built target roscpp_generate_messages_lisp
[  0%] Built target control_msgs_generate_messages_cpp
[  0%] Built target std_msgs_generate_messages_lisp
[  0%] Built target control_toolbox_generate_messages_nodejs
[  0%] Built target dynamic_reconfigure_generate_messages_py
[  0%] Built target actionlib_msgs_generate_messages_eus
[  0%] Built target rosgraph_msgs_generate_messages_lisp
[  0%] Built target control_msgs_generate_messages_nodejs
[  0%] Built target actionlib_generate_messages_lisp
[  0%] Built target actionlib_generate_messages_py
[  0%] Built target actionlib_generate_messages_nodejs
[  0%] Built target _catkin_empty_exported_target
[  0%] Built target trajectory_msgs_generate_messages_nodejs
[  0%] Built target control_msgs_generate_messages_eus
[  0%] Built target trajectory_msgs_generate_messages_cpp
[  0%] Built target control_toolbox_generate_messages_py
[  0%] Built target std_msgs_generate_messages_nodejs
[  0%] Built target std_msgs_generate_messages_py
[  0%] Built target roscpp_generate_messages_nodejs
[  0%] Built target geometry_msgs_generate_messages_eus
[  0%] Built target actionlib_msgs_generate_messages_py
[  0%] Built target std_msgs_generate_messages_cpp
[  0%] Built target actionlib_generate_messages_cpp
[  0%] Built target rosgraph_msgs_generate_messages_nodejs
[  0%] Built target roscpp_generate_messages_eus
[  0%] Built target roscpp_generate_messages_cpp
[  0%] Built target control_toolbox_gencfg
[  0%] Built target control_msgs_generate_messages_py
[  0%] Built target geometry_msgs_generate_messages_lisp
[  0%] Built target geometry_msgs_generate_messages_cpp
[  0%] Built target geometry_msgs_generate_messages_py
[  0%] Built target trajectory_msgs_generate_messages_lisp
[  0%] Built target rosgraph_msgs_generate_messages_cpp
[  0%] Built target actionlib_generate_messages_eus
[  0%] Built target trajectory_msgs_generate_messages_eus
[  0%] Built target trajectory_msgs_generate_messages_py
[  0%] Built target roscpp_generate_messages_py
[  0%] Built target control_toolbox_generate_messages_cpp
[  0%] Built target control_toolbox_generate_messages_eus
[  0%] Built target control_toolbox_generate_messages_lisp
[  0%] Built target dynamic_reconfigure_generate_messages_cpp
[  0%] Built target geometry_msgs_generate_messages_nodejs
[  0%] Built target dynamic_reconfigure_gencfg
[  0%] Built target dynamic_reconfigure_generate_messages_eus
[  0%] Built target dynamic_reconfigure_generate_messages_lisp
[35m[1mScanning dependencies of target computed_torque_lib[0m
[ 50%] [32mBuilding CXX object CMakeFiles/computed_torque_lib.dir/src/computed_torque_controller.cpp.o[0m
In file included from [01m[K/home/sheila/march/ros1/src/control/computed_torque/src/computed_torque_controller.cpp:5[m[K:
[01m[K/home/sheila/march/ros1/src/control/computed_torque/include/computed_torque/computed_torque_controller.h:65:1:[m[K [01;31m[Kerror: [m[Kexpected unqualified-id before â€˜[01m[Knamespace[m[Kâ€™
   65 | [01;31m[Knamespace[m[K controller_ns{
      | [01;31m[K^~~~~~~~~[m[K
In file included from [01m[K/home/sheila/march/ros1/src/control/computed_torque/include/computed_torque/computed_torque_controller.h:143[m[K,
                 from [01m[K/home/sheila/march/ros1/src/control/computed_torque/src/computed_torque_controller.cpp:5[m[K:
[01m[K/home/sheila/march/ros1/src/control/computed_torque/include/computed_torque/computed_torque_controller.hpp:16:6:[m[K [01;31m[Kerror: [m[Kâ€˜[01m[Kcomputed_torque_controller_class[m[Kâ€™ has not been declared
   16 | bool [01;31m[Kcomputed_torque_controller_class[m[K::init(std::vector<hardware_interface::JointHandle>& joint_handles, ros::NodeHandle& nh){
      |      [01;31m[K^~~~~~~~~~~~~~~~~~~~~~~~~~~~~~~~[m[K
[01m[K/home/sheila/march/ros1/src/control/computed_torque/include/computed_torque/computed_torque_controller.hpp:[m[K In function â€˜[01m[Kbool controller_ns::init(std::vector<hardware_interface::JointHandle>&, ros::NodeHandle&)[m[Kâ€™:
[01m[K/home/sheila/march/ros1/src/control/computed_torque/include/computed_torque/computed_torque_controller.hpp:18:5:[m[K [01;31m[Kerror: [m[Kâ€˜[01m[Kjoint_handles_ptr_[m[Kâ€™ was not declared in this scope; did you mean â€˜[01m[Kjoint_handles[m[Kâ€™?
   18 |     [01;31m[Kjoint_handles_ptr_[m[K = &joint_handles;
      |     [01;31m[K^~~~~~~~~~~~~~~~~~[m[K
      |     [32m[Kjoint_handles[m[K
[01m[K/home/sheila/march/ros1/src/control/computed_torque/include/computed_torque/computed_torque_controller.hpp:19:5:[m[K [01;31m[Kerror: [m[Kâ€˜[01m[Knh_ptr_[m[Kâ€™ was not declared in this scope
   19 |     [01;31m[Knh_ptr_[m[K = &nh;
      |     [01;31m[K^~~~~~~[m[K
[01m[K/home/sheila/march/ros1/src/control/computed_torque/include/computed_torque/computed_torque_controller.hpp:27:5:[m[K [01;31m[Kerror: [m[Kâ€˜[01m[Knum_joints_[m[Kâ€™ was not declared in this scope
   27 |     [01;31m[Knum_joints_[m[K = joint_handles.size();
      |     [01;31m[K^~~~~~~~~~~[m[K
[01m[K/home/sheila/march/ros1/src/control/computed_torque/include/computed_torque/computed_torque_controller.hpp:47:5:[m[K [01;31m[Kerror: [m[Kâ€˜[01m[Kddr[m[Kâ€™ was not declared in this scope
   47 |     [01;31m[Kddr[m[K.reset(new ddynamic_reconfigure::DDynamicReconfigure(nh));
      |     [01;31m[K^~~[m[K
[01m[K/home/sheila/march/ros1/src/control/computed_torque/include/computed_torque/computed_torque_controller.hpp:50:9:[m[K [01;31m[Kerror: [m[Kâ€˜[01m[KKp_vec[m[Kâ€™ was not declared in this scope
   50 |         [01;31m[KKp_vec[m[K[i] = kp_default[i];
      |         [01;31m[K^~~~~~[m[K
[01m[K/home/sheila/march/ros1/src/control/computed_torque/include/computed_torque/computed_torque_controller.hpp:51:9:[m[K [01;31m[Kerror: [m[Kâ€˜[01m[KKv_vec[m[Kâ€™ was not declared in this scope
   51 |         [01;31m[KKv_vec[m[K[i] = kv_default[i];
      |         [01;31m[K^~~~~~[m[K
[01m[K/home/sheila/march/ros1/src/control/computed_torque/include/computed_torque/computed_torque_controller.hpp:52:9:[m[K [01;31m[Kerror: [m[Kâ€˜[01m[KF_vec[m[Kâ€™ was not declared in this scope
   52 |         [01;31m[KF_vec[m[K[i] = F_default;
      |         [01;31m[K^~~~~[m[K
[01m[K/home/sheila/march/ros1/src/control/computed_torque/include/computed_torque/computed_torque_controller.hpp:53:78:[m[K [01;31m[Kerror: [m[Kâ€˜[01m[Kjoint_names_[m[Kâ€™ was not declared in this scope; did you mean â€˜[01m[Kjoint_names[m[Kâ€™?
   53 | isterVariable(&Kp_vec[i], nh_ptr_->getNamespace() + "/Kp/" + [01;31m[Kjoint_names_[m[K[i], 0, 6000);
      |                                                              [01;31m[K^~~~~~~~~~~~[m[K
      |                                                              [32m[Kjoint_names[m[K
[01m[K/home/sheila/march/ros1/src/control/computed_torque/include/computed_torque/computed_torque_controller.hpp:68:5:[m[K [01;31m[Kerror: [m[Kâ€˜[01m[Kcommand_pub_[m[Kâ€™ was not declared in this scope
   68 |     [01;31m[Kcommand_pub_[m[K = std::make_unique<realtime_tools::RealtimePublisher<std_msgs::Float64MultiArray>>(nh, "/march/mpc/command", 10);
      |     [01;31m[K^~~~~~~~~~~~[m[K
In file included from [01m[K/home/sheila/march/ros1/src/control/computed_torque/include/computed_torque/computed_torque_controller.h:143[m[K,
                 from [01m[K/home/sheila/march/ros1/src/control/computed_torque/src/computed_torque_controller.cpp:5[m[K:
[01m[K/home/sheila/march/ros1/src/control/computed_torque/include/computed_torque/computed_torque_controller.hpp:[m[K At global scope:
[01m[K/home/sheila/march/ros1/src/control/computed_torque/include/computed_torque/computed_torque_controller.hpp:74:6:[m[K [01;31m[Kerror: [m[Kâ€˜[01m[Kcomputed_torque_controller_class[m[Kâ€™ has not been declared
   74 | void [01;31m[Kcomputed_torque_controller_class[m[K::update(const ros::Time &time, const ros::Duration &period,
      |      [01;31m[K^~~~~~~~~~~~~~~~~~~~~~~~~~~~~~~~[m[K
[01m[K/home/sheila/march/ros1/src/control/computed_torque/include/computed_torque/computed_torque_controller.hpp:75:99:[m[K [01;31m[Kerror: [m[Kâ€˜[01m[KState[m[Kâ€™ in â€˜[01m[Kcontrol_msgs::JointTrajectoryControllerState[m[Kâ€™ {aka â€˜[01m[Kstruct control_msgs::JointTrajectoryControllerState_<std::allocator<void> >[m[Kâ€™} does not name a type
   75 |          const control_msgs::JointTrajectoryControllerState::[01;31m[KState[m[K& desired_state,
      |                                                              [01;31m[K^~~~~[m[K

[01m[K/home/sheila/march/ros1/src/control/computed_torque/include/computed_torque/computed_torque_controller.hpp:76:82:[m[K [01;31m[Kerror: [m[Kâ€˜[01m[KState[m[Kâ€™ in namespace â€˜[01m[Kjoint_trajectory_controller[m[Kâ€™ does not name a type
   76 |                           const joint_trajectory_controller::[01;31m[KState[m[K& state_error ){
      |                                                              [01;31m[K^~~~~[m[K

[01m[K/home/sheila/march/ros1/src/control/computed_torque/include/computed_torque/computed_torque_controller.hpp:[m[K In function â€˜[01m[Kvoid controller_ns::update(const ros::Time&, const ros::Duration&, const int&, const int&)[m[Kâ€™:
[01m[K/home/sheila/march/ros1/src/control/computed_torque/include/computed_torque/computed_torque_controller.hpp:80:28:[m[K [01;31m[Kerror: [m[Kâ€˜[01m[Knum_joints_[m[Kâ€™ was not declared in this scope
   80 |     for(unsigned int i=0;i<[01;31m[Knum_joints_[m[K;i++){
      |                            [01;31m[K^~~~~~~~~~~[m[K
[01m[K/home/sheila/march/ros1/src/control/computed_torque/include/computed_torque/computed_torque_controller.hpp:81:7:[m[K [01;31m[Kerror: [m[Kâ€˜[01m[Kcurrent[m[Kâ€™ was not declared in this scope
   81 |       [01;31m[Kcurrent[m[K.q(i) = (*joint_handles_ptr_)[i].getPosition();
      |       [01;31m[K^~~~~~~[m[K
[01m[K/home/sheila/march/ros1/src/control/computed_torque/include/computed_torque/computed_torque_controller.hpp:81:24:[m[K [01;31m[Kerror: [m[Kâ€˜[01m[Kjoint_handles_ptr_[m[Kâ€™ was not declared in this scope
   81 |       current.q(i) = (*[01;31m[Kjoint_handles_ptr_[m[K)[i].getPosition();
      |                        [01;31m[K^~~~~~~~~~~~~~~~~~[m[K
[01m[K/home/sheila/march/ros1/src/control/computed_torque/include/computed_torque/computed_torque_controller.hpp:83:7:[m[K [01;31m[Kerror: [m[Kâ€˜[01m[Kcurrent_torque[m[Kâ€™ was not declared in this scope
   83 |       [01;31m[Kcurrent_torque[m[K[i] = (*joint_handles_ptr_)[i].getEffort();
      |       [01;31m[K^~~~~~~~~~~~~~[m[K
[01m[K/home/sheila/march/ros1/src/control/computed_torque/include/computed_torque/computed_torque_controller.hpp:85:7:[m[K [01;31m[Kerror: [m[Kâ€˜[01m[Kdesired[m[Kâ€™ was not declared in this scope
   85 |       [01;31m[Kdesired[m[K.q(i) = desired_state.position[i];
      |       [01;31m[K^~~~~~~[m[K
[01m[K/home/sheila/march/ros1/src/control/computed_torque/include/computed_torque/computed_torque_controller.hpp:85:36:[m[K [01;31m[Kerror: [m[Krequest for member â€˜[01m[Kposition[m[Kâ€™ in â€˜[01m[Kdesired_state[m[Kâ€™, which is of non-class type â€˜[01m[Kconst int[m[Kâ€™
   85 |       desired.q(i) = desired_state.[01;31m[Kposition[m[K[i];
      |                                    [01;31m[K^~~~~~~~[m[K
[01m[K/home/sheila/march/ros1/src/control/computed_torque/include/computed_torque/computed_torque_controller.hpp:86:39:[m[K [01;31m[Kerror: [m[Krequest for member â€˜[01m[Kvelocity[m[Kâ€™ in â€˜[01m[Kdesired_state[m[Kâ€™, which is of non-class type â€˜[01m[Kconst int[m[Kâ€™
   86 |       desired.qdot(i) = desired_state.[01;31m[Kvelocity[m[K[i];
      |                                       [01;31m[K^~~~~~~~[m[K
[01m[K/home/sheila/march/ros1/src/control/computed_torque/include/computed_torque/computed_torque_controller.hpp:87:42:[m[K [01;31m[Kerror: [m[Krequest for member â€˜[01m[Kacceleration[m[Kâ€™ in â€˜[01m[Kdesired_state[m[Kâ€™, which is of non-class type â€˜[01m[Kconst int[m[Kâ€™
   87 |       desired.qdotdot(i) = desired_state.[01;31m[Kacceleration[m[K[i];
      |                                          [01;31m[K^~~~~~~~~~~~[m[K
[01m[K/home/sheila/march/ros1/src/control/computed_torque/include/computed_torque/computed_torque_controller.hpp:89:7:[m[K [01;31m[Kerror: [m[Kâ€˜[01m[Kerror[m[Kâ€™ was not declared in this scope; did you mean â€˜[01m[Kperror[m[Kâ€™?
   89 |       [01;31m[Kerror[m[K.q(i) = state_error.position[i];
      |       [01;31m[K^~~~~[m[K
      |       [32m[Kperror[m[K
[01m[K/home/sheila/march/ros1/src/control/computed_torque/include/computed_torque/computed_torque_controller.hpp:89:32:[m[K [01;31m[Kerror: [m[Krequest for member â€˜[01m[Kposition[m[Kâ€™ in â€˜[01m[Kstate_error[m[Kâ€™, which is of non-class type â€˜[01m[Kconst int[m[Kâ€™
   89 |       error.q(i) = state_error.[01;31m[Kposition[m[K[i];
      |                                [01;31m[K^~~~~~~~[m[K
[01m[K/home/sheila/march/ros1/src/control/computed_torque/include/computed_torque/computed_torque_controller.hpp:90:35:[m[K [01;31m[Kerror: [m[Krequest for member â€˜[01m[Kvelocity[m[Kâ€™ in â€˜[01m[Kstate_error[m[Kâ€™, which is of non-class type â€˜[01m[Kconst int[m[Kâ€™
   90 |       error.qdot(i) = state_error.[01;31m[Kvelocity[m[K[i];
      |                                   [01;31m[K^~~~~~~~[m[K
[01m[K/home/sheila/march/ros1/src/control/computed_torque/include/computed_torque/computed_torque_controller.hpp:94:28:[m[K [01;31m[Kerror: [m[Kâ€˜[01m[Knum_joints_[m[Kâ€™ was not declared in this scope
   94 |     for(unsigned int i=0;i<[01;31m[Knum_joints_[m[K;i++){
      |                            [01;31m[K^~~~~~~~~~~[m[K
[01m[K/home/sheila/march/ros1/src/control/computed_torque/include/computed_torque/computed_torque_controller.hpp:95:9:[m[K [01;31m[Kerror: [m[Kâ€˜[01m[KKp[m[Kâ€™ was not declared in this scope
   95 |         [01;31m[KKp[m[K(i,i) = Kp_vec[i];
      |         [01;31m[K^~[m[K
[01m[K/home/sheila/march/ros1/src/control/computed_torque/include/computed_torque/computed_torque_controller.hpp:95:19:[m[K [01;31m[Kerror: [m[Kâ€˜[01m[KKp_vec[m[Kâ€™ was not declared in this scope
   95 |         Kp(i,i) = [01;31m[KKp_vec[m[K[i];
      |                   [01;31m[K^~~~~~[m[K
[01m[K/home/sheila/march/ros1/src/control/computed_torque/include/computed_torque/computed_torque_controller.hpp:96:9:[m[K [01;31m[Kerror: [m[Kâ€˜[01m[KKv[m[Kâ€™ was not declared in this scope
   96 |         [01;31m[KKv[m[K(i,i) = Kv_vec[i];
      |         [01;31m[K^~[m[K
[01m[K/home/sheila/march/ros1/src/control/computed_torque/include/computed_torque/computed_torque_controller.hpp:96:19:[m[K [01;31m[Kerror: [m[Kâ€˜[01m[KKv_vec[m[Kâ€™ was not declared in this scope
   96 |         Kv(i,i) = [01;31m[KKv_vec[m[K[i];
      |                   [01;31m[K^~~~~~[m[K
[01m[K/home/sheila/march/ros1/src/control/computed_torque/include/computed_torque/computed_torque_controller.hpp:97:9:[m[K [01;31m[Kerror: [m[Kâ€˜[01m[KF[m[Kâ€™ was not declared in this scope
   97 |         [01;31m[KF[m[K(i,i) = F_vec[i];
      |         [01;31m[K^[m[K
[01m[K/home/sheila/march/ros1/src/control/computed_torque/include/computed_torque/computed_torque_controller.hpp:97:18:[m[K [01;31m[Kerror: [m[Kâ€˜[01m[KF_vec[m[Kâ€™ was not declared in this scope
   97 |         F(i,i) = [01;31m[KF_vec[m[K[i];
      |                  [01;31m[K^~~~~[m[K
[01m[K/home/sheila/march/ros1/src/control/computed_torque/include/computed_torque/computed_torque_controller.hpp:105:54:[m[K [01;31m[Kerror: [m[Kâ€˜[01m[Kchain[m[Kâ€™ was not declared in this scope
  105 |     KDL::ChainDynParam dynamics = KDL::ChainDynParam([01;31m[Kchain[m[K, KDL::Vector(0.0,0.0,-9.81));
      |                                                      [01;31m[K^~~~~[m[K
[01m[K/home/sheila/march/ros1/src/control/computed_torque/include/computed_torque/computed_torque_controller.hpp:108:27:[m[K [01;31m[Kerror: [m[Kâ€˜[01m[Kcurrent[m[Kâ€™ was not declared in this scope
  108 |     dynamics.JntToGravity([01;31m[Kcurrent[m[K.q,G);
      |                           [01;31m[K^~~~~~~[m[K
[01m[K/home/sheila/march/ros1/src/control/computed_torque/include/computed_torque/computed_torque_controller.hpp:108:37:[m[K [01;31m[Kerror: [m[Kâ€˜[01m[KG[m[Kâ€™ was not declared in this scope
  108 |     dynamics.JntToGravity(current.q,[01;31m[KG[m[K);
      |                                     [01;31m[K^[m[K
[01m[K/home/sheila/march/ros1/src/control/computed_torque/include/computed_torque/computed_torque_controller.hpp:109:51:[m[K [01;31m[Kerror: [m[Kâ€˜[01m[KC[m[Kâ€™ was not declared in this scope
  109 |     dynamics.JntToCoriolis(current.q,current.qdot,[01;31m[KC[m[K);
      |                                                   [01;31m[K^[m[K
[01m[K/home/sheila/march/ros1/src/control/computed_torque/include/computed_torque/computed_torque_controller.hpp:110:34:[m[K [01;31m[Kerror: [m[Kâ€˜[01m[KM[m[Kâ€™ was not declared in this scope
  110 |     dynamics.JntToMass(current.q,[01;31m[KM[m[K);
      |                                  [01;31m[K^[m[K
[01m[K/home/sheila/march/ros1/src/control/computed_torque/include/computed_torque/computed_torque_controller.hpp:112:5:[m[K [01;31m[Kerror: [m[Kâ€˜[01m[Ktau[m[Kâ€™ was not declared in this scope; did you mean â€˜[01m[Ktan[m[Kâ€™?
  112 |     [01;31m[Ktau[m[K.data = M.data*(desired.qdotdot.data + Kp * error.q.data + Kv * error.qdot.data) + C.data + G.data - F * current.qdot.data;
      |     [01;31m[K^~~[m[K
      |     [32m[Ktan[m[K
[01m[K/home/sheila/march/ros1/src/control/computed_torque/include/computed_torque/computed_torque_controller.hpp:112:24:[m[K [01;31m[Kerror: [m[Kâ€˜[01m[Kdesired[m[Kâ€™ was not declared in this scope
  112 |     tau.data = M.data*([01;31m[Kdesired[m[K.qdotdot.data + Kp * error.q.data + Kv * error.qdot.data) + C.data + G.data - F * current.qdot.data;
      |                        [01;31m[K^~~~~~~[m[K
[01m[K/home/sheila/march/ros1/src/control/computed_torque/include/computed_torque/computed_torque_controller.hpp:112:47:[m[K [01;31m[Kerror: [m[Kâ€˜[01m[KKp[m[Kâ€™ was not declared in this scope
  112 |     tau.data = M.data*(desired.qdotdot.data + [01;31m[KKp[m[K * error.q.data + Kv * error.qdot.data) + C.data + G.data - F * current.qdot.data;
      |                                               [01;31m[K^~[m[K
[01m[K/home/sheila/march/ros1/src/control/computed_torque/include/computed_torque/computed_torque_controller.hpp:112:52:[m[K [01;31m[Kerror: [m[Kâ€˜[01m[Kerror[m[Kâ€™ was not declared in this scope; did you mean â€˜[01m[Kperror[m[Kâ€™?
  112 |     tau.data = M.data*(desired.qdotdot.data + Kp * [01;31m[Kerror[m[K.q.data + Kv * error.qdot.data) + C.data + G.data - F * current.qdot.data;
      |                                                    [01;31m[K^~~~~[m[K
      |                                                    [32m[Kperror[m[K
[01m[K/home/sheila/march/ros1/src/control/computed_torque/include/computed_torque/computed_torque_controller.hpp:112:67:[m[K [01;31m[Kerror: [m[Kâ€˜[01m[KKv[m[Kâ€™ was not declared in this scope
  112 | au.data = M.data*(desired.qdotdot.data + Kp * error.q.data + [01;31m[KKv[m[K * error.qdot.data) + C.data + G.data - F * current.qdot.data;
      |                                                              [01;31m[K^~[m[K

[01m[K/home/sheila/march/ros1/src/control/computed_torque/include/computed_torque/computed_torque_controller.hpp:112:109:[m[K [01;31m[Kerror: [m[Kâ€˜[01m[KF[m[Kâ€™ was not declared in this scope
  112 | p * error.q.data + Kv * error.qdot.data) + C.data + G.data - [01;31m[KF[m[K * current.qdot.data;
      |                                                              [01;31m[K^[m[K

[01m[K/home/sheila/march/ros1/src/control/computed_torque/include/computed_torque/computed_torque_controller.hpp:113:34:[m[K [01;31m[Kerror: [m[Kâ€˜[01m[Knum_joints_[m[Kâ€™ was not declared in this scope
  113 |     for (unsigned int i = 0; i < [01;31m[Knum_joints_[m[K; ++i)
      |                                  [01;31m[K^~~~~~~~~~~[m[K
[01m[K/home/sheila/march/ros1/src/control/computed_torque/include/computed_torque/computed_torque_controller.hpp:117:54:[m[K [01;31m[Kerror: [m[Kâ€˜[01m[Kerrror[m[Kâ€™ was not declared in this scope; did you mean â€˜[01m[Kperror[m[Kâ€™?
  117 |         const double command = -Kp*error.q.data - Kv*[01;31m[Kerrror[m[K.qdot.data;
      |                                                      [01;31m[K^~~~~~[m[K
      |                                                      [32m[Kperror[m[K
[01m[K/home/sheila/march/ros1/src/control/computed_torque/include/computed_torque/computed_torque_controller.hpp:119:15:[m[K [01;31m[Kerror: [m[Kâ€˜[01m[Kjoint_handles_ptr_[m[Kâ€™ was not declared in this scope
  119 |             (*[01;31m[Kjoint_handles_ptr_[m[K)[i].setCommand(command);
      |               [01;31m[K^~~~~~~~~~~~~~~~~~[m[K
[01m[K/home/sheila/march/ros1/src/control/computed_torque/include/computed_torque/computed_torque_controller.hpp:[m[K At global scope:
[01m[K/home/sheila/march/ros1/src/control/computed_torque/include/computed_torque/computed_torque_controller.hpp:126:6:[m[K [01;31m[Kerror: [m[Kâ€˜[01m[Kcomputed_torque_controller_class[m[Kâ€™ has not been declared
  126 | void [01;31m[Kcomputed_torque_controller_class[m[K::starting(const ros::Time& /*time*/)
      |      [01;31m[K^~~~~~~~~~~~~~~~~~~~~~~~~~~~~~~~[m[K
[01m[K/home/sheila/march/ros1/src/control/computed_torque/include/computed_torque/computed_torque_controller.hpp:[m[K In function â€˜[01m[Kvoid controller_ns::starting(const ros::Time&)[m[Kâ€™:
[01m[K/home/sheila/march/ros1/src/control/computed_torque/include/computed_torque/computed_torque_controller.hpp:128:8:[m[K [01;31m[Kerror: [m[Kâ€˜[01m[Kjoint_handles_ptr_[m[Kâ€™ was not declared in this scope
  128 |   if (![01;31m[Kjoint_handles_ptr_[m[K) {return;}
      |        [01;31m[K^~~~~~~~~~~~~~~~~~[m[K
[01m[K/home/sheila/march/ros1/src/control/computed_torque/include/computed_torque/computed_torque_controller.hpp:131:32:[m[K [01;31m[Kerror: [m[Kâ€˜[01m[Knum_joints_[m[Kâ€™ was not declared in this scope
  131 |   for (unsigned int i = 0; i < [01;31m[Knum_joints_[m[K; ++i)
      |                                [01;31m[K^~~~~~~~~~~[m[K
[01m[K/home/sheila/march/ros1/src/control/computed_torque/include/computed_torque/computed_torque_controller.hpp:133:7:[m[K [01;31m[Kerror: [m[Kâ€˜[01m[Kjoint_handles_ptr_[m[Kâ€™ was not declared in this scope
  133 |     (*[01;31m[Kjoint_handles_ptr_[m[K)[i].setCommand(0.0);
      |       [01;31m[K^~~~~~~~~~~~~~~~~~[m[K
[01m[K/home/sheila/march/ros1/src/control/computed_torque/include/computed_torque/computed_torque_controller.hpp:[m[K At global scope:
[01m[K/home/sheila/march/ros1/src/control/computed_torque/include/computed_torque/computed_torque_controller.hpp:138:6:[m[K [01;31m[Kerror: [m[Kâ€˜[01m[Kcomputed_torque_controller_class[m[Kâ€™ has not been declared
  138 | void [01;31m[Kcomputed_torque_controller_class[m[K::stopping(const ros::Time& /*time*/){ }
      |      [01;31m[K^~~~~~~~~~~~~~~~~~~~~~~~~~~~~~~~[m[K
[01m[K/home/sheila/march/ros1/src/control/computed_torque/src/computed_torque_controller.cpp:9:28:[m[K [01;31m[Kerror: [m[Kâ€˜[01m[Kcomputed_torque_controller_class[m[Kâ€™ in namespace â€˜[01m[Kcontroller_ns[m[Kâ€™ does not name a type
    9 |     typedef controller_ns::[01;31m[Kcomputed_torque_controller_class[m[K ComputedTorque;
      |                            [01;31m[K^~~~~~~~~~~~~~~~~~~~~~~~~~~~~~~~[m[K
In file included from [01m[K/opt/ros/noetic/include/class_loader/class_loader.hpp:47[m[K,
                 from [01m[K/opt/ros/noetic/include/pluginlib/./class_list_macros.hpp:40[m[K,
                 from [01m[K/opt/ros/noetic/include/pluginlib/class_list_macros.h:35[m[K,
                 from [01m[K/home/sheila/march/ros1/src/control/computed_torque/src/computed_torque_controller.cpp:2[m[K:
[01m[K/home/sheila/march/ros1/src/control/computed_torque/src/computed_torque_controller.cpp:13:44:[m[K [01;31m[Kerror: [m[Kâ€˜[01m[KComputedTorque[m[Kâ€™ in namespace â€˜[01m[Keffort_controllers[m[Kâ€™ does not name a type
   13 | PLUGINLIB_EXPORT_CLASS(effort_controllers::[01;31m[KComputedTorque[m[K, controller_interface::ControllerBase);
      |                                            [01;31m[K^~~~~~~~~~~~~~[m[K
[01m[K/opt/ros/noetic/include/class_loader/register_macro.hpp:43:14:[m[K [01;36m[Knote: [m[Kin definition of macro â€˜[01m[KCLASS_LOADER_REGISTER_CLASS_INTERNAL_WITH_MESSAGE[m[Kâ€™
   43 |     typedef  [01;36m[KDerived[m[K _derived; \
      |              [01;36m[K^~~~~~~[m[K
[01m[K/opt/ros/noetic/include/class_loader/register_macro.hpp:63:3:[m[K [01;36m[Knote: [m[Kin expansion of macro â€˜[01m[KCLASS_LOADER_REGISTER_CLASS_INTERNAL_HOP1_WITH_MESSAGE[m[Kâ€™
   63 |   [01;36m[KCLASS_LOADER_REGISTER_CLASS_INTERNAL_HOP1_WITH_MESSAGE[m[K(Derived, Base, __COUNTER__, Message)
      |   [01;36m[K^~~~~~~~~~~~~~~~~~~~~~~~~~~~~~~~~~~~~~~~~~~~~~~~~~~~~~[m[K
[01m[K/opt/ros/noetic/include/class_loader/register_macro.hpp:70:3:[m[K [01;36m[Knote: [m[Kin expansion of macro â€˜[01m[KCLASS_LOADER_REGISTER_CLASS_WITH_MESSAGE[m[Kâ€™
   70 |   [01;36m[KCLASS_LOADER_REGISTER_CLASS_WITH_MESSAGE[m[K(Derived, Base, "")
      |   [01;36m[K^~~~~~~~~~~~~~~~~~~~~~~~~~~~~~~~~~~~~~~~[m[K
[01m[K/opt/ros/noetic/include/pluginlib/./class_list_macros.hpp:49:3:[m[K [01;36m[Knote: [m[Kin expansion of macro â€˜[01m[KCLASS_LOADER_REGISTER_CLASS[m[Kâ€™
   49 |   [01;36m[KCLASS_LOADER_REGISTER_CLASS[m[K(class_type, base_class_type)
      |   [01;36m[K^~~~~~~~~~~~~~~~~~~~~~~~~~~[m[K
[01m[K/home/sheila/march/ros1/src/control/computed_torque/src/computed_torque_controller.cpp:13:1:[m[K [01;36m[Knote: [m[Kin expansion of macro â€˜[01m[KPLUGINLIB_EXPORT_CLASS[m[Kâ€™
   13 | [01;36m[KPLUGINLIB_EXPORT_CLASS[m[K(effort_controllers::ComputedTorque, controller_interface::ControllerBase);
      | [01;36m[K^~~~~~~~~~~~~~~~~~~~~~[m[K
[01m[K/home/sheila/march/ros1/src/control/computed_torque/src/computed_torque_controller.cpp:[m[K In constructor â€˜[01m[K{anonymous}::ProxyExec0::ProxyExec0()[m[Kâ€™:
[01m[K/opt/ros/noetic/include/class_loader/register_macro.hpp:49:42:[m[K [01;31m[Kerror: [m[Kâ€˜[01m[K_derived[m[Kâ€™ was not declared in this scope
   49 |       class_loader::impl::registerPlugin<[01;31m[K_derived[m[K, _base>(#Derived, #Base); \
      |                                          [01;31m[K^~~~~~~~[m[K
[01m[K/opt/ros/noetic/include/class_loader/register_macro.hpp:56:3:[m[K [01;36m[Knote: [m[Kin expansion of macro â€˜[01m[KCLASS_LOADER_REGISTER_CLASS_INTERNAL_WITH_MESSAGE[m[Kâ€™
   56 |   [01;36m[KCLASS_LOADER_REGISTER_CLASS_INTERNAL_WITH_MESSAGE[m[K(Derived, Base, UniqueID, Message)
      |   [01;36m[K^~~~~~~~~~~~~~~~~~~~~~~~~~~~~~~~~~~~~~~~~~~~~~~~~[m[K
[01m[K/opt/ros/noetic/include/class_loader/register_macro.hpp:63:3:[m[K [01;36m[Knote: [m[Kin expansion of macro â€˜[01m[KCLASS_LOADER_REGISTER_CLASS_INTERNAL_HOP1_WITH_MESSAGE[m[Kâ€™
   63 |   [01;36m[KCLASS_LOADER_REGISTER_CLASS_INTERNAL_HOP1_WITH_MESSAGE[m[K(Derived, Base, __COUNTER__, Message)
      |   [01;36m[K^~~~~~~~~~~~~~~~~~~~~~~~~~~~~~~~~~~~~~~~~~~~~~~~~~~~~~[m[K
[01m[K/opt/ros/noetic/include/class_loader/register_macro.hpp:70:3:[m[K [01;36m[Knote: [m[Kin expansion of macro â€˜[01m[KCLASS_LOADER_REGISTER_CLASS_WITH_MESSAGE[m[Kâ€™
   70 |   [01;36m[KCLASS_LOADER_REGISTER_CLASS_WITH_MESSAGE[m[K(Derived, Base, "")
      |   [01;36m[K^~~~~~~~~~~~~~~~~~~~~~~~~~~~~~~~~~~~~~~~[m[K
[01m[K/opt/ros/noetic/include/pluginlib/./class_list_macros.hpp:49:3:[m[K [01;36m[Knote: [m[Kin expansion of macro â€˜[01m[KCLASS_LOADER_REGISTER_CLASS[m[Kâ€™
   49 |   [01;36m[KCLASS_LOADER_REGISTER_CLASS[m[K(class_type, base_class_type)
      |   [01;36m[K^~~~~~~~~~~~~~~~~~~~~~~~~~~[m[K
[01m[K/home/sheila/march/ros1/src/control/computed_torque/src/computed_torque_controller.cpp:13:1:[m[K [01;36m[Knote: [m[Kin expansion of macro â€˜[01m[KPLUGINLIB_EXPORT_CLASS[m[Kâ€™
   13 | [01;36m[KPLUGINLIB_EXPORT_CLASS[m[K(effort_controllers::ComputedTorque, controller_interface::ControllerBase);
      | [01;36m[K^~~~~~~~~~~~~~~~~~~~~~[m[K
[01m[K/opt/ros/noetic/include/class_loader/register_macro.hpp:49:74:[m[K [01;31m[Kerror: [m[Kno matching function for call to â€˜[01m[KregisterPlugin<<expression error>, {anonymous}::ProxyExec0::_base>(const char [35], const char [37])[m[Kâ€™
   49 |       class_loader::impl::registerPlugin<_derived, _base>(#Derived, #Base[01;31m[K)[m[K; \
      |                                                                          [01;31m[K^[m[K
[01m[K/opt/ros/noetic/include/class_loader/register_macro.hpp:56:3:[m[K [01;36m[Knote: [m[Kin expansion of macro â€˜[01m[KCLASS_LOADER_REGISTER_CLASS_INTERNAL_WITH_MESSAGE[m[Kâ€™
   56 |   [01;36m[KCLASS_LOADER_REGISTER_CLASS_INTERNAL_WITH_MESSAGE[m[K(Derived, Base, UniqueID, Message)
      |   [01;36m[K^~~~~~~~~~~~~~~~~~~~~~~~~~~~~~~~~~~~~~~~~~~~~~~~~[m[K
[01m[K/opt/ros/noetic/include/class_loader/register_macro.hpp:63:3:[m[K [01;36m[Knote: [m[Kin expansion of macro â€˜[01m[KCLASS_LOADER_REGISTER_CLASS_INTERNAL_HOP1_WITH_MESSAGE[m[Kâ€™
   63 |   [01;36m[KCLASS_LOADER_REGISTER_CLASS_INTERNAL_HOP1_WITH_MESSAGE[m[K(Derived, Base, __COUNTER__, Message)
      |   [01;36m[K^~~~~~~~~~~~~~~~~~~~~~~~~~~~~~~~~~~~~~~~~~~~~~~~~~~~~~[m[K
[01m[K/opt/ros/noetic/include/class_loader/register_macro.hpp:70:3:[m[K [01;36m[Knote: [m[Kin expansion of macro â€˜[01m[KCLASS_LOADER_REGISTER_CLASS_WITH_MESSAGE[m[Kâ€™
   70 |   [01;36m[KCLASS_LOADER_REGISTER_CLASS_WITH_MESSAGE[m[K(Derived, Base, "")
      |   [01;36m[K^~~~~~~~~~~~~~~~~~~~~~~~~~~~~~~~~~~~~~~~[m[K
[01m[K/opt/ros/noetic/include/pluginlib/./class_list_macros.hpp:49:3:[m[K [01;36m[Knote: [m[Kin expansion of macro â€˜[01m[KCLASS_LOADER_REGISTER_CLASS[m[Kâ€™
   49 |   [01;36m[KCLASS_LOADER_REGISTER_CLASS[m[K(class_type, base_class_type)
      |   [01;36m[K^~~~~~~~~~~~~~~~~~~~~~~~~~~[m[K
[01m[K/home/sheila/march/ros1/src/control/computed_torque/src/computed_torque_controller.cpp:13:1:[m[K [01;36m[Knote: [m[Kin expansion of macro â€˜[01m[KPLUGINLIB_EXPORT_CLASS[m[Kâ€™
   13 | [01;36m[KPLUGINLIB_EXPORT_CLASS[m[K(effort_controllers::ComputedTorque, controller_interface::ControllerBase);
      | [01;36m[K^~~~~~~~~~~~~~~~~~~~~~[m[K
In file included from [01m[K/opt/ros/noetic/include/class_loader/class_loader.hpp:46[m[K,
                 from [01m[K/opt/ros/noetic/include/pluginlib/./class_list_macros.hpp:40[m[K,
                 from [01m[K/opt/ros/noetic/include/pluginlib/class_list_macros.h:35[m[K,
                 from [01m[K/home/sheila/march/ros1/src/control/computed_torque/src/computed_torque_controller.cpp:2[m[K:
[01m[K/opt/ros/noetic/include/class_loader/class_loader_core.hpp:176:6:[m[K [01;36m[Knote: [m[Kcandidate: â€˜[01m[Ktemplate<class Derived, class Base> void class_loader::impl::registerPlugin(const string&, const string&)[m[Kâ€™
  176 | void [01;36m[KregisterPlugin[m[K(const std::string & class_name, const std::string & base_class_name)
      |      [01;36m[K^~~~~~~~~~~~~~[m[K
[01m[K/opt/ros/noetic/include/class_loader/class_loader_core.hpp:176:6:[m[K [01;36m[Knote: [m[K  template argument deduction/substitution failed:
In file included from [01m[K/opt/ros/noetic/include/class_loader/class_loader.hpp:47[m[K,
                 from [01m[K/opt/ros/noetic/include/pluginlib/./class_list_macros.hpp:40[m[K,
                 from [01m[K/opt/ros/noetic/include/pluginlib/class_list_macros.h:35[m[K,
                 from [01m[K/home/sheila/march/ros1/src/control/computed_torque/src/computed_torque_controller.cpp:2[m[K:
[01m[K/opt/ros/noetic/include/class_loader/register_macro.hpp:49:74:[m[K [01;31m[Kerror: [m[Ktemplate argument 1 is invalid
   49 |       class_loader::impl::registerPlugin<_derived, _base>(#Derived, #Base[01;31m[K)[m[K; \
      |                                                                          [01;31m[K^[m[K
[01m[K/opt/ros/noetic/include/class_loader/register_macro.hpp:56:3:[m[K [01;36m[Knote: [m[Kin expansion of macro â€˜[01m[KCLASS_LOADER_REGISTER_CLASS_INTERNAL_WITH_MESSAGE[m[Kâ€™
   56 |   [01;36m[KCLASS_LOADER_REGISTER_CLASS_INTERNAL_WITH_MESSAGE[m[K(Derived, Base, UniqueID, Message)
      |   [01;36m[K^~~~~~~~~~~~~~~~~~~~~~~~~~~~~~~~~~~~~~~~~~~~~~~~~[m[K
[01m[K/opt/ros/noetic/include/class_loader/register_macro.hpp:63:3:[m[K [01;36m[Knote: [m[Kin expansion of macro â€˜[01m[KCLASS_LOADER_REGISTER_CLASS_INTERNAL_HOP1_WITH_MESSAGE[m[Kâ€™
   63 |   [01;36m[KCLASS_LOADER_REGISTER_CLASS_INTERNAL_HOP1_WITH_MESSAGE[m[K(Derived, Base, __COUNTER__, Message)
      |   [01;36m[K^~~~~~~~~~~~~~~~~~~~~~~~~~~~~~~~~~~~~~~~~~~~~~~~~~~~~~[m[K
[01m[K/opt/ros/noetic/include/class_loader/register_macro.hpp:70:3:[m[K [01;36m[Knote: [m[Kin expansion of macro â€˜[01m[KCLASS_LOADER_REGISTER_CLASS_WITH_MESSAGE[m[Kâ€™
   70 |   [01;36m[KCLASS_LOADER_REGISTER_CLASS_WITH_MESSAGE[m[K(Derived, Base, "")
      |   [01;36m[K^~~~~~~~~~~~~~~~~~~~~~~~~~~~~~~~~~~~~~~~[m[K
[01m[K/opt/ros/noetic/include/pluginlib/./class_list_macros.hpp:49:3:[m[K [01;36m[Knote: [m[Kin expansion of macro â€˜[01m[KCLASS_LOADER_REGISTER_CLASS[m[Kâ€™
   49 |   [01;36m[KCLASS_LOADER_REGISTER_CLASS[m[K(class_type, base_class_type)
      |   [01;36m[K^~~~~~~~~~~~~~~~~~~~~~~~~~~[m[K
[01m[K/home/sheila/march/ros1/src/control/computed_torque/src/computed_torque_controller.cpp:13:1:[m[K [01;36m[Knote: [m[Kin expansion of macro â€˜[01m[KPLUGINLIB_EXPORT_CLASS[m[Kâ€™
   13 | [01;36m[KPLUGINLIB_EXPORT_CLASS[m[K(effort_controllers::ComputedTorque, controller_interface::ControllerBase);
      | [01;36m[K^~~~~~~~~~~~~~~~~~~~~~[m[K
make[2]: *** [CMakeFiles/computed_torque_lib.dir/build.make:63: CMakeFiles/computed_torque_lib.dir/src/computed_torque_controller.cpp.o] Error 1
make[1]: *** [CMakeFiles/Makefile2:1811: CMakeFiles/computed_torque_lib.dir/all] Error 2
make: *** [Makefile:141: all] Error 2
