[0.017s] Invoking command in '/home/sheila/march/ros1/build/computed_torque': /usr/bin/cmake --build /home/sheila/march/ros1/build/computed_torque -- -j4 -l4
[0.096s] [  0%] Built target actionlib_msgs_generate_messages_nodejs
[0.096s] [  0%] Built target rosgraph_msgs_generate_messages_py
[0.096s] [  0%] Built target dynamic_reconfigure_generate_messages_nodejs
[0.096s] [  0%] Built target std_msgs_generate_messages_eus
[0.135s] [  0%] Built target control_msgs_generate_messages_lisp
[0.135s] [  0%] Built target actionlib_msgs_generate_messages_cpp
[0.137s] [  0%] Built target rosgraph_msgs_generate_messages_eus
[0.137s] [  0%] Built target actionlib_msgs_generate_messages_lisp
[0.173s] [  0%] Built target std_msgs_generate_messages_lisp
[0.173s] [  0%] Built target control_toolbox_generate_messages_nodejs
[0.173s] [  0%] Built target roscpp_generate_messages_lisp
[0.174s] [  0%] Built target control_msgs_generate_messages_cpp
[0.210s] [  0%] Built target actionlib_msgs_generate_messages_eus
[0.210s] [  0%] Built target dynamic_reconfigure_generate_messages_py
[0.210s] [  0%] Built target rosgraph_msgs_generate_messages_lisp
[0.210s] [  0%] Built target control_msgs_generate_messages_nodejs
[0.247s] [  0%] Built target actionlib_generate_messages_nodejs
[0.247s] [  0%] Built target actionlib_generate_messages_lisp
[0.248s] [  0%] Built target actionlib_generate_messages_py
[0.248s] [  0%] Built target _catkin_empty_exported_target
[0.284s] [  0%] Built target control_msgs_generate_messages_eus
[0.284s] [  0%] Built target trajectory_msgs_generate_messages_nodejs
[0.284s] [  0%] Built target control_toolbox_generate_messages_py
[0.285s] [  0%] Built target trajectory_msgs_generate_messages_cpp
[0.321s] [  0%] Built target std_msgs_generate_messages_nodejs
[0.321s] [  0%] Built target geometry_msgs_generate_messages_eus
[0.321s] [  0%] Built target roscpp_generate_messages_nodejs
[0.322s] [  0%] Built target std_msgs_generate_messages_py
[0.357s] [  0%] Built target actionlib_generate_messages_cpp
[0.358s] [  0%] Built target std_msgs_generate_messages_cpp
[0.359s] [  0%] Built target actionlib_msgs_generate_messages_py
[0.368s] [  0%] Built target rosgraph_msgs_generate_messages_nodejs
[0.393s] [  0%] Built target roscpp_generate_messages_cpp
[0.393s] [  0%] Built target roscpp_generate_messages_eus
[0.400s] [  0%] Built target control_toolbox_gencfg
[0.407s] [  0%] Built target control_msgs_generate_messages_py
[0.431s] [  0%] Built target geometry_msgs_generate_messages_lisp
[0.432s] [  0%] Built target geometry_msgs_generate_messages_cpp
[0.439s] [  0%] Built target geometry_msgs_generate_messages_py
[0.446s] [  0%] Built target trajectory_msgs_generate_messages_lisp
[0.469s] [  0%] Built target actionlib_generate_messages_eus
[0.469s] [  0%] Built target rosgraph_msgs_generate_messages_cpp
[0.480s] [  0%] Built target trajectory_msgs_generate_messages_py
[0.484s] [  0%] Built target trajectory_msgs_generate_messages_eus
[0.506s] [  0%] Built target roscpp_generate_messages_py
[0.506s] [  0%] Built target control_toolbox_generate_messages_cpp
[0.518s] [  0%] Built target control_toolbox_generate_messages_eus
[0.523s] [  0%] Built target control_toolbox_generate_messages_lisp
[0.543s] [  0%] Built target dynamic_reconfigure_generate_messages_cpp
[0.543s] [  0%] Built target geometry_msgs_generate_messages_nodejs
[0.557s] [  0%] Built target dynamic_reconfigure_generate_messages_eus
[0.559s] [  0%] Built target dynamic_reconfigure_gencfg
[0.569s] [  0%] Built target dynamic_reconfigure_generate_messages_lisp
[0.585s] [35m[1mScanning dependencies of target computed_torque_lib[0m
[0.609s] [ 50%] [32mBuilding CXX object CMakeFiles/computed_torque_lib.dir/src/computed_torque_controller.cpp.o[0m
[3.393s] In file included from [01m[K/home/sheila/march/ros1/src/control/computed_torque/include/trajectory_interface/joint_trajectory_segment.h:24[m[K,
[3.394s]                  from [01m[K/home/sheila/march/ros1/src/control/computed_torque/include/computed_torque/computed_torque_controller.h:32[m[K,
[3.394s]                  from [01m[K/home/sheila/march/ros1/src/control/computed_torque/src/computed_torque_controller.cpp:5[m[K:
[3.394s] [01m[K/home/sheila/march/ros1/src/control/computed_torque/include/trajectory_interface/tolerances.h:[m[K In function â€˜[01m[Kcontroller_ns::SegmentTolerances<Scalar> controller_ns::getSegmentTolerances(const ros::NodeHandle&, const std::vector<std::__cxx11::basic_string<char> >&)[m[Kâ€™:
[3.394s] [01m[K/home/sheila/march/ros1/src/control/computed_torque/include/trajectory_interface/tolerances.h:268:30:[m[K [01;31m[Kerror: [m[Kâ€˜[01m[KSegmentTolerances[m[Kâ€™ is not a member of â€˜[01m[Kdirect_dynamic_controller[m[Kâ€™
[3.394s]   268 |   direct_dynamic_controller::[01;31m[KSegmentTolerances[m[K<Scalar> tolerances;
[3.394s]       |                              [01;31m[K^~~~~~~~~~~~~~~~~[m[K
[3.394s] [01m[K/home/sheila/march/ros1/src/control/computed_torque/include/trajectory_interface/tolerances.h:268:30:[m[K [01;36m[Knote: [m[Ksuggested alternatives:
[3.394s] In file included from [01m[K/opt/ros/noetic/include/joint_trajectory_controller/joint_trajectory_segment.h:51[m[K,
[3.394s]                  from [01m[K/opt/ros/noetic/include/joint_trajectory_controller/joint_trajectory_controller.h:73[m[K,
[3.394s]                  from [01m[K/home/sheila/march/ros1/src/control/computed_torque/include/computed_torque/computed_torque_controller.h:29[m[K,
[3.394s]                  from [01m[K/home/sheila/march/ros1/src/control/computed_torque/src/computed_torque_controller.cpp:5[m[K:
[3.394s] [01m[K/opt/ros/noetic/include/joint_trajectory_controller/tolerances.h:73:8:[m[K [01;36m[Knote: [m[K  â€˜[01m[Kjoint_trajectory_controller::SegmentTolerances[m[Kâ€™
[3.395s]    73 | struct [01;36m[KSegmentTolerances[m[K
[3.395s]       |        [01;36m[K^~~~~~~~~~~~~~~~~[m[K
[3.395s] In file included from [01m[K/home/sheila/march/ros1/src/control/computed_torque/include/trajectory_interface/joint_trajectory_segment.h:24[m[K,
[3.395s]                  from [01m[K/home/sheila/march/ros1/src/control/computed_torque/include/computed_torque/computed_torque_controller.h:32[m[K,
[3.395s]                  from [01m[K/home/sheila/march/ros1/src/control/computed_torque/src/computed_torque_controller.cpp:5[m[K:
[3.395s] [01m[K/home/sheila/march/ros1/src/control/computed_torque/include/trajectory_interface/tolerances.h:46:8:[m[K [01;36m[Knote: [m[K  â€˜[01m[Kcontroller_ns::SegmentTolerances[m[Kâ€™
[3.395s]    46 | struct [01;36m[KSegmentTolerances[m[K
[3.395s]       |        [01;36m[K^~~~~~~~~~~~~~~~~[m[K
[3.395s] In file included from [01m[K/home/sheila/march/ros1/src/control/computed_torque/include/trajectory_interface/joint_trajectory_segment.h:24[m[K,
[3.395s]                  from [01m[K/home/sheila/march/ros1/src/control/computed_torque/include/computed_torque/computed_torque_controller.h:32[m[K,
[3.395s]                  from [01m[K/home/sheila/march/ros1/src/control/computed_torque/src/computed_torque_controller.cpp:5[m[K:
[3.395s] [01m[K/home/sheila/march/ros1/src/control/computed_torque/include/trajectory_interface/tolerances.h:268:54:[m[K [01;31m[Kerror: [m[Kexpected primary-expression before â€˜[01m[K>[m[Kâ€™ token
[3.395s]   268 |   direct_dynamic_controller::SegmentTolerances<Scalar[01;31m[K>[m[K tolerances;
[3.396s]       |                                                      [01;31m[K^[m[K
[3.396s] [01m[K/home/sheila/march/ros1/src/control/computed_torque/include/trajectory_interface/tolerances.h:268:56:[m[K [01;31m[Kerror: [m[Kâ€˜[01m[Ktolerances[m[Kâ€™ was not declared in this scope; did you mean â€˜[01m[KStateTolerances[m[Kâ€™?
[3.397s]   268 |   direct_dynamic_controller::SegmentTolerances<Scalar> [01;31m[Ktolerances[m[K;
[3.397s]       |                                                        [01;31m[K^~~~~~~~~~[m[K
[3.397s]       |                                                        [32m[KStateTolerances[m[K
[3.397s] In file included from [01m[K/home/sheila/march/ros1/src/control/computed_torque/include/computed_torque/computed_torque_controller.h:32[m[K,
[3.397s]                  from [01m[K/home/sheila/march/ros1/src/control/computed_torque/src/computed_torque_controller.cpp:5[m[K:
[3.397s] [01m[K/home/sheila/march/ros1/src/control/computed_torque/include/trajectory_interface/joint_trajectory_segment.h:[m[K In member function â€˜[01m[Kvoid controller_ns::JointTrajectorySegment<Segment>::State::init(const JointTrajectoryPoint&, const std::vector<typename Segment::State::Scalar>&)[m[Kâ€™:
[3.397s] [01m[K/home/sheila/march/ros1/src/control/computed_torque/include/trajectory_interface/joint_trajectory_segment.h:80:12:[m[K [01;31m[Kerror: [m[Kthere are no arguments to â€˜[01m[KisValid[m[Kâ€™ that depend on a template parameter, so a declaration of â€˜[01m[KisValid[m[Kâ€™ must be available [[01;31m[K-fpermissive[m[K]
[3.397s]    80 |       if (![01;31m[KisValid[m[K(point, joint_dim))
[3.398s]       |            [01;31m[K^~~~~~~[m[K
[3.398s] [01m[K/home/sheila/march/ros1/src/control/computed_torque/include/trajectory_interface/joint_trajectory_segment.h:80:12:[m[K [01;36m[Knote: [m[K(if you use â€˜[01m[K-fpermissive[m[Kâ€™, G++ will accept your code, but allowing the use of an undeclared name is deprecated)
[3.875s] In file included from [01m[K/home/sheila/march/ros1/src/control/computed_torque/src/computed_torque_controller.cpp:5[m[K:
[3.875s] [01m[K/home/sheila/march/ros1/src/control/computed_torque/include/computed_torque/computed_torque_controller.h:[m[K At global scope:
[3.875s] [01m[K/home/sheila/march/ros1/src/control/computed_torque/include/computed_torque/computed_torque_controller.h:78:31:[m[K [01;31m[Kerror: [m[Kâ€˜[01m[KState[m[Kâ€™ does not name a type
[3.875s]    78 |                         const [01;31m[KState[m[K& desired_state,
[3.875s]       |                               [01;31m[K^~~~~[m[K
[3.877s] [01m[K/home/sheila/march/ros1/src/control/computed_torque/include/computed_torque/computed_torque_controller.h:79:31:[m[K [01;31m[Kerror: [m[Kâ€˜[01m[KState[m[Kâ€™ does not name a type
[3.877s]    79 |                         const [01;31m[KState[m[K& state_error );
[3.877s]       |                               [01;31m[K^~~~~[m[K
[3.908s] In file included from [01m[K/home/sheila/march/ros1/src/control/computed_torque/include/computed_torque/computed_torque_controller.h:148[m[K,
[3.908s]                  from [01m[K/home/sheila/march/ros1/src/control/computed_torque/src/computed_torque_controller.cpp:5[m[K:
[3.909s] [01m[K/home/sheila/march/ros1/src/control/computed_torque/include/computed_torque/computed_torque_controller.hpp:76:53:[m[K [01;31m[Kerror: [m[Kâ€˜[01m[KState[m[Kâ€™ does not name a type
[3.909s]    76 |                                               const [01;31m[KState[m[K& desired_state,
[3.909s]       |                                                     [01;31m[K^~~~~[m[K
[3.910s] [01m[K/home/sheila/march/ros1/src/control/computed_torque/include/computed_torque/computed_torque_controller.hpp:77:53:[m[K [01;31m[Kerror: [m[Kâ€˜[01m[KState[m[Kâ€™ does not name a type
[3.911s]    77 |                                               const [01;31m[KState[m[K& state_error ){
[3.911s]       |                                                     [01;31m[K^~~~~[m[K
[3.911s] [01m[K/home/sheila/march/ros1/src/control/computed_torque/include/computed_torque/computed_torque_controller.hpp:[m[K In member function â€˜[01m[Kvoid controller_ns::computed_torque_controller_class::update(const ros::Time&, const ros::Duration&, const int&, const int&)[m[Kâ€™:
[3.911s] [01m[K/home/sheila/march/ros1/src/control/computed_torque/include/computed_torque/computed_torque_controller.hpp:86:36:[m[K [01;31m[Kerror: [m[Krequest for member â€˜[01m[Kposition[m[Kâ€™ in â€˜[01m[Kdesired_state[m[Kâ€™, which is of non-class type â€˜[01m[Kconst int[m[Kâ€™
[3.911s]    86 |       desired.q(i) = desired_state.[01;31m[Kposition[m[K[i];
[3.911s]       |                                    [01;31m[K^~~~~~~~[m[K
[3.911s] [01m[K/home/sheila/march/ros1/src/control/computed_torque/include/computed_torque/computed_torque_controller.hpp:87:39:[m[K [01;31m[Kerror: [m[Krequest for member â€˜[01m[Kvelocity[m[Kâ€™ in â€˜[01m[Kdesired_state[m[Kâ€™, which is of non-class type â€˜[01m[Kconst int[m[Kâ€™
[3.911s]    87 |       desired.qdot(i) = desired_state.[01;31m[Kvelocity[m[K[i];
[3.911s]       |                                       [01;31m[K^~~~~~~~[m[K
[3.911s] [01m[K/home/sheila/march/ros1/src/control/computed_torque/include/computed_torque/computed_torque_controller.hpp:88:42:[m[K [01;31m[Kerror: [m[Krequest for member â€˜[01m[Kacceleration[m[Kâ€™ in â€˜[01m[Kdesired_state[m[Kâ€™, which is of non-class type â€˜[01m[Kconst int[m[Kâ€™
[3.911s]    88 |       desired.qdotdot(i) = desired_state.[01;31m[Kacceleration[m[K[i];
[3.911s]       |                                          [01;31m[K^~~~~~~~~~~~[m[K
[3.912s] [01m[K/home/sheila/march/ros1/src/control/computed_torque/include/computed_torque/computed_torque_controller.hpp:90:32:[m[K [01;31m[Kerror: [m[Krequest for member â€˜[01m[Kposition[m[Kâ€™ in â€˜[01m[Kstate_error[m[Kâ€™, which is of non-class type â€˜[01m[Kconst int[m[Kâ€™
[3.912s]    90 |       error.q(i) = state_error.[01;31m[Kposition[m[K[i];
[3.912s]       |                                [01;31m[K^~~~~~~~[m[K
[3.912s] [01m[K/home/sheila/march/ros1/src/control/computed_torque/include/computed_torque/computed_torque_controller.hpp:91:35:[m[K [01;31m[Kerror: [m[Krequest for member â€˜[01m[Kvelocity[m[Kâ€™ in â€˜[01m[Kstate_error[m[Kâ€™, which is of non-class type â€˜[01m[Kconst int[m[Kâ€™
[3.912s]    91 |       error.qdot(i) = state_error.[01;31m[Kvelocity[m[K[i];
[3.912s]       |                                   [01;31m[K^~~~~~~~[m[K
[4.015s] [01m[K/home/sheila/march/ros1/src/control/computed_torque/include/computed_torque/computed_torque_controller.hpp:118:54:[m[K [01;31m[Kerror: [m[Kâ€˜[01m[Kerrror[m[Kâ€™ was not declared in this scope; did you mean â€˜[01m[Kerror[m[Kâ€™?
[4.015s]   118 |         const double command = -Kp*error.q.data - Kv*[01;31m[Kerrror[m[K.qdot.data;
[4.015s]       |                                                      [01;31m[K^~~~~~[m[K
[4.015s]       |                                                      [32m[Kerror[m[K
[4.918s] In file included from [01m[K/opt/ros/noetic/include/class_loader/class_loader_core.hpp:45[m[K,
[4.919s]                  from [01m[K/opt/ros/noetic/include/class_loader/class_loader.hpp:46[m[K,
[4.919s]                  from [01m[K/opt/ros/noetic/include/pluginlib/./class_list_macros.hpp:40[m[K,
[4.919s]                  from [01m[K/opt/ros/noetic/include/pluginlib/class_list_macros.h:35[m[K,
[4.919s]                  from [01m[K/home/sheila/march/ros1/src/control/computed_torque/src/computed_torque_controller.cpp:2[m[K:
[4.919s] /opt/ros/noetic/include/class_loader/meta_object.hpp: In instantiation of â€˜[01m[KB* class_loader::impl::MetaObject<C, B>::create() const [with C = controller_ns::computed_torque_controller_class; B = controller_interface::ControllerBase][m[Kâ€™:
[4.919s] [01m[K/opt/ros/noetic/include/class_loader/meta_object.hpp:196:7:[m[K   required from here
[4.919s] [01m[K/opt/ros/noetic/include/class_loader/meta_object.hpp:198:12:[m[K [01;31m[Kerror: [m[Kinvalid new-expression of abstract class type â€˜[01m[Kcontroller_ns::computed_torque_controller_class[m[Kâ€™
[4.919s]   198 |     return [01;31m[Knew C[m[K;
[4.919s]       |            [01;31m[K^~~~~[m[K
[4.919s] In file included from [01m[K/home/sheila/march/ros1/src/control/computed_torque/src/computed_torque_controller.cpp:5[m[K:
[4.919s] [01m[K/home/sheila/march/ros1/src/control/computed_torque/include/computed_torque/computed_torque_controller.h:72:11:[m[K [01;36m[Knote: [m[K  because the following virtual functions are pure within â€˜[01m[Kcontroller_ns::computed_torque_controller_class[m[Kâ€™:
[4.919s]    72 |     class [01;36m[Kcomputed_torque_controller_class[m[K : public controller_interface::Controller<hardware_interface::EffortJointInterface> {
[4.919s]       |           [01;36m[K^~~~~~~~~~~~~~~~~~~~~~~~~~~~~~~~[m[K
[4.920s] In file included from [01m[K/opt/ros/noetic/include/controller_interface/controller.h:35[m[K,
[4.920s]                  from [01m[K/home/sheila/march/ros1/src/control/computed_torque/include/computed_torque/computed_torque_controller.h:24[m[K,
[4.920s]                  from [01m[K/home/sheila/march/ros1/src/control/computed_torque/src/computed_torque_controller.cpp:5[m[K:
[4.920s] [01m[K/opt/ros/noetic/include/controller_interface/controller_base.h:73:16:[m[K [01;36m[Knote: [m[K	â€˜[01m[Kvirtual void controller_interface::ControllerBase::update(const ros::Time&, const ros::Duration&)[m[Kâ€™
[4.920s]    73 |   virtual void [01;36m[Kupdate[m[K(const ros::Time& time, const ros::Duration& period) = 0;
[4.920s]       |                [01;36m[K^~~~~~[m[K
[5.575s] make[2]: *** [CMakeFiles/computed_torque_lib.dir/build.make:63: CMakeFiles/computed_torque_lib.dir/src/computed_torque_controller.cpp.o] Error 1
[5.575s] make[1]: *** [CMakeFiles/Makefile2:1811: CMakeFiles/computed_torque_lib.dir/all] Error 2
[5.575s] make: *** [Makefile:141: all] Error 2
[5.577s] Invoked command in '/home/sheila/march/ros1/build/computed_torque' returned '2': /usr/bin/cmake --build /home/sheila/march/ros1/build/computed_torque -- -j4 -l4
