[0.017s] Invoking command in '/home/sheila/march/ros1/build/computed_torque': /usr/bin/cmake --build /home/sheila/march/ros1/build/computed_torque -- -j4 -l4
[0.099s] [  0%] Built target std_msgs_generate_messages_eus
[0.099s] [  0%] Built target rosgraph_msgs_generate_messages_py
[0.100s] [  0%] Built target actionlib_msgs_generate_messages_nodejs
[0.100s] [  0%] Built target dynamic_reconfigure_generate_messages_nodejs
[0.137s] [  0%] Built target rosgraph_msgs_generate_messages_eus
[0.137s] [  0%] Built target actionlib_msgs_generate_messages_cpp
[0.141s] [  0%] Built target actionlib_msgs_generate_messages_lisp
[0.153s] [  0%] Built target control_msgs_generate_messages_lisp
[0.171s] [  0%] Built target control_msgs_generate_messages_cpp
[0.175s] [  0%] Built target std_msgs_generate_messages_lisp
[0.188s] [  0%] Built target roscpp_generate_messages_lisp
[0.192s] [  0%] Built target control_toolbox_generate_messages_nodejs
[0.209s] [  0%] Built target actionlib_msgs_generate_messages_eus
[0.214s] [  0%] Built target dynamic_reconfigure_generate_messages_py
[0.227s] [  0%] Built target control_msgs_generate_messages_nodejs
[0.234s] [  0%] Built target rosgraph_msgs_generate_messages_lisp
[0.249s] [  0%] Built target actionlib_generate_messages_py
[0.253s] [  0%] Built target actionlib_generate_messages_lisp
[0.266s] [  0%] Built target _catkin_empty_exported_target
[0.272s] [  0%] Built target actionlib_generate_messages_nodejs
[0.287s] [  0%] Built target control_msgs_generate_messages_eus
[0.291s] [  0%] Built target trajectory_msgs_generate_messages_nodejs
[0.306s] [  0%] Built target trajectory_msgs_generate_messages_cpp
[0.310s] [  0%] Built target control_toolbox_generate_messages_py
[0.326s] [  0%] Built target std_msgs_generate_messages_py
[0.330s] [  0%] Built target std_msgs_generate_messages_nodejs
[0.346s] [  0%] Built target geometry_msgs_generate_messages_eus
[0.349s] [  0%] Built target roscpp_generate_messages_nodejs
[0.366s] [  0%] Built target std_msgs_generate_messages_cpp
[0.368s] [  0%] Built target actionlib_msgs_generate_messages_py
[0.384s] [  0%] Built target actionlib_generate_messages_cpp
[0.387s] [  0%] Built target rosgraph_msgs_generate_messages_nodejs
[0.405s] [  0%] Built target roscpp_generate_messages_eus
[0.405s] [  0%] Built target roscpp_generate_messages_cpp
[0.422s] [  0%] Built target control_toolbox_gencfg
[0.424s] [  0%] Built target control_msgs_generate_messages_py
[0.443s] [  0%] Built target geometry_msgs_generate_messages_lisp
[0.443s] [  0%] Built target geometry_msgs_generate_messages_cpp
[0.462s] [  0%] Built target geometry_msgs_generate_messages_py
[0.462s] [  0%] Built target trajectory_msgs_generate_messages_lisp
[0.480s] [  0%] Built target rosgraph_msgs_generate_messages_cpp
[0.481s] [  0%] Built target actionlib_generate_messages_eus
[0.499s] [  0%] Built target trajectory_msgs_generate_messages_eus
[0.499s] [  0%] Built target trajectory_msgs_generate_messages_py
[0.518s] [  0%] Built target roscpp_generate_messages_py
[0.518s] [  0%] Built target control_toolbox_generate_messages_cpp
[0.536s] [  0%] Built target control_toolbox_generate_messages_lisp
[0.537s] [  0%] Built target control_toolbox_generate_messages_eus
[0.558s] [  0%] Built target dynamic_reconfigure_generate_messages_cpp
[0.562s] [  0%] Built target geometry_msgs_generate_messages_nodejs
[0.572s] [  0%] Built target dynamic_reconfigure_generate_messages_eus
[0.579s] [  0%] Built target dynamic_reconfigure_gencfg
[0.588s] [  0%] Built target dynamic_reconfigure_generate_messages_lisp
[0.614s] [ 50%] [32mBuilding CXX object CMakeFiles/computed_torque_lib.dir/src/computed_torque_controller.cpp.o[0m
[3.427s] In file included from [01m[K/home/sheila/march/ros1/src/control/computed_torque/src/computed_torque_controller.cpp:5[m[K:
[3.427s] [01m[K/home/sheila/march/ros1/src/control/computed_torque/include/computed_torque/computed_torque_controller.h:44:83:[m[K [01;31m[Kerror: [m[Kâ€˜[01m[KState[m[Kâ€™ does not name a type
[3.428s]    44 | d update(const ros::Time &time, const ros::Duration &period, const [01;31m[KState[m[K& desired_state, const State& state_error );
[3.428s]       |                                                                    [01;31m[K^~~~~[m[K
[3.428s] 
[3.429s] [01m[K/home/sheila/march/ros1/src/control/computed_torque/include/computed_torque/computed_torque_controller.h:44:111:[m[K [01;31m[Kerror: [m[Kâ€˜[01m[KState[m[Kâ€™ does not name a type
[3.429s]    44 | me, const ros::Duration &period, const State& desired_state, const [01;31m[KState[m[K& state_error );
[3.429s]       |                                                                    [01;31m[K^~~~~[m[K
[3.429s] 
[3.433s] [01m[K/home/sheila/march/ros1/src/control/computed_torque/include/computed_torque/computed_torque_controller.h:60:13:[m[K [01;31m[Kerror: [m[Kâ€˜[01m[Kddynamic_reconfigure[m[Kâ€™ does not name a type; did you mean â€˜[01m[Kdynamic_reconfigure[m[Kâ€™?
[3.433s]    60 |             [01;31m[Kddynamic_reconfigure[m[K::DDynamicReconfigurePtr ddr;
[3.433s]       |             [01;31m[K^~~~~~~~~~~~~~~~~~~~[m[K
[3.433s]       |             [32m[Kdynamic_reconfigure[m[K
[3.433s] [01m[K/home/sheila/march/ros1/src/control/computed_torque/include/computed_torque/computed_torque_controller.h:61:27:[m[K [01;31m[Kerror: [m[Kinvalid use of non-static data member â€˜[01m[Kcontroller_ns::computed_torque_controller_class::num_joints_[m[Kâ€™
[3.433s]    61 |             double Kp_vec[[01;31m[Knum_joints_[m[K] = {0.0, 0.0, 0.0, 0.0, 0.0, 0.0, 0.0};
[3.433s]       |                           [01;31m[K^~~~~~~~~~~[m[K
[3.433s] [01m[K/home/sheila/march/ros1/src/control/computed_torque/include/computed_torque/computed_torque_controller.h:50:26:[m[K [01;36m[Knote: [m[Kdeclared here
[3.433s]    50 |             unsigned int [01;36m[Knum_joints_[m[K;
[3.433s]       |                          [01;36m[K^~~~~~~~~~~[m[K
[3.434s] [01m[K/home/sheila/march/ros1/src/control/computed_torque/include/computed_torque/computed_torque_controller.h:62:27:[m[K [01;31m[Kerror: [m[Kinvalid use of non-static data member â€˜[01m[Kcontroller_ns::computed_torque_controller_class::num_joints_[m[Kâ€™
[3.434s]    62 |             double Kv_vec[[01;31m[Knum_joints_[m[K] = {0.0, 0.0, 0.0, 0.0, 0.0, 0.0, 0.0};
[3.434s]       |                           [01;31m[K^~~~~~~~~~~[m[K
[3.434s] [01m[K/home/sheila/march/ros1/src/control/computed_torque/include/computed_torque/computed_torque_controller.h:50:26:[m[K [01;36m[Knote: [m[Kdeclared here
[3.434s]    50 |             unsigned int [01;36m[Knum_joints_[m[K;
[3.434s]       |                          [01;36m[K^~~~~~~~~~~[m[K
[3.434s] [01m[K/home/sheila/march/ros1/src/control/computed_torque/include/computed_torque/computed_torque_controller.h:63:13:[m[K [01;31m[Kerror: [m[Kâ€˜[01m[KEigen[m[Kâ€™ does not name a type
[3.435s]    63 |             [01;31m[KEigen[m[K::MatrixXd Kp = Eigen::MatrixXd::Zero(num_joints_,num_joints_);
[3.435s]       |             [01;31m[K^~~~~[m[K
[3.436s] [01m[K/home/sheila/march/ros1/src/control/computed_torque/include/computed_torque/computed_torque_controller.h:64:13:[m[K [01;31m[Kerror: [m[Kâ€˜[01m[KEigen[m[Kâ€™ does not name a type
[3.436s]    64 |             [01;31m[KEigen[m[K::MatrixXd Kv = Eigen::MatrixXd::Zero(num_joints_,num_joints_);
[3.437s]       |             [01;31m[K^~~~~[m[K
[3.440s] [01m[K/home/sheila/march/ros1/src/control/computed_torque/include/computed_torque/computed_torque_controller.h:67:26:[m[K [01;31m[Kerror: [m[Kâ€˜[01m[KJOINTS[m[Kâ€™ was not declared in this scope
[3.440s]    67 |             double F_vec[[01;31m[KJOINTS[m[K] = {0.0, 0.0, 0.0, 0.0, 0.0, 0.0};
[3.440s]       |                          [01;31m[K^~~~~~[m[K
[3.442s] [01m[K/home/sheila/march/ros1/src/control/computed_torque/include/computed_torque/computed_torque_controller.h:68:13:[m[K [01;31m[Kerror: [m[Kâ€˜[01m[KEigen[m[Kâ€™ does not name a type
[3.442s]    68 |             [01;31m[KEigen[m[K::MatrixXd F = Eigen::MatrixXd::Zero(num_joints_, num_joints_);
[3.442s]       |             [01;31m[K^~~~~[m[K
[3.444s] [01m[K/home/sheila/march/ros1/src/control/computed_torque/include/computed_torque/computed_torque_controller.h:73:13:[m[K [01;31m[Kerror: [m[Kâ€˜[01m[KEigen[m[Kâ€™ does not name a type
[3.444s]    73 |             [01;31m[KEigen[m[K::VectorXd current_vel = Eigen::VectorXd::Zero(6);
[3.444s]       |             [01;31m[K^~~~~[m[K
[3.445s] [01m[K/home/sheila/march/ros1/src/control/computed_torque/include/computed_torque/computed_torque_controller.h:74:13:[m[K [01;31m[Kerror: [m[Kâ€˜[01m[KEigen[m[Kâ€™ does not name a type
[3.446s]    74 |             [01;31m[KEigen[m[K::VectorXd current_torque = Eigen::VectorXd::Zero(num_joints_);
[3.446s]       |             [01;31m[K^~~~~[m[K
[3.447s] [01m[K/home/sheila/march/ros1/src/control/computed_torque/include/computed_torque/computed_torque_controller.h:75:13:[m[K [01;31m[Kerror: [m[Kâ€˜[01m[KEigen[m[Kâ€™ does not name a type
[3.447s]    75 |             [01;31m[KEigen[m[K::VectorXd pos_error = Eigen::VectorXd::Zero(6);
[3.447s]       |             [01;31m[K^~~~~[m[K
[3.449s] [01m[K/home/sheila/march/ros1/src/control/computed_torque/include/computed_torque/computed_torque_controller.h:76:13:[m[K [01;31m[Kerror: [m[Kâ€˜[01m[KEigen[m[Kâ€™ does not name a type
[3.449s]    76 |             [01;31m[KEigen[m[K::VectorXd vel_error = Eigen::VectorXd::Zero(6);
[3.449s]       |             [01;31m[K^~~~~[m[K
[3.451s] [01m[K/home/sheila/march/ros1/src/control/computed_torque/include/computed_torque/computed_torque_controller.h:77:13:[m[K [01;31m[Kerror: [m[Kâ€˜[01m[KEigen[m[Kâ€™ does not name a type
[3.451s]    77 |             [01;31m[KEigen[m[K::VectorXd desired_vel = Eigen::VectorXd::Zero(6);
[3.451s]       |             [01;31m[K^~~~~[m[K
[3.453s] [01m[K/home/sheila/march/ros1/src/control/computed_torque/include/computed_torque/computed_torque_controller.h:78:13:[m[K [01;31m[Kerror: [m[Kâ€˜[01m[KEigen[m[Kâ€™ does not name a type
[3.453s]    78 |             [01;31m[KEigen[m[K::VectorXd desired_acc = Eigen::VectorXd::Zero(6);
[3.453s]       |             [01;31m[K^~~~~[m[K
[3.453s] [01m[K/home/sheila/march/ros1/src/control/computed_torque/include/computed_torque/computed_torque_controller.h:82:18:[m[K [01;31m[Kerror: [m[Kâ€˜[01m[KJntSpaceInertiaMatrix[m[Kâ€™ in namespace â€˜[01m[KKDL[m[Kâ€™ does not name a type
[3.453s]    82 |             KDL::[01;31m[KJntSpaceInertiaMatrix[m[K M = KDL::JntSpaceInertiaMatrix(num_joints_);
[3.453s]       |                  [01;31m[K^~~~~~~~~~~~~~~~~~~~~[m[K
[3.453s] [01m[K/home/sheila/march/ros1/src/control/computed_torque/include/computed_torque/computed_torque_controller.h:83:18:[m[K [01;31m[Kerror: [m[Kâ€˜[01m[KJntArray[m[Kâ€™ in namespace â€˜[01m[KKDL[m[Kâ€™ does not name a type
[3.454s]    83 |             KDL::[01;31m[KJntArray[m[K C = KDL::JntArray(num_joints_);
[3.454s]       |                  [01;31m[K^~~~~~~~[m[K
[3.454s] [01m[K/home/sheila/march/ros1/src/control/computed_torque/include/computed_torque/computed_torque_controller.h:84:18:[m[K [01;31m[Kerror: [m[Kâ€˜[01m[KJntArray[m[Kâ€™ in namespace â€˜[01m[KKDL[m[Kâ€™ does not name a type
[3.454s]    84 |             KDL::[01;31m[KJntArray[m[K G = KDL::JntArray(num_joints_);
[3.454s]       |                  [01;31m[K^~~~~~~~[m[K
[3.454s] [01m[K/home/sheila/march/ros1/src/control/computed_torque/include/computed_torque/computed_torque_controller.h:87:18:[m[K [01;31m[Kerror: [m[Kâ€˜[01m[KJntArray[m[Kâ€™ in namespace â€˜[01m[KKDL[m[Kâ€™ does not name a type
[3.454s]    87 |             KDL::[01;31m[KJntArray[m[K tau = KDL::JntArray(num_joints_);
[3.454s]       |                  [01;31m[K^~~~~~~~[m[K
[3.805s] In file included from [01m[K/home/sheila/march/ros1/src/control/computed_torque/include/computed_torque/computed_torque_controller.h:95[m[K,
[3.805s]                  from [01m[K/home/sheila/march/ros1/src/control/computed_torque/src/computed_torque_controller.cpp:5[m[K:
[3.805s] [01m[K/home/sheila/march/ros1/src/control/computed_torque/include/computed_torque/computed_torque_controller.hpp:[m[K In member function â€˜[01m[Kbool controller_ns::computed_torque_controller_class::init(std::vector<hardware_interface::JointHandle>&, ros::NodeHandle&)[m[Kâ€™:
[3.805s] [01m[K/home/sheila/march/ros1/src/control/computed_torque/include/computed_torque/computed_torque_controller.hpp:35:10:[m[K [01;31m[Kerror: [m[Kâ€˜[01m[Kcontroller_nh_ptr_[m[Kâ€™ was not declared in this scope; did you mean â€˜[01m[Kcontroller_ns[m[Kâ€™?
[3.805s]    35 |     if (![01;31m[Kcontroller_nh_ptr_[m[K->getParam("Kp", kp_default)){
[3.805s]       |          [01;31m[K^~~~~~~~~~~~~~~~~~[m[K
[3.806s]       |          [32m[Kcontroller_ns[m[K
[3.817s] [01m[K/home/sheila/march/ros1/src/control/computed_torque/include/computed_torque/computed_torque_controller.hpp:39:10:[m[K [01;31m[Kerror: [m[Kâ€˜[01m[Kcontroller_nh_ptr_[m[Kâ€™ was not declared in this scope; did you mean â€˜[01m[Kcontroller_ns[m[Kâ€™?
[3.817s]    39 |     if (![01;31m[Kcontroller_nh_ptr_[m[K->getParam("Kv", kv_default)){
[3.817s]       |          [01;31m[K^~~~~~~~~~~~~~~~~~[m[K
[3.817s]       |          [32m[Kcontroller_ns[m[K
[3.820s] [01m[K/home/sheila/march/ros1/src/control/computed_torque/include/computed_torque/computed_torque_controller.hpp:47:5:[m[K [01;31m[Kerror: [m[Kâ€˜[01m[Kddr[m[Kâ€™ was not declared in this scope
[3.820s]    47 |     [01;31m[Kddr[m[K.reset(new ddynamic_reconfigure::DDynamicReconfigure(nh));
[3.820s]       |     [01;31m[K^~~[m[K
[3.824s] [01m[K/home/sheila/march/ros1/src/control/computed_torque/include/computed_torque/computed_torque_controller.hpp:47:19:[m[K [01;31m[Kerror: [m[Kâ€˜[01m[Kddynamic_reconfigure[m[Kâ€™ does not name a type; did you mean â€˜[01m[Kdynamic_reconfigure[m[Kâ€™?
[3.824s]    47 |     ddr.reset(new [01;31m[Kddynamic_reconfigure[m[K::DDynamicReconfigure(nh));
[3.824s]       |                   [01;31m[K^~~~~~~~~~~~~~~~~~~~[m[K
[3.824s]       |                   [32m[Kdynamic_reconfigure[m[K
[3.827s] [01m[K/home/sheila/march/ros1/src/control/computed_torque/include/computed_torque/computed_torque_controller.hpp:50:9:[m[K [01;31m[Kerror: [m[Kâ€˜[01m[KKp_vec[m[Kâ€™ was not declared in this scope
[3.827s]    50 |         [01;31m[KKp_vec[m[K[i] = kp_default[i];
[3.827s]       |         [01;31m[K^~~~~~[m[K
[3.830s] [01m[K/home/sheila/march/ros1/src/control/computed_torque/include/computed_torque/computed_torque_controller.hpp:51:9:[m[K [01;31m[Kerror: [m[Kâ€˜[01m[KKv_vec[m[Kâ€™ was not declared in this scope
[3.830s]    51 |         [01;31m[KKv_vec[m[K[i] = kv_default[i];
[3.830s]       |         [01;31m[K^~~~~~[m[K
[3.833s] [01m[K/home/sheila/march/ros1/src/control/computed_torque/include/computed_torque/computed_torque_controller.hpp:52:9:[m[K [01;31m[Kerror: [m[Kâ€˜[01m[KF_vec[m[Kâ€™ was not declared in this scope
[3.833s]    52 |         [01;31m[KF_vec[m[K[i] = F_default;
[3.833s]       |         [01;31m[K^~~~~[m[K
[3.845s] [01m[K/home/sheila/march/ros1/src/control/computed_torque/include/computed_torque/computed_torque_controller.hpp:53:43:[m[K [01;31m[Kerror: [m[Kâ€˜[01m[Kcontroller_nh_ptr_[m[Kâ€™ was not declared in this scope; did you mean â€˜[01m[Kcontroller_ns[m[Kâ€™?
[3.845s]    53 |         ddr->RegisterVariable(&Kp_vec[i], [01;31m[Kcontroller_nh_ptr_[m[K->getNamespace() + "/Kp/" + joint_names_[i], 0, 6000);
[3.845s]       |                                           [01;31m[K^~~~~~~~~~~~~~~~~~[m[K
[3.846s]       |                                           [32m[Kcontroller_ns[m[K
[3.852s] [01m[K/home/sheila/march/ros1/src/control/computed_torque/include/computed_torque/computed_torque_controller.hpp:68:5:[m[K [01;31m[Kerror: [m[Kâ€˜[01m[Kcommand_pub_[m[Kâ€™ was not declared in this scope
[3.852s]    68 |     [01;31m[Kcommand_pub_[m[K = std::make_unique<realtime_tools::RealtimePublisher<std_msgs::Float64MultiArray>>(nh, "/march/mpc/command", 10);
[3.852s]       |     [01;31m[K^~~~~~~~~~~~[m[K
[3.853s] [01m[K/home/sheila/march/ros1/src/control/computed_torque/include/computed_torque/computed_torque_controller.hpp:68:81:[m[K [01;31m[Kerror: [m[Kâ€˜[01m[KFloat64MultiArray[m[Kâ€™ is not a member of â€˜[01m[Kstd_msgs[m[Kâ€™
[3.853s]    68 | ub_ = std::make_unique<realtime_tools::RealtimePublisher<std_msgs::[01;31m[KFloat64MultiArray[m[K>>(nh, "/march/mpc/command", 10);
[3.853s]       |                                                                    [01;31m[K^~~~~~~~~~~~~~~~~[m[K
[3.853s] 
[3.854s] [01m[K/home/sheila/march/ros1/src/control/computed_torque/include/computed_torque/computed_torque_controller.hpp:68:81:[m[K [01;31m[Kerror: [m[Kâ€˜[01m[KFloat64MultiArray[m[Kâ€™ is not a member of â€˜[01m[Kstd_msgs[m[Kâ€™
[3.854s] [01m[K/home/sheila/march/ros1/src/control/computed_torque/include/computed_torque/computed_torque_controller.hpp:68:81:[m[K [01;31m[Kerror: [m[Ktemplate argument 1 is invalid
[3.854s] In file included from [01m[K/home/sheila/march/ros1/src/control/computed_torque/include/computed_torque/computed_torque_controller.h:95[m[K,
[3.854s]                  from [01m[K/home/sheila/march/ros1/src/control/computed_torque/src/computed_torque_controller.cpp:5[m[K:
[3.854s] [01m[K/home/sheila/march/ros1/src/control/computed_torque/include/computed_torque/computed_torque_controller.hpp:68:129:[m[K [01;31m[Kerror: [m[Kno matching function for call to â€˜[01m[Kmake_unique<<expression error> >(ros::NodeHandle&, const char [19], int)[m[Kâ€™
[3.854s]    68 | ublisher<std_msgs::Float64MultiArray>>(nh, "/march/mpc/command", 10[01;31m[K)[m[K;
[3.855s]       |                                                                    [01;31m[K^[m[K
[3.855s] 
[3.855s] In file included from [01m[K/usr/include/c++/9/memory:80[m[K,
[3.855s]                  from [01m[K/usr/include/boost/config/no_tr1/memory.hpp:21[m[K,
[3.855s]                  from [01m[K/usr/include/boost/get_pointer.hpp:14[m[K,
[3.855s]                  from [01m[K/usr/include/boost/bind/mem_fn.hpp:25[m[K,
[3.855s]                  from [01m[K/usr/include/boost/mem_fn.hpp:22[m[K,
[3.855s]                  from [01m[K/usr/include/boost/bind/bind.hpp:26[m[K,
[3.855s]                  from [01m[K/usr/include/boost/bind.hpp:22[m[K,
[3.855s]                  from [01m[K/opt/ros/noetic/include/class_loader/class_loader.hpp:35[m[K,
[3.855s]                  from [01m[K/opt/ros/noetic/include/pluginlib/./class_list_macros.hpp:40[m[K,
[3.855s]                  from [01m[K/opt/ros/noetic/include/pluginlib/class_list_macros.h:35[m[K,
[3.855s]                  from [01m[K/home/sheila/march/ros1/src/control/computed_torque/src/computed_torque_controller.cpp:2[m[K:
[3.856s] [01m[K/usr/include/c++/9/bits/unique_ptr.h:856:5:[m[K [01;36m[Knote: [m[Kcandidate: â€˜[01m[Ktemplate<class _Tp, class ... _Args> typename std::_MakeUniq<_Tp>::__single_object std::make_unique(_Args&& ...)[m[Kâ€™
[3.856s]   856 |     [01;36m[Kmake_unique[m[K(_Args&&... __args)
[3.856s]       |     [01;36m[K^~~~~~~~~~~[m[K
[3.856s] [01m[K/usr/include/c++/9/bits/unique_ptr.h:856:5:[m[K [01;36m[Knote: [m[K  template argument deduction/substitution failed:
[3.856s] In file included from [01m[K/home/sheila/march/ros1/src/control/computed_torque/include/computed_torque/computed_torque_controller.h:95[m[K,
[3.856s]                  from [01m[K/home/sheila/march/ros1/src/control/computed_torque/src/computed_torque_controller.cpp:5[m[K:
[3.856s] [01m[K/home/sheila/march/ros1/src/control/computed_torque/include/computed_torque/computed_torque_controller.hpp:68:129:[m[K [01;31m[Kerror: [m[Ktemplate argument 1 is invalid
[3.856s]    68 | ublisher<std_msgs::Float64MultiArray>>(nh, "/march/mpc/command", 10[01;31m[K)[m[K;
[3.856s]       |                                                                    [01;31m[K^[m[K
[3.856s] 
[3.856s] In file included from [01m[K/usr/include/c++/9/memory:80[m[K,
[3.856s]                  from [01m[K/usr/include/boost/config/no_tr1/memory.hpp:21[m[K,
[3.857s]                  from [01m[K/usr/include/boost/get_pointer.hpp:14[m[K,
[3.857s]                  from [01m[K/usr/include/boost/bind/mem_fn.hpp:25[m[K,
[3.857s]                  from [01m[K/usr/include/boost/mem_fn.hpp:22[m[K,
[3.857s]                  from [01m[K/usr/include/boost/bind/bind.hpp:26[m[K,
[3.857s]                  from [01m[K/usr/include/boost/bind.hpp:22[m[K,
[3.857s]                  from [01m[K/opt/ros/noetic/include/class_loader/class_loader.hpp:35[m[K,
[3.857s]                  from [01m[K/opt/ros/noetic/include/pluginlib/./class_list_macros.hpp:40[m[K,
[3.857s]                  from [01m[K/opt/ros/noetic/include/pluginlib/class_list_macros.h:35[m[K,
[3.857s]                  from [01m[K/home/sheila/march/ros1/src/control/computed_torque/src/computed_torque_controller.cpp:2[m[K:
[3.857s] [01m[K/usr/include/c++/9/bits/unique_ptr.h:862:5:[m[K [01;36m[Knote: [m[Kcandidate: â€˜[01m[Ktemplate<class _Tp> typename std::_MakeUniq<_Tp>::__array std::make_unique(std::size_t)[m[Kâ€™
[3.857s]   862 |     [01;36m[Kmake_unique[m[K(size_t __num)
[3.857s]       |     [01;36m[K^~~~~~~~~~~[m[K
[3.857s] [01m[K/usr/include/c++/9/bits/unique_ptr.h:862:5:[m[K [01;36m[Knote: [m[K  template argument deduction/substitution failed:
[3.858s] In file included from [01m[K/home/sheila/march/ros1/src/control/computed_torque/include/computed_torque/computed_torque_controller.h:95[m[K,
[3.858s]                  from [01m[K/home/sheila/march/ros1/src/control/computed_torque/src/computed_torque_controller.cpp:5[m[K:
[3.858s] [01m[K/home/sheila/march/ros1/src/control/computed_torque/include/computed_torque/computed_torque_controller.hpp:68:129:[m[K [01;31m[Kerror: [m[Ktemplate argument 1 is invalid
[3.858s]    68 | ublisher<std_msgs::Float64MultiArray>>(nh, "/march/mpc/command", 10[01;31m[K)[m[K;
[3.858s]       |                                                                    [01;31m[K^[m[K
[3.858s] 
[3.858s] In file included from [01m[K/usr/include/c++/9/memory:80[m[K,
[3.858s]                  from [01m[K/usr/include/boost/config/no_tr1/memory.hpp:21[m[K,
[3.858s]                  from [01m[K/usr/include/boost/get_pointer.hpp:14[m[K,
[3.858s]                  from [01m[K/usr/include/boost/bind/mem_fn.hpp:25[m[K,
[3.858s]                  from [01m[K/usr/include/boost/mem_fn.hpp:22[m[K,
[3.858s]                  from [01m[K/usr/include/boost/bind/bind.hpp:26[m[K,
[3.859s]                  from [01m[K/usr/include/boost/bind.hpp:22[m[K,
[3.859s]                  from [01m[K/opt/ros/noetic/include/class_loader/class_loader.hpp:35[m[K,
[3.859s]                  from [01m[K/opt/ros/noetic/include/pluginlib/./class_list_macros.hpp:40[m[K,
[3.859s]                  from [01m[K/opt/ros/noetic/include/pluginlib/class_list_macros.h:35[m[K,
[3.859s]                  from [01m[K/home/sheila/march/ros1/src/control/computed_torque/src/computed_torque_controller.cpp:2[m[K:
[3.859s] [01m[K/usr/include/c++/9/bits/unique_ptr.h:868:5:[m[K [01;36m[Knote: [m[Kcandidate: â€˜[01m[Ktemplate<class _Tp, class ... _Args> typename std::_MakeUniq<_Tp>::__invalid_type std::make_unique(_Args&& ...)[m[Kâ€™ <deleted>
[3.859s]   868 |     [01;36m[Kmake_unique[m[K(_Args&&...) = delete;
[3.859s]       |     [01;36m[K^~~~~~~~~~~[m[K
[3.859s] [01m[K/usr/include/c++/9/bits/unique_ptr.h:868:5:[m[K [01;36m[Knote: [m[K  template argument deduction/substitution failed:
[3.859s] In file included from [01m[K/home/sheila/march/ros1/src/control/computed_torque/include/computed_torque/computed_torque_controller.h:95[m[K,
[3.859s]                  from [01m[K/home/sheila/march/ros1/src/control/computed_torque/src/computed_torque_controller.cpp:5[m[K:
[3.859s] [01m[K/home/sheila/march/ros1/src/control/computed_torque/include/computed_torque/computed_torque_controller.hpp:68:129:[m[K [01;31m[Kerror: [m[Ktemplate argument 1 is invalid
[3.859s]    68 | ublisher<std_msgs::Float64MultiArray>>(nh, "/march/mpc/command", 10[01;31m[K)[m[K;
[3.860s]       |                                                                    [01;31m[K^[m[K
[3.860s] 
[3.860s] [01m[K/home/sheila/march/ros1/src/control/computed_torque/include/computed_torque/computed_torque_controller.hpp:[m[K At global scope:
[3.860s] [01m[K/home/sheila/march/ros1/src/control/computed_torque/include/computed_torque/computed_torque_controller.hpp:75:53:[m[K [01;31m[Kerror: [m[Kâ€˜[01m[KState[m[Kâ€™ does not name a type
[3.860s]    75 |                                               const [01;31m[KState[m[K& desired_state, const State& state_error ){
[3.860s]       |                                                     [01;31m[K^~~~~[m[K
[3.860s] [01m[K/home/sheila/march/ros1/src/control/computed_torque/include/computed_torque/computed_torque_controller.hpp:75:81:[m[K [01;31m[Kerror: [m[Kâ€˜[01m[KState[m[Kâ€™ does not name a type
[3.860s]    75 |                                  const State& desired_state, const [01;31m[KState[m[K& state_error ){
[3.860s]       |                                                                    [01;31m[K^~~~~[m[K
[3.860s] 
[3.862s] [01m[K/home/sheila/march/ros1/src/control/computed_torque/include/computed_torque/computed_torque_controller.hpp:[m[K In member function â€˜[01m[Kvoid controller_ns::computed_torque_controller_class::update(const ros::Time&, const ros::Duration&, const int&, const int&)[m[Kâ€™:
[3.862s] [01m[K/home/sheila/march/ros1/src/control/computed_torque/include/computed_torque/computed_torque_controller.hpp:79:28:[m[K [01;31m[Kerror: [m[Kâ€˜[01m[Kn_joints[m[Kâ€™ was not declared in this scope; did you mean â€˜[01m[Knum_joints_[m[Kâ€™?
[3.862s]    79 |     for(unsigned int i=0;i<[01;31m[Kn_joints[m[K;i++){
[3.862s]       |                            [01;31m[K^~~~~~~~[m[K
[3.862s]       |                            [32m[Knum_joints_[m[K
[3.865s] [01m[K/home/sheila/march/ros1/src/control/computed_torque/include/computed_torque/computed_torque_controller.hpp:80:7:[m[K [01;31m[Kerror: [m[Kâ€˜[01m[Kcurrent[m[Kâ€™ was not declared in this scope
[3.865s]    80 |       [01;31m[Kcurrent[m[K.q(i) = (*joint_handles_ptr_)[i].getPosition();
[3.865s]       |       [01;31m[K^~~~~~~[m[K
[3.875s] [01m[K/home/sheila/march/ros1/src/control/computed_torque/include/computed_torque/computed_torque_controller.hpp:82:7:[m[K [01;31m[Kerror: [m[Kâ€˜[01m[Kcurrent_torque[m[Kâ€™ was not declared in this scope
[3.876s]    82 |       [01;31m[Kcurrent_torque[m[K[i] = (*joint_handles_ptr_)[i].getEffort();
[3.876s]       |       [01;31m[K^~~~~~~~~~~~~~[m[K
[3.879s] [01m[K/home/sheila/march/ros1/src/control/computed_torque/include/computed_torque/computed_torque_controller.hpp:84:7:[m[K [01;31m[Kerror: [m[Kâ€˜[01m[Kdesired[m[Kâ€™ was not declared in this scope
[3.879s]    84 |       [01;31m[Kdesired[m[K.q(i) = desired_state.position[i];
[3.879s]       |       [01;31m[K^~~~~~~[m[K
[3.879s] [01m[K/home/sheila/march/ros1/src/control/computed_torque/include/computed_torque/computed_torque_controller.hpp:84:36:[m[K [01;31m[Kerror: [m[Krequest for member â€˜[01m[Kposition[m[Kâ€™ in â€˜[01m[Kdesired_state[m[Kâ€™, which is of non-class type â€˜[01m[Kconst int[m[Kâ€™
[3.879s]    84 |       desired.q(i) = desired_state.[01;31m[Kposition[m[K[i];
[3.879s]       |                                    [01;31m[K^~~~~~~~[m[K
[3.879s] [01m[K/home/sheila/march/ros1/src/control/computed_torque/include/computed_torque/computed_torque_controller.hpp:85:39:[m[K [01;31m[Kerror: [m[Krequest for member â€˜[01m[Kvelocity[m[Kâ€™ in â€˜[01m[Kdesired_state[m[Kâ€™, which is of non-class type â€˜[01m[Kconst int[m[Kâ€™
[3.880s]    85 |       desired.qdot(i) = desired_state.[01;31m[Kvelocity[m[K[i];
[3.880s]       |                                       [01;31m[K^~~~~~~~[m[K
[3.880s] [01m[K/home/sheila/march/ros1/src/control/computed_torque/include/computed_torque/computed_torque_controller.hpp:86:42:[m[K [01;31m[Kerror: [m[Krequest for member â€˜[01m[Kacceleration[m[Kâ€™ in â€˜[01m[Kdesired_state[m[Kâ€™, which is of non-class type â€˜[01m[Kconst int[m[Kâ€™
[3.880s]    86 |       desired.qdotdot(i) = desired_state.[01;31m[Kacceleration[m[K[i];
[3.880s]       |                                          [01;31m[K^~~~~~~~~~~~[m[K
[3.881s] [01m[K/home/sheila/march/ros1/src/control/computed_torque/include/computed_torque/computed_torque_controller.hpp:88:7:[m[K [01;31m[Kerror: [m[Kâ€˜[01m[Kerror[m[Kâ€™ was not declared in this scope; did you mean â€˜[01m[Kperror[m[Kâ€™?
[3.882s]    88 |       [01;31m[Kerror[m[K.q(i) = state_error.position[i];
[3.882s]       |       [01;31m[K^~~~~[m[K
[3.882s]       |       [32m[Kperror[m[K
[3.882s] [01m[K/home/sheila/march/ros1/src/control/computed_torque/include/computed_torque/computed_torque_controller.hpp:88:32:[m[K [01;31m[Kerror: [m[Krequest for member â€˜[01m[Kposition[m[Kâ€™ in â€˜[01m[Kstate_error[m[Kâ€™, which is of non-class type â€˜[01m[Kconst int[m[Kâ€™
[3.882s]    88 |       error.q(i) = state_error.[01;31m[Kposition[m[K[i];
[3.882s]       |                                [01;31m[K^~~~~~~~[m[K
[3.882s] [01m[K/home/sheila/march/ros1/src/control/computed_torque/include/computed_torque/computed_torque_controller.hpp:89:35:[m[K [01;31m[Kerror: [m[Krequest for member â€˜[01m[Kvelocity[m[Kâ€™ in â€˜[01m[Kstate_error[m[Kâ€™, which is of non-class type â€˜[01m[Kconst int[m[Kâ€™
[3.882s]    89 |       error.qdot(i) = state_error.[01;31m[Kvelocity[m[K[i];
[3.882s]       |                                   [01;31m[K^~~~~~~~[m[K
[3.885s] [01m[K/home/sheila/march/ros1/src/control/computed_torque/include/computed_torque/computed_torque_controller.hpp:93:28:[m[K [01;31m[Kerror: [m[Kâ€˜[01m[Kn_joints[m[Kâ€™ was not declared in this scope; did you mean â€˜[01m[Knum_joints_[m[Kâ€™?
[3.885s]    93 |     for(unsigned int i=0;i<[01;31m[Kn_joints[m[K;i++){
[3.885s]       |                            [01;31m[K^~~~~~~~[m[K
[3.885s]       |                            [32m[Knum_joints_[m[K
[3.887s] [01m[K/home/sheila/march/ros1/src/control/computed_torque/include/computed_torque/computed_torque_controller.hpp:94:9:[m[K [01;31m[Kerror: [m[Kâ€˜[01m[KKp[m[Kâ€™ was not declared in this scope
[3.887s]    94 |         [01;31m[KKp[m[K(i,i) = Kp_vec[i];
[3.887s]       |         [01;31m[K^~[m[K
[3.890s] [01m[K/home/sheila/march/ros1/src/control/computed_torque/include/computed_torque/computed_torque_controller.hpp:94:19:[m[K [01;31m[Kerror: [m[Kâ€˜[01m[KKp_vec[m[Kâ€™ was not declared in this scope
[3.890s]    94 |         Kp(i,i) = [01;31m[KKp_vec[m[K[i];
[3.891s]       |                   [01;31m[K^~~~~~[m[K
[3.893s] [01m[K/home/sheila/march/ros1/src/control/computed_torque/include/computed_torque/computed_torque_controller.hpp:95:9:[m[K [01;31m[Kerror: [m[Kâ€˜[01m[KKv[m[Kâ€™ was not declared in this scope
[3.893s]    95 |         [01;31m[KKv[m[K(i,i) = Kv_vec[i];
[3.893s]       |         [01;31m[K^~[m[K
[3.896s] [01m[K/home/sheila/march/ros1/src/control/computed_torque/include/computed_torque/computed_torque_controller.hpp:95:19:[m[K [01;31m[Kerror: [m[Kâ€˜[01m[KKv_vec[m[Kâ€™ was not declared in this scope
[3.896s]    95 |         Kv(i,i) = [01;31m[KKv_vec[m[K[i];
[3.896s]       |                   [01;31m[K^~~~~~[m[K
[3.898s] [01m[K/home/sheila/march/ros1/src/control/computed_torque/include/computed_torque/computed_torque_controller.hpp:96:9:[m[K [01;31m[Kerror: [m[Kâ€˜[01m[KF[m[Kâ€™ was not declared in this scope
[3.898s]    96 |         [01;31m[KF[m[K(i,i) = F_vec[i];
[3.898s]       |         [01;31m[K^[m[K
[3.901s] [01m[K/home/sheila/march/ros1/src/control/computed_torque/include/computed_torque/computed_torque_controller.hpp:96:18:[m[K [01;31m[Kerror: [m[Kâ€˜[01m[KF_vec[m[Kâ€™ was not declared in this scope
[3.901s]    96 |         F(i,i) = [01;31m[KF_vec[m[K[i];
[3.901s]       |                  [01;31m[K^~~~~[m[K
[3.901s] [01m[K/home/sheila/march/ros1/src/control/computed_torque/include/computed_torque/computed_torque_controller.hpp:[m[K At global scope:
[3.901s] [01m[K/home/sheila/march/ros1/src/control/computed_torque/include/computed_torque/computed_torque_controller.hpp:105:10:[m[K [01;31m[Kerror: [m[Kâ€˜[01m[KChainDynParam[m[Kâ€™ in namespace â€˜[01m[KKDL[m[Kâ€™ does not name a type
[3.901s]   105 |     KDL::[01;31m[KChainDynParam[m[K dynamics = KDL::ChainDynParam(chain, KDL::Vector(0.0,0.0,-9.81));
[3.901s]       |          [01;31m[K^~~~~~~~~~~~~[m[K
[3.903s] [01m[K/home/sheila/march/ros1/src/control/computed_torque/include/computed_torque/computed_torque_controller.hpp:108:5:[m[K [01;31m[Kerror: [m[Kâ€˜[01m[Kdynamics[m[Kâ€™ does not name a type
[3.903s]   108 |     [01;31m[Kdynamics[m[K.JntToGravity(current.q,G);
[3.903s]       |     [01;31m[K^~~~~~~~[m[K
[3.905s] [01m[K/home/sheila/march/ros1/src/control/computed_torque/include/computed_torque/computed_torque_controller.hpp:109:5:[m[K [01;31m[Kerror: [m[Kâ€˜[01m[Kdynamics[m[Kâ€™ does not name a type
[3.905s]   109 |     [01;31m[Kdynamics[m[K.JntToCoriolis(current.q,current.qdot,C);
[3.905s]       |     [01;31m[K^~~~~~~~[m[K
[3.907s] [01m[K/home/sheila/march/ros1/src/control/computed_torque/include/computed_torque/computed_torque_controller.hpp:110:5:[m[K [01;31m[Kerror: [m[Kâ€˜[01m[Kdynamics[m[Kâ€™ does not name a type
[3.907s]   110 |     [01;31m[Kdynamics[m[K.JntToMass(current.q,M);
[3.907s]       |     [01;31m[K^~~~~~~~[m[K
[3.908s] [01m[K/home/sheila/march/ros1/src/control/computed_torque/include/computed_torque/computed_torque_controller.hpp:112:5:[m[K [01;31m[Kerror: [m[Kâ€˜[01m[Ktau[m[Kâ€™ does not name a type; did you mean â€˜[01m[Ktan[m[Kâ€™?
[3.909s]   112 |     [01;31m[Ktau[m[K.data = M.data*(desired.qdotdot.data + Kp*error.q.data + Kv*error.qdot.data) + C.data + G.data - F * current.qdot.data;
[3.909s]       |     [01;31m[K^~~[m[K
[3.909s]       |     [32m[Ktan[m[K
[3.909s] [01m[K/home/sheila/march/ros1/src/control/computed_torque/include/computed_torque/computed_torque_controller.hpp:113:5:[m[K [01;31m[Kerror: [m[Kexpected unqualified-id before â€˜[01m[Kfor[m[Kâ€™
[3.909s]   113 |     [01;31m[Kfor[m[K (unsigned int i = 0; i < n_joints; ++i)
[3.909s]       |     [01;31m[K^~~[m[K
[3.910s] [01m[K/home/sheila/march/ros1/src/control/computed_torque/include/computed_torque/computed_torque_controller.hpp:113:30:[m[K [01;31m[Kerror: [m[Kâ€˜[01m[Ki[m[Kâ€™ does not name a type
[3.910s]   113 |     for (unsigned int i = 0; [01;31m[Ki[m[K < n_joints; ++i)
[3.910s]       |                              [01;31m[K^[m[K
[3.910s] [01m[K/home/sheila/march/ros1/src/control/computed_torque/include/computed_torque/computed_torque_controller.hpp:113:44:[m[K [01;31m[Kerror: [m[Kexpected unqualified-id before â€˜[01m[K++[m[Kâ€™ token
[3.910s]   113 |     for (unsigned int i = 0; i < n_joints; [01;31m[K++[m[Ki)
[3.910s]       |                                            [01;31m[K^~[m[K
[3.910s] [01m[K/home/sheila/march/ros1/src/control/computed_torque/include/computed_torque/computed_torque_controller.hpp:126:6:[m[K [01;31m[Kerror: [m[Kâ€˜[01m[Kcomputed_torque_controller_class[m[Kâ€™ has not been declared
[3.910s]   126 | void [01;31m[Kcomputed_torque_controller_class[m[K::starting(const ros::Time& /*time*/)
[3.910s]       |      [01;31m[K^~~~~~~~~~~~~~~~~~~~~~~~~~~~~~~~[m[K
[3.924s] [01m[K/home/sheila/march/ros1/src/control/computed_torque/include/computed_torque/computed_torque_controller.hpp:[m[K In function â€˜[01m[Kvoid starting(const ros::Time&)[m[Kâ€™:
[3.924s] [01m[K/home/sheila/march/ros1/src/control/computed_torque/include/computed_torque/computed_torque_controller.hpp:128:8:[m[K [01;31m[Kerror: [m[Kâ€˜[01m[Kjoint_handles_ptr_[m[Kâ€™ was not declared in this scope
[3.924s]   128 |   if (![01;31m[Kjoint_handles_ptr_[m[K) {return;}
[3.925s]       |        [01;31m[K^~~~~~~~~~~~~~~~~~[m[K
[3.929s] [01m[K/home/sheila/march/ros1/src/control/computed_torque/include/computed_torque/computed_torque_controller.hpp:131:32:[m[K [01;31m[Kerror: [m[Kâ€˜[01m[Knum_joints_[m[Kâ€™ was not declared in this scope
[3.929s]   131 |   for (unsigned int i = 0; i < [01;31m[Knum_joints_[m[K; ++i)
[3.929s]       |                                [01;31m[K^~~~~~~~~~~[m[K
[3.947s] [01m[K/home/sheila/march/ros1/src/control/computed_torque/include/computed_torque/computed_torque_controller.hpp:133:7:[m[K [01;31m[Kerror: [m[Kâ€˜[01m[Kjoint_handles_ptr_[m[Kâ€™ was not declared in this scope
[3.947s]   133 |     (*[01;31m[Kjoint_handles_ptr_[m[K)[i].setCommand(0.0);
[3.947s]       |       [01;31m[K^~~~~~~~~~~~~~~~~~[m[K
[3.947s] [01m[K/home/sheila/march/ros1/src/control/computed_torque/include/computed_torque/computed_torque_controller.hpp:[m[K At global scope:
[3.947s] [01m[K/home/sheila/march/ros1/src/control/computed_torque/include/computed_torque/computed_torque_controller.hpp:138:6:[m[K [01;31m[Kerror: [m[Kâ€˜[01m[KModelPredictiveControllerInterface[m[Kâ€™ has not been declared
[3.947s]   138 | void [01;31m[KModelPredictiveControllerInterface[m[K::stopping(const ros::Time& /*time*/){ }
[3.947s]       |      [01;31m[K^~~~~~~~~~~~~~~~~~~~~~~~~~~~~~~~~~[m[K
[3.947s] [01m[K/home/sheila/march/ros1/src/control/computed_torque/include/computed_torque/computed_torque_controller.hpp:141:1:[m[K [01;31m[Kerror: [m[Kexpected declaration before â€˜[01m[K}[m[Kâ€™ token
[3.947s]   141 | [01;31m[K}[m[K
[3.947s]       | [01;31m[K^[m[K
[3.949s] In file included from [01m[K/opt/ros/noetic/include/class_loader/class_loader.hpp:47[m[K,
[3.950s]                  from [01m[K/opt/ros/noetic/include/pluginlib/./class_list_macros.hpp:40[m[K,
[3.950s]                  from [01m[K/opt/ros/noetic/include/pluginlib/class_list_macros.h:35[m[K,
[3.950s]                  from [01m[K/home/sheila/march/ros1/src/control/computed_torque/src/computed_torque_controller.cpp:2[m[K:
[3.950s] [01m[K/home/sheila/march/ros1/src/control/computed_torque/src/computed_torque_controller.cpp:13:24:[m[K [01;31m[Kerror: [m[Kâ€˜[01m[Keffort_controller[m[Kâ€™ does not name a type; did you mean â€˜[01m[Keffort_controllers[m[Kâ€™?
[3.950s]    13 | PLUGINLIB_EXPORT_CLASS([01;31m[Keffort_controller[m[K::ComputedTorque, controller_interface::ControllerBase);
[3.950s]       |                        [01;31m[K^~~~~~~~~~~~~~~~~[m[K
[3.950s] [01m[K/opt/ros/noetic/include/class_loader/register_macro.hpp:43:14:[m[K [01;36m[Knote: [m[Kin definition of macro â€˜[01m[KCLASS_LOADER_REGISTER_CLASS_INTERNAL_WITH_MESSAGE[m[Kâ€™
[3.950s]    43 |     typedef  [01;36m[KDerived[m[K _derived; \
[3.950s]       |              [01;36m[K^~~~~~~[m[K
[3.950s] [01m[K/opt/ros/noetic/include/class_loader/register_macro.hpp:63:3:[m[K [01;36m[Knote: [m[Kin expansion of macro â€˜[01m[KCLASS_LOADER_REGISTER_CLASS_INTERNAL_HOP1_WITH_MESSAGE[m[Kâ€™
[3.950s]    63 |   [01;36m[KCLASS_LOADER_REGISTER_CLASS_INTERNAL_HOP1_WITH_MESSAGE[m[K(Derived, Base, __COUNTER__, Message)
[3.950s]       |   [01;36m[K^~~~~~~~~~~~~~~~~~~~~~~~~~~~~~~~~~~~~~~~~~~~~~~~~~~~~~[m[K
[3.951s] [01m[K/opt/ros/noetic/include/class_loader/register_macro.hpp:70:3:[m[K [01;36m[Knote: [m[Kin expansion of macro â€˜[01m[KCLASS_LOADER_REGISTER_CLASS_WITH_MESSAGE[m[Kâ€™
[3.951s]    70 |   [01;36m[KCLASS_LOADER_REGISTER_CLASS_WITH_MESSAGE[m[K(Derived, Base, "")
[3.951s]       |   [01;36m[K^~~~~~~~~~~~~~~~~~~~~~~~~~~~~~~~~~~~~~~~[m[K
[3.951s] [01m[K/opt/ros/noetic/include/pluginlib/./class_list_macros.hpp:49:3:[m[K [01;36m[Knote: [m[Kin expansion of macro â€˜[01m[KCLASS_LOADER_REGISTER_CLASS[m[Kâ€™
[3.951s]    49 |   [01;36m[KCLASS_LOADER_REGISTER_CLASS[m[K(class_type, base_class_type)
[3.951s]       |   [01;36m[K^~~~~~~~~~~~~~~~~~~~~~~~~~~[m[K
[3.951s] [01m[K/home/sheila/march/ros1/src/control/computed_torque/src/computed_torque_controller.cpp:13:1:[m[K [01;36m[Knote: [m[Kin expansion of macro â€˜[01m[KPLUGINLIB_EXPORT_CLASS[m[Kâ€™
[3.951s]    13 | [01;36m[KPLUGINLIB_EXPORT_CLASS[m[K(effort_controller::ComputedTorque, controller_interface::ControllerBase);
[3.951s]       | [01;36m[K^~~~~~~~~~~~~~~~~~~~~~[m[K
[3.955s] [01m[K/home/sheila/march/ros1/src/control/computed_torque/src/computed_torque_controller.cpp:[m[K In constructor â€˜[01m[K{anonymous}::ProxyExec0::ProxyExec0()[m[Kâ€™:
[3.955s] [01m[K/opt/ros/noetic/include/class_loader/register_macro.hpp:49:42:[m[K [01;31m[Kerror: [m[Kâ€˜[01m[K_derived[m[Kâ€™ was not declared in this scope
[3.955s]    49 |       class_loader::impl::registerPlugin<[01;31m[K_derived[m[K, _base>(#Derived, #Base); \
[3.955s]       |                                          [01;31m[K^~~~~~~~[m[K
[3.955s] [01m[K/opt/ros/noetic/include/class_loader/register_macro.hpp:56:3:[m[K [01;36m[Knote: [m[Kin expansion of macro â€˜[01m[KCLASS_LOADER_REGISTER_CLASS_INTERNAL_WITH_MESSAGE[m[Kâ€™
[3.955s]    56 |   [01;36m[KCLASS_LOADER_REGISTER_CLASS_INTERNAL_WITH_MESSAGE[m[K(Derived, Base, UniqueID, Message)
[3.955s]       |   [01;36m[K^~~~~~~~~~~~~~~~~~~~~~~~~~~~~~~~~~~~~~~~~~~~~~~~~[m[K
[3.955s] [01m[K/opt/ros/noetic/include/class_loader/register_macro.hpp:63:3:[m[K [01;36m[Knote: [m[Kin expansion of macro â€˜[01m[KCLASS_LOADER_REGISTER_CLASS_INTERNAL_HOP1_WITH_MESSAGE[m[Kâ€™
[3.955s]    63 |   [01;36m[KCLASS_LOADER_REGISTER_CLASS_INTERNAL_HOP1_WITH_MESSAGE[m[K(Derived, Base, __COUNTER__, Message)
[3.955s]       |   [01;36m[K^~~~~~~~~~~~~~~~~~~~~~~~~~~~~~~~~~~~~~~~~~~~~~~~~~~~~~[m[K
[3.956s] [01m[K/opt/ros/noetic/include/class_loader/register_macro.hpp:70:3:[m[K [01;36m[Knote: [m[Kin expansion of macro â€˜[01m[KCLASS_LOADER_REGISTER_CLASS_WITH_MESSAGE[m[Kâ€™
[3.956s]    70 |   [01;36m[KCLASS_LOADER_REGISTER_CLASS_WITH_MESSAGE[m[K(Derived, Base, "")
[3.956s]       |   [01;36m[K^~~~~~~~~~~~~~~~~~~~~~~~~~~~~~~~~~~~~~~~[m[K
[3.956s] [01m[K/opt/ros/noetic/include/pluginlib/./class_list_macros.hpp:49:3:[m[K [01;36m[Knote: [m[Kin expansion of macro â€˜[01m[KCLASS_LOADER_REGISTER_CLASS[m[Kâ€™
[3.956s]    49 |   [01;36m[KCLASS_LOADER_REGISTER_CLASS[m[K(class_type, base_class_type)
[3.956s]       |   [01;36m[K^~~~~~~~~~~~~~~~~~~~~~~~~~~[m[K
[3.956s] [01m[K/home/sheila/march/ros1/src/control/computed_torque/src/computed_torque_controller.cpp:13:1:[m[K [01;36m[Knote: [m[Kin expansion of macro â€˜[01m[KPLUGINLIB_EXPORT_CLASS[m[Kâ€™
[3.956s]    13 | [01;36m[KPLUGINLIB_EXPORT_CLASS[m[K(effort_controller::ComputedTorque, controller_interface::ControllerBase);
[3.956s]       | [01;36m[K^~~~~~~~~~~~~~~~~~~~~~[m[K
[3.956s] [01m[K/opt/ros/noetic/include/class_loader/register_macro.hpp:49:74:[m[K [01;31m[Kerror: [m[Kno matching function for call to â€˜[01m[KregisterPlugin<<expression error>, {anonymous}::ProxyExec0::_base>(const char [34], const char [37])[m[Kâ€™
[3.956s]    49 |       class_loader::impl::registerPlugin<_derived, _base>(#Derived, #Base[01;31m[K)[m[K; \
[3.957s]       |                                                                          [01;31m[K^[m[K
[3.957s] [01m[K/opt/ros/noetic/include/class_loader/register_macro.hpp:56:3:[m[K [01;36m[Knote: [m[Kin expansion of macro â€˜[01m[KCLASS_LOADER_REGISTER_CLASS_INTERNAL_WITH_MESSAGE[m[Kâ€™
[3.957s]    56 |   [01;36m[KCLASS_LOADER_REGISTER_CLASS_INTERNAL_WITH_MESSAGE[m[K(Derived, Base, UniqueID, Message)
[3.957s]       |   [01;36m[K^~~~~~~~~~~~~~~~~~~~~~~~~~~~~~~~~~~~~~~~~~~~~~~~~[m[K
[3.957s] [01m[K/opt/ros/noetic/include/class_loader/register_macro.hpp:63:3:[m[K [01;36m[Knote: [m[Kin expansion of macro â€˜[01m[KCLASS_LOADER_REGISTER_CLASS_INTERNAL_HOP1_WITH_MESSAGE[m[Kâ€™
[3.957s]    63 |   [01;36m[KCLASS_LOADER_REGISTER_CLASS_INTERNAL_HOP1_WITH_MESSAGE[m[K(Derived, Base, __COUNTER__, Message)
[3.957s]       |   [01;36m[K^~~~~~~~~~~~~~~~~~~~~~~~~~~~~~~~~~~~~~~~~~~~~~~~~~~~~~[m[K
[3.957s] [01m[K/opt/ros/noetic/include/class_loader/register_macro.hpp:70:3:[m[K [01;36m[Knote: [m[Kin expansion of macro â€˜[01m[KCLASS_LOADER_REGISTER_CLASS_WITH_MESSAGE[m[Kâ€™
[3.957s]    70 |   [01;36m[KCLASS_LOADER_REGISTER_CLASS_WITH_MESSAGE[m[K(Derived, Base, "")
[3.957s]       |   [01;36m[K^~~~~~~~~~~~~~~~~~~~~~~~~~~~~~~~~~~~~~~~[m[K
[3.957s] [01m[K/opt/ros/noetic/include/pluginlib/./class_list_macros.hpp:49:3:[m[K [01;36m[Knote: [m[Kin expansion of macro â€˜[01m[KCLASS_LOADER_REGISTER_CLASS[m[Kâ€™
[3.957s]    49 |   [01;36m[KCLASS_LOADER_REGISTER_CLASS[m[K(class_type, base_class_type)
[3.957s]       |   [01;36m[K^~~~~~~~~~~~~~~~~~~~~~~~~~~[m[K
[3.958s] [01m[K/home/sheila/march/ros1/src/control/computed_torque/src/computed_torque_controller.cpp:13:1:[m[K [01;36m[Knote: [m[Kin expansion of macro â€˜[01m[KPLUGINLIB_EXPORT_CLASS[m[Kâ€™
[3.958s]    13 | [01;36m[KPLUGINLIB_EXPORT_CLASS[m[K(effort_controller::ComputedTorque, controller_interface::ControllerBase);
[3.958s]       | [01;36m[K^~~~~~~~~~~~~~~~~~~~~~[m[K
[3.958s] In file included from [01m[K/opt/ros/noetic/include/class_loader/class_loader.hpp:46[m[K,
[3.958s]                  from [01m[K/opt/ros/noetic/include/pluginlib/./class_list_macros.hpp:40[m[K,
[3.958s]                  from [01m[K/opt/ros/noetic/include/pluginlib/class_list_macros.h:35[m[K,
[3.958s]                  from [01m[K/home/sheila/march/ros1/src/control/computed_torque/src/computed_torque_controller.cpp:2[m[K:
[3.958s] [01m[K/opt/ros/noetic/include/class_loader/class_loader_core.hpp:176:6:[m[K [01;36m[Knote: [m[Kcandidate: â€˜[01m[Ktemplate<class Derived, class Base> void class_loader::impl::registerPlugin(const string&, const string&)[m[Kâ€™
[3.958s]   176 | void [01;36m[KregisterPlugin[m[K(const std::string & class_name, const std::string & base_class_name)
[3.958s]       |      [01;36m[K^~~~~~~~~~~~~~[m[K
[3.958s] [01m[K/opt/ros/noetic/include/class_loader/class_loader_core.hpp:176:6:[m[K [01;36m[Knote: [m[K  template argument deduction/substitution failed:
[3.958s] In file included from [01m[K/opt/ros/noetic/include/class_loader/class_loader.hpp:47[m[K,
[3.958s]                  from [01m[K/opt/ros/noetic/include/pluginlib/./class_list_macros.hpp:40[m[K,
[3.959s]                  from [01m[K/opt/ros/noetic/include/pluginlib/class_list_macros.h:35[m[K,
[3.959s]                  from [01m[K/home/sheila/march/ros1/src/control/computed_torque/src/computed_torque_controller.cpp:2[m[K:
[3.959s] [01m[K/opt/ros/noetic/include/class_loader/register_macro.hpp:49:74:[m[K [01;31m[Kerror: [m[Ktemplate argument 1 is invalid
[3.959s]    49 |       class_loader::impl::registerPlugin<_derived, _base>(#Derived, #Base[01;31m[K)[m[K; \
[3.959s]       |                                                                          [01;31m[K^[m[K
[3.959s] [01m[K/opt/ros/noetic/include/class_loader/register_macro.hpp:56:3:[m[K [01;36m[Knote: [m[Kin expansion of macro â€˜[01m[KCLASS_LOADER_REGISTER_CLASS_INTERNAL_WITH_MESSAGE[m[Kâ€™
[3.959s]    56 |   [01;36m[KCLASS_LOADER_REGISTER_CLASS_INTERNAL_WITH_MESSAGE[m[K(Derived, Base, UniqueID, Message)
[3.959s]       |   [01;36m[K^~~~~~~~~~~~~~~~~~~~~~~~~~~~~~~~~~~~~~~~~~~~~~~~~[m[K
[3.959s] [01m[K/opt/ros/noetic/include/class_loader/register_macro.hpp:63:3:[m[K [01;36m[Knote: [m[Kin expansion of macro â€˜[01m[KCLASS_LOADER_REGISTER_CLASS_INTERNAL_HOP1_WITH_MESSAGE[m[Kâ€™
[3.959s]    63 |   [01;36m[KCLASS_LOADER_REGISTER_CLASS_INTERNAL_HOP1_WITH_MESSAGE[m[K(Derived, Base, __COUNTER__, Message)
[3.959s]       |   [01;36m[K^~~~~~~~~~~~~~~~~~~~~~~~~~~~~~~~~~~~~~~~~~~~~~~~~~~~~~[m[K
[3.959s] [01m[K/opt/ros/noetic/include/class_loader/register_macro.hpp:70:3:[m[K [01;36m[Knote: [m[Kin expansion of macro â€˜[01m[KCLASS_LOADER_REGISTER_CLASS_WITH_MESSAGE[m[Kâ€™
[3.960s]    70 |   [01;36m[KCLASS_LOADER_REGISTER_CLASS_WITH_MESSAGE[m[K(Derived, Base, "")
[3.960s]       |   [01;36m[K^~~~~~~~~~~~~~~~~~~~~~~~~~~~~~~~~~~~~~~~[m[K
[3.960s] [01m[K/opt/ros/noetic/include/pluginlib/./class_list_macros.hpp:49:3:[m[K [01;36m[Knote: [m[Kin expansion of macro â€˜[01m[KCLASS_LOADER_REGISTER_CLASS[m[Kâ€™
[3.960s]    49 |   [01;36m[KCLASS_LOADER_REGISTER_CLASS[m[K(class_type, base_class_type)
[3.960s]       |   [01;36m[K^~~~~~~~~~~~~~~~~~~~~~~~~~~[m[K
[3.960s] [01m[K/home/sheila/march/ros1/src/control/computed_torque/src/computed_torque_controller.cpp:13:1:[m[K [01;36m[Knote: [m[Kin expansion of macro â€˜[01m[KPLUGINLIB_EXPORT_CLASS[m[Kâ€™
[3.960s]    13 | [01;36m[KPLUGINLIB_EXPORT_CLASS[m[K(effort_controller::ComputedTorque, controller_interface::ControllerBase);
[3.960s]       | [01;36m[K^~~~~~~~~~~~~~~~~~~~~~[m[K
[4.786s] make[2]: *** [CMakeFiles/computed_torque_lib.dir/build.make:63: CMakeFiles/computed_torque_lib.dir/src/computed_torque_controller.cpp.o] Error 1
[4.787s] make[1]: *** [CMakeFiles/Makefile2:1811: CMakeFiles/computed_torque_lib.dir/all] Error 2
[4.787s] make: *** [Makefile:141: all] Error 2
[4.789s] Invoked command in '/home/sheila/march/ros1/build/computed_torque' returned '2': /usr/bin/cmake --build /home/sheila/march/ros1/build/computed_torque -- -j4 -l4
