[0.018s] Invoking command in '/home/sheila/march/ros1/build/computed_torque': /usr/bin/cmake --build /home/sheila/march/ros1/build/computed_torque -- -j4 -l4
[0.094s] [  0%] Built target roscpp_generate_messages_py
[0.094s] [  0%] Built target roscpp_generate_messages_cpp
[0.095s] [  0%] Built target rosgraph_msgs_generate_messages_lisp
[0.098s] [  0%] Built target roscpp_generate_messages_eus
[0.135s] [  0%] Built target std_msgs_generate_messages_eus
[0.135s] [  0%] Built target rosgraph_msgs_generate_messages_py
[0.136s] [  0%] Built target roscpp_generate_messages_lisp
[0.143s] [  0%] Built target roscpp_generate_messages_nodejs
[0.173s] [  0%] Built target rosgraph_msgs_generate_messages_cpp
[0.173s] [  0%] Built target std_msgs_generate_messages_cpp
[0.174s] [  0%] Built target rosgraph_msgs_generate_messages_nodejs
[0.185s] [  0%] Built target std_msgs_generate_messages_lisp
[0.204s] [  0%] Built target std_msgs_generate_messages_py
[0.209s] [  0%] Built target rosgraph_msgs_generate_messages_eus
[0.209s] [  0%] Built target std_msgs_generate_messages_nodejs
[0.237s] [ 50%] [32mBuilding CXX object CMakeFiles/computed_torque_lib.dir/src/computed_torque_controller.cpp.o[0m
[1.129s] In file included from [01m[K/usr/include/kdl/chainjnttojacsolver.hpp:27[m[K,
[1.129s]                  from [01m[K/home/sheila/march/ros1/src/control/computed_torque/include/computed_torque/computed_torque_controller.h:17[m[K,
[1.129s]                  from [01m[K/home/sheila/march/ros1/src/control/computed_torque/src/computed_torque_controller.cpp:5[m[K:
[1.129s] [01m[K/usr/include/kdl/jacobian.hpp:26:10:[m[K [01;31m[Kfatal error: [m[KEigen/Core: No existe el archivo o el directorio
[1.129s]    26 | #include [01;31m[K<Eigen/Core>[m[K
[1.129s]       |          [01;31m[K^~~~~~~~~~~~[m[K
[1.129s] compilation terminated.
[1.137s] make[2]: *** [CMakeFiles/computed_torque_lib.dir/build.make:63: CMakeFiles/computed_torque_lib.dir/src/computed_torque_controller.cpp.o] Error 1
[1.137s] make[1]: *** [CMakeFiles/Makefile2:385: CMakeFiles/computed_torque_lib.dir/all] Error 2
[1.137s] make: *** [Makefile:141: all] Error 2
[1.140s] Invoked command in '/home/sheila/march/ros1/build/computed_torque' returned '2': /usr/bin/cmake --build /home/sheila/march/ros1/build/computed_torque -- -j4 -l4
