[0.018s] Invoking command in '/home/sheila/march/ros1/build/computed_torque': /usr/bin/cmake --build /home/sheila/march/ros1/build/computed_torque -- -j4 -l4
[0.104s] [  0%] Built target actionlib_msgs_generate_messages_nodejs
[0.105s] [  0%] Built target rosgraph_msgs_generate_messages_py
[0.105s] [  0%] Built target dynamic_reconfigure_generate_messages_nodejs
[0.105s] [  0%] Built target std_msgs_generate_messages_eus
[0.138s] [  0%] Built target actionlib_msgs_generate_messages_lisp
[0.143s] [  0%] Built target actionlib_msgs_generate_messages_cpp
[0.150s] [  0%] Built target rosgraph_msgs_generate_messages_eus
[0.157s] [  0%] Built target control_msgs_generate_messages_lisp
[0.177s] [  0%] Built target std_msgs_generate_messages_lisp
[0.185s] [  0%] Built target control_msgs_generate_messages_cpp
[0.188s] [  0%] Built target roscpp_generate_messages_lisp
[0.194s] [  0%] Built target control_toolbox_generate_messages_nodejs
[0.216s] [  0%] Built target actionlib_msgs_generate_messages_eus
[0.225s] [  0%] Built target dynamic_reconfigure_generate_messages_py
[0.227s] [  0%] Built target control_msgs_generate_messages_nodejs
[0.234s] [  0%] Built target rosgraph_msgs_generate_messages_lisp
[0.255s] [  0%] Built target actionlib_generate_messages_py
[0.262s] [  0%] Built target actionlib_generate_messages_lisp
[0.272s] [  0%] Built target _catkin_empty_exported_target
[0.274s] [  0%] Built target actionlib_generate_messages_nodejs
[0.293s] [  0%] Built target control_msgs_generate_messages_eus
[0.302s] [  0%] Built target trajectory_msgs_generate_messages_nodejs
[0.316s] [  0%] Built target control_toolbox_generate_messages_py
[0.321s] [  0%] Built target trajectory_msgs_generate_messages_cpp
[0.330s] [  0%] Built target std_msgs_generate_messages_py
[0.350s] [  0%] Built target std_msgs_generate_messages_nodejs
[0.360s] [  0%] Built target geometry_msgs_generate_messages_eus
[0.364s] [  0%] Built target roscpp_generate_messages_nodejs
[0.370s] [  0%] Built target std_msgs_generate_messages_cpp
[0.388s] [  0%] Built target actionlib_msgs_generate_messages_py
[0.401s] [  0%] Built target actionlib_generate_messages_cpp
[0.401s] [  0%] Built target rosgraph_msgs_generate_messages_nodejs
[0.413s] [  0%] Built target roscpp_generate_messages_eus
[0.430s] [  0%] Built target roscpp_generate_messages_cpp
[0.444s] [  0%] Built target control_msgs_generate_messages_py
[0.448s] [  0%] Built target control_toolbox_gencfg
[0.456s] [  0%] Built target geometry_msgs_generate_messages_cpp
[0.475s] [  0%] Built target geometry_msgs_generate_messages_lisp
[0.486s] [  0%] Built target geometry_msgs_generate_messages_py
[0.487s] [  0%] Built target trajectory_msgs_generate_messages_lisp
[0.497s] [  0%] Built target rosgraph_msgs_generate_messages_cpp
[0.516s] [  0%] Built target actionlib_generate_messages_eus
[0.527s] [  0%] Built target trajectory_msgs_generate_messages_py
[0.529s] [  0%] Built target trajectory_msgs_generate_messages_eus
[0.536s] [  0%] Built target roscpp_generate_messages_py
[0.559s] [  0%] Built target control_toolbox_generate_messages_cpp
[0.568s] [  0%] Built target control_toolbox_generate_messages_eus
[0.569s] [  0%] Built target control_toolbox_generate_messages_lisp
[0.575s] [  0%] Built target dynamic_reconfigure_generate_messages_cpp
[0.600s] [  0%] Built target geometry_msgs_generate_messages_nodejs
[0.607s] [  0%] Built target dynamic_reconfigure_gencfg
[0.607s] [  0%] Built target dynamic_reconfigure_generate_messages_eus
[0.610s] [  0%] Built target dynamic_reconfigure_generate_messages_lisp
[0.624s] [35m[1mScanning dependencies of target computed_torque_lib[0m
[0.648s] [ 50%] [32mBuilding CXX object CMakeFiles/computed_torque_lib.dir/src/computed_torque_controller.cpp.o[0m
[3.454s] In file included from [01m[K/home/sheila/march/ros1/src/control/computed_torque/include/computed_torque/computed_torque_controller.h:32[m[K,
[3.455s]                  from [01m[K/home/sheila/march/ros1/src/control/computed_torque/src/computed_torque_controller.cpp:5[m[K:
[3.455s] [01m[K/home/sheila/march/ros1/src/control/computed_torque/include/trajectory_interface/joint_trajectory_segment.h:[m[K In member function â€˜[01m[Kvoid controller_ns::JointTrajectorySegment<Segment>::State::init(const JointTrajectoryPoint&, const std::vector<typename Segment::State::Scalar>&)[m[Kâ€™:
[3.455s] [01m[K/home/sheila/march/ros1/src/control/computed_torque/include/trajectory_interface/joint_trajectory_segment.h:80:12:[m[K [01;31m[Kerror: [m[Kthere are no arguments to â€˜[01m[KisValid[m[Kâ€™ that depend on a template parameter, so a declaration of â€˜[01m[KisValid[m[Kâ€™ must be available [[01;31m[K-fpermissive[m[K]
[3.455s]    80 |       if (![01;31m[KisValid[m[K(point, joint_dim))
[3.455s]       |            [01;31m[K^~~~~~~[m[K
[3.456s] [01m[K/home/sheila/march/ros1/src/control/computed_torque/include/trajectory_interface/joint_trajectory_segment.h:80:12:[m[K [01;36m[Knote: [m[K(if you use â€˜[01m[K-fpermissive[m[Kâ€™, G++ will accept your code, but allowing the use of an undeclared name is deprecated)
[3.924s] In file included from [01m[K/home/sheila/march/ros1/src/control/computed_torque/src/computed_torque_controller.cpp:5[m[K:
[3.924s] [01m[K/home/sheila/march/ros1/src/control/computed_torque/include/computed_torque/computed_torque_controller.h:[m[K At global scope:
[3.924s] [01m[K/home/sheila/march/ros1/src/control/computed_torque/include/computed_torque/computed_torque_controller.h:78:31:[m[K [01;31m[Kerror: [m[Kâ€˜[01m[KState[m[Kâ€™ does not name a type
[3.924s]    78 |                         const [01;31m[KState[m[K& desired_state,
[3.924s]       |                               [01;31m[K^~~~~[m[K
[3.926s] [01m[K/home/sheila/march/ros1/src/control/computed_torque/include/computed_torque/computed_torque_controller.h:79:31:[m[K [01;31m[Kerror: [m[Kâ€˜[01m[KState[m[Kâ€™ does not name a type
[3.926s]    79 |                         const [01;31m[KState[m[K& state_error );
[3.926s]       |                               [01;31m[K^~~~~[m[K
[3.959s] In file included from [01m[K/home/sheila/march/ros1/src/control/computed_torque/include/computed_torque/computed_torque_controller.h:148[m[K,
[3.959s]                  from [01m[K/home/sheila/march/ros1/src/control/computed_torque/src/computed_torque_controller.cpp:5[m[K:
[3.959s] [01m[K/home/sheila/march/ros1/src/control/computed_torque/include/computed_torque/computed_torque_controller.hpp:76:53:[m[K [01;31m[Kerror: [m[Kâ€˜[01m[KState[m[Kâ€™ does not name a type
[3.959s]    76 |                                               const [01;31m[KState[m[K& desired_state,
[3.959s]       |                                                     [01;31m[K^~~~~[m[K
[3.960s] [01m[K/home/sheila/march/ros1/src/control/computed_torque/include/computed_torque/computed_torque_controller.hpp:77:53:[m[K [01;31m[Kerror: [m[Kâ€˜[01m[KState[m[Kâ€™ does not name a type
[3.961s]    77 |                                               const [01;31m[KState[m[K& state_error ){
[3.961s]       |                                                     [01;31m[K^~~~~[m[K
[3.961s] [01m[K/home/sheila/march/ros1/src/control/computed_torque/include/computed_torque/computed_torque_controller.hpp:[m[K In member function â€˜[01m[Kvoid controller_ns::computed_torque_controller_class::update(const ros::Time&, const ros::Duration&, const int&, const int&)[m[Kâ€™:
[3.961s] [01m[K/home/sheila/march/ros1/src/control/computed_torque/include/computed_torque/computed_torque_controller.hpp:86:36:[m[K [01;31m[Kerror: [m[Krequest for member â€˜[01m[Kposition[m[Kâ€™ in â€˜[01m[Kdesired_state[m[Kâ€™, which is of non-class type â€˜[01m[Kconst int[m[Kâ€™
[3.961s]    86 |       desired.q(i) = desired_state.[01;31m[Kposition[m[K[i];
[3.961s]       |                                    [01;31m[K^~~~~~~~[m[K
[3.961s] [01m[K/home/sheila/march/ros1/src/control/computed_torque/include/computed_torque/computed_torque_controller.hpp:87:39:[m[K [01;31m[Kerror: [m[Krequest for member â€˜[01m[Kvelocity[m[Kâ€™ in â€˜[01m[Kdesired_state[m[Kâ€™, which is of non-class type â€˜[01m[Kconst int[m[Kâ€™
[3.961s]    87 |       desired.qdot(i) = desired_state.[01;31m[Kvelocity[m[K[i];
[3.962s]       |                                       [01;31m[K^~~~~~~~[m[K
[3.962s] [01m[K/home/sheila/march/ros1/src/control/computed_torque/include/computed_torque/computed_torque_controller.hpp:88:42:[m[K [01;31m[Kerror: [m[Krequest for member â€˜[01m[Kacceleration[m[Kâ€™ in â€˜[01m[Kdesired_state[m[Kâ€™, which is of non-class type â€˜[01m[Kconst int[m[Kâ€™
[3.962s]    88 |       desired.qdotdot(i) = desired_state.[01;31m[Kacceleration[m[K[i];
[3.962s]       |                                          [01;31m[K^~~~~~~~~~~~[m[K
[3.962s] [01m[K/home/sheila/march/ros1/src/control/computed_torque/include/computed_torque/computed_torque_controller.hpp:90:32:[m[K [01;31m[Kerror: [m[Krequest for member â€˜[01m[Kposition[m[Kâ€™ in â€˜[01m[Kstate_error[m[Kâ€™, which is of non-class type â€˜[01m[Kconst int[m[Kâ€™
[3.962s]    90 |       error.q(i) = state_error.[01;31m[Kposition[m[K[i];
[3.962s]       |                                [01;31m[K^~~~~~~~[m[K
[3.962s] [01m[K/home/sheila/march/ros1/src/control/computed_torque/include/computed_torque/computed_torque_controller.hpp:91:35:[m[K [01;31m[Kerror: [m[Krequest for member â€˜[01m[Kvelocity[m[Kâ€™ in â€˜[01m[Kstate_error[m[Kâ€™, which is of non-class type â€˜[01m[Kconst int[m[Kâ€™
[3.962s]    91 |       error.qdot(i) = state_error.[01;31m[Kvelocity[m[K[i];
[3.962s]       |                                   [01;31m[K^~~~~~~~[m[K
[4.057s] [01m[K/home/sheila/march/ros1/src/control/computed_torque/include/computed_torque/computed_torque_controller.hpp:118:54:[m[K [01;31m[Kerror: [m[Kâ€˜[01m[Kerrror[m[Kâ€™ was not declared in this scope; did you mean â€˜[01m[Kerror[m[Kâ€™?
[4.058s]   118 |         const double command = -Kp*error.q.data - Kv*[01;31m[Kerrror[m[K.qdot.data;
[4.058s]       |                                                      [01;31m[K^~~~~~[m[K
[4.058s]       |                                                      [32m[Kerror[m[K
[4.966s] In file included from [01m[K/opt/ros/noetic/include/class_loader/class_loader_core.hpp:45[m[K,
[4.966s]                  from [01m[K/opt/ros/noetic/include/class_loader/class_loader.hpp:46[m[K,
[4.966s]                  from [01m[K/opt/ros/noetic/include/pluginlib/./class_list_macros.hpp:40[m[K,
[4.966s]                  from [01m[K/opt/ros/noetic/include/pluginlib/class_list_macros.h:35[m[K,
[4.966s]                  from [01m[K/home/sheila/march/ros1/src/control/computed_torque/src/computed_torque_controller.cpp:2[m[K:
[4.966s] /opt/ros/noetic/include/class_loader/meta_object.hpp: In instantiation of â€˜[01m[KB* class_loader::impl::MetaObject<C, B>::create() const [with C = controller_ns::computed_torque_controller_class; B = controller_interface::ControllerBase][m[Kâ€™:
[4.966s] [01m[K/opt/ros/noetic/include/class_loader/meta_object.hpp:196:7:[m[K   required from here
[4.967s] [01m[K/opt/ros/noetic/include/class_loader/meta_object.hpp:198:12:[m[K [01;31m[Kerror: [m[Kinvalid new-expression of abstract class type â€˜[01m[Kcontroller_ns::computed_torque_controller_class[m[Kâ€™
[4.967s]   198 |     return [01;31m[Knew C[m[K;
[4.967s]       |            [01;31m[K^~~~~[m[K
[4.967s] In file included from [01m[K/home/sheila/march/ros1/src/control/computed_torque/src/computed_torque_controller.cpp:5[m[K:
[4.967s] [01m[K/home/sheila/march/ros1/src/control/computed_torque/include/computed_torque/computed_torque_controller.h:72:11:[m[K [01;36m[Knote: [m[K  because the following virtual functions are pure within â€˜[01m[Kcontroller_ns::computed_torque_controller_class[m[Kâ€™:
[4.967s]    72 |     class [01;36m[Kcomputed_torque_controller_class[m[K : public controller_interface::Controller<hardware_interface::EffortJointInterface> {
[4.967s]       |           [01;36m[K^~~~~~~~~~~~~~~~~~~~~~~~~~~~~~~~[m[K
[4.967s] In file included from [01m[K/opt/ros/noetic/include/controller_interface/controller.h:35[m[K,
[4.967s]                  from [01m[K/home/sheila/march/ros1/src/control/computed_torque/include/computed_torque/computed_torque_controller.h:24[m[K,
[4.967s]                  from [01m[K/home/sheila/march/ros1/src/control/computed_torque/src/computed_torque_controller.cpp:5[m[K:
[4.967s] [01m[K/opt/ros/noetic/include/controller_interface/controller_base.h:73:16:[m[K [01;36m[Knote: [m[K	â€˜[01m[Kvirtual void controller_interface::ControllerBase::update(const ros::Time&, const ros::Duration&)[m[Kâ€™
[4.967s]    73 |   virtual void [01;36m[Kupdate[m[K(const ros::Time& time, const ros::Duration& period) = 0;
[4.968s]       |                [01;36m[K^~~~~~[m[K
[5.745s] make[2]: *** [CMakeFiles/computed_torque_lib.dir/build.make:63: CMakeFiles/computed_torque_lib.dir/src/computed_torque_controller.cpp.o] Error 1
[5.746s] make[1]: *** [CMakeFiles/Makefile2:1811: CMakeFiles/computed_torque_lib.dir/all] Error 2
[5.746s] make: *** [Makefile:141: all] Error 2
[5.748s] Invoked command in '/home/sheila/march/ros1/build/computed_torque' returned '2': /usr/bin/cmake --build /home/sheila/march/ros1/build/computed_torque -- -j4 -l4
