[0.018s] Invoking command in '/home/sheila/march/ros1/build/computed_torque': /usr/bin/cmake --build /home/sheila/march/ros1/build/computed_torque -- -j4 -l4
[0.103s] [  0%] Built target std_msgs_generate_messages_eus
[0.104s] [  0%] Built target rosgraph_msgs_generate_messages_py
[0.104s] [  0%] Built target actionlib_msgs_generate_messages_nodejs
[0.104s] [  0%] Built target dynamic_reconfigure_generate_messages_nodejs
[0.140s] [  0%] Built target rosgraph_msgs_generate_messages_eus
[0.141s] [  0%] Built target actionlib_msgs_generate_messages_cpp
[0.149s] [  0%] Built target actionlib_msgs_generate_messages_lisp
[0.155s] [  0%] Built target control_msgs_generate_messages_lisp
[0.177s] [  0%] Built target control_msgs_generate_messages_cpp
[0.178s] [  0%] Built target std_msgs_generate_messages_lisp
[0.191s] [  0%] Built target roscpp_generate_messages_lisp
[0.193s] [  0%] Built target control_toolbox_generate_messages_nodejs
[0.216s] [  0%] Built target dynamic_reconfigure_generate_messages_py
[0.216s] [  0%] Built target actionlib_msgs_generate_messages_eus
[0.229s] [  0%] Built target control_msgs_generate_messages_nodejs
[0.233s] [  0%] Built target rosgraph_msgs_generate_messages_lisp
[0.255s] [  0%] Built target actionlib_generate_messages_py
[0.255s] [  0%] Built target actionlib_generate_messages_lisp
[0.267s] [  0%] Built target _catkin_empty_exported_target
[0.272s] [  0%] Built target actionlib_generate_messages_nodejs
[0.291s] [  0%] Built target trajectory_msgs_generate_messages_nodejs
[0.291s] [  0%] Built target control_msgs_generate_messages_eus
[0.305s] [  0%] Built target trajectory_msgs_generate_messages_cpp
[0.310s] [  0%] Built target control_toolbox_generate_messages_py
[0.329s] [  0%] Built target std_msgs_generate_messages_py
[0.330s] [  0%] Built target std_msgs_generate_messages_nodejs
[0.344s] [  0%] Built target geometry_msgs_generate_messages_eus
[0.349s] [  0%] Built target roscpp_generate_messages_nodejs
[0.367s] [  0%] Built target std_msgs_generate_messages_cpp
[0.367s] [  0%] Built target actionlib_msgs_generate_messages_py
[0.382s] [  0%] Built target actionlib_generate_messages_cpp
[0.386s] [  0%] Built target rosgraph_msgs_generate_messages_nodejs
[0.404s] [  0%] Built target roscpp_generate_messages_cpp
[0.404s] [  0%] Built target roscpp_generate_messages_eus
[0.420s] [  0%] Built target control_toolbox_gencfg
[0.424s] [  0%] Built target control_msgs_generate_messages_py
[0.443s] [  0%] Built target geometry_msgs_generate_messages_cpp
[0.443s] [  0%] Built target geometry_msgs_generate_messages_lisp
[0.459s] [  0%] Built target geometry_msgs_generate_messages_py
[0.461s] [  0%] Built target trajectory_msgs_generate_messages_lisp
[0.479s] [  0%] Built target actionlib_generate_messages_eus
[0.479s] [  0%] Built target rosgraph_msgs_generate_messages_cpp
[0.497s] [  0%] Built target trajectory_msgs_generate_messages_py
[0.498s] [  0%] Built target trajectory_msgs_generate_messages_eus
[0.516s] [  0%] Built target roscpp_generate_messages_py
[0.516s] [  0%] Built target control_toolbox_generate_messages_cpp
[0.535s] [  0%] Built target control_toolbox_generate_messages_lisp
[0.537s] [  0%] Built target control_toolbox_generate_messages_eus
[0.554s] [  0%] Built target geometry_msgs_generate_messages_nodejs
[0.554s] [  0%] Built target dynamic_reconfigure_generate_messages_cpp
[0.568s] [  0%] Built target dynamic_reconfigure_generate_messages_eus
[0.573s] [  0%] Built target dynamic_reconfigure_gencfg
[0.583s] [  0%] Built target dynamic_reconfigure_generate_messages_lisp
[0.602s] [35m[1mScanning dependencies of target computed_torque_lib[0m
[0.625s] [ 50%] [32mBuilding CXX object CMakeFiles/computed_torque_lib.dir/src/computed_torque_controller.cpp.o[0m
[3.862s] In file included from [01m[K/home/sheila/march/ros1/src/control/computed_torque/src/computed_torque_controller.cpp:5[m[K:
[3.862s] [01m[K/home/sheila/march/ros1/src/control/computed_torque/include/computed_torque/computed_torque_controller.h:71:31:[m[K [01;31m[Kerror: [m[Kâ€˜[01m[KState[m[Kâ€™ does not name a type
[3.863s]    71 |                         const [01;31m[KState[m[K& desired_state,
[3.863s]       |                               [01;31m[K^~~~~[m[K
[3.864s] [01m[K/home/sheila/march/ros1/src/control/computed_torque/include/computed_torque/computed_torque_controller.h:72:31:[m[K [01;31m[Kerror: [m[Kâ€˜[01m[KState[m[Kâ€™ does not name a type
[3.864s]    72 |                         const [01;31m[KState[m[K& state_error );
[3.865s]       |                               [01;31m[K^~~~~[m[K
[3.889s] In file included from [01m[K/home/sheila/march/ros1/src/control/computed_torque/include/computed_torque/computed_torque_controller.h:141[m[K,
[3.889s]                  from [01m[K/home/sheila/march/ros1/src/control/computed_torque/src/computed_torque_controller.cpp:5[m[K:
[3.889s] [01m[K/home/sheila/march/ros1/src/control/computed_torque/include/computed_torque/computed_torque_controller.hpp:17:31:[m[K [01;31m[Kerror: [m[Kâ€˜[01m[KQuinticSplineSegment[m[Kâ€™ in namespace â€˜[01m[Ktrajectory_interface[m[Kâ€™ does not name a template type
[3.890s]    17 | typedef trajectory_interface::[01;31m[KQuinticSplineSegment[m[K<double> SegmentImpl;
[3.890s]       |                               [01;31m[K^~~~~~~~~~~~~~~~~~~~[m[K
[3.894s] [01m[K/home/sheila/march/ros1/src/control/computed_torque/include/computed_torque/computed_torque_controller.hpp:18:32:[m[K [01;31m[Kerror: [m[Kâ€˜[01m[KSegmentImpl[m[Kâ€™ was not declared in this scope
[3.894s]    18 | typedef JointTrajectorySegment<[01;31m[KSegmentImpl[m[K> Segment;
[3.894s]       |                                [01;31m[K^~~~~~~~~~~[m[K
[3.894s] [01m[K/home/sheila/march/ros1/src/control/computed_torque/include/computed_torque/computed_torque_controller.hpp:18:43:[m[K [01;31m[Kerror: [m[Ktemplate argument 1 is invalid
[3.894s]    18 | typedef JointTrajectorySegment<SegmentImpl[01;31m[K>[m[K Segment;
[3.895s]       |                                           [01;31m[K^[m[K
[3.895s] [01m[K/home/sheila/march/ros1/src/control/computed_torque/include/computed_torque/computed_torque_controller.hpp:19:18:[m[K [01;31m[Kerror: [m[Kâ€˜[01m[KSegment[m[Kâ€™ is not a class, namespace, or enumeration
[3.895s]    19 | typedef typename [01;31m[KSegment[m[K::State State;
[3.895s]       |                  [01;31m[K^~~~~~~[m[K
[3.902s] In file included from [01m[K/home/sheila/march/ros1/src/control/computed_torque/include/computed_torque/computed_torque_controller.h:141[m[K,
[3.902s]                  from [01m[K/home/sheila/march/ros1/src/control/computed_torque/src/computed_torque_controller.cpp:5[m[K:
[3.902s] [01m[K/home/sheila/march/ros1/src/control/computed_torque/include/computed_torque/computed_torque_controller.hpp:83:53:[m[K [01;31m[Kerror: [m[Kâ€˜[01m[KState[m[Kâ€™ does not name a type
[3.902s]    83 |                                               const [01;31m[KState[m[K& desired_state,
[3.903s]       |                                                     [01;31m[K^~~~~[m[K
[3.904s] [01m[K/home/sheila/march/ros1/src/control/computed_torque/include/computed_torque/computed_torque_controller.hpp:84:53:[m[K [01;31m[Kerror: [m[Kâ€˜[01m[KState[m[Kâ€™ does not name a type
[3.904s]    84 |                                               const [01;31m[KState[m[K& state_error ){
[3.905s]       |                                                     [01;31m[K^~~~~[m[K
[3.905s] [01m[K/home/sheila/march/ros1/src/control/computed_torque/include/computed_torque/computed_torque_controller.hpp:[m[K In member function â€˜[01m[Kvoid controller_ns::computed_torque_controller_class::update(const ros::Time&, const ros::Duration&, const int&, const int&)[m[Kâ€™:
[3.905s] [01m[K/home/sheila/march/ros1/src/control/computed_torque/include/computed_torque/computed_torque_controller.hpp:93:36:[m[K [01;31m[Kerror: [m[Krequest for member â€˜[01m[Kposition[m[Kâ€™ in â€˜[01m[Kdesired_state[m[Kâ€™, which is of non-class type â€˜[01m[Kconst int[m[Kâ€™
[3.905s]    93 |       desired.q(i) = desired_state.[01;31m[Kposition[m[K[i];
[3.905s]       |                                    [01;31m[K^~~~~~~~[m[K
[3.906s] [01m[K/home/sheila/march/ros1/src/control/computed_torque/include/computed_torque/computed_torque_controller.hpp:94:39:[m[K [01;31m[Kerror: [m[Krequest for member â€˜[01m[Kvelocity[m[Kâ€™ in â€˜[01m[Kdesired_state[m[Kâ€™, which is of non-class type â€˜[01m[Kconst int[m[Kâ€™
[3.906s]    94 |       desired.qdot(i) = desired_state.[01;31m[Kvelocity[m[K[i];
[3.906s]       |                                       [01;31m[K^~~~~~~~[m[K
[3.906s] [01m[K/home/sheila/march/ros1/src/control/computed_torque/include/computed_torque/computed_torque_controller.hpp:95:42:[m[K [01;31m[Kerror: [m[Krequest for member â€˜[01m[Kacceleration[m[Kâ€™ in â€˜[01m[Kdesired_state[m[Kâ€™, which is of non-class type â€˜[01m[Kconst int[m[Kâ€™
[3.906s]    95 |       desired.qdotdot(i) = desired_state.[01;31m[Kacceleration[m[K[i];
[3.906s]       |                                          [01;31m[K^~~~~~~~~~~~[m[K
[3.906s] [01m[K/home/sheila/march/ros1/src/control/computed_torque/include/computed_torque/computed_torque_controller.hpp:97:32:[m[K [01;31m[Kerror: [m[Krequest for member â€˜[01m[Kposition[m[Kâ€™ in â€˜[01m[Kstate_error[m[Kâ€™, which is of non-class type â€˜[01m[Kconst int[m[Kâ€™
[3.907s]    97 |       error.q(i) = state_error.[01;31m[Kposition[m[K[i];
[3.907s]       |                                [01;31m[K^~~~~~~~[m[K
[3.907s] [01m[K/home/sheila/march/ros1/src/control/computed_torque/include/computed_torque/computed_torque_controller.hpp:98:35:[m[K [01;31m[Kerror: [m[Krequest for member â€˜[01m[Kvelocity[m[Kâ€™ in â€˜[01m[Kstate_error[m[Kâ€™, which is of non-class type â€˜[01m[Kconst int[m[Kâ€™
[3.907s]    98 |       error.qdot(i) = state_error.[01;31m[Kvelocity[m[K[i];
[3.907s]       |                                   [01;31m[K^~~~~~~~[m[K
[4.004s] [01m[K/home/sheila/march/ros1/src/control/computed_torque/include/computed_torque/computed_torque_controller.hpp:125:54:[m[K [01;31m[Kerror: [m[Kâ€˜[01m[Kerrror[m[Kâ€™ was not declared in this scope; did you mean â€˜[01m[Kerror[m[Kâ€™?
[4.004s]   125 |         const double command = -Kp*error.q.data - Kv*[01;31m[Kerrror[m[K.qdot.data;
[4.004s]       |                                                      [01;31m[K^~~~~~[m[K
[4.004s]       |                                                      [32m[Kerror[m[K
[4.914s] In file included from [01m[K/opt/ros/noetic/include/class_loader/class_loader_core.hpp:45[m[K,
[4.914s]                  from [01m[K/opt/ros/noetic/include/class_loader/class_loader.hpp:46[m[K,
[4.914s]                  from [01m[K/opt/ros/noetic/include/pluginlib/./class_list_macros.hpp:40[m[K,
[4.914s]                  from [01m[K/opt/ros/noetic/include/pluginlib/class_list_macros.h:35[m[K,
[4.914s]                  from [01m[K/home/sheila/march/ros1/src/control/computed_torque/src/computed_torque_controller.cpp:2[m[K:
[4.914s] /opt/ros/noetic/include/class_loader/meta_object.hpp: In instantiation of â€˜[01m[KB* class_loader::impl::MetaObject<C, B>::create() const [with C = controller_ns::computed_torque_controller_class; B = controller_interface::ControllerBase][m[Kâ€™:
[4.914s] [01m[K/opt/ros/noetic/include/class_loader/meta_object.hpp:196:7:[m[K   required from here
[4.914s] [01m[K/opt/ros/noetic/include/class_loader/meta_object.hpp:198:12:[m[K [01;31m[Kerror: [m[Kinvalid new-expression of abstract class type â€˜[01m[Kcontroller_ns::computed_torque_controller_class[m[Kâ€™
[4.914s]   198 |     return [01;31m[Knew C[m[K;
[4.914s]       |            [01;31m[K^~~~~[m[K
[4.915s] In file included from [01m[K/home/sheila/march/ros1/src/control/computed_torque/src/computed_torque_controller.cpp:5[m[K:
[4.915s] [01m[K/home/sheila/march/ros1/src/control/computed_torque/include/computed_torque/computed_torque_controller.h:65:11:[m[K [01;36m[Knote: [m[K  because the following virtual functions are pure within â€˜[01m[Kcontroller_ns::computed_torque_controller_class[m[Kâ€™:
[4.915s]    65 |     class [01;36m[Kcomputed_torque_controller_class[m[K : public controller_interface::Controller<hardware_interface::EffortJointInterface> {
[4.915s]       |           [01;36m[K^~~~~~~~~~~~~~~~~~~~~~~~~~~~~~~~[m[K
[4.915s] In file included from [01m[K/opt/ros/noetic/include/controller_interface/controller.h:35[m[K,
[4.915s]                  from [01m[K/home/sheila/march/ros1/src/control/computed_torque/include/computed_torque/computed_torque_controller.h:24[m[K,
[4.915s]                  from [01m[K/home/sheila/march/ros1/src/control/computed_torque/src/computed_torque_controller.cpp:5[m[K:
[4.915s] [01m[K/opt/ros/noetic/include/controller_interface/controller_base.h:73:16:[m[K [01;36m[Knote: [m[K	â€˜[01m[Kvirtual void controller_interface::ControllerBase::update(const ros::Time&, const ros::Duration&)[m[Kâ€™
[4.915s]    73 |   virtual void [01;36m[Kupdate[m[K(const ros::Time& time, const ros::Duration& period) = 0;
[4.915s]       |                [01;36m[K^~~~~~[m[K
[5.264s] make[2]: *** [CMakeFiles/computed_torque_lib.dir/build.make:63: CMakeFiles/computed_torque_lib.dir/src/computed_torque_controller.cpp.o] Error 1
[5.264s] make[1]: *** [CMakeFiles/Makefile2:1811: CMakeFiles/computed_torque_lib.dir/all] Error 2
[5.264s] make: *** [Makefile:141: all] Error 2
[5.267s] Invoked command in '/home/sheila/march/ros1/build/computed_torque' returned '2': /usr/bin/cmake --build /home/sheila/march/ros1/build/computed_torque -- -j4 -l4
