[0.018s] Invoking command in '/home/sheila/march/ros1/build/computed_torque': /usr/bin/cmake --build /home/sheila/march/ros1/build/computed_torque -- -j4 -l4
[0.097s] [  0%] Built target std_msgs_generate_messages_eus
[0.097s] [  0%] Built target dynamic_reconfigure_generate_messages_nodejs
[0.098s] [  0%] Built target rosgraph_msgs_generate_messages_py
[0.102s] [  0%] Built target actionlib_msgs_generate_messages_nodejs
[0.137s] [  0%] Built target actionlib_msgs_generate_messages_cpp
[0.138s] [  0%] Built target actionlib_msgs_generate_messages_lisp
[0.139s] [  0%] Built target rosgraph_msgs_generate_messages_eus
[0.144s] [  0%] Built target control_msgs_generate_messages_lisp
[0.174s] [  0%] Built target std_msgs_generate_messages_lisp
[0.174s] [  0%] Built target control_msgs_generate_messages_cpp
[0.175s] [  0%] Built target roscpp_generate_messages_lisp
[0.183s] [  0%] Built target control_toolbox_generate_messages_nodejs
[0.211s] [  0%] Built target dynamic_reconfigure_generate_messages_py
[0.211s] [  0%] Built target actionlib_msgs_generate_messages_eus
[0.213s] [  0%] Built target control_msgs_generate_messages_nodejs
[0.220s] [  0%] Built target rosgraph_msgs_generate_messages_lisp
[0.248s] [  0%] Built target actionlib_generate_messages_py
[0.249s] [  0%] Built target actionlib_generate_messages_lisp
[0.253s] [  0%] Built target _catkin_empty_exported_target
[0.261s] [  0%] Built target actionlib_generate_messages_nodejs
[0.285s] [  0%] Built target trajectory_msgs_generate_messages_nodejs
[0.285s] [  0%] Built target control_msgs_generate_messages_eus
[0.290s] [  0%] Built target trajectory_msgs_generate_messages_cpp
[0.299s] [  0%] Built target control_toolbox_generate_messages_py
[0.325s] [  0%] Built target std_msgs_generate_messages_nodejs
[0.325s] [  0%] Built target std_msgs_generate_messages_py
[0.328s] [  0%] Built target geometry_msgs_generate_messages_eus
[0.338s] [  0%] Built target roscpp_generate_messages_nodejs
[0.363s] [  0%] Built target actionlib_msgs_generate_messages_py
[0.363s] [  0%] Built target std_msgs_generate_messages_cpp
[0.366s] [  0%] Built target actionlib_generate_messages_cpp
[0.377s] [  0%] Built target rosgraph_msgs_generate_messages_nodejs
[0.399s] [  0%] Built target roscpp_generate_messages_cpp
[0.400s] [  0%] Built target roscpp_generate_messages_eus
[0.409s] [  0%] Built target control_toolbox_gencfg
[0.417s] [  0%] Built target control_msgs_generate_messages_py
[0.440s] [  0%] Built target geometry_msgs_generate_messages_cpp
[0.441s] [  0%] Built target geometry_msgs_generate_messages_lisp
[0.445s] [  0%] Built target geometry_msgs_generate_messages_py
[0.459s] [  0%] Built target trajectory_msgs_generate_messages_lisp
[0.476s] [  0%] Built target rosgraph_msgs_generate_messages_cpp
[0.478s] [  0%] Built target actionlib_generate_messages_eus
[0.487s] [  0%] Built target trajectory_msgs_generate_messages_py
[0.503s] [  0%] Built target trajectory_msgs_generate_messages_eus
[0.516s] [  0%] Built target roscpp_generate_messages_py
[0.516s] [  0%] Built target control_toolbox_generate_messages_cpp
[0.525s] [  0%] Built target control_toolbox_generate_messages_eus
[0.544s] [  0%] Built target control_toolbox_generate_messages_lisp
[0.554s] [  0%] Built target geometry_msgs_generate_messages_nodejs
[0.554s] [  0%] Built target dynamic_reconfigure_generate_messages_cpp
[0.563s] [  0%] Built target dynamic_reconfigure_generate_messages_eus
[0.575s] [  0%] Built target dynamic_reconfigure_gencfg
[0.579s] [  0%] Built target dynamic_reconfigure_generate_messages_lisp
[0.595s] [35m[1mScanning dependencies of target computed_torque_lib[0m
[0.618s] [ 50%] [32mBuilding CXX object CMakeFiles/computed_torque_lib.dir/src/computed_torque_controller.cpp.o[0m
[3.832s] In file included from [01m[K/home/sheila/march/ros1/src/control/computed_torque/src/computed_torque_controller.cpp:5[m[K:
[3.832s] [01m[K/home/sheila/march/ros1/src/control/computed_torque/include/computed_torque/computed_torque_controller.h:70:77:[m[K [01;31m[Kerror: [m[Kâ€˜[01m[KState[m[Kâ€™ in â€˜[01m[Kcontrol_msgs::JointTrajectoryControllerState[m[Kâ€™ {aka â€˜[01m[Kstruct control_msgs::JointTrajectoryControllerState_<std::allocator<void> >[m[Kâ€™} does not name a type
[3.832s]    70 |          const control_msgs::JointTrajectoryControllerState::[01;31m[KState[m[K& desired_state,
[3.832s]       |                                                              [01;31m[K^~~~~[m[K
[3.832s] 
[3.832s] [01m[K/home/sheila/march/ros1/src/control/computed_torque/include/computed_torque/computed_torque_controller.h:71:60:[m[K [01;31m[Kerror: [m[Kâ€˜[01m[KState[m[Kâ€™ in namespace â€˜[01m[Kjoint_trajectory_controller[m[Kâ€™ does not name a type
[3.832s]    71 |                         const joint_trajectory_controller::[01;31m[KState[m[K& state_error );
[3.832s]       |                                                            [01;31m[K^~~~~[m[K
[3.862s] In file included from [01m[K/home/sheila/march/ros1/src/control/computed_torque/include/computed_torque/computed_torque_controller.h:140[m[K,
[3.862s]                  from [01m[K/home/sheila/march/ros1/src/control/computed_torque/src/computed_torque_controller.cpp:5[m[K:
[3.863s] [01m[K/home/sheila/march/ros1/src/control/computed_torque/include/computed_torque/computed_torque_controller.hpp:75:99:[m[K [01;31m[Kerror: [m[Kâ€˜[01m[KState[m[Kâ€™ in â€˜[01m[Kcontrol_msgs::JointTrajectoryControllerState[m[Kâ€™ {aka â€˜[01m[Kstruct control_msgs::JointTrajectoryControllerState_<std::allocator<void> >[m[Kâ€™} does not name a type
[3.863s]    75 |          const control_msgs::JointTrajectoryControllerState::[01;31m[KState[m[K& desired_state,
[3.863s]       |                                                              [01;31m[K^~~~~[m[K
[3.863s] 
[3.863s] [01m[K/home/sheila/march/ros1/src/control/computed_torque/include/computed_torque/computed_torque_controller.hpp:76:82:[m[K [01;31m[Kerror: [m[Kâ€˜[01m[KState[m[Kâ€™ in namespace â€˜[01m[Kjoint_trajectory_controller[m[Kâ€™ does not name a type
[3.863s]    76 |                           const joint_trajectory_controller::[01;31m[KState[m[K& state_error ){
[3.863s]       |                                                              [01;31m[K^~~~~[m[K
[3.863s] 
[3.863s] [01m[K/home/sheila/march/ros1/src/control/computed_torque/include/computed_torque/computed_torque_controller.hpp:[m[K In member function â€˜[01m[Kvoid controller_ns::computed_torque_controller_class::update(const ros::Time&, const ros::Duration&, const int&, const int&)[m[Kâ€™:
[3.863s] [01m[K/home/sheila/march/ros1/src/control/computed_torque/include/computed_torque/computed_torque_controller.hpp:85:36:[m[K [01;31m[Kerror: [m[Krequest for member â€˜[01m[Kposition[m[Kâ€™ in â€˜[01m[Kdesired_state[m[Kâ€™, which is of non-class type â€˜[01m[Kconst int[m[Kâ€™
[3.863s]    85 |       desired.q(i) = desired_state.[01;31m[Kposition[m[K[i];
[3.863s]       |                                    [01;31m[K^~~~~~~~[m[K
[3.864s] [01m[K/home/sheila/march/ros1/src/control/computed_torque/include/computed_torque/computed_torque_controller.hpp:86:39:[m[K [01;31m[Kerror: [m[Krequest for member â€˜[01m[Kvelocity[m[Kâ€™ in â€˜[01m[Kdesired_state[m[Kâ€™, which is of non-class type â€˜[01m[Kconst int[m[Kâ€™
[3.864s]    86 |       desired.qdot(i) = desired_state.[01;31m[Kvelocity[m[K[i];
[3.864s]       |                                       [01;31m[K^~~~~~~~[m[K
[3.864s] [01m[K/home/sheila/march/ros1/src/control/computed_torque/include/computed_torque/computed_torque_controller.hpp:87:42:[m[K [01;31m[Kerror: [m[Krequest for member â€˜[01m[Kacceleration[m[Kâ€™ in â€˜[01m[Kdesired_state[m[Kâ€™, which is of non-class type â€˜[01m[Kconst int[m[Kâ€™
[3.864s]    87 |       desired.qdotdot(i) = desired_state.[01;31m[Kacceleration[m[K[i];
[3.864s]       |                                          [01;31m[K^~~~~~~~~~~~[m[K
[3.864s] [01m[K/home/sheila/march/ros1/src/control/computed_torque/include/computed_torque/computed_torque_controller.hpp:89:32:[m[K [01;31m[Kerror: [m[Krequest for member â€˜[01m[Kposition[m[Kâ€™ in â€˜[01m[Kstate_error[m[Kâ€™, which is of non-class type â€˜[01m[Kconst int[m[Kâ€™
[3.864s]    89 |       error.q(i) = state_error.[01;31m[Kposition[m[K[i];
[3.864s]       |                                [01;31m[K^~~~~~~~[m[K
[3.864s] [01m[K/home/sheila/march/ros1/src/control/computed_torque/include/computed_torque/computed_torque_controller.hpp:90:35:[m[K [01;31m[Kerror: [m[Krequest for member â€˜[01m[Kvelocity[m[Kâ€™ in â€˜[01m[Kstate_error[m[Kâ€™, which is of non-class type â€˜[01m[Kconst int[m[Kâ€™
[3.864s]    90 |       error.qdot(i) = state_error.[01;31m[Kvelocity[m[K[i];
[3.864s]       |                                   [01;31m[K^~~~~~~~[m[K
[3.959s] [01m[K/home/sheila/march/ros1/src/control/computed_torque/include/computed_torque/computed_torque_controller.hpp:117:54:[m[K [01;31m[Kerror: [m[Kâ€˜[01m[Kerrror[m[Kâ€™ was not declared in this scope; did you mean â€˜[01m[Kerror[m[Kâ€™?
[3.959s]   117 |         const double command = -Kp*error.q.data - Kv*[01;31m[Kerrror[m[K.qdot.data;
[3.960s]       |                                                      [01;31m[K^~~~~~[m[K
[3.960s]       |                                                      [32m[Kerror[m[K
[4.855s] In file included from [01m[K/opt/ros/noetic/include/class_loader/class_loader_core.hpp:45[m[K,
[4.855s]                  from [01m[K/opt/ros/noetic/include/class_loader/class_loader.hpp:46[m[K,
[4.855s]                  from [01m[K/opt/ros/noetic/include/pluginlib/./class_list_macros.hpp:40[m[K,
[4.855s]                  from [01m[K/opt/ros/noetic/include/pluginlib/class_list_macros.h:35[m[K,
[4.855s]                  from [01m[K/home/sheila/march/ros1/src/control/computed_torque/src/computed_torque_controller.cpp:2[m[K:
[4.856s] /opt/ros/noetic/include/class_loader/meta_object.hpp: In instantiation of â€˜[01m[KB* class_loader::impl::MetaObject<C, B>::create() const [with C = controller_ns::computed_torque_controller_class; B = controller_interface::ControllerBase][m[Kâ€™:
[4.856s] [01m[K/opt/ros/noetic/include/class_loader/meta_object.hpp:196:7:[m[K   required from here
[4.856s] [01m[K/opt/ros/noetic/include/class_loader/meta_object.hpp:198:12:[m[K [01;31m[Kerror: [m[Kinvalid new-expression of abstract class type â€˜[01m[Kcontroller_ns::computed_torque_controller_class[m[Kâ€™
[4.856s]   198 |     return [01;31m[Knew C[m[K;
[4.856s]       |            [01;31m[K^~~~~[m[K
[4.856s] In file included from [01m[K/home/sheila/march/ros1/src/control/computed_torque/src/computed_torque_controller.cpp:5[m[K:
[4.857s] [01m[K/home/sheila/march/ros1/src/control/computed_torque/include/computed_torque/computed_torque_controller.h:64:11:[m[K [01;36m[Knote: [m[K  because the following virtual functions are pure within â€˜[01m[Kcontroller_ns::computed_torque_controller_class[m[Kâ€™:
[4.857s]    64 |     class [01;36m[Kcomputed_torque_controller_class[m[K : public controller_interface::Controller<hardware_interface::EffortJointInterface> {
[4.857s]       |           [01;36m[K^~~~~~~~~~~~~~~~~~~~~~~~~~~~~~~~[m[K
[4.857s] In file included from [01m[K/opt/ros/noetic/include/controller_interface/controller.h:35[m[K,
[4.857s]                  from [01m[K/home/sheila/march/ros1/src/control/computed_torque/include/computed_torque/computed_torque_controller.h:24[m[K,
[4.857s]                  from [01m[K/home/sheila/march/ros1/src/control/computed_torque/src/computed_torque_controller.cpp:5[m[K:
[4.858s] [01m[K/opt/ros/noetic/include/controller_interface/controller_base.h:73:16:[m[K [01;36m[Knote: [m[K	â€˜[01m[Kvirtual void controller_interface::ControllerBase::update(const ros::Time&, const ros::Duration&)[m[Kâ€™
[4.858s]    73 |   virtual void [01;36m[Kupdate[m[K(const ros::Time& time, const ros::Duration& period) = 0;
[4.858s]       |                [01;36m[K^~~~~~[m[K
[5.203s] make[2]: *** [CMakeFiles/computed_torque_lib.dir/build.make:63: CMakeFiles/computed_torque_lib.dir/src/computed_torque_controller.cpp.o] Error 1
[5.203s] make[1]: *** [CMakeFiles/Makefile2:1811: CMakeFiles/computed_torque_lib.dir/all] Error 2
[5.203s] make: *** [Makefile:141: all] Error 2
[5.206s] Invoked command in '/home/sheila/march/ros1/build/computed_torque' returned '2': /usr/bin/cmake --build /home/sheila/march/ros1/build/computed_torque -- -j4 -l4
