[0.021s] Invoking command in '/home/sheila/march/ros1/build/computed_torque': /usr/bin/cmake --build /home/sheila/march/ros1/build/computed_torque -- -j4 -l4
[0.100s] [  0%] Built target dynamic_reconfigure_generate_messages_nodejs
[0.101s] [  0%] Built target sensor_msgs_generate_messages_nodejs
[0.101s] [  0%] Built target sensor_msgs_generate_messages_py
[0.102s] [  0%] Built target sensor_msgs_generate_messages_cpp
[0.142s] [  0%] Built target march_shared_msgs_generate_messages_py
[0.145s] [  0%] Built target march_shared_msgs_generate_messages_nodejs
[0.147s] [  0%] Built target march_shared_msgs_generate_messages_eus
[0.156s] [  0%] Built target roscpp_generate_messages_eus
[0.180s] [  0%] Built target roscpp_generate_messages_cpp
[0.187s] [  0%] Built target control_toolbox_gencfg
[0.188s] [  0%] Built target std_msgs_generate_messages_py
[0.199s] [  0%] Built target march_shared_msgs_generate_messages_cpp
[0.218s] [  0%] Built target std_msgs_generate_messages_nodejs
[0.228s] [  0%] Built target geometry_msgs_generate_messages_eus
[0.229s] [  0%] Built target roscpp_generate_messages_nodejs
[0.238s] [  0%] Built target std_msgs_generate_messages_cpp
[0.257s] [  0%] Built target actionlib_msgs_generate_messages_py
[0.272s] [  0%] Built target march_shared_msgs_generate_messages_lisp
[0.272s] [  0%] Built target actionlib_generate_messages_cpp
[0.276s] [  0%] Built target rosgraph_msgs_generate_messages_nodejs
[0.295s] [  0%] Built target rosgraph_msgs_generate_messages_lisp
[0.310s] [  0%] Built target actionlib_generate_messages_lisp
[0.312s] [  0%] Built target actionlib_generate_messages_py
[0.317s] [  0%] Built target _catkin_empty_exported_target
[0.334s] [  0%] Built target actionlib_generate_messages_nodejs
[0.351s] [  0%] Built target trajectory_msgs_generate_messages_nodejs
[0.352s] [  0%] Built target control_msgs_generate_messages_eus
[0.356s] [  0%] Built target trajectory_msgs_generate_messages_cpp
[0.376s] [  0%] Built target control_toolbox_generate_messages_py
[0.389s] [  0%] Built target rosgraph_msgs_generate_messages_py
[0.389s] [  0%] Built target std_msgs_generate_messages_eus
[0.396s] [  0%] Built target actionlib_msgs_generate_messages_nodejs
[0.416s] [  0%] Built target actionlib_msgs_generate_messages_lisp
[0.428s] [  0%] Built target actionlib_msgs_generate_messages_cpp
[0.428s] [  0%] Built target rosgraph_msgs_generate_messages_eus
[0.436s] [  0%] Built target sensor_msgs_generate_messages_lisp
[0.458s] [  0%] Built target sensor_msgs_generate_messages_eus
[0.466s] [  0%] Built target std_msgs_generate_messages_lisp
[0.466s] [  0%] Built target control_msgs_generate_messages_lisp
[0.477s] [  0%] Built target control_msgs_generate_messages_cpp
[0.498s] [  0%] Built target roscpp_generate_messages_lisp
[0.504s] [  0%] Built target control_toolbox_generate_messages_nodejs
[0.504s] [  0%] Built target actionlib_msgs_generate_messages_eus
[0.517s] [  0%] Built target dynamic_reconfigure_generate_messages_py
[0.537s] [  0%] Built target control_msgs_generate_messages_nodejs
[0.547s] [  0%] Built target geometry_msgs_generate_messages_cpp
[0.548s] [  0%] Built target control_msgs_generate_messages_py
[0.558s] [  0%] Built target geometry_msgs_generate_messages_lisp
[0.577s] [  0%] Built target geometry_msgs_generate_messages_py
[0.586s] [  0%] Built target rosgraph_msgs_generate_messages_cpp
[0.587s] [  0%] Built target trajectory_msgs_generate_messages_lisp
[0.601s] [  0%] Built target actionlib_generate_messages_eus
[0.619s] [  0%] Built target trajectory_msgs_generate_messages_py
[0.626s] [  0%] Built target trajectory_msgs_generate_messages_eus
[0.626s] [  0%] Built target roscpp_generate_messages_py
[0.644s] [  0%] Built target control_toolbox_generate_messages_cpp
[0.663s] [  0%] Built target control_toolbox_generate_messages_eus
[0.663s] [  0%] Built target control_toolbox_generate_messages_lisp
[0.668s] [  0%] Built target dynamic_reconfigure_generate_messages_cpp
[0.683s] [  0%] Built target geometry_msgs_generate_messages_nodejs
[0.700s] [  0%] Built target dynamic_reconfigure_generate_messages_lisp
[0.701s] [  0%] Built target dynamic_reconfigure_generate_messages_eus
[0.701s] [  0%] Built target dynamic_reconfigure_gencfg
[0.716s] [35m[1mScanning dependencies of target computed_torque_lib[0m
[0.740s] [ 50%] [32mBuilding CXX object CMakeFiles/computed_torque_lib.dir/src/computed_torque_controller.cpp.o[0m
[4.107s] In file included from [01m[K/home/sheila/march/ros1/src/control/computed_torque/src/computed_torque_controller.cpp:5[m[K:
[4.108s] [01m[K/home/sheila/march/ros1/src/control/computed_torque/include/computed_torque/computed_torque_controller.h:81:31:[m[K [01;31m[Kerror: [m[Kâ€˜[01m[KState[m[Kâ€™ does not name a type
[4.108s]    81 |                         const [01;31m[KState[m[K& desired_state,
[4.108s]       |                               [01;31m[K^~~~~[m[K
[4.109s] [01m[K/home/sheila/march/ros1/src/control/computed_torque/include/computed_torque/computed_torque_controller.h:82:31:[m[K [01;31m[Kerror: [m[Kâ€˜[01m[KState[m[Kâ€™ does not name a type
[4.109s]    82 |                         const [01;31m[KState[m[K& state_error );
[4.110s]       |                               [01;31m[K^~~~~[m[K
[4.110s] [01m[K/home/sheila/march/ros1/src/control/computed_torque/include/computed_torque/computed_torque_controller.h:115:22:[m[K [01;31m[Kerror: [m[Kâ€˜[01m[KSegment[m[Kâ€™ has not been declared
[4.110s]   115 |             typename [01;31m[KSegment[m[K::State state_error_;           ///< Preallocated workspace variable.
[4.111s]       |                      [01;31m[K^~~~~~~[m[K
[4.111s] [01m[K/home/sheila/march/ros1/src/control/computed_torque/include/computed_torque/computed_torque_controller.h:116:22:[m[K [01;31m[Kerror: [m[Kâ€˜[01m[KSegment[m[Kâ€™ has not been declared
[4.111s]   116 |             typename [01;31m[KSegment[m[K::State desired_joint_state_;   ///< Preallocated workspace variable.
[4.111s]       |                      [01;31m[K^~~~~~~[m[K
[4.143s] In file included from [01m[K/home/sheila/march/ros1/src/control/computed_torque/include/computed_torque/computed_torque_controller.h:159[m[K,
[4.143s]                  from [01m[K/home/sheila/march/ros1/src/control/computed_torque/src/computed_torque_controller.cpp:5[m[K:
[4.143s] [01m[K/home/sheila/march/ros1/src/control/computed_torque/include/computed_torque/computed_torque_controller.hpp:76:53:[m[K [01;31m[Kerror: [m[Kâ€˜[01m[KState[m[Kâ€™ does not name a type
[4.143s]    76 |                                               const [01;31m[KState[m[K& desired_state,
[4.144s]       |                                                     [01;31m[K^~~~~[m[K
[4.145s] [01m[K/home/sheila/march/ros1/src/control/computed_torque/include/computed_torque/computed_torque_controller.hpp:77:53:[m[K [01;31m[Kerror: [m[Kâ€˜[01m[KState[m[Kâ€™ does not name a type
[4.145s]    77 |                                               const [01;31m[KState[m[K& state_error ){
[4.146s]       |                                                     [01;31m[K^~~~~[m[K
[4.146s] [01m[K/home/sheila/march/ros1/src/control/computed_torque/include/computed_torque/computed_torque_controller.hpp:[m[K In member function â€˜[01m[Kvoid controller_ns::computed_torque_controller_class::update(const ros::Time&, const ros::Duration&, const int&, const int&)[m[Kâ€™:
[4.146s] [01m[K/home/sheila/march/ros1/src/control/computed_torque/include/computed_torque/computed_torque_controller.hpp:88:42:[m[K [01;31m[Kerror: [m[Krequest for member â€˜[01m[Kacceleration[m[Kâ€™ in â€˜[01m[Kdesired_state[m[Kâ€™, which is of non-class type â€˜[01m[Kconst int[m[Kâ€™
[4.146s]    88 |       desired.qdotdot(i) = desired_state.[01;31m[Kacceleration[m[K[i];
[4.146s]       |                                          [01;31m[K^~~~~~~~~~~~[m[K
[4.146s] [01m[K/home/sheila/march/ros1/src/control/computed_torque/include/computed_torque/computed_torque_controller.hpp:90:32:[m[K [01;31m[Kerror: [m[Krequest for member â€˜[01m[Kposition[m[Kâ€™ in â€˜[01m[Kstate_error[m[Kâ€™, which is of non-class type â€˜[01m[Kconst int[m[Kâ€™
[4.146s]    90 |       error.q(i) = state_error.[01;31m[Kposition[m[K[i];
[4.146s]       |                                [01;31m[K^~~~~~~~[m[K
[4.146s] [01m[K/home/sheila/march/ros1/src/control/computed_torque/include/computed_torque/computed_torque_controller.hpp:91:35:[m[K [01;31m[Kerror: [m[Krequest for member â€˜[01m[Kvelocity[m[Kâ€™ in â€˜[01m[Kstate_error[m[Kâ€™, which is of non-class type â€˜[01m[Kconst int[m[Kâ€™
[4.146s]    91 |       error.qdot(i) = state_error.[01;31m[Kvelocity[m[K[i];
[4.146s]       |                                   [01;31m[K^~~~~~~~[m[K
[4.246s] [01m[K/home/sheila/march/ros1/src/control/computed_torque/include/computed_torque/computed_torque_controller.hpp:118:54:[m[K [01;31m[Kerror: [m[Kâ€˜[01m[Kerrror[m[Kâ€™ was not declared in this scope; did you mean â€˜[01m[Kerror[m[Kâ€™?
[4.247s]   118 |         const double command = -Kp*error.q.data - Kv*[01;31m[Kerrror[m[K.qdot.data;
[4.247s]       |                                                      [01;31m[K^~~~~~[m[K
[4.247s]       |                                                      [32m[Kerror[m[K
[5.445s] In file included from [01m[K/opt/ros/noetic/include/class_loader/class_loader_core.hpp:45[m[K,
[5.445s]                  from [01m[K/opt/ros/noetic/include/class_loader/class_loader.hpp:46[m[K,
[5.445s]                  from [01m[K/opt/ros/noetic/include/pluginlib/./class_list_macros.hpp:40[m[K,
[5.445s]                  from [01m[K/opt/ros/noetic/include/pluginlib/class_list_macros.h:35[m[K,
[5.445s]                  from [01m[K/home/sheila/march/ros1/src/control/computed_torque/src/computed_torque_controller.cpp:2[m[K:
[5.445s] /opt/ros/noetic/include/class_loader/meta_object.hpp: In instantiation of â€˜[01m[KB* class_loader::impl::MetaObject<C, B>::create() const [with C = controller_ns::computed_torque_controller_class; B = controller_interface::ControllerBase][m[Kâ€™:
[5.445s] [01m[K/opt/ros/noetic/include/class_loader/meta_object.hpp:196:7:[m[K   required from here
[5.445s] [01m[K/opt/ros/noetic/include/class_loader/meta_object.hpp:198:12:[m[K [01;31m[Kerror: [m[Kinvalid new-expression of abstract class type â€˜[01m[Kcontroller_ns::computed_torque_controller_class[m[Kâ€™
[5.445s]   198 |     return [01;31m[Knew C[m[K;
[5.446s]       |            [01;31m[K^~~~~[m[K
[5.446s] In file included from [01m[K/home/sheila/march/ros1/src/control/computed_torque/src/computed_torque_controller.cpp:5[m[K:
[5.446s] [01m[K/home/sheila/march/ros1/src/control/computed_torque/include/computed_torque/computed_torque_controller.h:75:11:[m[K [01;36m[Knote: [m[K  because the following virtual functions are pure within â€˜[01m[Kcontroller_ns::computed_torque_controller_class[m[Kâ€™:
[5.446s]    75 |     class [01;36m[Kcomputed_torque_controller_class[m[K : public controller_interface::Controller<hardware_interface::EffortJointInterface> {
[5.446s]       |           [01;36m[K^~~~~~~~~~~~~~~~~~~~~~~~~~~~~~~~[m[K
[5.446s] In file included from [01m[K/opt/ros/noetic/include/controller_interface/controller.h:35[m[K,
[5.447s]                  from [01m[K/home/sheila/march/ros1/src/control/computed_torque/include/computed_torque/computed_torque_controller.h:24[m[K,
[5.447s]                  from [01m[K/home/sheila/march/ros1/src/control/computed_torque/src/computed_torque_controller.cpp:5[m[K:
[5.447s] [01m[K/opt/ros/noetic/include/controller_interface/controller_base.h:73:16:[m[K [01;36m[Knote: [m[K	â€˜[01m[Kvirtual void controller_interface::ControllerBase::update(const ros::Time&, const ros::Duration&)[m[Kâ€™
[5.447s]    73 |   virtual void [01;36m[Kupdate[m[K(const ros::Time& time, const ros::Duration& period) = 0;
[5.447s]       |                [01;36m[K^~~~~~[m[K
[5.853s] make[2]: *** [CMakeFiles/computed_torque_lib.dir/build.make:63: CMakeFiles/computed_torque_lib.dir/src/computed_torque_controller.cpp.o] Error 1
[5.853s] make[1]: *** [CMakeFiles/Makefile2:265: CMakeFiles/computed_torque_lib.dir/all] Error 2
[5.853s] make: *** [Makefile:141: all] Error 2
[5.855s] Invoked command in '/home/sheila/march/ros1/build/computed_torque' returned '2': /usr/bin/cmake --build /home/sheila/march/ros1/build/computed_torque -- -j4 -l4
