[0.018s] Invoking command in '/home/sheila/march/ros1/build/computed_torque': /usr/bin/cmake --build /home/sheila/march/ros1/build/computed_torque -- -j4 -l4
[0.099s] [  0%] Built target actionlib_msgs_generate_messages_nodejs
[0.099s] [  0%] Built target std_msgs_generate_messages_eus
[0.099s] [  0%] Built target dynamic_reconfigure_generate_messages_nodejs
[0.100s] [  0%] Built target rosgraph_msgs_generate_messages_py
[0.137s] [  0%] Built target actionlib_msgs_generate_messages_lisp
[0.141s] [  0%] Built target control_msgs_generate_messages_lisp
[0.142s] [  0%] Built target rosgraph_msgs_generate_messages_eus
[0.144s] [  0%] Built target actionlib_msgs_generate_messages_cpp
[0.176s] [  0%] Built target std_msgs_generate_messages_lisp
[0.180s] [  0%] Built target control_msgs_generate_messages_cpp
[0.181s] [  0%] Built target control_toolbox_generate_messages_nodejs
[0.181s] [  0%] Built target roscpp_generate_messages_lisp
[0.215s] [  0%] Built target actionlib_msgs_generate_messages_eus
[0.218s] [  0%] Built target control_msgs_generate_messages_nodejs
[0.218s] [  0%] Built target rosgraph_msgs_generate_messages_lisp
[0.218s] [  0%] Built target dynamic_reconfigure_generate_messages_py
[0.253s] [  0%] Built target actionlib_generate_messages_py
[0.257s] [  0%] Built target actionlib_generate_messages_lisp
[0.257s] [  0%] Built target actionlib_generate_messages_nodejs
[0.257s] [  0%] Built target _catkin_empty_exported_target
[0.292s] [  0%] Built target control_msgs_generate_messages_eus
[0.294s] [  0%] Built target trajectory_msgs_generate_messages_nodejs
[0.294s] [  0%] Built target control_toolbox_generate_messages_py
[0.297s] [  0%] Built target trajectory_msgs_generate_messages_cpp
[0.331s] [  0%] Built target std_msgs_generate_messages_nodejs
[0.332s] [  0%] Built target geometry_msgs_generate_messages_eus
[0.332s] [  0%] Built target std_msgs_generate_messages_py
[0.337s] [  0%] Built target roscpp_generate_messages_nodejs
[0.369s] [  0%] Built target actionlib_msgs_generate_messages_py
[0.369s] [  0%] Built target std_msgs_generate_messages_cpp
[0.369s] [  0%] Built target actionlib_generate_messages_cpp
[0.378s] [  0%] Built target rosgraph_msgs_generate_messages_nodejs
[0.405s] [  0%] Built target roscpp_generate_messages_eus
[0.405s] [  0%] Built target control_toolbox_gencfg
[0.406s] [  0%] Built target roscpp_generate_messages_cpp
[0.417s] [  0%] Built target control_msgs_generate_messages_py
[0.443s] [  0%] Built target geometry_msgs_generate_messages_py
[0.444s] [  0%] Built target geometry_msgs_generate_messages_lisp
[0.444s] [  0%] Built target geometry_msgs_generate_messages_cpp
[0.459s] [  0%] Built target trajectory_msgs_generate_messages_lisp
[0.478s] [  0%] Built target rosgraph_msgs_generate_messages_cpp
[0.479s] [  0%] Built target actionlib_generate_messages_eus
[0.486s] [  0%] Built target trajectory_msgs_generate_messages_py
[0.497s] [  0%] Built target trajectory_msgs_generate_messages_eus
[0.516s] [  0%] Built target control_toolbox_generate_messages_cpp
[0.516s] [  0%] Built target roscpp_generate_messages_py
[0.526s] [  0%] Built target control_toolbox_generate_messages_eus
[0.536s] [  0%] Built target control_toolbox_generate_messages_lisp
[0.553s] [  0%] Built target dynamic_reconfigure_generate_messages_cpp
[0.553s] [  0%] Built target geometry_msgs_generate_messages_nodejs
[0.568s] [  0%] Built target dynamic_reconfigure_generate_messages_eus
[0.571s] [  0%] Built target dynamic_reconfigure_gencfg
[0.580s] [  0%] Built target dynamic_reconfigure_generate_messages_lisp
[0.597s] [35m[1mScanning dependencies of target computed_torque_lib[0m
[0.623s] [ 50%] [32mBuilding CXX object CMakeFiles/computed_torque_lib.dir/src/computed_torque_controller.cpp.o[0m
[3.872s] In file included from [01m[K/home/sheila/march/ros1/src/control/computed_torque/src/computed_torque_controller.cpp:5[m[K:
[3.872s] [01m[K/home/sheila/march/ros1/src/control/computed_torque/include/computed_torque/computed_torque_controller.h:73:31:[m[K [01;31m[Kerror: [m[Kâ€˜[01m[KState[m[Kâ€™ does not name a type
[3.872s]    73 |                         const [01;31m[KState[m[K& desired_state,
[3.873s]       |                               [01;31m[K^~~~~[m[K
[3.874s] [01m[K/home/sheila/march/ros1/src/control/computed_torque/include/computed_torque/computed_torque_controller.h:74:31:[m[K [01;31m[Kerror: [m[Kâ€˜[01m[KState[m[Kâ€™ does not name a type
[3.874s]    74 |                         const [01;31m[KState[m[K& state_error );
[3.874s]       |                               [01;31m[K^~~~~[m[K
[3.908s] In file included from [01m[K/home/sheila/march/ros1/src/control/computed_torque/include/computed_torque/computed_torque_controller.h:143[m[K,
[3.909s]                  from [01m[K/home/sheila/march/ros1/src/control/computed_torque/src/computed_torque_controller.cpp:5[m[K:
[3.909s] [01m[K/home/sheila/march/ros1/src/control/computed_torque/include/computed_torque/computed_torque_controller.hpp:83:53:[m[K [01;31m[Kerror: [m[Kâ€˜[01m[KState[m[Kâ€™ does not name a type
[3.909s]    83 |                                               const [01;31m[KState[m[K& desired_state,
[3.909s]       |                                                     [01;31m[K^~~~~[m[K
[3.911s] [01m[K/home/sheila/march/ros1/src/control/computed_torque/include/computed_torque/computed_torque_controller.hpp:84:53:[m[K [01;31m[Kerror: [m[Kâ€˜[01m[KState[m[Kâ€™ does not name a type
[3.911s]    84 |                                               const [01;31m[KState[m[K& state_error ){
[3.911s]       |                                                     [01;31m[K^~~~~[m[K
[3.911s] [01m[K/home/sheila/march/ros1/src/control/computed_torque/include/computed_torque/computed_torque_controller.hpp:[m[K In member function â€˜[01m[Kvoid controller_ns::computed_torque_controller_class::update(const ros::Time&, const ros::Duration&, const int&, const int&)[m[Kâ€™:
[3.912s] [01m[K/home/sheila/march/ros1/src/control/computed_torque/include/computed_torque/computed_torque_controller.hpp:93:36:[m[K [01;31m[Kerror: [m[Krequest for member â€˜[01m[Kposition[m[Kâ€™ in â€˜[01m[Kdesired_state[m[Kâ€™, which is of non-class type â€˜[01m[Kconst int[m[Kâ€™
[3.912s]    93 |       desired.q(i) = desired_state.[01;31m[Kposition[m[K[i];
[3.912s]       |                                    [01;31m[K^~~~~~~~[m[K
[3.912s] [01m[K/home/sheila/march/ros1/src/control/computed_torque/include/computed_torque/computed_torque_controller.hpp:94:39:[m[K [01;31m[Kerror: [m[Krequest for member â€˜[01m[Kvelocity[m[Kâ€™ in â€˜[01m[Kdesired_state[m[Kâ€™, which is of non-class type â€˜[01m[Kconst int[m[Kâ€™
[3.912s]    94 |       desired.qdot(i) = desired_state.[01;31m[Kvelocity[m[K[i];
[3.912s]       |                                       [01;31m[K^~~~~~~~[m[K
[3.913s] [01m[K/home/sheila/march/ros1/src/control/computed_torque/include/computed_torque/computed_torque_controller.hpp:95:42:[m[K [01;31m[Kerror: [m[Krequest for member â€˜[01m[Kacceleration[m[Kâ€™ in â€˜[01m[Kdesired_state[m[Kâ€™, which is of non-class type â€˜[01m[Kconst int[m[Kâ€™
[3.913s]    95 |       desired.qdotdot(i) = desired_state.[01;31m[Kacceleration[m[K[i];
[3.913s]       |                                          [01;31m[K^~~~~~~~~~~~[m[K
[3.913s] [01m[K/home/sheila/march/ros1/src/control/computed_torque/include/computed_torque/computed_torque_controller.hpp:97:32:[m[K [01;31m[Kerror: [m[Krequest for member â€˜[01m[Kposition[m[Kâ€™ in â€˜[01m[Kstate_error[m[Kâ€™, which is of non-class type â€˜[01m[Kconst int[m[Kâ€™
[3.913s]    97 |       error.q(i) = state_error.[01;31m[Kposition[m[K[i];
[3.913s]       |                                [01;31m[K^~~~~~~~[m[K
[3.913s] [01m[K/home/sheila/march/ros1/src/control/computed_torque/include/computed_torque/computed_torque_controller.hpp:98:35:[m[K [01;31m[Kerror: [m[Krequest for member â€˜[01m[Kvelocity[m[Kâ€™ in â€˜[01m[Kstate_error[m[Kâ€™, which is of non-class type â€˜[01m[Kconst int[m[Kâ€™
[3.914s]    98 |       error.qdot(i) = state_error.[01;31m[Kvelocity[m[K[i];
[3.914s]       |                                   [01;31m[K^~~~~~~~[m[K
[4.009s] [01m[K/home/sheila/march/ros1/src/control/computed_torque/include/computed_torque/computed_torque_controller.hpp:125:54:[m[K [01;31m[Kerror: [m[Kâ€˜[01m[Kerrror[m[Kâ€™ was not declared in this scope; did you mean â€˜[01m[Kerror[m[Kâ€™?
[4.009s]   125 |         const double command = -Kp*error.q.data - Kv*[01;31m[Kerrror[m[K.qdot.data;
[4.009s]       |                                                      [01;31m[K^~~~~~[m[K
[4.009s]       |                                                      [32m[Kerror[m[K
[5.147s] In file included from [01m[K/opt/ros/noetic/include/class_loader/class_loader_core.hpp:45[m[K,
[5.147s]                  from [01m[K/opt/ros/noetic/include/class_loader/class_loader.hpp:46[m[K,
[5.147s]                  from [01m[K/opt/ros/noetic/include/pluginlib/./class_list_macros.hpp:40[m[K,
[5.147s]                  from [01m[K/opt/ros/noetic/include/pluginlib/class_list_macros.h:35[m[K,
[5.147s]                  from [01m[K/home/sheila/march/ros1/src/control/computed_torque/src/computed_torque_controller.cpp:2[m[K:
[5.147s] /opt/ros/noetic/include/class_loader/meta_object.hpp: In instantiation of â€˜[01m[KB* class_loader::impl::MetaObject<C, B>::create() const [with C = controller_ns::computed_torque_controller_class; B = controller_interface::ControllerBase][m[Kâ€™:
[5.148s] [01m[K/opt/ros/noetic/include/class_loader/meta_object.hpp:196:7:[m[K   required from here
[5.148s] [01m[K/opt/ros/noetic/include/class_loader/meta_object.hpp:198:12:[m[K [01;31m[Kerror: [m[Kinvalid new-expression of abstract class type â€˜[01m[Kcontroller_ns::computed_torque_controller_class[m[Kâ€™
[5.148s]   198 |     return [01;31m[Knew C[m[K;
[5.148s]       |            [01;31m[K^~~~~[m[K
[5.148s] In file included from [01m[K/home/sheila/march/ros1/src/control/computed_torque/src/computed_torque_controller.cpp:5[m[K:
[5.148s] [01m[K/home/sheila/march/ros1/src/control/computed_torque/include/computed_torque/computed_torque_controller.h:67:11:[m[K [01;36m[Knote: [m[K  because the following virtual functions are pure within â€˜[01m[Kcontroller_ns::computed_torque_controller_class[m[Kâ€™:
[5.148s]    67 |     class [01;36m[Kcomputed_torque_controller_class[m[K : public controller_interface::Controller<hardware_interface::EffortJointInterface> {
[5.148s]       |           [01;36m[K^~~~~~~~~~~~~~~~~~~~~~~~~~~~~~~~[m[K
[5.148s] In file included from [01m[K/opt/ros/noetic/include/controller_interface/controller.h:35[m[K,
[5.148s]                  from [01m[K/home/sheila/march/ros1/src/control/computed_torque/include/computed_torque/computed_torque_controller.h:24[m[K,
[5.148s]                  from [01m[K/home/sheila/march/ros1/src/control/computed_torque/src/computed_torque_controller.cpp:5[m[K:
[5.148s] [01m[K/opt/ros/noetic/include/controller_interface/controller_base.h:73:16:[m[K [01;36m[Knote: [m[K	â€˜[01m[Kvirtual void controller_interface::ControllerBase::update(const ros::Time&, const ros::Duration&)[m[Kâ€™
[5.149s]    73 |   virtual void [01;36m[Kupdate[m[K(const ros::Time& time, const ros::Duration& period) = 0;
[5.149s]       |                [01;36m[K^~~~~~[m[K
[5.582s] make[2]: *** [CMakeFiles/computed_torque_lib.dir/build.make:63: CMakeFiles/computed_torque_lib.dir/src/computed_torque_controller.cpp.o] Error 1
[5.582s] make[1]: *** [CMakeFiles/Makefile2:1811: CMakeFiles/computed_torque_lib.dir/all] Error 2
[5.583s] make: *** [Makefile:141: all] Error 2
[5.585s] Invoked command in '/home/sheila/march/ros1/build/computed_torque' returned '2': /usr/bin/cmake --build /home/sheila/march/ros1/build/computed_torque -- -j4 -l4
