[0.016s] Invoking command in '/home/sheila/march/ros1/build/computed_torque': /usr/bin/cmake /home/sheila/march/ros1/src/control/computed_torque -DCATKIN_INSTALL_INTO_PREFIX_ROOT=0 -DCMAKE_INSTALL_PREFIX=/home/sheila/march/ros1/install/computed_torque
[0.143s] -- The C compiler identification is GNU 9.3.0
[0.227s] -- The CXX compiler identification is GNU 9.3.0
[0.236s] -- Check for working C compiler: /usr/bin/cc
[0.324s] -- Check for working C compiler: /usr/bin/cc -- works
[0.326s] -- Detecting C compiler ABI info
[0.422s] -- Detecting C compiler ABI info - done
[0.442s] -- Detecting C compile features
[0.443s] -- Detecting C compile features - done
[0.447s] -- Check for working CXX compiler: /usr/bin/c++
[0.548s] -- Check for working CXX compiler: /usr/bin/c++ -- works
[0.549s] -- Detecting CXX compiler ABI info
[0.654s] -- Detecting CXX compiler ABI info - done
[0.672s] -- Detecting CXX compile features
[0.673s] -- Detecting CXX compile features - done
[0.678s] -- Using CATKIN_DEVEL_PREFIX: /home/sheila/march/ros1/build/computed_torque/devel
[0.678s] -- Using CMAKE_PREFIX_PATH: /home/sheila/march/ros1/install/realsense_gazebo_plugin;/home/sheila/march/ros1/install/march_temperature_sensor_controller;/home/sheila/march/ros1/install/march_launch;/home/sheila/march/ros1/install/march_simulation;/home/sheila/march/ros1/install/march_rqt_gait_generator;/home/sheila/march/ros1/install/march_shared_classes;/home/sheila/march/ros1/install/march_realsense_reader;/home/sheila/march/ros1/install/march_pdb_state_controller;/home/sheila/march/ros1/install/march_parameter_server;/home/sheila/march/ros1/install/march_moveit_interface;/home/sheila/march/ros1/install/march_joint_inertia_controller;/home/sheila/march/ros1/install/march_hardware_interface;/home/sheila/march/ros1/install/march_gazebo_plugins;/home/sheila/march/ros1/install/march_gain_scheduling;/home/sheila/march/ros1/install/march_data_collector;/home/sheila/march/ros1/install/march_acado_mpc;/home/sheila/march/ros1/install/march_shared_msgs;/home/sheila/march/ros1/install/march_moveit;/home/sheila/march/ros1/install/march_imu_manager;/home/sheila/march/ros1/install/march_hardware_builder;/home/sheila/march/ros1/install/march_hardware;/home/sheila/march/ros1/install/march_description;/home/sheila/march/ros1/install/march_bridge_parameters;/home/sheila/march/ros1/install/joint_trajectory_controller;/home/sheila/march/ros1/install/direct_dynamic_controller;/opt/ros/noetic
[0.679s] -- This workspace overlays: /home/sheila/march/ros1/install/realsense_gazebo_plugin;/home/sheila/march/ros1/install/march_temperature_sensor_controller;/home/sheila/march/ros1/install/march_launch;/home/sheila/march/ros1/install/march_simulation;/home/sheila/march/ros1/install/march_rqt_gait_generator;/home/sheila/march/ros1/install/march_shared_classes;/home/sheila/march/ros1/install/march_realsense_reader;/home/sheila/march/ros1/install/march_pdb_state_controller;/home/sheila/march/ros1/install/march_parameter_server;/home/sheila/march/ros1/install/march_moveit_interface;/home/sheila/march/ros1/install/march_joint_inertia_controller;/home/sheila/march/ros1/install/march_hardware_interface;/home/sheila/march/ros1/install/march_gazebo_plugins;/home/sheila/march/ros1/install/march_gain_scheduling;/home/sheila/march/ros1/install/march_data_collector;/home/sheila/march/ros1/install/march_acado_mpc;/home/sheila/march/ros1/install/march_shared_msgs;/home/sheila/march/ros1/install/march_moveit;/home/sheila/march/ros1/install/march_imu_manager;/home/sheila/march/ros1/install/march_hardware_builder;/home/sheila/march/ros1/install/march_hardware;/home/sheila/march/ros1/install/march_description;/home/sheila/march/ros1/install/march_bridge_parameters;/home/sheila/march/ros1/install/joint_trajectory_controller;/home/sheila/march/ros1/install/direct_dynamic_controller;/opt/ros/noetic
[0.711s] -- Found PythonInterp: /usr/bin/python3 (found suitable version "3.8.5", minimum required is "3") 
[0.711s] -- Using PYTHON_EXECUTABLE: /usr/bin/python3
[0.711s] -- Using Debian Python package layout
[0.755s] -- Found PY_em: /usr/lib/python3/dist-packages/em.py  
[0.755s] -- Using empy: /usr/lib/python3/dist-packages/em.py
[0.908s] -- Using CATKIN_ENABLE_TESTING: ON
[0.908s] -- Call enable_testing()
[0.911s] -- Using CATKIN_TEST_RESULTS_DIR: /home/sheila/march/ros1/build/computed_torque/test_results
[1.325s] -- Forcing gtest/gmock from source, though one was otherwise available.
[1.326s] -- Found gtest sources under '/usr/src/googletest': gtests will be built
[1.326s] -- Found gmock sources under '/usr/src/googletest': gmock will be built
[1.359s] -- Found PythonInterp: /usr/bin/python3 (found version "3.8.5") 
[1.361s] -- Found Threads: TRUE  
[1.371s] -- Using Python nosetests: /usr/bin/nosetests3
[1.447s] -- catkin 0.8.9
[1.447s] -- BUILD_SHARED_LIBS is on
[2.082s] -- Configuring done
[2.109s] -- Generating done
[2.113s] -- Build files have been written to: /home/sheila/march/ros1/build/computed_torque
[2.119s] Invoked command in '/home/sheila/march/ros1/build/computed_torque' returned '0': /usr/bin/cmake /home/sheila/march/ros1/src/control/computed_torque -DCATKIN_INSTALL_INTO_PREFIX_ROOT=0 -DCMAKE_INSTALL_PREFIX=/home/sheila/march/ros1/install/computed_torque
[2.123s] Invoking command in '/home/sheila/march/ros1/build/computed_torque': /usr/bin/cmake --build /home/sheila/march/ros1/build/computed_torque -- -j4 -l4
[2.178s] [35m[1mScanning dependencies of target computed_torque[0m
[2.192s] [ 50%] [32mBuilding CXX object CMakeFiles/computed_torque.dir/src/computed_torque_controller.cpp.o[0m
[2.411s] [01m[K/home/sheila/march/ros1/src/control/computed_torque/src/computed_torque_controller.cpp:5:10:[m[K [01;31m[Kfatal error: [m[Kcomputed_torque/computed_torque_controller.h: No existe el archivo o el directorio
[2.411s]     5 | #include [01;31m[K<computed_torque/computed_torque_controller.h>[m[K
[2.412s]       |          [01;31m[K^~~~~~~~~~~~~~~~~~~~~~~~~~~~~~~~~~~~~~~~~~~~~~[m[K
[2.412s] compilation terminated.
[2.417s] make[2]: *** [CMakeFiles/computed_torque.dir/build.make:63: CMakeFiles/computed_torque.dir/src/computed_torque_controller.cpp.o] Error 1
[2.417s] make[1]: *** [CMakeFiles/Makefile2:155: CMakeFiles/computed_torque.dir/all] Error 2
[2.417s] make: *** [Makefile:141: all] Error 2
[2.420s] Invoked command in '/home/sheila/march/ros1/build/computed_torque' returned '2': /usr/bin/cmake --build /home/sheila/march/ros1/build/computed_torque -- -j4 -l4
