[0.016s] Invoking command in '/home/sheila/march/ros1/build/computed_torque': /usr/bin/cmake --build /home/sheila/march/ros1/build/computed_torque -- -j4 -l4
[0.099s] [  0%] Built target actionlib_msgs_generate_messages_nodejs
[0.100s] [  0%] Built target dynamic_reconfigure_generate_messages_nodejs
[0.100s] [  0%] Built target std_msgs_generate_messages_eus
[0.101s] [  0%] Built target rosgraph_msgs_generate_messages_py
[0.139s] [  0%] Built target actionlib_msgs_generate_messages_cpp
[0.139s] [  0%] Built target rosgraph_msgs_generate_messages_eus
[0.147s] [  0%] Built target control_msgs_generate_messages_lisp
[0.148s] [  0%] Built target actionlib_msgs_generate_messages_lisp
[0.175s] [  0%] Built target control_msgs_generate_messages_cpp
[0.176s] [  0%] Built target std_msgs_generate_messages_lisp
[0.187s] [  0%] Built target roscpp_generate_messages_lisp
[0.192s] [  0%] Built target control_toolbox_generate_messages_nodejs
[0.212s] [  0%] Built target actionlib_msgs_generate_messages_eus
[0.222s] [  0%] Built target dynamic_reconfigure_generate_messages_py
[0.227s] [  0%] Built target control_msgs_generate_messages_nodejs
[0.230s] [  0%] Built target rosgraph_msgs_generate_messages_lisp
[0.251s] [  0%] Built target actionlib_generate_messages_py
[0.264s] [  0%] Built target actionlib_generate_messages_lisp
[0.268s] [  0%] Built target actionlib_generate_messages_nodejs
[0.269s] [  0%] Built target _catkin_empty_exported_target
[0.289s] [  0%] Built target control_msgs_generate_messages_eus
[0.304s] [  0%] Built target trajectory_msgs_generate_messages_nodejs
[0.306s] [  0%] Built target trajectory_msgs_generate_messages_cpp
[0.310s] [  0%] Built target control_toolbox_generate_messages_py
[0.328s] [  0%] Built target std_msgs_generate_messages_py
[0.345s] [  0%] Built target std_msgs_generate_messages_nodejs
[0.345s] [  0%] Built target geometry_msgs_generate_messages_eus
[0.351s] [  0%] Built target roscpp_generate_messages_nodejs
[0.366s] [  0%] Built target std_msgs_generate_messages_cpp
[0.380s] [  0%] Built target actionlib_msgs_generate_messages_py
[0.385s] [  0%] Built target actionlib_generate_messages_cpp
[0.397s] [  0%] Built target rosgraph_msgs_generate_messages_nodejs
[0.405s] [  0%] Built target roscpp_generate_messages_eus
[0.417s] [  0%] Built target roscpp_generate_messages_cpp
[0.424s] [  0%] Built target control_toolbox_gencfg
[0.437s] [  0%] Built target control_msgs_generate_messages_py
[0.443s] [  0%] Built target geometry_msgs_generate_messages_cpp
[0.461s] [  0%] Built target geometry_msgs_generate_messages_lisp
[0.462s] [  0%] Built target geometry_msgs_generate_messages_py
[0.480s] [  0%] Built target trajectory_msgs_generate_messages_lisp
[0.480s] [  0%] Built target rosgraph_msgs_generate_messages_cpp
[0.499s] [  0%] Built target actionlib_generate_messages_eus
[0.499s] [  0%] Built target trajectory_msgs_generate_messages_py
[0.518s] [  0%] Built target trajectory_msgs_generate_messages_eus
[0.518s] [  0%] Built target roscpp_generate_messages_py
[0.537s] [  0%] Built target control_toolbox_generate_messages_eus
[0.537s] [  0%] Built target control_toolbox_generate_messages_cpp
[0.556s] [  0%] Built target dynamic_reconfigure_generate_messages_cpp
[0.556s] [  0%] Built target control_toolbox_generate_messages_lisp
[0.575s] [  0%] Built target geometry_msgs_generate_messages_nodejs
[0.575s] [  0%] Built target dynamic_reconfigure_generate_messages_eus
[0.588s] [  0%] Built target dynamic_reconfigure_generate_messages_lisp
[0.588s] [  0%] Built target dynamic_reconfigure_gencfg
[0.614s] [ 50%] [32mBuilding CXX object CMakeFiles/computed_torque_lib.dir/src/computed_torque_controller.cpp.o[0m
[3.815s] In file included from [01m[K/home/sheila/march/ros1/src/control/computed_torque/src/computed_torque_controller.cpp:5[m[K:
[3.815s] [01m[K/home/sheila/march/ros1/src/control/computed_torque/include/computed_torque/computed_torque_controller.h:51:83:[m[K [01;31m[Kerror: [m[Kâ€˜[01m[KState[m[Kâ€™ does not name a type
[3.815s]    51 | d update(const ros::Time &time, const ros::Duration &period, const [01;31m[KState[m[K& desired_state, const State& state_error );
[3.815s]       |                                                                    [01;31m[K^~~~~[m[K
[3.816s] 
[3.817s] [01m[K/home/sheila/march/ros1/src/control/computed_torque/include/computed_torque/computed_torque_controller.h:51:111:[m[K [01;31m[Kerror: [m[Kâ€˜[01m[KState[m[Kâ€™ does not name a type
[3.817s]    51 | me, const ros::Duration &period, const State& desired_state, const [01;31m[KState[m[K& state_error );
[3.817s]       |                                                                    [01;31m[K^~~~~[m[K
[3.818s] 
[3.821s] [01m[K/home/sheila/march/ros1/src/control/computed_torque/include/computed_torque/computed_torque_controller.h:67:13:[m[K [01;31m[Kerror: [m[Kâ€˜[01m[Kddynamic_reconfigure[m[Kâ€™ does not name a type; did you mean â€˜[01m[Kdynamic_reconfigure[m[Kâ€™?
[3.821s]    67 |             [01;31m[Kddynamic_reconfigure[m[K::DDynamicReconfigurePtr ddr;
[3.821s]       |             [01;31m[K^~~~~~~~~~~~~~~~~~~~[m[K
[3.822s]       |             [32m[Kdynamic_reconfigure[m[K
[3.843s] In file included from [01m[K/home/sheila/march/ros1/src/control/computed_torque/include/computed_torque/computed_torque_controller.h:102[m[K,
[3.843s]                  from [01m[K/home/sheila/march/ros1/src/control/computed_torque/src/computed_torque_controller.cpp:5[m[K:
[3.843s] [01m[K/home/sheila/march/ros1/src/control/computed_torque/include/computed_torque/computed_torque_controller.hpp:[m[K In member function â€˜[01m[Kbool controller_ns::computed_torque_controller_class::init(std::vector<hardware_interface::JointHandle>&, ros::NodeHandle&)[m[Kâ€™:
[3.843s] [01m[K/home/sheila/march/ros1/src/control/computed_torque/include/computed_torque/computed_torque_controller.hpp:47:5:[m[K [01;31m[Kerror: [m[Kâ€˜[01m[Kddr[m[Kâ€™ was not declared in this scope
[3.843s]    47 |     [01;31m[Kddr[m[K.reset(new ddynamic_reconfigure::DDynamicReconfigure(nh));
[3.843s]       |     [01;31m[K^~~[m[K
[3.847s] [01m[K/home/sheila/march/ros1/src/control/computed_torque/include/computed_torque/computed_torque_controller.hpp:47:19:[m[K [01;31m[Kerror: [m[Kâ€˜[01m[Kddynamic_reconfigure[m[Kâ€™ does not name a type; did you mean â€˜[01m[Kdynamic_reconfigure[m[Kâ€™?
[3.847s]    47 |     ddr.reset(new [01;31m[Kddynamic_reconfigure[m[K::DDynamicReconfigure(nh));
[3.847s]       |                   [01;31m[K^~~~~~~~~~~~~~~~~~~~[m[K
[3.847s]       |                   [32m[Kdynamic_reconfigure[m[K
[3.853s] [01m[K/home/sheila/march/ros1/src/control/computed_torque/include/computed_torque/computed_torque_controller.hpp:68:5:[m[K [01;31m[Kerror: [m[Kâ€˜[01m[Kcommand_pub_[m[Kâ€™ was not declared in this scope
[3.854s]    68 |     [01;31m[Kcommand_pub_[m[K = std::make_unique<realtime_tools::RealtimePublisher<std_msgs::Float64MultiArray>>(nh, "/march/mpc/command", 10);
[3.854s]       |     [01;31m[K^~~~~~~~~~~~[m[K
[3.854s] [01m[K/home/sheila/march/ros1/src/control/computed_torque/include/computed_torque/computed_torque_controller.hpp:68:81:[m[K [01;31m[Kerror: [m[Kâ€˜[01m[KFloat64MultiArray[m[Kâ€™ is not a member of â€˜[01m[Kstd_msgs[m[Kâ€™
[3.855s]    68 | ub_ = std::make_unique<realtime_tools::RealtimePublisher<std_msgs::[01;31m[KFloat64MultiArray[m[K>>(nh, "/march/mpc/command", 10);
[3.855s]       |                                                                    [01;31m[K^~~~~~~~~~~~~~~~~[m[K
[3.855s] 
[3.855s] [01m[K/home/sheila/march/ros1/src/control/computed_torque/include/computed_torque/computed_torque_controller.hpp:68:81:[m[K [01;31m[Kerror: [m[Kâ€˜[01m[KFloat64MultiArray[m[Kâ€™ is not a member of â€˜[01m[Kstd_msgs[m[Kâ€™
[3.856s] [01m[K/home/sheila/march/ros1/src/control/computed_torque/include/computed_torque/computed_torque_controller.hpp:68:81:[m[K [01;31m[Kerror: [m[Ktemplate argument 1 is invalid
[3.856s] In file included from [01m[K/home/sheila/march/ros1/src/control/computed_torque/include/computed_torque/computed_torque_controller.h:102[m[K,
[3.856s]                  from [01m[K/home/sheila/march/ros1/src/control/computed_torque/src/computed_torque_controller.cpp:5[m[K:
[3.856s] [01m[K/home/sheila/march/ros1/src/control/computed_torque/include/computed_torque/computed_torque_controller.hpp:68:129:[m[K [01;31m[Kerror: [m[Kno matching function for call to â€˜[01m[Kmake_unique<<expression error> >(ros::NodeHandle&, const char [19], int)[m[Kâ€™
[3.857s]    68 | ublisher<std_msgs::Float64MultiArray>>(nh, "/march/mpc/command", 10[01;31m[K)[m[K;
[3.857s]       |                                                                    [01;31m[K^[m[K
[3.857s] 
[3.857s] In file included from [01m[K/usr/include/c++/9/memory:80[m[K,
[3.857s]                  from [01m[K/usr/include/boost/config/no_tr1/memory.hpp:21[m[K,
[3.857s]                  from [01m[K/usr/include/boost/get_pointer.hpp:14[m[K,
[3.857s]                  from [01m[K/usr/include/boost/bind/mem_fn.hpp:25[m[K,
[3.857s]                  from [01m[K/usr/include/boost/mem_fn.hpp:22[m[K,
[3.858s]                  from [01m[K/usr/include/boost/bind/bind.hpp:26[m[K,
[3.858s]                  from [01m[K/usr/include/boost/bind.hpp:22[m[K,
[3.858s]                  from [01m[K/opt/ros/noetic/include/class_loader/class_loader.hpp:35[m[K,
[3.858s]                  from [01m[K/opt/ros/noetic/include/pluginlib/./class_list_macros.hpp:40[m[K,
[3.858s]                  from [01m[K/opt/ros/noetic/include/pluginlib/class_list_macros.h:35[m[K,
[3.858s]                  from [01m[K/home/sheila/march/ros1/src/control/computed_torque/src/computed_torque_controller.cpp:2[m[K:
[3.858s] [01m[K/usr/include/c++/9/bits/unique_ptr.h:856:5:[m[K [01;36m[Knote: [m[Kcandidate: â€˜[01m[Ktemplate<class _Tp, class ... _Args> typename std::_MakeUniq<_Tp>::__single_object std::make_unique(_Args&& ...)[m[Kâ€™
[3.858s]   856 |     [01;36m[Kmake_unique[m[K(_Args&&... __args)
[3.859s]       |     [01;36m[K^~~~~~~~~~~[m[K
[3.859s] [01m[K/usr/include/c++/9/bits/unique_ptr.h:856:5:[m[K [01;36m[Knote: [m[K  template argument deduction/substitution failed:
[3.859s] In file included from [01m[K/home/sheila/march/ros1/src/control/computed_torque/include/computed_torque/computed_torque_controller.h:102[m[K,
[3.859s]                  from [01m[K/home/sheila/march/ros1/src/control/computed_torque/src/computed_torque_controller.cpp:5[m[K:
[3.859s] [01m[K/home/sheila/march/ros1/src/control/computed_torque/include/computed_torque/computed_torque_controller.hpp:68:129:[m[K [01;31m[Kerror: [m[Ktemplate argument 1 is invalid
[3.859s]    68 | ublisher<std_msgs::Float64MultiArray>>(nh, "/march/mpc/command", 10[01;31m[K)[m[K;
[3.859s]       |                                                                    [01;31m[K^[m[K
[3.860s] 
[3.860s] In file included from [01m[K/usr/include/c++/9/memory:80[m[K,
[3.860s]                  from [01m[K/usr/include/boost/config/no_tr1/memory.hpp:21[m[K,
[3.860s]                  from [01m[K/usr/include/boost/get_pointer.hpp:14[m[K,
[3.860s]                  from [01m[K/usr/include/boost/bind/mem_fn.hpp:25[m[K,
[3.860s]                  from [01m[K/usr/include/boost/mem_fn.hpp:22[m[K,
[3.860s]                  from [01m[K/usr/include/boost/bind/bind.hpp:26[m[K,
[3.860s]                  from [01m[K/usr/include/boost/bind.hpp:22[m[K,
[3.861s]                  from [01m[K/opt/ros/noetic/include/class_loader/class_loader.hpp:35[m[K,
[3.861s]                  from [01m[K/opt/ros/noetic/include/pluginlib/./class_list_macros.hpp:40[m[K,
[3.861s]                  from [01m[K/opt/ros/noetic/include/pluginlib/class_list_macros.h:35[m[K,
[3.861s]                  from [01m[K/home/sheila/march/ros1/src/control/computed_torque/src/computed_torque_controller.cpp:2[m[K:
[3.861s] [01m[K/usr/include/c++/9/bits/unique_ptr.h:862:5:[m[K [01;36m[Knote: [m[Kcandidate: â€˜[01m[Ktemplate<class _Tp> typename std::_MakeUniq<_Tp>::__array std::make_unique(std::size_t)[m[Kâ€™
[3.861s]   862 |     [01;36m[Kmake_unique[m[K(size_t __num)
[3.861s]       |     [01;36m[K^~~~~~~~~~~[m[K
[3.861s] [01m[K/usr/include/c++/9/bits/unique_ptr.h:862:5:[m[K [01;36m[Knote: [m[K  template argument deduction/substitution failed:
[3.862s] In file included from [01m[K/home/sheila/march/ros1/src/control/computed_torque/include/computed_torque/computed_torque_controller.h:102[m[K,
[3.862s]                  from [01m[K/home/sheila/march/ros1/src/control/computed_torque/src/computed_torque_controller.cpp:5[m[K:
[3.862s] [01m[K/home/sheila/march/ros1/src/control/computed_torque/include/computed_torque/computed_torque_controller.hpp:68:129:[m[K [01;31m[Kerror: [m[Ktemplate argument 1 is invalid
[3.862s]    68 | ublisher<std_msgs::Float64MultiArray>>(nh, "/march/mpc/command", 10[01;31m[K)[m[K;
[3.862s]       |                                                                    [01;31m[K^[m[K
[3.862s] 
[3.863s] In file included from [01m[K/usr/include/c++/9/memory:80[m[K,
[3.863s]                  from [01m[K/usr/include/boost/config/no_tr1/memory.hpp:21[m[K,
[3.863s]                  from [01m[K/usr/include/boost/get_pointer.hpp:14[m[K,
[3.863s]                  from [01m[K/usr/include/boost/bind/mem_fn.hpp:25[m[K,
[3.863s]                  from [01m[K/usr/include/boost/mem_fn.hpp:22[m[K,
[3.863s]                  from [01m[K/usr/include/boost/bind/bind.hpp:26[m[K,
[3.863s]                  from [01m[K/usr/include/boost/bind.hpp:22[m[K,
[3.863s]                  from [01m[K/opt/ros/noetic/include/class_loader/class_loader.hpp:35[m[K,
[3.863s]                  from [01m[K/opt/ros/noetic/include/pluginlib/./class_list_macros.hpp:40[m[K,
[3.864s]                  from [01m[K/opt/ros/noetic/include/pluginlib/class_list_macros.h:35[m[K,
[3.864s]                  from [01m[K/home/sheila/march/ros1/src/control/computed_torque/src/computed_torque_controller.cpp:2[m[K:
[3.864s] [01m[K/usr/include/c++/9/bits/unique_ptr.h:868:5:[m[K [01;36m[Knote: [m[Kcandidate: â€˜[01m[Ktemplate<class _Tp, class ... _Args> typename std::_MakeUniq<_Tp>::__invalid_type std::make_unique(_Args&& ...)[m[Kâ€™ <deleted>
[3.864s]   868 |     [01;36m[Kmake_unique[m[K(_Args&&...) = delete;
[3.864s]       |     [01;36m[K^~~~~~~~~~~[m[K
[3.864s] [01m[K/usr/include/c++/9/bits/unique_ptr.h:868:5:[m[K [01;36m[Knote: [m[K  template argument deduction/substitution failed:
[3.864s] In file included from [01m[K/home/sheila/march/ros1/src/control/computed_torque/include/computed_torque/computed_torque_controller.h:102[m[K,
[3.864s]                  from [01m[K/home/sheila/march/ros1/src/control/computed_torque/src/computed_torque_controller.cpp:5[m[K:
[3.865s] [01m[K/home/sheila/march/ros1/src/control/computed_torque/include/computed_torque/computed_torque_controller.hpp:68:129:[m[K [01;31m[Kerror: [m[Ktemplate argument 1 is invalid
[3.865s]    68 | ublisher<std_msgs::Float64MultiArray>>(nh, "/march/mpc/command", 10[01;31m[K)[m[K;
[3.865s]       |                                                                    [01;31m[K^[m[K
[3.865s] 
[3.865s] [01m[K/home/sheila/march/ros1/src/control/computed_torque/include/computed_torque/computed_torque_controller.hpp:[m[K At global scope:
[3.865s] [01m[K/home/sheila/march/ros1/src/control/computed_torque/include/computed_torque/computed_torque_controller.hpp:75:53:[m[K [01;31m[Kerror: [m[Kâ€˜[01m[KState[m[Kâ€™ does not name a type
[3.865s]    75 |                                               const [01;31m[KState[m[K& desired_state, const State& state_error ){
[3.865s]       |                                                     [01;31m[K^~~~~[m[K
[3.866s] [01m[K/home/sheila/march/ros1/src/control/computed_torque/include/computed_torque/computed_torque_controller.hpp:75:81:[m[K [01;31m[Kerror: [m[Kâ€˜[01m[KState[m[Kâ€™ does not name a type
[3.866s]    75 |                                  const State& desired_state, const [01;31m[KState[m[K& state_error ){
[3.866s]       |                                                                    [01;31m[K^~~~~[m[K
[3.866s] 
[3.867s] [01m[K/home/sheila/march/ros1/src/control/computed_torque/include/computed_torque/computed_torque_controller.hpp:[m[K In member function â€˜[01m[Kvoid controller_ns::computed_torque_controller_class::update(const ros::Time&, const ros::Duration&, const int&, const int&)[m[Kâ€™:
[3.867s] [01m[K/home/sheila/march/ros1/src/control/computed_torque/include/computed_torque/computed_torque_controller.hpp:79:28:[m[K [01;31m[Kerror: [m[Kâ€˜[01m[Kn_joints[m[Kâ€™ was not declared in this scope; did you mean â€˜[01m[Knum_joints_[m[Kâ€™?
[3.868s]    79 |     for(unsigned int i=0;i<[01;31m[Kn_joints[m[K;i++){
[3.868s]       |                            [01;31m[K^~~~~~~~[m[K
[3.868s]       |                            [32m[Knum_joints_[m[K
[3.871s] [01m[K/home/sheila/march/ros1/src/control/computed_torque/include/computed_torque/computed_torque_controller.hpp:80:7:[m[K [01;31m[Kerror: [m[Kâ€˜[01m[Kcurrent[m[Kâ€™ was not declared in this scope; did you mean â€˜[01m[Kcurrent_vel[m[Kâ€™?
[3.871s]    80 |       [01;31m[Kcurrent[m[K.q(i) = (*joint_handles_ptr_)[i].getPosition();
[3.871s]       |       [01;31m[K^~~~~~~[m[K
[3.871s]       |       [32m[Kcurrent_vel[m[K
[3.874s] [01m[K/home/sheila/march/ros1/src/control/computed_torque/include/computed_torque/computed_torque_controller.hpp:84:7:[m[K [01;31m[Kerror: [m[Kâ€˜[01m[Kdesired[m[Kâ€™ was not declared in this scope
[3.874s]    84 |       [01;31m[Kdesired[m[K.q(i) = desired_state.position[i];
[3.875s]       |       [01;31m[K^~~~~~~[m[K
[3.875s] [01m[K/home/sheila/march/ros1/src/control/computed_torque/include/computed_torque/computed_torque_controller.hpp:84:36:[m[K [01;31m[Kerror: [m[Krequest for member â€˜[01m[Kposition[m[Kâ€™ in â€˜[01m[Kdesired_state[m[Kâ€™, which is of non-class type â€˜[01m[Kconst int[m[Kâ€™
[3.875s]    84 |       desired.q(i) = desired_state.[01;31m[Kposition[m[K[i];
[3.875s]       |                                    [01;31m[K^~~~~~~~[m[K
[3.875s] [01m[K/home/sheila/march/ros1/src/control/computed_torque/include/computed_torque/computed_torque_controller.hpp:85:39:[m[K [01;31m[Kerror: [m[Krequest for member â€˜[01m[Kvelocity[m[Kâ€™ in â€˜[01m[Kdesired_state[m[Kâ€™, which is of non-class type â€˜[01m[Kconst int[m[Kâ€™
[3.875s]    85 |       desired.qdot(i) = desired_state.[01;31m[Kvelocity[m[K[i];
[3.875s]       |                                       [01;31m[K^~~~~~~~[m[K
[3.875s] [01m[K/home/sheila/march/ros1/src/control/computed_torque/include/computed_torque/computed_torque_controller.hpp:86:42:[m[K [01;31m[Kerror: [m[Krequest for member â€˜[01m[Kacceleration[m[Kâ€™ in â€˜[01m[Kdesired_state[m[Kâ€™, which is of non-class type â€˜[01m[Kconst int[m[Kâ€™
[3.875s]    86 |       desired.qdotdot(i) = desired_state.[01;31m[Kacceleration[m[K[i];
[3.875s]       |                                          [01;31m[K^~~~~~~~~~~~[m[K
[3.877s] [01m[K/home/sheila/march/ros1/src/control/computed_torque/include/computed_torque/computed_torque_controller.hpp:88:7:[m[K [01;31m[Kerror: [m[Kâ€˜[01m[Kerror[m[Kâ€™ was not declared in this scope; did you mean â€˜[01m[Kperror[m[Kâ€™?
[3.877s]    88 |       [01;31m[Kerror[m[K.q(i) = state_error.position[i];
[3.877s]       |       [01;31m[K^~~~~[m[K
[3.877s]       |       [32m[Kperror[m[K
[3.877s] [01m[K/home/sheila/march/ros1/src/control/computed_torque/include/computed_torque/computed_torque_controller.hpp:88:32:[m[K [01;31m[Kerror: [m[Krequest for member â€˜[01m[Kposition[m[Kâ€™ in â€˜[01m[Kstate_error[m[Kâ€™, which is of non-class type â€˜[01m[Kconst int[m[Kâ€™
[3.877s]    88 |       error.q(i) = state_error.[01;31m[Kposition[m[K[i];
[3.878s]       |                                [01;31m[K^~~~~~~~[m[K
[3.878s] [01m[K/home/sheila/march/ros1/src/control/computed_torque/include/computed_torque/computed_torque_controller.hpp:89:35:[m[K [01;31m[Kerror: [m[Krequest for member â€˜[01m[Kvelocity[m[Kâ€™ in â€˜[01m[Kstate_error[m[Kâ€™, which is of non-class type â€˜[01m[Kconst int[m[Kâ€™
[3.878s]    89 |       error.qdot(i) = state_error.[01;31m[Kvelocity[m[K[i];
[3.878s]       |                                   [01;31m[K^~~~~~~~[m[K
[3.880s] [01m[K/home/sheila/march/ros1/src/control/computed_torque/include/computed_torque/computed_torque_controller.hpp:93:28:[m[K [01;31m[Kerror: [m[Kâ€˜[01m[Kn_joints[m[Kâ€™ was not declared in this scope; did you mean â€˜[01m[Knum_joints_[m[Kâ€™?
[3.881s]    93 |     for(unsigned int i=0;i<[01;31m[Kn_joints[m[K;i++){
[3.881s]       |                            [01;31m[K^~~~~~~~[m[K
[3.881s]       |                            [32m[Knum_joints_[m[K
[3.883s] [01m[K/home/sheila/march/ros1/src/control/computed_torque/include/computed_torque/computed_torque_controller.hpp:[m[K At global scope:
[3.883s] [01m[K/home/sheila/march/ros1/src/control/computed_torque/include/computed_torque/computed_torque_controller.hpp:105:54:[m[K [01;31m[Kerror: [m[Kâ€˜[01m[Kchain[m[Kâ€™ was not declared in this scope
[3.883s]   105 |     KDL::ChainDynParam dynamics = KDL::ChainDynParam([01;31m[Kchain[m[K, KDL::Vector(0.0,0.0,-9.81));
[3.883s]       |                                                      [01;31m[K^~~~~[m[K
[3.885s] [01m[K/home/sheila/march/ros1/src/control/computed_torque/include/computed_torque/computed_torque_controller.hpp:108:5:[m[K [01;31m[Kerror: [m[Kâ€˜[01m[Kdynamics[m[Kâ€™ does not name a type
[3.885s]   108 |     [01;31m[Kdynamics[m[K.JntToGravity(current.q,G);
[3.885s]       |     [01;31m[K^~~~~~~~[m[K
[3.886s] [01m[K/home/sheila/march/ros1/src/control/computed_torque/include/computed_torque/computed_torque_controller.hpp:109:5:[m[K [01;31m[Kerror: [m[Kâ€˜[01m[Kdynamics[m[Kâ€™ does not name a type
[3.886s]   109 |     [01;31m[Kdynamics[m[K.JntToCoriolis(current.q,current.qdot,C);
[3.886s]       |     [01;31m[K^~~~~~~~[m[K
[3.887s] [01m[K/home/sheila/march/ros1/src/control/computed_torque/include/computed_torque/computed_torque_controller.hpp:110:5:[m[K [01;31m[Kerror: [m[Kâ€˜[01m[Kdynamics[m[Kâ€™ does not name a type
[3.887s]   110 |     [01;31m[Kdynamics[m[K.JntToMass(current.q,M);
[3.887s]       |     [01;31m[K^~~~~~~~[m[K
[3.889s] [01m[K/home/sheila/march/ros1/src/control/computed_torque/include/computed_torque/computed_torque_controller.hpp:112:5:[m[K [01;31m[Kerror: [m[Kâ€˜[01m[Ktau[m[Kâ€™ does not name a type; did you mean â€˜[01m[Ktan[m[Kâ€™?
[3.889s]   112 |     [01;31m[Ktau[m[K.data = M.data*(desired.qdotdot.data + Kp*error.q.data + Kv*error.qdot.data) + C.data + G.data - F * current.qdot.data;
[3.889s]       |     [01;31m[K^~~[m[K
[3.889s]       |     [32m[Ktan[m[K
[3.889s] [01m[K/home/sheila/march/ros1/src/control/computed_torque/include/computed_torque/computed_torque_controller.hpp:113:5:[m[K [01;31m[Kerror: [m[Kexpected unqualified-id before â€˜[01m[Kfor[m[Kâ€™
[3.889s]   113 |     [01;31m[Kfor[m[K (unsigned int i = 0; i < n_joints; ++i)
[3.889s]       |     [01;31m[K^~~[m[K
[3.890s] [01m[K/home/sheila/march/ros1/src/control/computed_torque/include/computed_torque/computed_torque_controller.hpp:113:30:[m[K [01;31m[Kerror: [m[Kâ€˜[01m[Ki[m[Kâ€™ does not name a type
[3.890s]   113 |     for (unsigned int i = 0; [01;31m[Ki[m[K < n_joints; ++i)
[3.890s]       |                              [01;31m[K^[m[K
[3.890s] [01m[K/home/sheila/march/ros1/src/control/computed_torque/include/computed_torque/computed_torque_controller.hpp:113:44:[m[K [01;31m[Kerror: [m[Kexpected unqualified-id before â€˜[01m[K++[m[Kâ€™ token
[3.890s]   113 |     for (unsigned int i = 0; i < n_joints; [01;31m[K++[m[Ki)
[3.890s]       |                                            [01;31m[K^~[m[K
[3.891s] [01m[K/home/sheila/march/ros1/src/control/computed_torque/include/computed_torque/computed_torque_controller.hpp:126:6:[m[K [01;31m[Kerror: [m[Kâ€˜[01m[Kcomputed_torque_controller_class[m[Kâ€™ has not been declared
[3.891s]   126 | void [01;31m[Kcomputed_torque_controller_class[m[K::starting(const ros::Time& /*time*/)
[3.891s]       |      [01;31m[K^~~~~~~~~~~~~~~~~~~~~~~~~~~~~~~~[m[K
[3.905s] [01m[K/home/sheila/march/ros1/src/control/computed_torque/include/computed_torque/computed_torque_controller.hpp:[m[K In function â€˜[01m[Kvoid starting(const ros::Time&)[m[Kâ€™:
[3.905s] [01m[K/home/sheila/march/ros1/src/control/computed_torque/include/computed_torque/computed_torque_controller.hpp:128:8:[m[K [01;31m[Kerror: [m[Kâ€˜[01m[Kjoint_handles_ptr_[m[Kâ€™ was not declared in this scope
[3.905s]   128 |   if (![01;31m[Kjoint_handles_ptr_[m[K) {return;}
[3.905s]       |        [01;31m[K^~~~~~~~~~~~~~~~~~[m[K
[3.909s] [01m[K/home/sheila/march/ros1/src/control/computed_torque/include/computed_torque/computed_torque_controller.hpp:131:32:[m[K [01;31m[Kerror: [m[Kâ€˜[01m[Knum_joints_[m[Kâ€™ was not declared in this scope
[3.909s]   131 |   for (unsigned int i = 0; i < [01;31m[Knum_joints_[m[K; ++i)
[3.909s]       |                                [01;31m[K^~~~~~~~~~~[m[K
[3.924s] [01m[K/home/sheila/march/ros1/src/control/computed_torque/include/computed_torque/computed_torque_controller.hpp:133:7:[m[K [01;31m[Kerror: [m[Kâ€˜[01m[Kjoint_handles_ptr_[m[Kâ€™ was not declared in this scope
[3.924s]   133 |     (*[01;31m[Kjoint_handles_ptr_[m[K)[i].setCommand(0.0);
[3.924s]       |       [01;31m[K^~~~~~~~~~~~~~~~~~[m[K
[3.924s] [01m[K/home/sheila/march/ros1/src/control/computed_torque/include/computed_torque/computed_torque_controller.hpp:[m[K At global scope:
[3.924s] [01m[K/home/sheila/march/ros1/src/control/computed_torque/include/computed_torque/computed_torque_controller.hpp:138:6:[m[K [01;31m[Kerror: [m[Kâ€˜[01m[KModelPredictiveControllerInterface[m[Kâ€™ has not been declared
[3.924s]   138 | void [01;31m[KModelPredictiveControllerInterface[m[K::stopping(const ros::Time& /*time*/){ }
[3.924s]       |      [01;31m[K^~~~~~~~~~~~~~~~~~~~~~~~~~~~~~~~~~[m[K
[3.924s] [01m[K/home/sheila/march/ros1/src/control/computed_torque/include/computed_torque/computed_torque_controller.hpp:141:1:[m[K [01;31m[Kerror: [m[Kexpected declaration before â€˜[01m[K}[m[Kâ€™ token
[3.924s]   141 | [01;31m[K}[m[K
[3.924s]       | [01;31m[K^[m[K
[3.927s] In file included from [01m[K/opt/ros/noetic/include/class_loader/class_loader.hpp:47[m[K,
[3.927s]                  from [01m[K/opt/ros/noetic/include/pluginlib/./class_list_macros.hpp:40[m[K,
[3.927s]                  from [01m[K/opt/ros/noetic/include/pluginlib/class_list_macros.h:35[m[K,
[3.927s]                  from [01m[K/home/sheila/march/ros1/src/control/computed_torque/src/computed_torque_controller.cpp:2[m[K:
[3.927s] [01m[K/home/sheila/march/ros1/src/control/computed_torque/src/computed_torque_controller.cpp:13:24:[m[K [01;31m[Kerror: [m[Kâ€˜[01m[Keffort_controller[m[Kâ€™ does not name a type; did you mean â€˜[01m[Keffort_controllers[m[Kâ€™?
[3.927s]    13 | PLUGINLIB_EXPORT_CLASS([01;31m[Keffort_controller[m[K::ComputedTorque, controller_interface::ControllerBase);
[3.927s]       |                        [01;31m[K^~~~~~~~~~~~~~~~~[m[K
[3.927s] [01m[K/opt/ros/noetic/include/class_loader/register_macro.hpp:43:14:[m[K [01;36m[Knote: [m[Kin definition of macro â€˜[01m[KCLASS_LOADER_REGISTER_CLASS_INTERNAL_WITH_MESSAGE[m[Kâ€™
[3.927s]    43 |     typedef  [01;36m[KDerived[m[K _derived; \
[3.927s]       |              [01;36m[K^~~~~~~[m[K
[3.927s] [01m[K/opt/ros/noetic/include/class_loader/register_macro.hpp:63:3:[m[K [01;36m[Knote: [m[Kin expansion of macro â€˜[01m[KCLASS_LOADER_REGISTER_CLASS_INTERNAL_HOP1_WITH_MESSAGE[m[Kâ€™
[3.928s]    63 |   [01;36m[KCLASS_LOADER_REGISTER_CLASS_INTERNAL_HOP1_WITH_MESSAGE[m[K(Derived, Base, __COUNTER__, Message)
[3.928s]       |   [01;36m[K^~~~~~~~~~~~~~~~~~~~~~~~~~~~~~~~~~~~~~~~~~~~~~~~~~~~~~[m[K
[3.928s] [01m[K/opt/ros/noetic/include/class_loader/register_macro.hpp:70:3:[m[K [01;36m[Knote: [m[Kin expansion of macro â€˜[01m[KCLASS_LOADER_REGISTER_CLASS_WITH_MESSAGE[m[Kâ€™
[3.928s]    70 |   [01;36m[KCLASS_LOADER_REGISTER_CLASS_WITH_MESSAGE[m[K(Derived, Base, "")
[3.928s]       |   [01;36m[K^~~~~~~~~~~~~~~~~~~~~~~~~~~~~~~~~~~~~~~~[m[K
[3.928s] [01m[K/opt/ros/noetic/include/pluginlib/./class_list_macros.hpp:49:3:[m[K [01;36m[Knote: [m[Kin expansion of macro â€˜[01m[KCLASS_LOADER_REGISTER_CLASS[m[Kâ€™
[3.928s]    49 |   [01;36m[KCLASS_LOADER_REGISTER_CLASS[m[K(class_type, base_class_type)
[3.928s]       |   [01;36m[K^~~~~~~~~~~~~~~~~~~~~~~~~~~[m[K
[3.928s] [01m[K/home/sheila/march/ros1/src/control/computed_torque/src/computed_torque_controller.cpp:13:1:[m[K [01;36m[Knote: [m[Kin expansion of macro â€˜[01m[KPLUGINLIB_EXPORT_CLASS[m[Kâ€™
[3.928s]    13 | [01;36m[KPLUGINLIB_EXPORT_CLASS[m[K(effort_controller::ComputedTorque, controller_interface::ControllerBase);
[3.928s]       | [01;36m[K^~~~~~~~~~~~~~~~~~~~~~[m[K
[3.932s] [01m[K/home/sheila/march/ros1/src/control/computed_torque/src/computed_torque_controller.cpp:[m[K In constructor â€˜[01m[K{anonymous}::ProxyExec0::ProxyExec0()[m[Kâ€™:
[3.932s] [01m[K/opt/ros/noetic/include/class_loader/register_macro.hpp:49:42:[m[K [01;31m[Kerror: [m[Kâ€˜[01m[K_derived[m[Kâ€™ was not declared in this scope
[3.932s]    49 |       class_loader::impl::registerPlugin<[01;31m[K_derived[m[K, _base>(#Derived, #Base); \
[3.932s]       |                                          [01;31m[K^~~~~~~~[m[K
[3.932s] [01m[K/opt/ros/noetic/include/class_loader/register_macro.hpp:56:3:[m[K [01;36m[Knote: [m[Kin expansion of macro â€˜[01m[KCLASS_LOADER_REGISTER_CLASS_INTERNAL_WITH_MESSAGE[m[Kâ€™
[3.932s]    56 |   [01;36m[KCLASS_LOADER_REGISTER_CLASS_INTERNAL_WITH_MESSAGE[m[K(Derived, Base, UniqueID, Message)
[3.932s]       |   [01;36m[K^~~~~~~~~~~~~~~~~~~~~~~~~~~~~~~~~~~~~~~~~~~~~~~~~[m[K
[3.932s] [01m[K/opt/ros/noetic/include/class_loader/register_macro.hpp:63:3:[m[K [01;36m[Knote: [m[Kin expansion of macro â€˜[01m[KCLASS_LOADER_REGISTER_CLASS_INTERNAL_HOP1_WITH_MESSAGE[m[Kâ€™
[3.932s]    63 |   [01;36m[KCLASS_LOADER_REGISTER_CLASS_INTERNAL_HOP1_WITH_MESSAGE[m[K(Derived, Base, __COUNTER__, Message)
[3.932s]       |   [01;36m[K^~~~~~~~~~~~~~~~~~~~~~~~~~~~~~~~~~~~~~~~~~~~~~~~~~~~~~[m[K
[3.933s] [01m[K/opt/ros/noetic/include/class_loader/register_macro.hpp:70:3:[m[K [01;36m[Knote: [m[Kin expansion of macro â€˜[01m[KCLASS_LOADER_REGISTER_CLASS_WITH_MESSAGE[m[Kâ€™
[3.933s]    70 |   [01;36m[KCLASS_LOADER_REGISTER_CLASS_WITH_MESSAGE[m[K(Derived, Base, "")
[3.933s]       |   [01;36m[K^~~~~~~~~~~~~~~~~~~~~~~~~~~~~~~~~~~~~~~~[m[K
[3.933s] [01m[K/opt/ros/noetic/include/pluginlib/./class_list_macros.hpp:49:3:[m[K [01;36m[Knote: [m[Kin expansion of macro â€˜[01m[KCLASS_LOADER_REGISTER_CLASS[m[Kâ€™
[3.933s]    49 |   [01;36m[KCLASS_LOADER_REGISTER_CLASS[m[K(class_type, base_class_type)
[3.933s]       |   [01;36m[K^~~~~~~~~~~~~~~~~~~~~~~~~~~[m[K
[3.933s] [01m[K/home/sheila/march/ros1/src/control/computed_torque/src/computed_torque_controller.cpp:13:1:[m[K [01;36m[Knote: [m[Kin expansion of macro â€˜[01m[KPLUGINLIB_EXPORT_CLASS[m[Kâ€™
[3.933s]    13 | [01;36m[KPLUGINLIB_EXPORT_CLASS[m[K(effort_controller::ComputedTorque, controller_interface::ControllerBase);
[3.933s]       | [01;36m[K^~~~~~~~~~~~~~~~~~~~~~[m[K
[3.933s] [01m[K/opt/ros/noetic/include/class_loader/register_macro.hpp:49:74:[m[K [01;31m[Kerror: [m[Kno matching function for call to â€˜[01m[KregisterPlugin<<expression error>, {anonymous}::ProxyExec0::_base>(const char [34], const char [37])[m[Kâ€™
[3.933s]    49 |       class_loader::impl::registerPlugin<_derived, _base>(#Derived, #Base[01;31m[K)[m[K; \
[3.933s]       |                                                                          [01;31m[K^[m[K
[3.933s] [01m[K/opt/ros/noetic/include/class_loader/register_macro.hpp:56:3:[m[K [01;36m[Knote: [m[Kin expansion of macro â€˜[01m[KCLASS_LOADER_REGISTER_CLASS_INTERNAL_WITH_MESSAGE[m[Kâ€™
[3.934s]    56 |   [01;36m[KCLASS_LOADER_REGISTER_CLASS_INTERNAL_WITH_MESSAGE[m[K(Derived, Base, UniqueID, Message)
[3.934s]       |   [01;36m[K^~~~~~~~~~~~~~~~~~~~~~~~~~~~~~~~~~~~~~~~~~~~~~~~~[m[K
[3.934s] [01m[K/opt/ros/noetic/include/class_loader/register_macro.hpp:63:3:[m[K [01;36m[Knote: [m[Kin expansion of macro â€˜[01m[KCLASS_LOADER_REGISTER_CLASS_INTERNAL_HOP1_WITH_MESSAGE[m[Kâ€™
[3.934s]    63 |   [01;36m[KCLASS_LOADER_REGISTER_CLASS_INTERNAL_HOP1_WITH_MESSAGE[m[K(Derived, Base, __COUNTER__, Message)
[3.934s]       |   [01;36m[K^~~~~~~~~~~~~~~~~~~~~~~~~~~~~~~~~~~~~~~~~~~~~~~~~~~~~~[m[K
[3.934s] [01m[K/opt/ros/noetic/include/class_loader/register_macro.hpp:70:3:[m[K [01;36m[Knote: [m[Kin expansion of macro â€˜[01m[KCLASS_LOADER_REGISTER_CLASS_WITH_MESSAGE[m[Kâ€™
[3.934s]    70 |   [01;36m[KCLASS_LOADER_REGISTER_CLASS_WITH_MESSAGE[m[K(Derived, Base, "")
[3.934s]       |   [01;36m[K^~~~~~~~~~~~~~~~~~~~~~~~~~~~~~~~~~~~~~~~[m[K
[3.934s] [01m[K/opt/ros/noetic/include/pluginlib/./class_list_macros.hpp:49:3:[m[K [01;36m[Knote: [m[Kin expansion of macro â€˜[01m[KCLASS_LOADER_REGISTER_CLASS[m[Kâ€™
[3.935s]    49 |   [01;36m[KCLASS_LOADER_REGISTER_CLASS[m[K(class_type, base_class_type)
[3.935s]       |   [01;36m[K^~~~~~~~~~~~~~~~~~~~~~~~~~~[m[K
[3.935s] [01m[K/home/sheila/march/ros1/src/control/computed_torque/src/computed_torque_controller.cpp:13:1:[m[K [01;36m[Knote: [m[Kin expansion of macro â€˜[01m[KPLUGINLIB_EXPORT_CLASS[m[Kâ€™
[3.935s]    13 | [01;36m[KPLUGINLIB_EXPORT_CLASS[m[K(effort_controller::ComputedTorque, controller_interface::ControllerBase);
[3.935s]       | [01;36m[K^~~~~~~~~~~~~~~~~~~~~~[m[K
[3.935s] In file included from [01m[K/opt/ros/noetic/include/class_loader/class_loader.hpp:46[m[K,
[3.935s]                  from [01m[K/opt/ros/noetic/include/pluginlib/./class_list_macros.hpp:40[m[K,
[3.935s]                  from [01m[K/opt/ros/noetic/include/pluginlib/class_list_macros.h:35[m[K,
[3.935s]                  from [01m[K/home/sheila/march/ros1/src/control/computed_torque/src/computed_torque_controller.cpp:2[m[K:
[3.935s] [01m[K/opt/ros/noetic/include/class_loader/class_loader_core.hpp:176:6:[m[K [01;36m[Knote: [m[Kcandidate: â€˜[01m[Ktemplate<class Derived, class Base> void class_loader::impl::registerPlugin(const string&, const string&)[m[Kâ€™
[3.935s]   176 | void [01;36m[KregisterPlugin[m[K(const std::string & class_name, const std::string & base_class_name)
[3.935s]       |      [01;36m[K^~~~~~~~~~~~~~[m[K
[3.935s] [01m[K/opt/ros/noetic/include/class_loader/class_loader_core.hpp:176:6:[m[K [01;36m[Knote: [m[K  template argument deduction/substitution failed:
[3.936s] In file included from [01m[K/opt/ros/noetic/include/class_loader/class_loader.hpp:47[m[K,
[3.936s]                  from [01m[K/opt/ros/noetic/include/pluginlib/./class_list_macros.hpp:40[m[K,
[3.936s]                  from [01m[K/opt/ros/noetic/include/pluginlib/class_list_macros.h:35[m[K,
[3.936s]                  from [01m[K/home/sheila/march/ros1/src/control/computed_torque/src/computed_torque_controller.cpp:2[m[K:
[3.936s] [01m[K/opt/ros/noetic/include/class_loader/register_macro.hpp:49:74:[m[K [01;31m[Kerror: [m[Ktemplate argument 1 is invalid
[3.936s]    49 |       class_loader::impl::registerPlugin<_derived, _base>(#Derived, #Base[01;31m[K)[m[K; \
[3.936s]       |                                                                          [01;31m[K^[m[K
[3.936s] [01m[K/opt/ros/noetic/include/class_loader/register_macro.hpp:56:3:[m[K [01;36m[Knote: [m[Kin expansion of macro â€˜[01m[KCLASS_LOADER_REGISTER_CLASS_INTERNAL_WITH_MESSAGE[m[Kâ€™
[3.936s]    56 |   [01;36m[KCLASS_LOADER_REGISTER_CLASS_INTERNAL_WITH_MESSAGE[m[K(Derived, Base, UniqueID, Message)
[3.936s]       |   [01;36m[K^~~~~~~~~~~~~~~~~~~~~~~~~~~~~~~~~~~~~~~~~~~~~~~~~[m[K
[3.936s] [01m[K/opt/ros/noetic/include/class_loader/register_macro.hpp:63:3:[m[K [01;36m[Knote: [m[Kin expansion of macro â€˜[01m[KCLASS_LOADER_REGISTER_CLASS_INTERNAL_HOP1_WITH_MESSAGE[m[Kâ€™
[3.936s]    63 |   [01;36m[KCLASS_LOADER_REGISTER_CLASS_INTERNAL_HOP1_WITH_MESSAGE[m[K(Derived, Base, __COUNTER__, Message)
[3.936s]       |   [01;36m[K^~~~~~~~~~~~~~~~~~~~~~~~~~~~~~~~~~~~~~~~~~~~~~~~~~~~~~[m[K
[3.937s] [01m[K/opt/ros/noetic/include/class_loader/register_macro.hpp:70:3:[m[K [01;36m[Knote: [m[Kin expansion of macro â€˜[01m[KCLASS_LOADER_REGISTER_CLASS_WITH_MESSAGE[m[Kâ€™
[3.937s]    70 |   [01;36m[KCLASS_LOADER_REGISTER_CLASS_WITH_MESSAGE[m[K(Derived, Base, "")
[3.937s]       |   [01;36m[K^~~~~~~~~~~~~~~~~~~~~~~~~~~~~~~~~~~~~~~~[m[K
[3.937s] [01m[K/opt/ros/noetic/include/pluginlib/./class_list_macros.hpp:49:3:[m[K [01;36m[Knote: [m[Kin expansion of macro â€˜[01m[KCLASS_LOADER_REGISTER_CLASS[m[Kâ€™
[3.937s]    49 |   [01;36m[KCLASS_LOADER_REGISTER_CLASS[m[K(class_type, base_class_type)
[3.937s]       |   [01;36m[K^~~~~~~~~~~~~~~~~~~~~~~~~~~[m[K
[3.937s] [01m[K/home/sheila/march/ros1/src/control/computed_torque/src/computed_torque_controller.cpp:13:1:[m[K [01;36m[Knote: [m[Kin expansion of macro â€˜[01m[KPLUGINLIB_EXPORT_CLASS[m[Kâ€™
[3.937s]    13 | [01;36m[KPLUGINLIB_EXPORT_CLASS[m[K(effort_controller::ComputedTorque, controller_interface::ControllerBase);
[3.937s]       | [01;36m[K^~~~~~~~~~~~~~~~~~~~~~[m[K
[4.910s] make[2]: *** [CMakeFiles/computed_torque_lib.dir/build.make:63: CMakeFiles/computed_torque_lib.dir/src/computed_torque_controller.cpp.o] Error 1
[4.910s] make[1]: *** [CMakeFiles/Makefile2:1811: CMakeFiles/computed_torque_lib.dir/all] Error 2
[4.911s] make: *** [Makefile:141: all] Error 2
[4.913s] Invoked command in '/home/sheila/march/ros1/build/computed_torque' returned '2': /usr/bin/cmake --build /home/sheila/march/ros1/build/computed_torque -- -j4 -l4
