[0.019s] Invoking command in '/home/sheila/march/ros1/build/computed_torque': /usr/bin/cmake --build /home/sheila/march/ros1/build/computed_torque -- -j4 -l4
[0.102s] [  0%] Built target rosgraph_msgs_generate_messages_py
[0.103s] [  0%] Built target std_msgs_generate_messages_eus
[0.103s] [  0%] Built target dynamic_reconfigure_generate_messages_nodejs
[0.110s] [  0%] Built target actionlib_msgs_generate_messages_nodejs
[0.141s] [  0%] Built target actionlib_msgs_generate_messages_lisp
[0.144s] [  0%] Built target actionlib_msgs_generate_messages_cpp
[0.147s] [  0%] Built target rosgraph_msgs_generate_messages_eus
[0.161s] [  0%] Built target control_msgs_generate_messages_lisp
[0.180s] [  0%] Built target std_msgs_generate_messages_lisp
[0.182s] [  0%] Built target control_msgs_generate_messages_cpp
[0.187s] [  0%] Built target roscpp_generate_messages_lisp
[0.199s] [  0%] Built target control_toolbox_generate_messages_nodejs
[0.218s] [  0%] Built target actionlib_msgs_generate_messages_eus
[0.221s] [  0%] Built target dynamic_reconfigure_generate_messages_py
[0.228s] [  0%] Built target control_msgs_generate_messages_nodejs
[0.238s] [  0%] Built target rosgraph_msgs_generate_messages_lisp
[0.256s] [  0%] Built target actionlib_generate_messages_py
[0.267s] [  0%] Built target actionlib_generate_messages_lisp
[0.269s] [  0%] Built target _catkin_empty_exported_target
[0.275s] [  0%] Built target actionlib_generate_messages_nodejs
[0.294s] [  0%] Built target control_msgs_generate_messages_eus
[0.306s] [  0%] Built target trajectory_msgs_generate_messages_nodejs
[0.307s] [  0%] Built target trajectory_msgs_generate_messages_cpp
[0.315s] [  0%] Built target control_toolbox_generate_messages_py
[0.334s] [  0%] Built target std_msgs_generate_messages_py
[0.345s] [  0%] Built target std_msgs_generate_messages_nodejs
[0.345s] [  0%] Built target geometry_msgs_generate_messages_eus
[0.359s] [  0%] Built target roscpp_generate_messages_nodejs
[0.372s] [  0%] Built target std_msgs_generate_messages_cpp
[0.384s] [  0%] Built target actionlib_generate_messages_cpp
[0.388s] [  0%] Built target actionlib_msgs_generate_messages_py
[0.399s] [  0%] Built target rosgraph_msgs_generate_messages_nodejs
[0.409s] [  0%] Built target roscpp_generate_messages_eus
[0.426s] [  0%] Built target control_toolbox_gencfg
[0.427s] [  0%] Built target roscpp_generate_messages_cpp
[0.440s] [  0%] Built target control_msgs_generate_messages_py
[0.449s] [  0%] Built target geometry_msgs_generate_messages_cpp
[0.464s] [  0%] Built target geometry_msgs_generate_messages_lisp
[0.465s] [  0%] Built target geometry_msgs_generate_messages_py
[0.481s] [  0%] Built target trajectory_msgs_generate_messages_lisp
[0.487s] [  0%] Built target rosgraph_msgs_generate_messages_cpp
[0.503s] [  0%] Built target actionlib_generate_messages_eus
[0.504s] [  0%] Built target trajectory_msgs_generate_messages_py
[0.520s] [  0%] Built target trajectory_msgs_generate_messages_eus
[0.530s] [  0%] Built target roscpp_generate_messages_py
[0.541s] [  0%] Built target control_toolbox_generate_messages_cpp
[0.543s] [  0%] Built target control_toolbox_generate_messages_eus
[0.559s] [  0%] Built target control_toolbox_generate_messages_lisp
[0.570s] [  0%] Built target dynamic_reconfigure_generate_messages_cpp
[0.577s] [  0%] Built target geometry_msgs_generate_messages_nodejs
[0.584s] [  0%] Built target dynamic_reconfigure_generate_messages_eus
[0.592s] [  0%] Built target dynamic_reconfigure_gencfg
[0.602s] [  0%] Built target dynamic_reconfigure_generate_messages_lisp
[0.618s] [35m[1mScanning dependencies of target computed_torque_lib[0m
[0.646s] [ 50%] [32mBuilding CXX object CMakeFiles/computed_torque_lib.dir/src/computed_torque_controller.cpp.o[0m
[3.881s] In file included from [01m[K/home/sheila/march/ros1/src/control/computed_torque/src/computed_torque_controller.cpp:5[m[K:
[3.881s] [01m[K/home/sheila/march/ros1/src/control/computed_torque/include/computed_torque/computed_torque_controller.h:74:31:[m[K [01;31m[Kerror: [m[Kâ€˜[01m[KState[m[Kâ€™ does not name a type
[3.881s]    74 |                         const [01;31m[KState[m[K& desired_state,
[3.881s]       |                               [01;31m[K^~~~~[m[K
[3.883s] [01m[K/home/sheila/march/ros1/src/control/computed_torque/include/computed_torque/computed_torque_controller.h:75:31:[m[K [01;31m[Kerror: [m[Kâ€˜[01m[KState[m[Kâ€™ does not name a type
[3.883s]    75 |                         const [01;31m[KState[m[K& state_error );
[3.883s]       |                               [01;31m[K^~~~~[m[K
[3.917s] In file included from [01m[K/home/sheila/march/ros1/src/control/computed_torque/include/computed_torque/computed_torque_controller.h:144[m[K,
[3.917s]                  from [01m[K/home/sheila/march/ros1/src/control/computed_torque/src/computed_torque_controller.cpp:5[m[K:
[3.918s] [01m[K/home/sheila/march/ros1/src/control/computed_torque/include/computed_torque/computed_torque_controller.hpp:83:53:[m[K [01;31m[Kerror: [m[Kâ€˜[01m[KState[m[Kâ€™ does not name a type
[3.918s]    83 |                                               const [01;31m[KState[m[K& desired_state,
[3.918s]       |                                                     [01;31m[K^~~~~[m[K
[3.919s] [01m[K/home/sheila/march/ros1/src/control/computed_torque/include/computed_torque/computed_torque_controller.hpp:84:53:[m[K [01;31m[Kerror: [m[Kâ€˜[01m[KState[m[Kâ€™ does not name a type
[3.919s]    84 |                                               const [01;31m[KState[m[K& state_error ){
[3.920s]       |                                                     [01;31m[K^~~~~[m[K
[3.920s] [01m[K/home/sheila/march/ros1/src/control/computed_torque/include/computed_torque/computed_torque_controller.hpp:[m[K In member function â€˜[01m[Kvoid controller_ns::computed_torque_controller_class::update(const ros::Time&, const ros::Duration&, const int&, const int&)[m[Kâ€™:
[3.920s] [01m[K/home/sheila/march/ros1/src/control/computed_torque/include/computed_torque/computed_torque_controller.hpp:93:36:[m[K [01;31m[Kerror: [m[Krequest for member â€˜[01m[Kposition[m[Kâ€™ in â€˜[01m[Kdesired_state[m[Kâ€™, which is of non-class type â€˜[01m[Kconst int[m[Kâ€™
[3.920s]    93 |       desired.q(i) = desired_state.[01;31m[Kposition[m[K[i];
[3.920s]       |                                    [01;31m[K^~~~~~~~[m[K
[3.920s] [01m[K/home/sheila/march/ros1/src/control/computed_torque/include/computed_torque/computed_torque_controller.hpp:94:39:[m[K [01;31m[Kerror: [m[Krequest for member â€˜[01m[Kvelocity[m[Kâ€™ in â€˜[01m[Kdesired_state[m[Kâ€™, which is of non-class type â€˜[01m[Kconst int[m[Kâ€™
[3.920s]    94 |       desired.qdot(i) = desired_state.[01;31m[Kvelocity[m[K[i];
[3.920s]       |                                       [01;31m[K^~~~~~~~[m[K
[3.920s] [01m[K/home/sheila/march/ros1/src/control/computed_torque/include/computed_torque/computed_torque_controller.hpp:95:42:[m[K [01;31m[Kerror: [m[Krequest for member â€˜[01m[Kacceleration[m[Kâ€™ in â€˜[01m[Kdesired_state[m[Kâ€™, which is of non-class type â€˜[01m[Kconst int[m[Kâ€™
[3.920s]    95 |       desired.qdotdot(i) = desired_state.[01;31m[Kacceleration[m[K[i];
[3.920s]       |                                          [01;31m[K^~~~~~~~~~~~[m[K
[3.920s] [01m[K/home/sheila/march/ros1/src/control/computed_torque/include/computed_torque/computed_torque_controller.hpp:97:32:[m[K [01;31m[Kerror: [m[Krequest for member â€˜[01m[Kposition[m[Kâ€™ in â€˜[01m[Kstate_error[m[Kâ€™, which is of non-class type â€˜[01m[Kconst int[m[Kâ€™
[3.920s]    97 |       error.q(i) = state_error.[01;31m[Kposition[m[K[i];
[3.921s]       |                                [01;31m[K^~~~~~~~[m[K
[3.921s] [01m[K/home/sheila/march/ros1/src/control/computed_torque/include/computed_torque/computed_torque_controller.hpp:98:35:[m[K [01;31m[Kerror: [m[Krequest for member â€˜[01m[Kvelocity[m[Kâ€™ in â€˜[01m[Kstate_error[m[Kâ€™, which is of non-class type â€˜[01m[Kconst int[m[Kâ€™
[3.921s]    98 |       error.qdot(i) = state_error.[01;31m[Kvelocity[m[K[i];
[3.921s]       |                                   [01;31m[K^~~~~~~~[m[K
[4.017s] [01m[K/home/sheila/march/ros1/src/control/computed_torque/include/computed_torque/computed_torque_controller.hpp:125:54:[m[K [01;31m[Kerror: [m[Kâ€˜[01m[Kerrror[m[Kâ€™ was not declared in this scope; did you mean â€˜[01m[Kerror[m[Kâ€™?
[4.017s]   125 |         const double command = -Kp*error.q.data - Kv*[01;31m[Kerrror[m[K.qdot.data;
[4.017s]       |                                                      [01;31m[K^~~~~~[m[K
[4.017s]       |                                                      [32m[Kerror[m[K
[4.916s] In file included from [01m[K/opt/ros/noetic/include/class_loader/class_loader_core.hpp:45[m[K,
[4.916s]                  from [01m[K/opt/ros/noetic/include/class_loader/class_loader.hpp:46[m[K,
[4.916s]                  from [01m[K/opt/ros/noetic/include/pluginlib/./class_list_macros.hpp:40[m[K,
[4.916s]                  from [01m[K/opt/ros/noetic/include/pluginlib/class_list_macros.h:35[m[K,
[4.916s]                  from [01m[K/home/sheila/march/ros1/src/control/computed_torque/src/computed_torque_controller.cpp:2[m[K:
[4.916s] /opt/ros/noetic/include/class_loader/meta_object.hpp: In instantiation of â€˜[01m[KB* class_loader::impl::MetaObject<C, B>::create() const [with C = controller_ns::computed_torque_controller_class; B = controller_interface::ControllerBase][m[Kâ€™:
[4.917s] [01m[K/opt/ros/noetic/include/class_loader/meta_object.hpp:196:7:[m[K   required from here
[4.917s] [01m[K/opt/ros/noetic/include/class_loader/meta_object.hpp:198:12:[m[K [01;31m[Kerror: [m[Kinvalid new-expression of abstract class type â€˜[01m[Kcontroller_ns::computed_torque_controller_class[m[Kâ€™
[4.917s]   198 |     return [01;31m[Knew C[m[K;
[4.917s]       |            [01;31m[K^~~~~[m[K
[4.917s] In file included from [01m[K/home/sheila/march/ros1/src/control/computed_torque/src/computed_torque_controller.cpp:5[m[K:
[4.917s] [01m[K/home/sheila/march/ros1/src/control/computed_torque/include/computed_torque/computed_torque_controller.h:68:11:[m[K [01;36m[Knote: [m[K  because the following virtual functions are pure within â€˜[01m[Kcontroller_ns::computed_torque_controller_class[m[Kâ€™:
[4.917s]    68 |     class [01;36m[Kcomputed_torque_controller_class[m[K : public controller_interface::Controller<hardware_interface::EffortJointInterface> {
[4.918s]       |           [01;36m[K^~~~~~~~~~~~~~~~~~~~~~~~~~~~~~~~[m[K
[4.918s] In file included from [01m[K/opt/ros/noetic/include/controller_interface/controller.h:35[m[K,
[4.918s]                  from [01m[K/home/sheila/march/ros1/src/control/computed_torque/include/computed_torque/computed_torque_controller.h:24[m[K,
[4.918s]                  from [01m[K/home/sheila/march/ros1/src/control/computed_torque/src/computed_torque_controller.cpp:5[m[K:
[4.918s] [01m[K/opt/ros/noetic/include/controller_interface/controller_base.h:73:16:[m[K [01;36m[Knote: [m[K	â€˜[01m[Kvirtual void controller_interface::ControllerBase::update(const ros::Time&, const ros::Duration&)[m[Kâ€™
[4.918s]    73 |   virtual void [01;36m[Kupdate[m[K(const ros::Time& time, const ros::Duration& period) = 0;
[4.919s]       |                [01;36m[K^~~~~~[m[K
[5.572s] make[2]: *** [CMakeFiles/computed_torque_lib.dir/build.make:63: CMakeFiles/computed_torque_lib.dir/src/computed_torque_controller.cpp.o] Error 1
[5.572s] make[1]: *** [CMakeFiles/Makefile2:1811: CMakeFiles/computed_torque_lib.dir/all] Error 2
[5.572s] make: *** [Makefile:141: all] Error 2
[5.575s] Invoked command in '/home/sheila/march/ros1/build/computed_torque' returned '2': /usr/bin/cmake --build /home/sheila/march/ros1/build/computed_torque -- -j4 -l4
