[0.021s] Invoking command in '/home/sheila/march/ros1/build/computed_torque': /usr/bin/cmake --build /home/sheila/march/ros1/build/computed_torque -- -j4 -l4
[0.113s] [  0%] Built target dynamic_reconfigure_generate_messages_nodejs
[0.114s] [  0%] Built target sensor_msgs_generate_messages_py
[0.118s] [  0%] Built target sensor_msgs_generate_messages_nodejs
[0.126s] [  0%] Built target sensor_msgs_generate_messages_cpp
[0.158s] [  0%] Built target march_shared_msgs_generate_messages_py
[0.162s] [  0%] Built target march_shared_msgs_generate_messages_eus
[0.162s] [  0%] Built target march_shared_msgs_generate_messages_nodejs
[0.180s] [  0%] Built target roscpp_generate_messages_eus
[0.200s] [  0%] Built target control_toolbox_gencfg
[0.204s] [  0%] Built target roscpp_generate_messages_cpp
[0.211s] [  0%] Built target std_msgs_generate_messages_py
[0.228s] [  0%] Built target march_shared_msgs_generate_messages_cpp
[0.245s] [  0%] Built target std_msgs_generate_messages_nodejs
[0.249s] [  0%] Built target geometry_msgs_generate_messages_eus
[0.253s] [  0%] Built target roscpp_generate_messages_nodejs
[0.275s] [  0%] Built target std_msgs_generate_messages_cpp
[0.289s] [  0%] Built target actionlib_msgs_generate_messages_py
[0.292s] [  0%] Built target actionlib_generate_messages_cpp
[0.294s] [  0%] Built target march_shared_msgs_generate_messages_lisp
[0.324s] [  0%] Built target rosgraph_msgs_generate_messages_nodejs
[0.333s] [  0%] Built target rosgraph_msgs_generate_messages_lisp
[0.334s] [  0%] Built target actionlib_generate_messages_lisp
[0.336s] [  0%] Built target actionlib_generate_messages_py
[0.369s] [  0%] Built target _catkin_empty_exported_target
[0.377s] [  0%] Built target control_msgs_generate_messages_eus
[0.377s] [  0%] Built target actionlib_generate_messages_nodejs
[0.380s] [  0%] Built target trajectory_msgs_generate_messages_nodejs
[0.411s] [  0%] Built target trajectory_msgs_generate_messages_cpp
[0.418s] [  0%] Built target rosgraph_msgs_generate_messages_py
[0.418s] [  0%] Built target control_toolbox_generate_messages_py
[0.421s] [  0%] Built target std_msgs_generate_messages_eus
[0.460s] [  0%] Built target actionlib_msgs_generate_messages_nodejs
[0.462s] [  0%] Built target actionlib_msgs_generate_messages_cpp
[0.462s] [  0%] Built target actionlib_msgs_generate_messages_lisp
[0.462s] [  0%] Built target rosgraph_msgs_generate_messages_eus
[0.502s] [  0%] Built target sensor_msgs_generate_messages_eus
[0.502s] [  0%] Built target control_msgs_generate_messages_lisp
[0.511s] [  0%] Built target std_msgs_generate_messages_lisp
[0.530s] [  0%] Built target sensor_msgs_generate_messages_lisp
[0.544s] [  0%] Built target control_msgs_generate_messages_cpp
[0.553s] [  0%] Built target roscpp_generate_messages_lisp
[0.558s] [  0%] Built target control_toolbox_generate_messages_nodejs
[0.572s] [  0%] Built target actionlib_msgs_generate_messages_eus
[0.591s] [  0%] Built target dynamic_reconfigure_generate_messages_py
[0.595s] [  0%] Built target control_msgs_generate_messages_nodejs
[0.602s] [  0%] Built target control_msgs_generate_messages_py
[0.615s] [  0%] Built target geometry_msgs_generate_messages_cpp
[0.634s] [  0%] Built target geometry_msgs_generate_messages_lisp
[0.637s] [  0%] Built target geometry_msgs_generate_messages_py
[0.654s] [  0%] Built target trajectory_msgs_generate_messages_lisp
[0.657s] [  0%] Built target rosgraph_msgs_generate_messages_cpp
[0.675s] [  0%] Built target actionlib_generate_messages_eus
[0.681s] [  0%] Built target trajectory_msgs_generate_messages_py
[0.696s] [  0%] Built target roscpp_generate_messages_py
[0.697s] [  0%] Built target trajectory_msgs_generate_messages_eus
[0.718s] [  0%] Built target control_toolbox_generate_messages_cpp
[0.730s] [  0%] Built target control_toolbox_generate_messages_eus
[0.737s] [  0%] Built target control_toolbox_generate_messages_lisp
[0.754s] [  0%] Built target dynamic_reconfigure_generate_messages_cpp
[0.759s] [  0%] Built target geometry_msgs_generate_messages_nodejs
[0.771s] [  0%] Built target dynamic_reconfigure_gencfg
[0.775s] [  0%] Built target dynamic_reconfigure_generate_messages_eus
[0.790s] [  0%] Built target dynamic_reconfigure_generate_messages_lisp
[0.805s] [35m[1mScanning dependencies of target computed_torque_lib[0m
[0.835s] [ 50%] [32mBuilding CXX object CMakeFiles/computed_torque_lib.dir/src/computed_torque_controller.cpp.o[0m
[4.524s] In file included from [01m[K/home/sheila/march/ros1/src/control/computed_torque/src/computed_torque_controller.cpp:5[m[K:
[4.524s] [01m[K/home/sheila/march/ros1/src/control/computed_torque/include/computed_torque/computed_torque_controller.h:78:31:[m[K [01;31m[Kerror: [m[Kâ€˜[01m[KState[m[Kâ€™ does not name a type
[4.524s]    78 |                         const [01;31m[KState[m[K& desired_state,
[4.525s]       |                               [01;31m[K^~~~~[m[K
[4.526s] [01m[K/home/sheila/march/ros1/src/control/computed_torque/include/computed_torque/computed_torque_controller.h:79:31:[m[K [01;31m[Kerror: [m[Kâ€˜[01m[KState[m[Kâ€™ does not name a type
[4.526s]    79 |                         const [01;31m[KState[m[K& state_error );
[4.526s]       |                               [01;31m[K^~~~~[m[K
[4.527s] [01m[K/home/sheila/march/ros1/src/control/computed_torque/include/computed_torque/computed_torque_controller.h:107:22:[m[K [01;31m[Kerror: [m[Kâ€˜[01m[KSegment[m[Kâ€™ has not been declared
[4.527s]   107 |             typename [01;31m[KSegment[m[K::State current_state_;         ///< Preallocated workspace variable.
[4.527s]       |                      [01;31m[K^~~~~~~[m[K
[4.527s] [01m[K/home/sheila/march/ros1/src/control/computed_torque/include/computed_torque/computed_torque_controller.h:108:22:[m[K [01;31m[Kerror: [m[Kâ€˜[01m[KSegment[m[Kâ€™ has not been declared
[4.527s]   108 |             typename [01;31m[KSegment[m[K::State old_desired_state_;     ///< Preallocated workspace variable.
[4.528s]       |                      [01;31m[K^~~~~~~[m[K
[4.528s] [01m[K/home/sheila/march/ros1/src/control/computed_torque/include/computed_torque/computed_torque_controller.h:109:22:[m[K [01;31m[Kerror: [m[Kâ€˜[01m[KSegment[m[Kâ€™ has not been declared
[4.528s]   109 |             typename [01;31m[KSegment[m[K::State state_error_;           ///< Preallocated workspace variable.
[4.528s]       |                      [01;31m[K^~~~~~~[m[K
[4.528s] [01m[K/home/sheila/march/ros1/src/control/computed_torque/include/computed_torque/computed_torque_controller.h:110:22:[m[K [01;31m[Kerror: [m[Kâ€˜[01m[KSegment[m[Kâ€™ has not been declared
[4.528s]   110 |             typename [01;31m[KSegment[m[K::State desired_joint_state_;   ///< Preallocated workspace variable.
[4.528s]       |                      [01;31m[K^~~~~~~[m[K
[4.528s] [01m[K/home/sheila/march/ros1/src/control/computed_torque/include/computed_torque/computed_torque_controller.h:111:22:[m[K [01;31m[Kerror: [m[Kâ€˜[01m[KSegment[m[Kâ€™ has not been declared
[4.528s]   111 |             typename [01;31m[KSegment[m[K::State state_joint_error_;     ///< Preallocated workspace variable.
[4.528s]       |                      [01;31m[K^~~~~~~[m[K
[4.562s] In file included from [01m[K/home/sheila/march/ros1/src/control/computed_torque/include/computed_torque/computed_torque_controller.h:155[m[K,
[4.562s]                  from [01m[K/home/sheila/march/ros1/src/control/computed_torque/src/computed_torque_controller.cpp:5[m[K:
[4.562s] [01m[K/home/sheila/march/ros1/src/control/computed_torque/include/computed_torque/computed_torque_controller.hpp:76:53:[m[K [01;31m[Kerror: [m[Kâ€˜[01m[KState[m[Kâ€™ does not name a type
[4.562s]    76 |                                               const [01;31m[KState[m[K& desired_state,
[4.562s]       |                                                     [01;31m[K^~~~~[m[K
[4.563s] [01m[K/home/sheila/march/ros1/src/control/computed_torque/include/computed_torque/computed_torque_controller.hpp:77:53:[m[K [01;31m[Kerror: [m[Kâ€˜[01m[KState[m[Kâ€™ does not name a type
[4.564s]    77 |                                               const [01;31m[KState[m[K& state_error ){
[4.564s]       |                                                     [01;31m[K^~~~~[m[K
[4.564s] [01m[K/home/sheila/march/ros1/src/control/computed_torque/include/computed_torque/computed_torque_controller.hpp:[m[K In member function â€˜[01m[Kvoid controller_ns::computed_torque_controller_class::update(const ros::Time&, const ros::Duration&, const int&, const int&)[m[Kâ€™:
[4.564s] [01m[K/home/sheila/march/ros1/src/control/computed_torque/include/computed_torque/computed_torque_controller.hpp:88:42:[m[K [01;31m[Kerror: [m[Krequest for member â€˜[01m[Kacceleration[m[Kâ€™ in â€˜[01m[Kdesired_state[m[Kâ€™, which is of non-class type â€˜[01m[Kconst int[m[Kâ€™
[4.564s]    88 |       desired.qdotdot(i) = desired_state.[01;31m[Kacceleration[m[K[i];
[4.564s]       |                                          [01;31m[K^~~~~~~~~~~~[m[K
[4.564s] [01m[K/home/sheila/march/ros1/src/control/computed_torque/include/computed_torque/computed_torque_controller.hpp:90:32:[m[K [01;31m[Kerror: [m[Krequest for member â€˜[01m[Kposition[m[Kâ€™ in â€˜[01m[Kstate_error[m[Kâ€™, which is of non-class type â€˜[01m[Kconst int[m[Kâ€™
[4.564s]    90 |       error.q(i) = state_error.[01;31m[Kposition[m[K[i];
[4.564s]       |                                [01;31m[K^~~~~~~~[m[K
[4.565s] [01m[K/home/sheila/march/ros1/src/control/computed_torque/include/computed_torque/computed_torque_controller.hpp:91:35:[m[K [01;31m[Kerror: [m[Krequest for member â€˜[01m[Kvelocity[m[Kâ€™ in â€˜[01m[Kstate_error[m[Kâ€™, which is of non-class type â€˜[01m[Kconst int[m[Kâ€™
[4.565s]    91 |       error.qdot(i) = state_error.[01;31m[Kvelocity[m[K[i];
[4.565s]       |                                   [01;31m[K^~~~~~~~[m[K
[4.674s] [01m[K/home/sheila/march/ros1/src/control/computed_torque/include/computed_torque/computed_torque_controller.hpp:118:54:[m[K [01;31m[Kerror: [m[Kâ€˜[01m[Kerrror[m[Kâ€™ was not declared in this scope; did you mean â€˜[01m[Kerror[m[Kâ€™?
[4.674s]   118 |         const double command = -Kp*error.q.data - Kv*[01;31m[Kerrror[m[K.qdot.data;
[4.674s]       |                                                      [01;31m[K^~~~~~[m[K
[4.675s]       |                                                      [32m[Kerror[m[K
[5.681s] In file included from [01m[K/opt/ros/noetic/include/class_loader/class_loader_core.hpp:45[m[K,
[5.681s]                  from [01m[K/opt/ros/noetic/include/class_loader/class_loader.hpp:46[m[K,
[5.681s]                  from [01m[K/opt/ros/noetic/include/pluginlib/./class_list_macros.hpp:40[m[K,
[5.682s]                  from [01m[K/opt/ros/noetic/include/pluginlib/class_list_macros.h:35[m[K,
[5.682s]                  from [01m[K/home/sheila/march/ros1/src/control/computed_torque/src/computed_torque_controller.cpp:2[m[K:
[5.682s] /opt/ros/noetic/include/class_loader/meta_object.hpp: In instantiation of â€˜[01m[KB* class_loader::impl::MetaObject<C, B>::create() const [with C = controller_ns::computed_torque_controller_class; B = controller_interface::ControllerBase][m[Kâ€™:
[5.682s] [01m[K/opt/ros/noetic/include/class_loader/meta_object.hpp:196:7:[m[K   required from here
[5.682s] [01m[K/opt/ros/noetic/include/class_loader/meta_object.hpp:198:12:[m[K [01;31m[Kerror: [m[Kinvalid new-expression of abstract class type â€˜[01m[Kcontroller_ns::computed_torque_controller_class[m[Kâ€™
[5.682s]   198 |     return [01;31m[Knew C[m[K;
[5.682s]       |            [01;31m[K^~~~~[m[K
[5.682s] In file included from [01m[K/home/sheila/march/ros1/src/control/computed_torque/src/computed_torque_controller.cpp:5[m[K:
[5.682s] [01m[K/home/sheila/march/ros1/src/control/computed_torque/include/computed_torque/computed_torque_controller.h:72:11:[m[K [01;36m[Knote: [m[K  because the following virtual functions are pure within â€˜[01m[Kcontroller_ns::computed_torque_controller_class[m[Kâ€™:
[5.682s]    72 |     class [01;36m[Kcomputed_torque_controller_class[m[K : public controller_interface::Controller<hardware_interface::EffortJointInterface> {
[5.682s]       |           [01;36m[K^~~~~~~~~~~~~~~~~~~~~~~~~~~~~~~~[m[K
[5.682s] In file included from [01m[K/opt/ros/noetic/include/controller_interface/controller.h:35[m[K,
[5.683s]                  from [01m[K/home/sheila/march/ros1/src/control/computed_torque/include/computed_torque/computed_torque_controller.h:24[m[K,
[5.683s]                  from [01m[K/home/sheila/march/ros1/src/control/computed_torque/src/computed_torque_controller.cpp:5[m[K:
[5.683s] [01m[K/opt/ros/noetic/include/controller_interface/controller_base.h:73:16:[m[K [01;36m[Knote: [m[K	â€˜[01m[Kvirtual void controller_interface::ControllerBase::update(const ros::Time&, const ros::Duration&)[m[Kâ€™
[5.683s]    73 |   virtual void [01;36m[Kupdate[m[K(const ros::Time& time, const ros::Duration& period) = 0;
[5.683s]       |                [01;36m[K^~~~~~[m[K
[6.325s] make[2]: *** [CMakeFiles/computed_torque_lib.dir/build.make:63: CMakeFiles/computed_torque_lib.dir/src/computed_torque_controller.cpp.o] Error 1
[6.326s] make[1]: *** [CMakeFiles/Makefile2:265: CMakeFiles/computed_torque_lib.dir/all] Error 2
[6.326s] make: *** [Makefile:141: all] Error 2
[6.331s] Invoked command in '/home/sheila/march/ros1/build/computed_torque' returned '2': /usr/bin/cmake --build /home/sheila/march/ros1/build/computed_torque -- -j4 -l4
