[0.017s] Invoking command in '/home/sheila/march/ros1/build/computed_torque': /usr/bin/cmake --build /home/sheila/march/ros1/build/computed_torque -- -j4 -l4
[0.099s] [  0%] Built target actionlib_msgs_generate_messages_nodejs
[0.099s] [  0%] Built target rosgraph_msgs_generate_messages_py
[0.100s] [  0%] Built target std_msgs_generate_messages_eus
[0.100s] [  0%] Built target dynamic_reconfigure_generate_messages_nodejs
[0.134s] [  0%] Built target rosgraph_msgs_generate_messages_eus
[0.134s] [  0%] Built target actionlib_msgs_generate_messages_cpp
[0.146s] [  0%] Built target actionlib_msgs_generate_messages_lisp
[0.150s] [  0%] Built target control_msgs_generate_messages_lisp
[0.171s] [  0%] Built target std_msgs_generate_messages_lisp
[0.180s] [  0%] Built target control_msgs_generate_messages_cpp
[0.184s] [  0%] Built target roscpp_generate_messages_lisp
[0.190s] [  0%] Built target control_toolbox_generate_messages_nodejs
[0.209s] [  0%] Built target actionlib_msgs_generate_messages_eus
[0.218s] [  0%] Built target dynamic_reconfigure_generate_messages_py
[0.224s] [  0%] Built target control_msgs_generate_messages_nodejs
[0.228s] [  0%] Built target rosgraph_msgs_generate_messages_lisp
[0.246s] [  0%] Built target actionlib_generate_messages_py
[0.258s] [  0%] Built target actionlib_generate_messages_lisp
[0.264s] [  0%] Built target _catkin_empty_exported_target
[0.265s] [  0%] Built target actionlib_generate_messages_nodejs
[0.283s] [  0%] Built target control_msgs_generate_messages_eus
[0.297s] [  0%] Built target trajectory_msgs_generate_messages_nodejs
[0.302s] [  0%] Built target control_toolbox_generate_messages_py
[0.302s] [  0%] Built target trajectory_msgs_generate_messages_cpp
[0.321s] [  0%] Built target std_msgs_generate_messages_py
[0.339s] [  0%] Built target geometry_msgs_generate_messages_eus
[0.340s] [  0%] Built target std_msgs_generate_messages_nodejs
[0.341s] [  0%] Built target roscpp_generate_messages_nodejs
[0.357s] [  0%] Built target std_msgs_generate_messages_cpp
[0.376s] [  0%] Built target actionlib_msgs_generate_messages_py
[0.376s] [  0%] Built target rosgraph_msgs_generate_messages_nodejs
[0.377s] [  0%] Built target actionlib_generate_messages_cpp
[0.394s] [  0%] Built target roscpp_generate_messages_eus
[0.413s] [  0%] Built target control_msgs_generate_messages_py
[0.413s] [  0%] Built target control_toolbox_gencfg
[0.414s] [  0%] Built target roscpp_generate_messages_cpp
[0.433s] [  0%] Built target geometry_msgs_generate_messages_cpp
[0.451s] [  0%] Built target geometry_msgs_generate_messages_lisp
[0.451s] [  0%] Built target geometry_msgs_generate_messages_py
[0.452s] [  0%] Built target trajectory_msgs_generate_messages_lisp
[0.470s] [  0%] Built target rosgraph_msgs_generate_messages_cpp
[0.488s] [  0%] Built target trajectory_msgs_generate_messages_eus
[0.488s] [  0%] Built target trajectory_msgs_generate_messages_py
[0.488s] [  0%] Built target actionlib_generate_messages_eus
[0.507s] [  0%] Built target roscpp_generate_messages_py
[0.526s] [  0%] Built target control_toolbox_generate_messages_cpp
[0.526s] [  0%] Built target control_toolbox_generate_messages_eus
[0.526s] [  0%] Built target control_toolbox_generate_messages_lisp
[0.544s] [  0%] Built target dynamic_reconfigure_generate_messages_cpp
[0.561s] [  0%] Built target geometry_msgs_generate_messages_nodejs
[0.564s] [  0%] Built target dynamic_reconfigure_generate_messages_eus
[0.568s] [  0%] Built target dynamic_reconfigure_gencfg
[0.576s] [  0%] Built target dynamic_reconfigure_generate_messages_lisp
[0.593s] [35m[1mScanning dependencies of target computed_torque_lib[0m
[0.618s] [ 50%] [32mBuilding CXX object CMakeFiles/computed_torque_lib.dir/src/computed_torque_controller.cpp.o[0m
[3.863s] In file included from [01m[K/home/sheila/march/ros1/src/control/computed_torque/src/computed_torque_controller.cpp:5[m[K:
[3.864s] [01m[K/home/sheila/march/ros1/src/control/computed_torque/include/computed_torque/computed_torque_controller.h:80:31:[m[K [01;31m[Kerror: [m[Kâ€˜[01m[KState[m[Kâ€™ does not name a type
[3.864s]    80 |                         const [01;31m[KState[m[K& desired_state,
[3.864s]       |                               [01;31m[K^~~~~[m[K
[3.866s] [01m[K/home/sheila/march/ros1/src/control/computed_torque/include/computed_torque/computed_torque_controller.h:81:31:[m[K [01;31m[Kerror: [m[Kâ€˜[01m[KState[m[Kâ€™ does not name a type
[3.866s]    81 |                         const [01;31m[KState[m[K& state_error );
[3.866s]       |                               [01;31m[K^~~~~[m[K
[3.898s] In file included from [01m[K/home/sheila/march/ros1/src/control/computed_torque/include/computed_torque/computed_torque_controller.h:150[m[K,
[3.898s]                  from [01m[K/home/sheila/march/ros1/src/control/computed_torque/src/computed_torque_controller.cpp:5[m[K:
[3.898s] [01m[K/home/sheila/march/ros1/src/control/computed_torque/include/computed_torque/computed_torque_controller.hpp:76:53:[m[K [01;31m[Kerror: [m[Kâ€˜[01m[KState[m[Kâ€™ does not name a type
[3.898s]    76 |                                               const [01;31m[KState[m[K& desired_state,
[3.898s]       |                                                     [01;31m[K^~~~~[m[K
[3.900s] [01m[K/home/sheila/march/ros1/src/control/computed_torque/include/computed_torque/computed_torque_controller.hpp:77:53:[m[K [01;31m[Kerror: [m[Kâ€˜[01m[KState[m[Kâ€™ does not name a type
[3.900s]    77 |                                               const [01;31m[KState[m[K& state_error ){
[3.900s]       |                                                     [01;31m[K^~~~~[m[K
[3.901s] [01m[K/home/sheila/march/ros1/src/control/computed_torque/include/computed_torque/computed_torque_controller.hpp:[m[K In member function â€˜[01m[Kvoid controller_ns::computed_torque_controller_class::update(const ros::Time&, const ros::Duration&, const int&, const int&)[m[Kâ€™:
[3.901s] [01m[K/home/sheila/march/ros1/src/control/computed_torque/include/computed_torque/computed_torque_controller.hpp:86:36:[m[K [01;31m[Kerror: [m[Krequest for member â€˜[01m[Kposition[m[Kâ€™ in â€˜[01m[Kdesired_state[m[Kâ€™, which is of non-class type â€˜[01m[Kconst int[m[Kâ€™
[3.901s]    86 |       desired.q(i) = desired_state.[01;31m[Kposition[m[K[i];
[3.901s]       |                                    [01;31m[K^~~~~~~~[m[K
[3.901s] [01m[K/home/sheila/march/ros1/src/control/computed_torque/include/computed_torque/computed_torque_controller.hpp:87:39:[m[K [01;31m[Kerror: [m[Krequest for member â€˜[01m[Kvelocity[m[Kâ€™ in â€˜[01m[Kdesired_state[m[Kâ€™, which is of non-class type â€˜[01m[Kconst int[m[Kâ€™
[3.902s]    87 |       desired.qdot(i) = desired_state.[01;31m[Kvelocity[m[K[i];
[3.902s]       |                                       [01;31m[K^~~~~~~~[m[K
[3.902s] [01m[K/home/sheila/march/ros1/src/control/computed_torque/include/computed_torque/computed_torque_controller.hpp:88:42:[m[K [01;31m[Kerror: [m[Krequest for member â€˜[01m[Kacceleration[m[Kâ€™ in â€˜[01m[Kdesired_state[m[Kâ€™, which is of non-class type â€˜[01m[Kconst int[m[Kâ€™
[3.902s]    88 |       desired.qdotdot(i) = desired_state.[01;31m[Kacceleration[m[K[i];
[3.902s]       |                                          [01;31m[K^~~~~~~~~~~~[m[K
[3.902s] [01m[K/home/sheila/march/ros1/src/control/computed_torque/include/computed_torque/computed_torque_controller.hpp:90:32:[m[K [01;31m[Kerror: [m[Krequest for member â€˜[01m[Kposition[m[Kâ€™ in â€˜[01m[Kstate_error[m[Kâ€™, which is of non-class type â€˜[01m[Kconst int[m[Kâ€™
[3.902s]    90 |       error.q(i) = state_error.[01;31m[Kposition[m[K[i];
[3.903s]       |                                [01;31m[K^~~~~~~~[m[K
[3.903s] [01m[K/home/sheila/march/ros1/src/control/computed_torque/include/computed_torque/computed_torque_controller.hpp:91:35:[m[K [01;31m[Kerror: [m[Krequest for member â€˜[01m[Kvelocity[m[Kâ€™ in â€˜[01m[Kstate_error[m[Kâ€™, which is of non-class type â€˜[01m[Kconst int[m[Kâ€™
[3.903s]    91 |       error.qdot(i) = state_error.[01;31m[Kvelocity[m[K[i];
[3.903s]       |                                   [01;31m[K^~~~~~~~[m[K
[3.999s] [01m[K/home/sheila/march/ros1/src/control/computed_torque/include/computed_torque/computed_torque_controller.hpp:118:54:[m[K [01;31m[Kerror: [m[Kâ€˜[01m[Kerrror[m[Kâ€™ was not declared in this scope; did you mean â€˜[01m[Kerror[m[Kâ€™?
[4.000s]   118 |         const double command = -Kp*error.q.data - Kv*[01;31m[Kerrror[m[K.qdot.data;
[4.000s]       |                                                      [01;31m[K^~~~~~[m[K
[4.000s]       |                                                      [32m[Kerror[m[K
[4.906s] In file included from [01m[K/opt/ros/noetic/include/class_loader/class_loader_core.hpp:45[m[K,
[4.907s]                  from [01m[K/opt/ros/noetic/include/class_loader/class_loader.hpp:46[m[K,
[4.907s]                  from [01m[K/opt/ros/noetic/include/pluginlib/./class_list_macros.hpp:40[m[K,
[4.907s]                  from [01m[K/opt/ros/noetic/include/pluginlib/class_list_macros.h:35[m[K,
[4.907s]                  from [01m[K/home/sheila/march/ros1/src/control/computed_torque/src/computed_torque_controller.cpp:2[m[K:
[4.907s] /opt/ros/noetic/include/class_loader/meta_object.hpp: In instantiation of â€˜[01m[KB* class_loader::impl::MetaObject<C, B>::create() const [with C = controller_ns::computed_torque_controller_class; B = controller_interface::ControllerBase][m[Kâ€™:
[4.907s] [01m[K/opt/ros/noetic/include/class_loader/meta_object.hpp:196:7:[m[K   required from here
[4.908s] [01m[K/opt/ros/noetic/include/class_loader/meta_object.hpp:198:12:[m[K [01;31m[Kerror: [m[Kinvalid new-expression of abstract class type â€˜[01m[Kcontroller_ns::computed_torque_controller_class[m[Kâ€™
[4.908s]   198 |     return [01;31m[Knew C[m[K;
[4.908s]       |            [01;31m[K^~~~~[m[K
[4.908s] In file included from [01m[K/home/sheila/march/ros1/src/control/computed_torque/src/computed_torque_controller.cpp:5[m[K:
[4.908s] [01m[K/home/sheila/march/ros1/src/control/computed_torque/include/computed_torque/computed_torque_controller.h:74:11:[m[K [01;36m[Knote: [m[K  because the following virtual functions are pure within â€˜[01m[Kcontroller_ns::computed_torque_controller_class[m[Kâ€™:
[4.908s]    74 |     class [01;36m[Kcomputed_torque_controller_class[m[K : public controller_interface::Controller<hardware_interface::EffortJointInterface> {
[4.909s]       |           [01;36m[K^~~~~~~~~~~~~~~~~~~~~~~~~~~~~~~~[m[K
[4.909s] In file included from [01m[K/opt/ros/noetic/include/controller_interface/controller.h:35[m[K,
[4.909s]                  from [01m[K/home/sheila/march/ros1/src/control/computed_torque/include/computed_torque/computed_torque_controller.h:24[m[K,
[4.909s]                  from [01m[K/home/sheila/march/ros1/src/control/computed_torque/src/computed_torque_controller.cpp:5[m[K:
[4.909s] [01m[K/opt/ros/noetic/include/controller_interface/controller_base.h:73:16:[m[K [01;36m[Knote: [m[K	â€˜[01m[Kvirtual void controller_interface::ControllerBase::update(const ros::Time&, const ros::Duration&)[m[Kâ€™
[4.909s]    73 |   virtual void [01;36m[Kupdate[m[K(const ros::Time& time, const ros::Duration& period) = 0;
[4.910s]       |                [01;36m[K^~~~~~[m[K
[5.566s] make[2]: *** [CMakeFiles/computed_torque_lib.dir/build.make:63: CMakeFiles/computed_torque_lib.dir/src/computed_torque_controller.cpp.o] Error 1
[5.567s] make[1]: *** [CMakeFiles/Makefile2:1811: CMakeFiles/computed_torque_lib.dir/all] Error 2
[5.567s] make: *** [Makefile:141: all] Error 2
[5.569s] Invoked command in '/home/sheila/march/ros1/build/computed_torque' returned '2': /usr/bin/cmake --build /home/sheila/march/ros1/build/computed_torque -- -j4 -l4
