[0.017s] Invoking command in '/home/sheila/march/ros1/build/computed_torque': /usr/bin/cmake --build /home/sheila/march/ros1/build/computed_torque -- -j4 -l4
[0.098s] [  0%] Built target actionlib_msgs_generate_messages_nodejs
[0.099s] [  0%] Built target std_msgs_generate_messages_eus
[0.099s] [  0%] Built target dynamic_reconfigure_generate_messages_nodejs
[0.100s] [  0%] Built target rosgraph_msgs_generate_messages_py
[0.138s] [  0%] Built target actionlib_msgs_generate_messages_cpp
[0.138s] [  0%] Built target actionlib_msgs_generate_messages_lisp
[0.145s] [  0%] Built target rosgraph_msgs_generate_messages_eus
[0.151s] [  0%] Built target control_msgs_generate_messages_lisp
[0.176s] [  0%] Built target std_msgs_generate_messages_lisp
[0.176s] [  0%] Built target control_msgs_generate_messages_cpp
[0.186s] [  0%] Built target roscpp_generate_messages_lisp
[0.191s] [  0%] Built target control_toolbox_generate_messages_nodejs
[0.214s] [  0%] Built target dynamic_reconfigure_generate_messages_py
[0.214s] [  0%] Built target actionlib_msgs_generate_messages_eus
[0.225s] [  0%] Built target control_msgs_generate_messages_nodejs
[0.232s] [  0%] Built target rosgraph_msgs_generate_messages_lisp
[0.250s] [  0%] Built target actionlib_generate_messages_lisp
[0.254s] [  0%] Built target actionlib_generate_messages_py
[0.270s] [  0%] Built target _catkin_empty_exported_target
[0.270s] [  0%] Built target actionlib_generate_messages_nodejs
[0.289s] [  0%] Built target control_msgs_generate_messages_eus
[0.291s] [  0%] Built target trajectory_msgs_generate_messages_nodejs
[0.308s] [  0%] Built target trajectory_msgs_generate_messages_cpp
[0.308s] [  0%] Built target control_toolbox_generate_messages_py
[0.327s] [  0%] Built target std_msgs_generate_messages_py
[0.331s] [  0%] Built target std_msgs_generate_messages_nodejs
[0.347s] [  0%] Built target geometry_msgs_generate_messages_eus
[0.347s] [  0%] Built target roscpp_generate_messages_nodejs
[0.366s] [  0%] Built target std_msgs_generate_messages_cpp
[0.369s] [  0%] Built target actionlib_msgs_generate_messages_py
[0.385s] [  0%] Built target actionlib_generate_messages_cpp
[0.385s] [  0%] Built target rosgraph_msgs_generate_messages_nodejs
[0.404s] [  0%] Built target roscpp_generate_messages_eus
[0.405s] [  0%] Built target roscpp_generate_messages_cpp
[0.423s] [  0%] Built target control_msgs_generate_messages_py
[0.424s] [  0%] Built target control_toolbox_gencfg
[0.442s] [  0%] Built target geometry_msgs_generate_messages_cpp
[0.443s] [  0%] Built target geometry_msgs_generate_messages_lisp
[0.462s] [  0%] Built target trajectory_msgs_generate_messages_lisp
[0.462s] [  0%] Built target geometry_msgs_generate_messages_py
[0.480s] [  0%] Built target actionlib_generate_messages_eus
[0.481s] [  0%] Built target rosgraph_msgs_generate_messages_cpp
[0.499s] [  0%] Built target trajectory_msgs_generate_messages_py
[0.499s] [  0%] Built target trajectory_msgs_generate_messages_eus
[0.517s] [  0%] Built target control_toolbox_generate_messages_cpp
[0.518s] [  0%] Built target roscpp_generate_messages_py
[0.537s] [  0%] Built target control_toolbox_generate_messages_lisp
[0.537s] [  0%] Built target control_toolbox_generate_messages_eus
[0.555s] [  0%] Built target dynamic_reconfigure_generate_messages_cpp
[0.556s] [  0%] Built target geometry_msgs_generate_messages_nodejs
[0.569s] [  0%] Built target dynamic_reconfigure_gencfg
[0.573s] [  0%] Built target dynamic_reconfigure_generate_messages_eus
[0.587s] [  0%] Built target dynamic_reconfigure_generate_messages_lisp
[0.605s] [35m[1mScanning dependencies of target computed_torque_lib[0m
[0.631s] [ 50%] [32mBuilding CXX object CMakeFiles/computed_torque_lib.dir/src/computed_torque_controller.cpp.o[0m
[3.906s] In file included from [01m[K/home/sheila/march/ros1/src/control/computed_torque/src/computed_torque_controller.cpp:5[m[K:
[3.906s] [01m[K/home/sheila/march/ros1/src/control/computed_torque/include/computed_torque/computed_torque_controller.h:68:60:[m[K [01;31m[Kerror: [m[Kâ€˜[01m[KState[m[Kâ€™ in namespace â€˜[01m[Kjoint_trajectory_controller[m[Kâ€™ does not name a type
[3.906s]    68 |                         const joint_trajectory_controller::[01;31m[KState[m[K& desired_state,
[3.906s]       |                                                            [01;31m[K^~~~~[m[K
[3.906s] [01m[K/home/sheila/march/ros1/src/control/computed_torque/include/computed_torque/computed_torque_controller.h:69:60:[m[K [01;31m[Kerror: [m[Kâ€˜[01m[KState[m[Kâ€™ in namespace â€˜[01m[Kjoint_trajectory_controller[m[Kâ€™ does not name a type
[3.907s]    69 |                         const joint_trajectory_controller::[01;31m[KState[m[K& state_error );
[3.907s]       |                                                            [01;31m[K^~~~~[m[K
[3.937s] In file included from [01m[K/home/sheila/march/ros1/src/control/computed_torque/include/computed_torque/computed_torque_controller.h:124[m[K,
[3.937s]                  from [01m[K/home/sheila/march/ros1/src/control/computed_torque/src/computed_torque_controller.cpp:5[m[K:
[3.937s] [01m[K/home/sheila/march/ros1/src/control/computed_torque/include/computed_torque/computed_torque_controller.hpp:75:82:[m[K [01;31m[Kerror: [m[Kâ€˜[01m[KState[m[Kâ€™ in namespace â€˜[01m[Kjoint_trajectory_controller[m[Kâ€™ does not name a type
[3.937s]    75 |                                 const joint_trajectory_controller::[01;31m[KState[m[K& desired_state,
[3.938s]       |                                                                    [01;31m[K^~~~~[m[K
[3.938s] 
[3.938s] [01m[K/home/sheila/march/ros1/src/control/computed_torque/include/computed_torque/computed_torque_controller.hpp:76:82:[m[K [01;31m[Kerror: [m[Kâ€˜[01m[KState[m[Kâ€™ in namespace â€˜[01m[Kjoint_trajectory_controller[m[Kâ€™ does not name a type
[3.938s]    76 |                                 const joint_trajectory_controller::[01;31m[KState[m[K& state_error ){
[3.938s]       |                                                                    [01;31m[K^~~~~[m[K
[3.938s] 
[3.941s] [01m[K/home/sheila/march/ros1/src/control/computed_torque/include/computed_torque/computed_torque_controller.hpp:[m[K In member function â€˜[01m[Kvoid controller_ns::computed_torque_controller_class::update(const ros::Time&, const ros::Duration&, const int&, const int&)[m[Kâ€™:
[3.941s] [01m[K/home/sheila/march/ros1/src/control/computed_torque/include/computed_torque/computed_torque_controller.hpp:81:7:[m[K [01;31m[Kerror: [m[Kâ€˜[01m[Kcurrent[m[Kâ€™ was not declared in this scope; did you mean â€˜[01m[Kcurrent_vel[m[Kâ€™?
[3.941s]    81 |       [01;31m[Kcurrent[m[K.q(i) = (*joint_handles_ptr_)[i].getPosition();
[3.941s]       |       [01;31m[K^~~~~~~[m[K
[3.941s]       |       [32m[Kcurrent_vel[m[K
[3.944s] [01m[K/home/sheila/march/ros1/src/control/computed_torque/include/computed_torque/computed_torque_controller.hpp:85:7:[m[K [01;31m[Kerror: [m[Kâ€˜[01m[Kdesired[m[Kâ€™ was not declared in this scope
[3.945s]    85 |       [01;31m[Kdesired[m[K.q(i) = desired_state.position[i];
[3.945s]       |       [01;31m[K^~~~~~~[m[K
[3.945s] [01m[K/home/sheila/march/ros1/src/control/computed_torque/include/computed_torque/computed_torque_controller.hpp:85:36:[m[K [01;31m[Kerror: [m[Krequest for member â€˜[01m[Kposition[m[Kâ€™ in â€˜[01m[Kdesired_state[m[Kâ€™, which is of non-class type â€˜[01m[Kconst int[m[Kâ€™
[3.945s]    85 |       desired.q(i) = desired_state.[01;31m[Kposition[m[K[i];
[3.945s]       |                                    [01;31m[K^~~~~~~~[m[K
[3.945s] [01m[K/home/sheila/march/ros1/src/control/computed_torque/include/computed_torque/computed_torque_controller.hpp:86:39:[m[K [01;31m[Kerror: [m[Krequest for member â€˜[01m[Kvelocity[m[Kâ€™ in â€˜[01m[Kdesired_state[m[Kâ€™, which is of non-class type â€˜[01m[Kconst int[m[Kâ€™
[3.945s]    86 |       desired.qdot(i) = desired_state.[01;31m[Kvelocity[m[K[i];
[3.946s]       |                                       [01;31m[K^~~~~~~~[m[K
[3.946s] [01m[K/home/sheila/march/ros1/src/control/computed_torque/include/computed_torque/computed_torque_controller.hpp:87:42:[m[K [01;31m[Kerror: [m[Krequest for member â€˜[01m[Kacceleration[m[Kâ€™ in â€˜[01m[Kdesired_state[m[Kâ€™, which is of non-class type â€˜[01m[Kconst int[m[Kâ€™
[3.946s]    87 |       desired.qdotdot(i) = desired_state.[01;31m[Kacceleration[m[K[i];
[3.946s]       |                                          [01;31m[K^~~~~~~~~~~~[m[K
[3.948s] [01m[K/home/sheila/march/ros1/src/control/computed_torque/include/computed_torque/computed_torque_controller.hpp:89:7:[m[K [01;31m[Kerror: [m[Kâ€˜[01m[Kerror[m[Kâ€™ was not declared in this scope; did you mean â€˜[01m[Kperror[m[Kâ€™?
[3.948s]    89 |       [01;31m[Kerror[m[K.q(i) = state_error.position[i];
[3.948s]       |       [01;31m[K^~~~~[m[K
[3.948s]       |       [32m[Kperror[m[K
[3.948s] [01m[K/home/sheila/march/ros1/src/control/computed_torque/include/computed_torque/computed_torque_controller.hpp:89:32:[m[K [01;31m[Kerror: [m[Krequest for member â€˜[01m[Kposition[m[Kâ€™ in â€˜[01m[Kstate_error[m[Kâ€™, which is of non-class type â€˜[01m[Kconst int[m[Kâ€™
[3.948s]    89 |       error.q(i) = state_error.[01;31m[Kposition[m[K[i];
[3.948s]       |                                [01;31m[K^~~~~~~~[m[K
[3.949s] [01m[K/home/sheila/march/ros1/src/control/computed_torque/include/computed_torque/computed_torque_controller.hpp:90:35:[m[K [01;31m[Kerror: [m[Krequest for member â€˜[01m[Kvelocity[m[Kâ€™ in â€˜[01m[Kstate_error[m[Kâ€™, which is of non-class type â€˜[01m[Kconst int[m[Kâ€™
[3.949s]    90 |       error.qdot(i) = state_error.[01;31m[Kvelocity[m[K[i];
[3.949s]       |                                   [01;31m[K^~~~~~~~[m[K
[3.951s] [01m[K/home/sheila/march/ros1/src/control/computed_torque/include/computed_torque/computed_torque_controller.hpp:105:54:[m[K [01;31m[Kerror: [m[Kâ€˜[01m[Kchain[m[Kâ€™ was not declared in this scope
[3.951s]   105 |     KDL::ChainDynParam dynamics = KDL::ChainDynParam([01;31m[Kchain[m[K, KDL::Vector(0.0,0.0,-9.81));
[3.951s]       |                                                      [01;31m[K^~~~~[m[K
[3.955s] [01m[K/home/sheila/march/ros1/src/control/computed_torque/include/computed_torque/computed_torque_controller.hpp:108:27:[m[K [01;31m[Kerror: [m[Kâ€˜[01m[Kcurrent[m[Kâ€™ was not declared in this scope; did you mean â€˜[01m[Kcurrent_vel[m[Kâ€™?
[3.955s]   108 |     dynamics.JntToGravity([01;31m[Kcurrent[m[K.q,G);
[3.955s]       |                           [01;31m[K^~~~~~~[m[K
[3.955s]       |                           [32m[Kcurrent_vel[m[K
[3.958s] [01m[K/home/sheila/march/ros1/src/control/computed_torque/include/computed_torque/computed_torque_controller.hpp:112:24:[m[K [01;31m[Kerror: [m[Kâ€˜[01m[Kdesired[m[Kâ€™ was not declared in this scope
[3.958s]   112 |     tau.data = M.data*([01;31m[Kdesired[m[K.qdotdot.data + Kp*error.q.data + Kv*error.qdot.data) + C.data + G.data - F * current.qdot.data;
[3.958s]       |                        [01;31m[K^~~~~~~[m[K
[3.961s] [01m[K/home/sheila/march/ros1/src/control/computed_torque/include/computed_torque/computed_torque_controller.hpp:112:50:[m[K [01;31m[Kerror: [m[Kâ€˜[01m[Kerror[m[Kâ€™ was not declared in this scope; did you mean â€˜[01m[Kperror[m[Kâ€™?
[3.961s]   112 |     tau.data = M.data*(desired.qdotdot.data + Kp*[01;31m[Kerror[m[K.q.data + Kv*error.qdot.data) + C.data + G.data - F * current.qdot.data;
[3.961s]       |                                                  [01;31m[K^~~~~[m[K
[3.961s]       |                                                  [32m[Kperror[m[K
[3.973s] [01m[K/home/sheila/march/ros1/src/control/computed_torque/include/computed_torque/computed_torque_controller.hpp:117:54:[m[K [01;31m[Kerror: [m[Kâ€˜[01m[Kerrror[m[Kâ€™ was not declared in this scope; did you mean â€˜[01m[Kperror[m[Kâ€™?
[3.973s]   117 |         const double command = -Kp*error.q.data - Kv*[01;31m[Kerrror[m[K.qdot.data;
[3.973s]       |                                                      [01;31m[K^~~~~~[m[K
[3.974s]       |                                                      [32m[Kperror[m[K
[4.765s] In file included from [01m[K/opt/ros/noetic/include/class_loader/class_loader_core.hpp:45[m[K,
[4.766s]                  from [01m[K/opt/ros/noetic/include/class_loader/class_loader.hpp:46[m[K,
[4.766s]                  from [01m[K/opt/ros/noetic/include/pluginlib/./class_list_macros.hpp:40[m[K,
[4.766s]                  from [01m[K/opt/ros/noetic/include/pluginlib/class_list_macros.h:35[m[K,
[4.766s]                  from [01m[K/home/sheila/march/ros1/src/control/computed_torque/src/computed_torque_controller.cpp:2[m[K:
[4.766s] /opt/ros/noetic/include/class_loader/meta_object.hpp: In instantiation of â€˜[01m[KB* class_loader::impl::MetaObject<C, B>::create() const [with C = controller_ns::computed_torque_controller_class; B = controller_interface::ControllerBase][m[Kâ€™:
[4.766s] [01m[K/opt/ros/noetic/include/class_loader/meta_object.hpp:196:7:[m[K   required from here
[4.767s] [01m[K/opt/ros/noetic/include/class_loader/meta_object.hpp:198:12:[m[K [01;31m[Kerror: [m[Kinvalid new-expression of abstract class type â€˜[01m[Kcontroller_ns::computed_torque_controller_class[m[Kâ€™
[4.767s]   198 |     return [01;31m[Knew C[m[K;
[4.767s]       |            [01;31m[K^~~~~[m[K
[4.767s] In file included from [01m[K/home/sheila/march/ros1/src/control/computed_torque/src/computed_torque_controller.cpp:5[m[K:
[4.767s] [01m[K/home/sheila/march/ros1/src/control/computed_torque/include/computed_torque/computed_torque_controller.h:62:11:[m[K [01;36m[Knote: [m[K  because the following virtual functions are pure within â€˜[01m[Kcontroller_ns::computed_torque_controller_class[m[Kâ€™:
[4.767s]    62 |     class [01;36m[Kcomputed_torque_controller_class[m[K : public controller_interface::Controller<hardware_interface::EffortJointInterface> {
[4.767s]       |           [01;36m[K^~~~~~~~~~~~~~~~~~~~~~~~~~~~~~~~[m[K
[4.768s] In file included from [01m[K/opt/ros/noetic/include/controller_interface/controller.h:35[m[K,
[4.768s]                  from [01m[K/home/sheila/march/ros1/src/control/computed_torque/include/computed_torque/computed_torque_controller.h:23[m[K,
[4.768s]                  from [01m[K/home/sheila/march/ros1/src/control/computed_torque/src/computed_torque_controller.cpp:5[m[K:
[4.768s] [01m[K/opt/ros/noetic/include/controller_interface/controller_base.h:73:16:[m[K [01;36m[Knote: [m[K	â€˜[01m[Kvirtual void controller_interface::ControllerBase::update(const ros::Time&, const ros::Duration&)[m[Kâ€™
[4.768s]    73 |   virtual void [01;36m[Kupdate[m[K(const ros::Time& time, const ros::Duration& period) = 0;
[4.768s]       |                [01;36m[K^~~~~~[m[K
[5.107s] make[2]: *** [CMakeFiles/computed_torque_lib.dir/build.make:63: CMakeFiles/computed_torque_lib.dir/src/computed_torque_controller.cpp.o] Error 1
[5.108s] make[1]: *** [CMakeFiles/Makefile2:1811: CMakeFiles/computed_torque_lib.dir/all] Error 2
[5.108s] make: *** [Makefile:141: all] Error 2
[5.111s] Invoked command in '/home/sheila/march/ros1/build/computed_torque' returned '2': /usr/bin/cmake --build /home/sheila/march/ros1/build/computed_torque -- -j4 -l4
