[0.017s] Invoking command in '/home/sheila/march/ros1/build/computed_torque': /usr/bin/cmake --build /home/sheila/march/ros1/build/computed_torque -- -j4 -l4
[0.103s] [  0%] Built target sensor_msgs_generate_messages_py
[0.103s] [  0%] Built target sensor_msgs_generate_messages_cpp
[0.103s] [  0%] Built target dynamic_reconfigure_generate_messages_nodejs
[0.103s] [  0%] Built target sensor_msgs_generate_messages_nodejs
[0.143s] [  0%] Built target march_shared_msgs_generate_messages_py
[0.143s] [  0%] Built target march_shared_msgs_generate_messages_nodejs
[0.149s] [  0%] Built target march_shared_msgs_generate_messages_eus
[0.156s] [  0%] Built target roscpp_generate_messages_eus
[0.180s] [  0%] Built target roscpp_generate_messages_cpp
[0.181s] [  0%] Built target control_toolbox_gencfg
[0.188s] [  0%] Built target std_msgs_generate_messages_py
[0.194s] [  0%] Built target march_shared_msgs_generate_messages_cpp
[0.218s] [  0%] Built target std_msgs_generate_messages_nodejs
[0.218s] [  0%] Built target geometry_msgs_generate_messages_eus
[0.228s] [  0%] Built target roscpp_generate_messages_nodejs
[0.236s] [  0%] Built target std_msgs_generate_messages_cpp
[0.255s] [  0%] Built target actionlib_generate_messages_cpp
[0.256s] [  0%] Built target actionlib_msgs_generate_messages_py
[0.266s] [  0%] Built target march_shared_msgs_generate_messages_lisp
[0.274s] [  0%] Built target rosgraph_msgs_generate_messages_nodejs
[0.292s] [  0%] Built target actionlib_generate_messages_py
[0.292s] [  0%] Built target rosgraph_msgs_generate_messages_lisp
[0.304s] [  0%] Built target actionlib_generate_messages_lisp
[0.313s] [  0%] Built target _catkin_empty_exported_target
[0.329s] [  0%] Built target control_msgs_generate_messages_eus
[0.329s] [  0%] Built target actionlib_generate_messages_nodejs
[0.344s] [  0%] Built target trajectory_msgs_generate_messages_nodejs
[0.353s] [  0%] Built target trajectory_msgs_generate_messages_cpp
[0.367s] [  0%] Built target control_toolbox_generate_messages_py
[0.368s] [  0%] Built target rosgraph_msgs_generate_messages_py
[0.383s] [  0%] Built target std_msgs_generate_messages_eus
[0.392s] [  0%] Built target actionlib_msgs_generate_messages_nodejs
[0.405s] [  0%] Built target actionlib_msgs_generate_messages_lisp
[0.406s] [  0%] Built target actionlib_msgs_generate_messages_cpp
[0.421s] [  0%] Built target rosgraph_msgs_generate_messages_eus
[0.434s] [  0%] Built target sensor_msgs_generate_messages_lisp
[0.443s] [  0%] Built target control_msgs_generate_messages_lisp
[0.443s] [  0%] Built target sensor_msgs_generate_messages_eus
[0.460s] [  0%] Built target std_msgs_generate_messages_lisp
[0.473s] [  0%] Built target control_msgs_generate_messages_cpp
[0.480s] [  0%] Built target roscpp_generate_messages_lisp
[0.480s] [  0%] Built target control_toolbox_generate_messages_nodejs
[0.498s] [  0%] Built target actionlib_msgs_generate_messages_eus
[0.512s] [  0%] Built target dynamic_reconfigure_generate_messages_py
[0.517s] [  0%] Built target control_msgs_generate_messages_py
[0.517s] [  0%] Built target control_msgs_generate_messages_nodejs
[0.536s] [  0%] Built target geometry_msgs_generate_messages_cpp
[0.551s] [  0%] Built target geometry_msgs_generate_messages_lisp
[0.555s] [  0%] Built target trajectory_msgs_generate_messages_lisp
[0.555s] [  0%] Built target geometry_msgs_generate_messages_py
[0.573s] [  0%] Built target rosgraph_msgs_generate_messages_cpp
[0.591s] [  0%] Built target actionlib_generate_messages_eus
[0.591s] [  0%] Built target trajectory_msgs_generate_messages_eus
[0.591s] [  0%] Built target trajectory_msgs_generate_messages_py
[0.609s] [  0%] Built target roscpp_generate_messages_py
[0.628s] [  0%] Built target control_toolbox_generate_messages_lisp
[0.628s] [  0%] Built target control_toolbox_generate_messages_cpp
[0.628s] [  0%] Built target control_toolbox_generate_messages_eus
[0.647s] [  0%] Built target dynamic_reconfigure_generate_messages_cpp
[0.666s] [  0%] Built target geometry_msgs_generate_messages_nodejs
[0.666s] [  0%] Built target dynamic_reconfigure_generate_messages_eus
[0.667s] [  0%] Built target dynamic_reconfigure_gencfg
[0.679s] [  0%] Built target dynamic_reconfigure_generate_messages_lisp
[0.692s] [35m[1mScanning dependencies of target computed_torque_lib[0m
[0.716s] [ 50%] [32mBuilding CXX object CMakeFiles/computed_torque_lib.dir/src/computed_torque_controller.cpp.o[0m
[4.073s] In file included from [01m[K/home/sheila/march/ros1/src/control/computed_torque/src/computed_torque_controller.cpp:5[m[K:
[4.074s] [01m[K/home/sheila/march/ros1/src/control/computed_torque/include/computed_torque/computed_torque_controller.h:78:31:[m[K [01;31m[Kerror: [m[Kâ€˜[01m[KState[m[Kâ€™ does not name a type
[4.074s]    78 |                         const [01;31m[KState[m[K& desired_state,
[4.074s]       |                               [01;31m[K^~~~~[m[K
[4.076s] [01m[K/home/sheila/march/ros1/src/control/computed_torque/include/computed_torque/computed_torque_controller.h:79:31:[m[K [01;31m[Kerror: [m[Kâ€˜[01m[KState[m[Kâ€™ does not name a type
[4.076s]    79 |                         const [01;31m[KState[m[K& state_error );
[4.076s]       |                               [01;31m[K^~~~~[m[K
[4.107s] In file included from [01m[K/home/sheila/march/ros1/src/control/computed_torque/include/computed_torque/computed_torque_controller.h:148[m[K,
[4.107s]                  from [01m[K/home/sheila/march/ros1/src/control/computed_torque/src/computed_torque_controller.cpp:5[m[K:
[4.107s] [01m[K/home/sheila/march/ros1/src/control/computed_torque/include/computed_torque/computed_torque_controller.hpp:76:53:[m[K [01;31m[Kerror: [m[Kâ€˜[01m[KState[m[Kâ€™ does not name a type
[4.108s]    76 |                                               const [01;31m[KState[m[K& desired_state,
[4.108s]       |                                                     [01;31m[K^~~~~[m[K
[4.109s] [01m[K/home/sheila/march/ros1/src/control/computed_torque/include/computed_torque/computed_torque_controller.hpp:77:53:[m[K [01;31m[Kerror: [m[Kâ€˜[01m[KState[m[Kâ€™ does not name a type
[4.110s]    77 |                                               const [01;31m[KState[m[K& state_error ){
[4.110s]       |                                                     [01;31m[K^~~~~[m[K
[4.110s] [01m[K/home/sheila/march/ros1/src/control/computed_torque/include/computed_torque/computed_torque_controller.hpp:[m[K In member function â€˜[01m[Kvoid controller_ns::computed_torque_controller_class::update(const ros::Time&, const ros::Duration&, const int&, const int&)[m[Kâ€™:
[4.110s] [01m[K/home/sheila/march/ros1/src/control/computed_torque/include/computed_torque/computed_torque_controller.hpp:88:42:[m[K [01;31m[Kerror: [m[Krequest for member â€˜[01m[Kacceleration[m[Kâ€™ in â€˜[01m[Kdesired_state[m[Kâ€™, which is of non-class type â€˜[01m[Kconst int[m[Kâ€™
[4.111s]    88 |       desired.qdotdot(i) = desired_state.[01;31m[Kacceleration[m[K[i];
[4.111s]       |                                          [01;31m[K^~~~~~~~~~~~[m[K
[4.111s] [01m[K/home/sheila/march/ros1/src/control/computed_torque/include/computed_torque/computed_torque_controller.hpp:90:32:[m[K [01;31m[Kerror: [m[Krequest for member â€˜[01m[Kposition[m[Kâ€™ in â€˜[01m[Kstate_error[m[Kâ€™, which is of non-class type â€˜[01m[Kconst int[m[Kâ€™
[4.111s]    90 |       error.q(i) = state_error.[01;31m[Kposition[m[K[i];
[4.111s]       |                                [01;31m[K^~~~~~~~[m[K
[4.111s] [01m[K/home/sheila/march/ros1/src/control/computed_torque/include/computed_torque/computed_torque_controller.hpp:91:35:[m[K [01;31m[Kerror: [m[Krequest for member â€˜[01m[Kvelocity[m[Kâ€™ in â€˜[01m[Kstate_error[m[Kâ€™, which is of non-class type â€˜[01m[Kconst int[m[Kâ€™
[4.111s]    91 |       error.qdot(i) = state_error.[01;31m[Kvelocity[m[K[i];
[4.112s]       |                                   [01;31m[K^~~~~~~~[m[K
[4.207s] [01m[K/home/sheila/march/ros1/src/control/computed_torque/include/computed_torque/computed_torque_controller.hpp:118:54:[m[K [01;31m[Kerror: [m[Kâ€˜[01m[Kerrror[m[Kâ€™ was not declared in this scope; did you mean â€˜[01m[Kerror[m[Kâ€™?
[4.207s]   118 |         const double command = -Kp*error.q.data - Kv*[01;31m[Kerrror[m[K.qdot.data;
[4.208s]       |                                                      [01;31m[K^~~~~~[m[K
[4.208s]       |                                                      [32m[Kerror[m[K
[5.113s] In file included from [01m[K/opt/ros/noetic/include/class_loader/class_loader_core.hpp:45[m[K,
[5.113s]                  from [01m[K/opt/ros/noetic/include/class_loader/class_loader.hpp:46[m[K,
[5.114s]                  from [01m[K/opt/ros/noetic/include/pluginlib/./class_list_macros.hpp:40[m[K,
[5.114s]                  from [01m[K/opt/ros/noetic/include/pluginlib/class_list_macros.h:35[m[K,
[5.114s]                  from [01m[K/home/sheila/march/ros1/src/control/computed_torque/src/computed_torque_controller.cpp:2[m[K:
[5.114s] /opt/ros/noetic/include/class_loader/meta_object.hpp: In instantiation of â€˜[01m[KB* class_loader::impl::MetaObject<C, B>::create() const [with C = controller_ns::computed_torque_controller_class; B = controller_interface::ControllerBase][m[Kâ€™:
[5.114s] [01m[K/opt/ros/noetic/include/class_loader/meta_object.hpp:196:7:[m[K   required from here
[5.114s] [01m[K/opt/ros/noetic/include/class_loader/meta_object.hpp:198:12:[m[K [01;31m[Kerror: [m[Kinvalid new-expression of abstract class type â€˜[01m[Kcontroller_ns::computed_torque_controller_class[m[Kâ€™
[5.114s]   198 |     return [01;31m[Knew C[m[K;
[5.114s]       |            [01;31m[K^~~~~[m[K
[5.114s] In file included from [01m[K/home/sheila/march/ros1/src/control/computed_torque/src/computed_torque_controller.cpp:5[m[K:
[5.114s] [01m[K/home/sheila/march/ros1/src/control/computed_torque/include/computed_torque/computed_torque_controller.h:72:11:[m[K [01;36m[Knote: [m[K  because the following virtual functions are pure within â€˜[01m[Kcontroller_ns::computed_torque_controller_class[m[Kâ€™:
[5.114s]    72 |     class [01;36m[Kcomputed_torque_controller_class[m[K : public controller_interface::Controller<hardware_interface::EffortJointInterface> {
[5.114s]       |           [01;36m[K^~~~~~~~~~~~~~~~~~~~~~~~~~~~~~~~[m[K
[5.114s] In file included from [01m[K/opt/ros/noetic/include/controller_interface/controller.h:35[m[K,
[5.115s]                  from [01m[K/home/sheila/march/ros1/src/control/computed_torque/include/computed_torque/computed_torque_controller.h:24[m[K,
[5.115s]                  from [01m[K/home/sheila/march/ros1/src/control/computed_torque/src/computed_torque_controller.cpp:5[m[K:
[5.115s] [01m[K/opt/ros/noetic/include/controller_interface/controller_base.h:73:16:[m[K [01;36m[Knote: [m[K	â€˜[01m[Kvirtual void controller_interface::ControllerBase::update(const ros::Time&, const ros::Duration&)[m[Kâ€™
[5.115s]    73 |   virtual void [01;36m[Kupdate[m[K(const ros::Time& time, const ros::Duration& period) = 0;
[5.115s]       |                [01;36m[K^~~~~~[m[K
[5.485s] make[2]: *** [CMakeFiles/computed_torque_lib.dir/build.make:63: CMakeFiles/computed_torque_lib.dir/src/computed_torque_controller.cpp.o] Error 1
[5.485s] make[1]: *** [CMakeFiles/Makefile2:265: CMakeFiles/computed_torque_lib.dir/all] Error 2
[5.486s] make: *** [Makefile:141: all] Error 2
[5.489s] Invoked command in '/home/sheila/march/ros1/build/computed_torque' returned '2': /usr/bin/cmake --build /home/sheila/march/ros1/build/computed_torque -- -j4 -l4
