[0.017s] Invoking command in '/home/sheila/march/ros1/build/computed_torque': /usr/bin/cmake --build /home/sheila/march/ros1/build/computed_torque -- -j4 -l4
[0.100s] [  0%] Built target rosgraph_msgs_generate_messages_py
[0.101s] [  0%] Built target actionlib_msgs_generate_messages_nodejs
[0.101s] [  0%] Built target std_msgs_generate_messages_eus
[0.102s] [  0%] Built target dynamic_reconfigure_generate_messages_nodejs
[0.140s] [  0%] Built target actionlib_msgs_generate_messages_cpp
[0.142s] [  0%] Built target rosgraph_msgs_generate_messages_eus
[0.144s] [  0%] Built target control_msgs_generate_messages_lisp
[0.145s] [  0%] Built target actionlib_msgs_generate_messages_lisp
[0.178s] [  0%] Built target std_msgs_generate_messages_lisp
[0.179s] [  0%] Built target control_msgs_generate_messages_cpp
[0.187s] [  0%] Built target control_toolbox_generate_messages_nodejs
[0.188s] [  0%] Built target roscpp_generate_messages_lisp
[0.214s] [  0%] Built target dynamic_reconfigure_generate_messages_py
[0.215s] [  0%] Built target actionlib_msgs_generate_messages_eus
[0.228s] [  0%] Built target control_msgs_generate_messages_nodejs
[0.234s] [  0%] Built target rosgraph_msgs_generate_messages_lisp
[0.252s] [  0%] Built target actionlib_generate_messages_py
[0.253s] [  0%] Built target actionlib_generate_messages_lisp
[0.269s] [  0%] Built target _catkin_empty_exported_target
[0.271s] [  0%] Built target actionlib_generate_messages_nodejs
[0.290s] [  0%] Built target control_msgs_generate_messages_eus
[0.291s] [  0%] Built target trajectory_msgs_generate_messages_nodejs
[0.304s] [  0%] Built target trajectory_msgs_generate_messages_cpp
[0.310s] [  0%] Built target control_toolbox_generate_messages_py
[0.329s] [  0%] Built target std_msgs_generate_messages_py
[0.342s] [  0%] Built target std_msgs_generate_messages_nodejs
[0.342s] [  0%] Built target geometry_msgs_generate_messages_eus
[0.349s] [  0%] Built target roscpp_generate_messages_nodejs
[0.368s] [  0%] Built target std_msgs_generate_messages_cpp
[0.381s] [  0%] Built target actionlib_generate_messages_cpp
[0.381s] [  0%] Built target actionlib_msgs_generate_messages_py
[0.387s] [  0%] Built target rosgraph_msgs_generate_messages_nodejs
[0.406s] [  0%] Built target roscpp_generate_messages_eus
[0.419s] [  0%] Built target roscpp_generate_messages_cpp
[0.419s] [  0%] Built target control_toolbox_gencfg
[0.427s] [  0%] Built target control_msgs_generate_messages_py
[0.445s] [  0%] Built target geometry_msgs_generate_messages_cpp
[0.458s] [  0%] Built target geometry_msgs_generate_messages_lisp
[0.458s] [  0%] Built target geometry_msgs_generate_messages_py
[0.465s] [  0%] Built target trajectory_msgs_generate_messages_lisp
[0.484s] [  0%] Built target rosgraph_msgs_generate_messages_cpp
[0.496s] [  0%] Built target actionlib_generate_messages_eus
[0.497s] [  0%] Built target trajectory_msgs_generate_messages_py
[0.504s] [  0%] Built target trajectory_msgs_generate_messages_eus
[0.524s] [  0%] Built target roscpp_generate_messages_py
[0.536s] [  0%] Built target control_toolbox_generate_messages_eus
[0.537s] [  0%] Built target control_toolbox_generate_messages_cpp
[0.544s] [  0%] Built target control_toolbox_generate_messages_lisp
[0.567s] [  0%] Built target dynamic_reconfigure_generate_messages_cpp
[0.572s] [  0%] Built target geometry_msgs_generate_messages_nodejs
[0.579s] [  0%] Built target dynamic_reconfigure_generate_messages_eus
[0.583s] [  0%] Built target dynamic_reconfigure_gencfg
[0.595s] [  0%] Built target dynamic_reconfigure_generate_messages_lisp
[0.626s] [ 50%] [32mBuilding CXX object CMakeFiles/computed_torque_lib.dir/src/computed_torque_controller.cpp.o[0m
[3.872s] In file included from [01m[K/home/sheila/march/ros1/src/control/computed_torque/src/computed_torque_controller.cpp:5[m[K:
[3.872s] [01m[K/home/sheila/march/ros1/src/control/computed_torque/include/computed_torque/computed_torque_controller.h:52:83:[m[K [01;31m[Kerror: [m[Kâ€˜[01m[KState[m[Kâ€™ does not name a type
[3.872s]    52 | d update(const ros::Time &time, const ros::Duration &period, const [01;31m[KState[m[K& desired_state, const State& state_error );
[3.872s]       |                                                                    [01;31m[K^~~~~[m[K
[3.872s] 
[3.874s] [01m[K/home/sheila/march/ros1/src/control/computed_torque/include/computed_torque/computed_torque_controller.h:52:111:[m[K [01;31m[Kerror: [m[Kâ€˜[01m[KState[m[Kâ€™ does not name a type
[3.874s]    52 | me, const ros::Duration &period, const State& desired_state, const [01;31m[KState[m[K& state_error );
[3.874s]       |                                                                    [01;31m[K^~~~~[m[K
[3.874s] 
[3.878s] [01m[K/home/sheila/march/ros1/src/control/computed_torque/include/computed_torque/computed_torque_controller.h:68:13:[m[K [01;31m[Kerror: [m[Kâ€˜[01m[Kddynamic_reconfigure[m[Kâ€™ does not name a type; did you mean â€˜[01m[Kdynamic_reconfigure[m[Kâ€™?
[3.878s]    68 |             [01;31m[Kddynamic_reconfigure[m[K::DDynamicReconfigurePtr ddr;
[3.878s]       |             [01;31m[K^~~~~~~~~~~~~~~~~~~~[m[K
[3.878s]       |             [32m[Kdynamic_reconfigure[m[K
[3.899s] In file included from [01m[K/home/sheila/march/ros1/src/control/computed_torque/include/computed_torque/computed_torque_controller.h:103[m[K,
[3.899s]                  from [01m[K/home/sheila/march/ros1/src/control/computed_torque/src/computed_torque_controller.cpp:5[m[K:
[3.900s] [01m[K/home/sheila/march/ros1/src/control/computed_torque/include/computed_torque/computed_torque_controller.hpp:[m[K In member function â€˜[01m[Kbool controller_ns::computed_torque_controller_class::init(std::vector<hardware_interface::JointHandle>&, ros::NodeHandle&)[m[Kâ€™:
[3.900s] [01m[K/home/sheila/march/ros1/src/control/computed_torque/include/computed_torque/computed_torque_controller.hpp:47:5:[m[K [01;31m[Kerror: [m[Kâ€˜[01m[Kddr[m[Kâ€™ was not declared in this scope
[3.900s]    47 |     [01;31m[Kddr[m[K.reset(new ddynamic_reconfigure::DDynamicReconfigure(nh));
[3.900s]       |     [01;31m[K^~~[m[K
[3.903s] [01m[K/home/sheila/march/ros1/src/control/computed_torque/include/computed_torque/computed_torque_controller.hpp:47:19:[m[K [01;31m[Kerror: [m[Kâ€˜[01m[Kddynamic_reconfigure[m[Kâ€™ does not name a type; did you mean â€˜[01m[Kdynamic_reconfigure[m[Kâ€™?
[3.903s]    47 |     ddr.reset(new [01;31m[Kddynamic_reconfigure[m[K::DDynamicReconfigure(nh));
[3.903s]       |                   [01;31m[K^~~~~~~~~~~~~~~~~~~~[m[K
[3.904s]       |                   [32m[Kdynamic_reconfigure[m[K
[3.910s] [01m[K/home/sheila/march/ros1/src/control/computed_torque/include/computed_torque/computed_torque_controller.hpp:68:5:[m[K [01;31m[Kerror: [m[Kâ€˜[01m[Kcommand_pub_[m[Kâ€™ was not declared in this scope
[3.910s]    68 |     [01;31m[Kcommand_pub_[m[K = std::make_unique<realtime_tools::RealtimePublisher<std_msgs::Float64MultiArray>>(nh, "/march/mpc/command", 10);
[3.910s]       |     [01;31m[K^~~~~~~~~~~~[m[K
[3.911s] [01m[K/home/sheila/march/ros1/src/control/computed_torque/include/computed_torque/computed_torque_controller.hpp:68:81:[m[K [01;31m[Kerror: [m[Kâ€˜[01m[KFloat64MultiArray[m[Kâ€™ is not a member of â€˜[01m[Kstd_msgs[m[Kâ€™
[3.911s]    68 | ub_ = std::make_unique<realtime_tools::RealtimePublisher<std_msgs::[01;31m[KFloat64MultiArray[m[K>>(nh, "/march/mpc/command", 10);
[3.911s]       |                                                                    [01;31m[K^~~~~~~~~~~~~~~~~[m[K
[3.912s] 
[3.912s] [01m[K/home/sheila/march/ros1/src/control/computed_torque/include/computed_torque/computed_torque_controller.hpp:68:81:[m[K [01;31m[Kerror: [m[Kâ€˜[01m[KFloat64MultiArray[m[Kâ€™ is not a member of â€˜[01m[Kstd_msgs[m[Kâ€™
[3.913s] [01m[K/home/sheila/march/ros1/src/control/computed_torque/include/computed_torque/computed_torque_controller.hpp:68:81:[m[K [01;31m[Kerror: [m[Ktemplate argument 1 is invalid
[3.913s] In file included from [01m[K/home/sheila/march/ros1/src/control/computed_torque/include/computed_torque/computed_torque_controller.h:103[m[K,
[3.913s]                  from [01m[K/home/sheila/march/ros1/src/control/computed_torque/src/computed_torque_controller.cpp:5[m[K:
[3.913s] [01m[K/home/sheila/march/ros1/src/control/computed_torque/include/computed_torque/computed_torque_controller.hpp:68:129:[m[K [01;31m[Kerror: [m[Kno matching function for call to â€˜[01m[Kmake_unique<<expression error> >(ros::NodeHandle&, const char [19], int)[m[Kâ€™
[3.913s]    68 | ublisher<std_msgs::Float64MultiArray>>(nh, "/march/mpc/command", 10[01;31m[K)[m[K;
[3.913s]       |                                                                    [01;31m[K^[m[K
[3.914s] 
[3.914s] In file included from [01m[K/usr/include/c++/9/memory:80[m[K,
[3.914s]                  from [01m[K/usr/include/boost/config/no_tr1/memory.hpp:21[m[K,
[3.914s]                  from [01m[K/usr/include/boost/get_pointer.hpp:14[m[K,
[3.914s]                  from [01m[K/usr/include/boost/bind/mem_fn.hpp:25[m[K,
[3.914s]                  from [01m[K/usr/include/boost/mem_fn.hpp:22[m[K,
[3.914s]                  from [01m[K/usr/include/boost/bind/bind.hpp:26[m[K,
[3.914s]                  from [01m[K/usr/include/boost/bind.hpp:22[m[K,
[3.915s]                  from [01m[K/opt/ros/noetic/include/class_loader/class_loader.hpp:35[m[K,
[3.915s]                  from [01m[K/opt/ros/noetic/include/pluginlib/./class_list_macros.hpp:40[m[K,
[3.915s]                  from [01m[K/opt/ros/noetic/include/pluginlib/class_list_macros.h:35[m[K,
[3.915s]                  from [01m[K/home/sheila/march/ros1/src/control/computed_torque/src/computed_torque_controller.cpp:2[m[K:
[3.915s] [01m[K/usr/include/c++/9/bits/unique_ptr.h:856:5:[m[K [01;36m[Knote: [m[Kcandidate: â€˜[01m[Ktemplate<class _Tp, class ... _Args> typename std::_MakeUniq<_Tp>::__single_object std::make_unique(_Args&& ...)[m[Kâ€™
[3.915s]   856 |     [01;36m[Kmake_unique[m[K(_Args&&... __args)
[3.915s]       |     [01;36m[K^~~~~~~~~~~[m[K
[3.915s] [01m[K/usr/include/c++/9/bits/unique_ptr.h:856:5:[m[K [01;36m[Knote: [m[K  template argument deduction/substitution failed:
[3.916s] In file included from [01m[K/home/sheila/march/ros1/src/control/computed_torque/include/computed_torque/computed_torque_controller.h:103[m[K,
[3.916s]                  from [01m[K/home/sheila/march/ros1/src/control/computed_torque/src/computed_torque_controller.cpp:5[m[K:
[3.916s] [01m[K/home/sheila/march/ros1/src/control/computed_torque/include/computed_torque/computed_torque_controller.hpp:68:129:[m[K [01;31m[Kerror: [m[Ktemplate argument 1 is invalid
[3.916s]    68 | ublisher<std_msgs::Float64MultiArray>>(nh, "/march/mpc/command", 10[01;31m[K)[m[K;
[3.916s]       |                                                                    [01;31m[K^[m[K
[3.916s] 
[3.916s] In file included from [01m[K/usr/include/c++/9/memory:80[m[K,
[3.916s]                  from [01m[K/usr/include/boost/config/no_tr1/memory.hpp:21[m[K,
[3.917s]                  from [01m[K/usr/include/boost/get_pointer.hpp:14[m[K,
[3.917s]                  from [01m[K/usr/include/boost/bind/mem_fn.hpp:25[m[K,
[3.917s]                  from [01m[K/usr/include/boost/mem_fn.hpp:22[m[K,
[3.917s]                  from [01m[K/usr/include/boost/bind/bind.hpp:26[m[K,
[3.917s]                  from [01m[K/usr/include/boost/bind.hpp:22[m[K,
[3.917s]                  from [01m[K/opt/ros/noetic/include/class_loader/class_loader.hpp:35[m[K,
[3.917s]                  from [01m[K/opt/ros/noetic/include/pluginlib/./class_list_macros.hpp:40[m[K,
[3.917s]                  from [01m[K/opt/ros/noetic/include/pluginlib/class_list_macros.h:35[m[K,
[3.918s]                  from [01m[K/home/sheila/march/ros1/src/control/computed_torque/src/computed_torque_controller.cpp:2[m[K:
[3.918s] [01m[K/usr/include/c++/9/bits/unique_ptr.h:862:5:[m[K [01;36m[Knote: [m[Kcandidate: â€˜[01m[Ktemplate<class _Tp> typename std::_MakeUniq<_Tp>::__array std::make_unique(std::size_t)[m[Kâ€™
[3.918s]   862 |     [01;36m[Kmake_unique[m[K(size_t __num)
[3.918s]       |     [01;36m[K^~~~~~~~~~~[m[K
[3.918s] [01m[K/usr/include/c++/9/bits/unique_ptr.h:862:5:[m[K [01;36m[Knote: [m[K  template argument deduction/substitution failed:
[3.918s] In file included from [01m[K/home/sheila/march/ros1/src/control/computed_torque/include/computed_torque/computed_torque_controller.h:103[m[K,
[3.918s]                  from [01m[K/home/sheila/march/ros1/src/control/computed_torque/src/computed_torque_controller.cpp:5[m[K:
[3.918s] [01m[K/home/sheila/march/ros1/src/control/computed_torque/include/computed_torque/computed_torque_controller.hpp:68:129:[m[K [01;31m[Kerror: [m[Ktemplate argument 1 is invalid
[3.919s]    68 | ublisher<std_msgs::Float64MultiArray>>(nh, "/march/mpc/command", 10[01;31m[K)[m[K;
[3.919s]       |                                                                    [01;31m[K^[m[K
[3.919s] 
[3.919s] In file included from [01m[K/usr/include/c++/9/memory:80[m[K,
[3.919s]                  from [01m[K/usr/include/boost/config/no_tr1/memory.hpp:21[m[K,
[3.919s]                  from [01m[K/usr/include/boost/get_pointer.hpp:14[m[K,
[3.919s]                  from [01m[K/usr/include/boost/bind/mem_fn.hpp:25[m[K,
[3.920s]                  from [01m[K/usr/include/boost/mem_fn.hpp:22[m[K,
[3.920s]                  from [01m[K/usr/include/boost/bind/bind.hpp:26[m[K,
[3.920s]                  from [01m[K/usr/include/boost/bind.hpp:22[m[K,
[3.920s]                  from [01m[K/opt/ros/noetic/include/class_loader/class_loader.hpp:35[m[K,
[3.920s]                  from [01m[K/opt/ros/noetic/include/pluginlib/./class_list_macros.hpp:40[m[K,
[3.920s]                  from [01m[K/opt/ros/noetic/include/pluginlib/class_list_macros.h:35[m[K,
[3.920s]                  from [01m[K/home/sheila/march/ros1/src/control/computed_torque/src/computed_torque_controller.cpp:2[m[K:
[3.920s] [01m[K/usr/include/c++/9/bits/unique_ptr.h:868:5:[m[K [01;36m[Knote: [m[Kcandidate: â€˜[01m[Ktemplate<class _Tp, class ... _Args> typename std::_MakeUniq<_Tp>::__invalid_type std::make_unique(_Args&& ...)[m[Kâ€™ <deleted>
[3.921s]   868 |     [01;36m[Kmake_unique[m[K(_Args&&...) = delete;
[3.921s]       |     [01;36m[K^~~~~~~~~~~[m[K
[3.921s] [01m[K/usr/include/c++/9/bits/unique_ptr.h:868:5:[m[K [01;36m[Knote: [m[K  template argument deduction/substitution failed:
[3.921s] In file included from [01m[K/home/sheila/march/ros1/src/control/computed_torque/include/computed_torque/computed_torque_controller.h:103[m[K,
[3.921s]                  from [01m[K/home/sheila/march/ros1/src/control/computed_torque/src/computed_torque_controller.cpp:5[m[K:
[3.921s] [01m[K/home/sheila/march/ros1/src/control/computed_torque/include/computed_torque/computed_torque_controller.hpp:68:129:[m[K [01;31m[Kerror: [m[Ktemplate argument 1 is invalid
[3.921s]    68 | ublisher<std_msgs::Float64MultiArray>>(nh, "/march/mpc/command", 10[01;31m[K)[m[K;
[3.921s]       |                                                                    [01;31m[K^[m[K
[3.921s] 
[3.922s] [01m[K/home/sheila/march/ros1/src/control/computed_torque/include/computed_torque/computed_torque_controller.hpp:[m[K At global scope:
[3.922s] [01m[K/home/sheila/march/ros1/src/control/computed_torque/include/computed_torque/computed_torque_controller.hpp:75:53:[m[K [01;31m[Kerror: [m[Kâ€˜[01m[KState[m[Kâ€™ does not name a type
[3.922s]    75 |                                               const [01;31m[KState[m[K& desired_state, const State& state_error ){
[3.922s]       |                                                     [01;31m[K^~~~~[m[K
[3.922s] [01m[K/home/sheila/march/ros1/src/control/computed_torque/include/computed_torque/computed_torque_controller.hpp:75:81:[m[K [01;31m[Kerror: [m[Kâ€˜[01m[KState[m[Kâ€™ does not name a type
[3.922s]    75 |                                  const State& desired_state, const [01;31m[KState[m[K& state_error ){
[3.922s]       |                                                                    [01;31m[K^~~~~[m[K
[3.922s] 
[3.924s] [01m[K/home/sheila/march/ros1/src/control/computed_torque/include/computed_torque/computed_torque_controller.hpp:[m[K In member function â€˜[01m[Kvoid controller_ns::computed_torque_controller_class::update(const ros::Time&, const ros::Duration&, const int&, const int&)[m[Kâ€™:
[3.924s] [01m[K/home/sheila/march/ros1/src/control/computed_torque/include/computed_torque/computed_torque_controller.hpp:79:28:[m[K [01;31m[Kerror: [m[Kâ€˜[01m[Kn_joints[m[Kâ€™ was not declared in this scope; did you mean â€˜[01m[Knum_joints_[m[Kâ€™?
[3.924s]    79 |     for(unsigned int i=0;i<[01;31m[Kn_joints[m[K;i++){
[3.925s]       |                            [01;31m[K^~~~~~~~[m[K
[3.925s]       |                            [32m[Knum_joints_[m[K
[3.928s] [01m[K/home/sheila/march/ros1/src/control/computed_torque/include/computed_torque/computed_torque_controller.hpp:80:7:[m[K [01;31m[Kerror: [m[Kâ€˜[01m[Kcurrent[m[Kâ€™ was not declared in this scope; did you mean â€˜[01m[Kcurrent_vel[m[Kâ€™?
[3.928s]    80 |       [01;31m[Kcurrent[m[K.q(i) = (*joint_handles_ptr_)[i].getPosition();
[3.928s]       |       [01;31m[K^~~~~~~[m[K
[3.928s]       |       [32m[Kcurrent_vel[m[K
[3.931s] [01m[K/home/sheila/march/ros1/src/control/computed_torque/include/computed_torque/computed_torque_controller.hpp:84:7:[m[K [01;31m[Kerror: [m[Kâ€˜[01m[Kdesired[m[Kâ€™ was not declared in this scope
[3.931s]    84 |       [01;31m[Kdesired[m[K.q(i) = desired_state.position[i];
[3.931s]       |       [01;31m[K^~~~~~~[m[K
[3.932s] [01m[K/home/sheila/march/ros1/src/control/computed_torque/include/computed_torque/computed_torque_controller.hpp:84:36:[m[K [01;31m[Kerror: [m[Krequest for member â€˜[01m[Kposition[m[Kâ€™ in â€˜[01m[Kdesired_state[m[Kâ€™, which is of non-class type â€˜[01m[Kconst int[m[Kâ€™
[3.932s]    84 |       desired.q(i) = desired_state.[01;31m[Kposition[m[K[i];
[3.932s]       |                                    [01;31m[K^~~~~~~~[m[K
[3.932s] [01m[K/home/sheila/march/ros1/src/control/computed_torque/include/computed_torque/computed_torque_controller.hpp:85:39:[m[K [01;31m[Kerror: [m[Krequest for member â€˜[01m[Kvelocity[m[Kâ€™ in â€˜[01m[Kdesired_state[m[Kâ€™, which is of non-class type â€˜[01m[Kconst int[m[Kâ€™
[3.932s]    85 |       desired.qdot(i) = desired_state.[01;31m[Kvelocity[m[K[i];
[3.932s]       |                                       [01;31m[K^~~~~~~~[m[K
[3.932s] [01m[K/home/sheila/march/ros1/src/control/computed_torque/include/computed_torque/computed_torque_controller.hpp:86:42:[m[K [01;31m[Kerror: [m[Krequest for member â€˜[01m[Kacceleration[m[Kâ€™ in â€˜[01m[Kdesired_state[m[Kâ€™, which is of non-class type â€˜[01m[Kconst int[m[Kâ€™
[3.932s]    86 |       desired.qdotdot(i) = desired_state.[01;31m[Kacceleration[m[K[i];
[3.933s]       |                                          [01;31m[K^~~~~~~~~~~~[m[K
[3.934s] [01m[K/home/sheila/march/ros1/src/control/computed_torque/include/computed_torque/computed_torque_controller.hpp:88:7:[m[K [01;31m[Kerror: [m[Kâ€˜[01m[Kerror[m[Kâ€™ was not declared in this scope; did you mean â€˜[01m[Kperror[m[Kâ€™?
[3.935s]    88 |       [01;31m[Kerror[m[K.q(i) = state_error.position[i];
[3.935s]       |       [01;31m[K^~~~~[m[K
[3.935s]       |       [32m[Kperror[m[K
[3.935s] [01m[K/home/sheila/march/ros1/src/control/computed_torque/include/computed_torque/computed_torque_controller.hpp:88:32:[m[K [01;31m[Kerror: [m[Krequest for member â€˜[01m[Kposition[m[Kâ€™ in â€˜[01m[Kstate_error[m[Kâ€™, which is of non-class type â€˜[01m[Kconst int[m[Kâ€™
[3.935s]    88 |       error.q(i) = state_error.[01;31m[Kposition[m[K[i];
[3.935s]       |                                [01;31m[K^~~~~~~~[m[K
[3.935s] [01m[K/home/sheila/march/ros1/src/control/computed_torque/include/computed_torque/computed_torque_controller.hpp:89:35:[m[K [01;31m[Kerror: [m[Krequest for member â€˜[01m[Kvelocity[m[Kâ€™ in â€˜[01m[Kstate_error[m[Kâ€™, which is of non-class type â€˜[01m[Kconst int[m[Kâ€™
[3.935s]    89 |       error.qdot(i) = state_error.[01;31m[Kvelocity[m[K[i];
[3.935s]       |                                   [01;31m[K^~~~~~~~[m[K
[3.938s] [01m[K/home/sheila/march/ros1/src/control/computed_torque/include/computed_torque/computed_torque_controller.hpp:93:28:[m[K [01;31m[Kerror: [m[Kâ€˜[01m[Kn_joints[m[Kâ€™ was not declared in this scope; did you mean â€˜[01m[Knum_joints_[m[Kâ€™?
[3.938s]    93 |     for(unsigned int i=0;i<[01;31m[Kn_joints[m[K;i++){
[3.938s]       |                            [01;31m[K^~~~~~~~[m[K
[3.938s]       |                            [32m[Knum_joints_[m[K
[3.941s] [01m[K/home/sheila/march/ros1/src/control/computed_torque/include/computed_torque/computed_torque_controller.hpp:[m[K At global scope:
[3.941s] [01m[K/home/sheila/march/ros1/src/control/computed_torque/include/computed_torque/computed_torque_controller.hpp:105:54:[m[K [01;31m[Kerror: [m[Kâ€˜[01m[Kchain[m[Kâ€™ was not declared in this scope
[3.941s]   105 |     KDL::ChainDynParam dynamics = KDL::ChainDynParam([01;31m[Kchain[m[K, KDL::Vector(0.0,0.0,-9.81));
[3.941s]       |                                                      [01;31m[K^~~~~[m[K
[3.942s] [01m[K/home/sheila/march/ros1/src/control/computed_torque/include/computed_torque/computed_torque_controller.hpp:108:5:[m[K [01;31m[Kerror: [m[Kâ€˜[01m[Kdynamics[m[Kâ€™ does not name a type
[3.942s]   108 |     [01;31m[Kdynamics[m[K.JntToGravity(current.q,G);
[3.943s]       |     [01;31m[K^~~~~~~~[m[K
[3.944s] [01m[K/home/sheila/march/ros1/src/control/computed_torque/include/computed_torque/computed_torque_controller.hpp:109:5:[m[K [01;31m[Kerror: [m[Kâ€˜[01m[Kdynamics[m[Kâ€™ does not name a type
[3.944s]   109 |     [01;31m[Kdynamics[m[K.JntToCoriolis(current.q,current.qdot,C);
[3.944s]       |     [01;31m[K^~~~~~~~[m[K
[3.945s] [01m[K/home/sheila/march/ros1/src/control/computed_torque/include/computed_torque/computed_torque_controller.hpp:110:5:[m[K [01;31m[Kerror: [m[Kâ€˜[01m[Kdynamics[m[Kâ€™ does not name a type
[3.945s]   110 |     [01;31m[Kdynamics[m[K.JntToMass(current.q,M);
[3.945s]       |     [01;31m[K^~~~~~~~[m[K
[3.947s] [01m[K/home/sheila/march/ros1/src/control/computed_torque/include/computed_torque/computed_torque_controller.hpp:112:5:[m[K [01;31m[Kerror: [m[Kâ€˜[01m[Ktau[m[Kâ€™ does not name a type; did you mean â€˜[01m[Ktan[m[Kâ€™?
[3.947s]   112 |     [01;31m[Ktau[m[K.data = M.data*(desired.qdotdot.data + Kp*error.q.data + Kv*error.qdot.data) + C.data + G.data - F * current.qdot.data;
[3.947s]       |     [01;31m[K^~~[m[K
[3.947s]       |     [32m[Ktan[m[K
[3.947s] [01m[K/home/sheila/march/ros1/src/control/computed_torque/include/computed_torque/computed_torque_controller.hpp:113:5:[m[K [01;31m[Kerror: [m[Kexpected unqualified-id before â€˜[01m[Kfor[m[Kâ€™
[3.947s]   113 |     [01;31m[Kfor[m[K (unsigned int i = 0; i < n_joints; ++i)
[3.947s]       |     [01;31m[K^~~[m[K
[3.948s] [01m[K/home/sheila/march/ros1/src/control/computed_torque/include/computed_torque/computed_torque_controller.hpp:113:30:[m[K [01;31m[Kerror: [m[Kâ€˜[01m[Ki[m[Kâ€™ does not name a type
[3.948s]   113 |     for (unsigned int i = 0; [01;31m[Ki[m[K < n_joints; ++i)
[3.948s]       |                              [01;31m[K^[m[K
[3.948s] [01m[K/home/sheila/march/ros1/src/control/computed_torque/include/computed_torque/computed_torque_controller.hpp:113:44:[m[K [01;31m[Kerror: [m[Kexpected unqualified-id before â€˜[01m[K++[m[Kâ€™ token
[3.948s]   113 |     for (unsigned int i = 0; i < n_joints; [01;31m[K++[m[Ki)
[3.949s]       |                                            [01;31m[K^~[m[K
[3.949s] [01m[K/home/sheila/march/ros1/src/control/computed_torque/include/computed_torque/computed_torque_controller.hpp:126:6:[m[K [01;31m[Kerror: [m[Kâ€˜[01m[Kcomputed_torque_controller_class[m[Kâ€™ has not been declared
[3.949s]   126 | void [01;31m[Kcomputed_torque_controller_class[m[K::starting(const ros::Time& /*time*/)
[3.949s]       |      [01;31m[K^~~~~~~~~~~~~~~~~~~~~~~~~~~~~~~~[m[K
[3.963s] [01m[K/home/sheila/march/ros1/src/control/computed_torque/include/computed_torque/computed_torque_controller.hpp:[m[K In function â€˜[01m[Kvoid starting(const ros::Time&)[m[Kâ€™:
[3.963s] [01m[K/home/sheila/march/ros1/src/control/computed_torque/include/computed_torque/computed_torque_controller.hpp:128:8:[m[K [01;31m[Kerror: [m[Kâ€˜[01m[Kjoint_handles_ptr_[m[Kâ€™ was not declared in this scope
[3.964s]   128 |   if (![01;31m[Kjoint_handles_ptr_[m[K) {return;}
[3.964s]       |        [01;31m[K^~~~~~~~~~~~~~~~~~[m[K
[3.968s] [01m[K/home/sheila/march/ros1/src/control/computed_torque/include/computed_torque/computed_torque_controller.hpp:131:32:[m[K [01;31m[Kerror: [m[Kâ€˜[01m[Knum_joints_[m[Kâ€™ was not declared in this scope
[3.968s]   131 |   for (unsigned int i = 0; i < [01;31m[Knum_joints_[m[K; ++i)
[3.968s]       |                                [01;31m[K^~~~~~~~~~~[m[K
[3.987s] [01m[K/home/sheila/march/ros1/src/control/computed_torque/include/computed_torque/computed_torque_controller.hpp:133:7:[m[K [01;31m[Kerror: [m[Kâ€˜[01m[Kjoint_handles_ptr_[m[Kâ€™ was not declared in this scope
[3.987s]   133 |     (*[01;31m[Kjoint_handles_ptr_[m[K)[i].setCommand(0.0);
[3.988s]       |       [01;31m[K^~~~~~~~~~~~~~~~~~[m[K
[3.988s] [01m[K/home/sheila/march/ros1/src/control/computed_torque/include/computed_torque/computed_torque_controller.hpp:[m[K At global scope:
[3.988s] [01m[K/home/sheila/march/ros1/src/control/computed_torque/include/computed_torque/computed_torque_controller.hpp:138:6:[m[K [01;31m[Kerror: [m[Kâ€˜[01m[KModelPredictiveControllerInterface[m[Kâ€™ has not been declared
[3.988s]   138 | void [01;31m[KModelPredictiveControllerInterface[m[K::stopping(const ros::Time& /*time*/){ }
[3.988s]       |      [01;31m[K^~~~~~~~~~~~~~~~~~~~~~~~~~~~~~~~~~[m[K
[3.988s] [01m[K/home/sheila/march/ros1/src/control/computed_torque/include/computed_torque/computed_torque_controller.hpp:141:1:[m[K [01;31m[Kerror: [m[Kexpected declaration before â€˜[01m[K}[m[Kâ€™ token
[3.988s]   141 | [01;31m[K}[m[K
[3.988s]       | [01;31m[K^[m[K
[3.992s] In file included from [01m[K/opt/ros/noetic/include/class_loader/class_loader.hpp:47[m[K,
[3.992s]                  from [01m[K/opt/ros/noetic/include/pluginlib/./class_list_macros.hpp:40[m[K,
[3.992s]                  from [01m[K/opt/ros/noetic/include/pluginlib/class_list_macros.h:35[m[K,
[3.992s]                  from [01m[K/home/sheila/march/ros1/src/control/computed_torque/src/computed_torque_controller.cpp:2[m[K:
[3.992s] [01m[K/home/sheila/march/ros1/src/control/computed_torque/src/computed_torque_controller.cpp:13:24:[m[K [01;31m[Kerror: [m[Kâ€˜[01m[Keffort_controller[m[Kâ€™ does not name a type; did you mean â€˜[01m[Keffort_controllers[m[Kâ€™?
[3.992s]    13 | PLUGINLIB_EXPORT_CLASS([01;31m[Keffort_controller[m[K::ComputedTorque, controller_interface::ControllerBase);
[3.992s]       |                        [01;31m[K^~~~~~~~~~~~~~~~~[m[K
[3.992s] [01m[K/opt/ros/noetic/include/class_loader/register_macro.hpp:43:14:[m[K [01;36m[Knote: [m[Kin definition of macro â€˜[01m[KCLASS_LOADER_REGISTER_CLASS_INTERNAL_WITH_MESSAGE[m[Kâ€™
[3.993s]    43 |     typedef  [01;36m[KDerived[m[K _derived; \
[3.993s]       |              [01;36m[K^~~~~~~[m[K
[3.993s] [01m[K/opt/ros/noetic/include/class_loader/register_macro.hpp:63:3:[m[K [01;36m[Knote: [m[Kin expansion of macro â€˜[01m[KCLASS_LOADER_REGISTER_CLASS_INTERNAL_HOP1_WITH_MESSAGE[m[Kâ€™
[3.993s]    63 |   [01;36m[KCLASS_LOADER_REGISTER_CLASS_INTERNAL_HOP1_WITH_MESSAGE[m[K(Derived, Base, __COUNTER__, Message)
[3.993s]       |   [01;36m[K^~~~~~~~~~~~~~~~~~~~~~~~~~~~~~~~~~~~~~~~~~~~~~~~~~~~~~[m[K
[3.993s] [01m[K/opt/ros/noetic/include/class_loader/register_macro.hpp:70:3:[m[K [01;36m[Knote: [m[Kin expansion of macro â€˜[01m[KCLASS_LOADER_REGISTER_CLASS_WITH_MESSAGE[m[Kâ€™
[3.993s]    70 |   [01;36m[KCLASS_LOADER_REGISTER_CLASS_WITH_MESSAGE[m[K(Derived, Base, "")
[3.993s]       |   [01;36m[K^~~~~~~~~~~~~~~~~~~~~~~~~~~~~~~~~~~~~~~~[m[K
[3.993s] [01m[K/opt/ros/noetic/include/pluginlib/./class_list_macros.hpp:49:3:[m[K [01;36m[Knote: [m[Kin expansion of macro â€˜[01m[KCLASS_LOADER_REGISTER_CLASS[m[Kâ€™
[3.993s]    49 |   [01;36m[KCLASS_LOADER_REGISTER_CLASS[m[K(class_type, base_class_type)
[3.993s]       |   [01;36m[K^~~~~~~~~~~~~~~~~~~~~~~~~~~[m[K
[3.993s] [01m[K/home/sheila/march/ros1/src/control/computed_torque/src/computed_torque_controller.cpp:13:1:[m[K [01;36m[Knote: [m[Kin expansion of macro â€˜[01m[KPLUGINLIB_EXPORT_CLASS[m[Kâ€™
[3.993s]    13 | [01;36m[KPLUGINLIB_EXPORT_CLASS[m[K(effort_controller::ComputedTorque, controller_interface::ControllerBase);
[3.994s]       | [01;36m[K^~~~~~~~~~~~~~~~~~~~~~[m[K
[3.997s] [01m[K/home/sheila/march/ros1/src/control/computed_torque/src/computed_torque_controller.cpp:[m[K In constructor â€˜[01m[K{anonymous}::ProxyExec0::ProxyExec0()[m[Kâ€™:
[3.997s] [01m[K/opt/ros/noetic/include/class_loader/register_macro.hpp:49:42:[m[K [01;31m[Kerror: [m[Kâ€˜[01m[K_derived[m[Kâ€™ was not declared in this scope
[3.997s]    49 |       class_loader::impl::registerPlugin<[01;31m[K_derived[m[K, _base>(#Derived, #Base); \
[3.997s]       |                                          [01;31m[K^~~~~~~~[m[K
[3.997s] [01m[K/opt/ros/noetic/include/class_loader/register_macro.hpp:56:3:[m[K [01;36m[Knote: [m[Kin expansion of macro â€˜[01m[KCLASS_LOADER_REGISTER_CLASS_INTERNAL_WITH_MESSAGE[m[Kâ€™
[3.997s]    56 |   [01;36m[KCLASS_LOADER_REGISTER_CLASS_INTERNAL_WITH_MESSAGE[m[K(Derived, Base, UniqueID, Message)
[3.997s]       |   [01;36m[K^~~~~~~~~~~~~~~~~~~~~~~~~~~~~~~~~~~~~~~~~~~~~~~~~[m[K
[3.997s] [01m[K/opt/ros/noetic/include/class_loader/register_macro.hpp:63:3:[m[K [01;36m[Knote: [m[Kin expansion of macro â€˜[01m[KCLASS_LOADER_REGISTER_CLASS_INTERNAL_HOP1_WITH_MESSAGE[m[Kâ€™
[3.998s]    63 |   [01;36m[KCLASS_LOADER_REGISTER_CLASS_INTERNAL_HOP1_WITH_MESSAGE[m[K(Derived, Base, __COUNTER__, Message)
[3.998s]       |   [01;36m[K^~~~~~~~~~~~~~~~~~~~~~~~~~~~~~~~~~~~~~~~~~~~~~~~~~~~~~[m[K
[3.998s] [01m[K/opt/ros/noetic/include/class_loader/register_macro.hpp:70:3:[m[K [01;36m[Knote: [m[Kin expansion of macro â€˜[01m[KCLASS_LOADER_REGISTER_CLASS_WITH_MESSAGE[m[Kâ€™
[3.998s]    70 |   [01;36m[KCLASS_LOADER_REGISTER_CLASS_WITH_MESSAGE[m[K(Derived, Base, "")
[3.998s]       |   [01;36m[K^~~~~~~~~~~~~~~~~~~~~~~~~~~~~~~~~~~~~~~~[m[K
[3.998s] [01m[K/opt/ros/noetic/include/pluginlib/./class_list_macros.hpp:49:3:[m[K [01;36m[Knote: [m[Kin expansion of macro â€˜[01m[KCLASS_LOADER_REGISTER_CLASS[m[Kâ€™
[3.998s]    49 |   [01;36m[KCLASS_LOADER_REGISTER_CLASS[m[K(class_type, base_class_type)
[3.998s]       |   [01;36m[K^~~~~~~~~~~~~~~~~~~~~~~~~~~[m[K
[3.998s] [01m[K/home/sheila/march/ros1/src/control/computed_torque/src/computed_torque_controller.cpp:13:1:[m[K [01;36m[Knote: [m[Kin expansion of macro â€˜[01m[KPLUGINLIB_EXPORT_CLASS[m[Kâ€™
[3.998s]    13 | [01;36m[KPLUGINLIB_EXPORT_CLASS[m[K(effort_controller::ComputedTorque, controller_interface::ControllerBase);
[3.998s]       | [01;36m[K^~~~~~~~~~~~~~~~~~~~~~[m[K
[3.998s] [01m[K/opt/ros/noetic/include/class_loader/register_macro.hpp:49:74:[m[K [01;31m[Kerror: [m[Kno matching function for call to â€˜[01m[KregisterPlugin<<expression error>, {anonymous}::ProxyExec0::_base>(const char [34], const char [37])[m[Kâ€™
[3.998s]    49 |       class_loader::impl::registerPlugin<_derived, _base>(#Derived, #Base[01;31m[K)[m[K; \
[3.999s]       |                                                                          [01;31m[K^[m[K
[3.999s] [01m[K/opt/ros/noetic/include/class_loader/register_macro.hpp:56:3:[m[K [01;36m[Knote: [m[Kin expansion of macro â€˜[01m[KCLASS_LOADER_REGISTER_CLASS_INTERNAL_WITH_MESSAGE[m[Kâ€™
[3.999s]    56 |   [01;36m[KCLASS_LOADER_REGISTER_CLASS_INTERNAL_WITH_MESSAGE[m[K(Derived, Base, UniqueID, Message)
[3.999s]       |   [01;36m[K^~~~~~~~~~~~~~~~~~~~~~~~~~~~~~~~~~~~~~~~~~~~~~~~~[m[K
[3.999s] [01m[K/opt/ros/noetic/include/class_loader/register_macro.hpp:63:3:[m[K [01;36m[Knote: [m[Kin expansion of macro â€˜[01m[KCLASS_LOADER_REGISTER_CLASS_INTERNAL_HOP1_WITH_MESSAGE[m[Kâ€™
[3.999s]    63 |   [01;36m[KCLASS_LOADER_REGISTER_CLASS_INTERNAL_HOP1_WITH_MESSAGE[m[K(Derived, Base, __COUNTER__, Message)
[3.999s]       |   [01;36m[K^~~~~~~~~~~~~~~~~~~~~~~~~~~~~~~~~~~~~~~~~~~~~~~~~~~~~~[m[K
[3.999s] [01m[K/opt/ros/noetic/include/class_loader/register_macro.hpp:70:3:[m[K [01;36m[Knote: [m[Kin expansion of macro â€˜[01m[KCLASS_LOADER_REGISTER_CLASS_WITH_MESSAGE[m[Kâ€™
[3.999s]    70 |   [01;36m[KCLASS_LOADER_REGISTER_CLASS_WITH_MESSAGE[m[K(Derived, Base, "")
[3.999s]       |   [01;36m[K^~~~~~~~~~~~~~~~~~~~~~~~~~~~~~~~~~~~~~~~[m[K
[3.999s] [01m[K/opt/ros/noetic/include/pluginlib/./class_list_macros.hpp:49:3:[m[K [01;36m[Knote: [m[Kin expansion of macro â€˜[01m[KCLASS_LOADER_REGISTER_CLASS[m[Kâ€™
[3.999s]    49 |   [01;36m[KCLASS_LOADER_REGISTER_CLASS[m[K(class_type, base_class_type)
[3.999s]       |   [01;36m[K^~~~~~~~~~~~~~~~~~~~~~~~~~~[m[K
[4.000s] [01m[K/home/sheila/march/ros1/src/control/computed_torque/src/computed_torque_controller.cpp:13:1:[m[K [01;36m[Knote: [m[Kin expansion of macro â€˜[01m[KPLUGINLIB_EXPORT_CLASS[m[Kâ€™
[4.000s]    13 | [01;36m[KPLUGINLIB_EXPORT_CLASS[m[K(effort_controller::ComputedTorque, controller_interface::ControllerBase);
[4.000s]       | [01;36m[K^~~~~~~~~~~~~~~~~~~~~~[m[K
[4.000s] In file included from [01m[K/opt/ros/noetic/include/class_loader/class_loader.hpp:46[m[K,
[4.000s]                  from [01m[K/opt/ros/noetic/include/pluginlib/./class_list_macros.hpp:40[m[K,
[4.000s]                  from [01m[K/opt/ros/noetic/include/pluginlib/class_list_macros.h:35[m[K,
[4.000s]                  from [01m[K/home/sheila/march/ros1/src/control/computed_torque/src/computed_torque_controller.cpp:2[m[K:
[4.000s] [01m[K/opt/ros/noetic/include/class_loader/class_loader_core.hpp:176:6:[m[K [01;36m[Knote: [m[Kcandidate: â€˜[01m[Ktemplate<class Derived, class Base> void class_loader::impl::registerPlugin(const string&, const string&)[m[Kâ€™
[4.000s]   176 | void [01;36m[KregisterPlugin[m[K(const std::string & class_name, const std::string & base_class_name)
[4.000s]       |      [01;36m[K^~~~~~~~~~~~~~[m[K
[4.000s] [01m[K/opt/ros/noetic/include/class_loader/class_loader_core.hpp:176:6:[m[K [01;36m[Knote: [m[K  template argument deduction/substitution failed:
[4.000s] In file included from [01m[K/opt/ros/noetic/include/class_loader/class_loader.hpp:47[m[K,
[4.000s]                  from [01m[K/opt/ros/noetic/include/pluginlib/./class_list_macros.hpp:40[m[K,
[4.001s]                  from [01m[K/opt/ros/noetic/include/pluginlib/class_list_macros.h:35[m[K,
[4.001s]                  from [01m[K/home/sheila/march/ros1/src/control/computed_torque/src/computed_torque_controller.cpp:2[m[K:
[4.001s] [01m[K/opt/ros/noetic/include/class_loader/register_macro.hpp:49:74:[m[K [01;31m[Kerror: [m[Ktemplate argument 1 is invalid
[4.001s]    49 |       class_loader::impl::registerPlugin<_derived, _base>(#Derived, #Base[01;31m[K)[m[K; \
[4.001s]       |                                                                          [01;31m[K^[m[K
[4.001s] [01m[K/opt/ros/noetic/include/class_loader/register_macro.hpp:56:3:[m[K [01;36m[Knote: [m[Kin expansion of macro â€˜[01m[KCLASS_LOADER_REGISTER_CLASS_INTERNAL_WITH_MESSAGE[m[Kâ€™
[4.001s]    56 |   [01;36m[KCLASS_LOADER_REGISTER_CLASS_INTERNAL_WITH_MESSAGE[m[K(Derived, Base, UniqueID, Message)
[4.001s]       |   [01;36m[K^~~~~~~~~~~~~~~~~~~~~~~~~~~~~~~~~~~~~~~~~~~~~~~~~[m[K
[4.001s] [01m[K/opt/ros/noetic/include/class_loader/register_macro.hpp:63:3:[m[K [01;36m[Knote: [m[Kin expansion of macro â€˜[01m[KCLASS_LOADER_REGISTER_CLASS_INTERNAL_HOP1_WITH_MESSAGE[m[Kâ€™
[4.001s]    63 |   [01;36m[KCLASS_LOADER_REGISTER_CLASS_INTERNAL_HOP1_WITH_MESSAGE[m[K(Derived, Base, __COUNTER__, Message)
[4.001s]       |   [01;36m[K^~~~~~~~~~~~~~~~~~~~~~~~~~~~~~~~~~~~~~~~~~~~~~~~~~~~~~[m[K
[4.001s] [01m[K/opt/ros/noetic/include/class_loader/register_macro.hpp:70:3:[m[K [01;36m[Knote: [m[Kin expansion of macro â€˜[01m[KCLASS_LOADER_REGISTER_CLASS_WITH_MESSAGE[m[Kâ€™
[4.001s]    70 |   [01;36m[KCLASS_LOADER_REGISTER_CLASS_WITH_MESSAGE[m[K(Derived, Base, "")
[4.002s]       |   [01;36m[K^~~~~~~~~~~~~~~~~~~~~~~~~~~~~~~~~~~~~~~~[m[K
[4.002s] [01m[K/opt/ros/noetic/include/pluginlib/./class_list_macros.hpp:49:3:[m[K [01;36m[Knote: [m[Kin expansion of macro â€˜[01m[KCLASS_LOADER_REGISTER_CLASS[m[Kâ€™
[4.002s]    49 |   [01;36m[KCLASS_LOADER_REGISTER_CLASS[m[K(class_type, base_class_type)
[4.002s]       |   [01;36m[K^~~~~~~~~~~~~~~~~~~~~~~~~~~[m[K
[4.002s] [01m[K/home/sheila/march/ros1/src/control/computed_torque/src/computed_torque_controller.cpp:13:1:[m[K [01;36m[Knote: [m[Kin expansion of macro â€˜[01m[KPLUGINLIB_EXPORT_CLASS[m[Kâ€™
[4.002s]    13 | [01;36m[KPLUGINLIB_EXPORT_CLASS[m[K(effort_controller::ComputedTorque, controller_interface::ControllerBase);
[4.002s]       | [01;36m[K^~~~~~~~~~~~~~~~~~~~~~[m[K
[4.887s] make[2]: *** [CMakeFiles/computed_torque_lib.dir/build.make:63: CMakeFiles/computed_torque_lib.dir/src/computed_torque_controller.cpp.o] Error 1
[4.887s] make[1]: *** [CMakeFiles/Makefile2:1811: CMakeFiles/computed_torque_lib.dir/all] Error 2
[4.888s] make: *** [Makefile:141: all] Error 2
[4.890s] Invoked command in '/home/sheila/march/ros1/build/computed_torque' returned '2': /usr/bin/cmake --build /home/sheila/march/ros1/build/computed_torque -- -j4 -l4
