[0.018s] Invoking command in '/home/sheila/march/ros1/build/computed_torque': /usr/bin/cmake --build /home/sheila/march/ros1/build/computed_torque -- -j4 -l4
[0.099s] [  0%] Built target rosgraph_msgs_generate_messages_lisp
[0.099s] [  0%] Built target roscpp_generate_messages_py
[0.102s] [  0%] Built target roscpp_generate_messages_eus
[0.104s] [  0%] Built target roscpp_generate_messages_cpp
[0.138s] [  0%] Built target roscpp_generate_messages_lisp
[0.139s] [  0%] Built target rosgraph_msgs_generate_messages_py
[0.149s] [  0%] Built target std_msgs_generate_messages_eus
[0.150s] [  0%] Built target roscpp_generate_messages_nodejs
[0.179s] [  0%] Built target rosgraph_msgs_generate_messages_cpp
[0.179s] [  0%] Built target std_msgs_generate_messages_cpp
[0.188s] [  0%] Built target std_msgs_generate_messages_lisp
[0.189s] [  0%] Built target rosgraph_msgs_generate_messages_nodejs
[0.211s] [  0%] Built target std_msgs_generate_messages_py
[0.217s] [  0%] Built target std_msgs_generate_messages_nodejs
[0.219s] [  0%] Built target rosgraph_msgs_generate_messages_eus
[0.246s] [ 50%] [32mBuilding CXX object CMakeFiles/computed_torque_lib.dir/src/computed_torque_controller.cpp.o[0m
[1.105s] In file included from [01m[K/usr/include/kdl/chainjnttojacsolver.hpp:27[m[K,
[1.105s]                  from [01m[K/home/sheila/march/ros1/src/control/computed_torque/include/computed_torque/computed_torque_controller.h:17[m[K,
[1.105s]                  from [01m[K/home/sheila/march/ros1/src/control/computed_torque/src/computed_torque_controller.cpp:5[m[K:
[1.105s] [01m[K/usr/include/kdl/jacobian.hpp:26:10:[m[K [01;31m[Kfatal error: [m[KEigen/Core: No existe el archivo o el directorio
[1.105s]    26 | #include [01;31m[K<Eigen/Core>[m[K
[1.105s]       |          [01;31m[K^~~~~~~~~~~~[m[K
[1.105s] compilation terminated.
[1.112s] make[2]: *** [CMakeFiles/computed_torque_lib.dir/build.make:63: CMakeFiles/computed_torque_lib.dir/src/computed_torque_controller.cpp.o] Error 1
[1.113s] make[1]: *** [CMakeFiles/Makefile2:385: CMakeFiles/computed_torque_lib.dir/all] Error 2
[1.113s] make: *** [Makefile:141: all] Error 2
[1.115s] Invoked command in '/home/sheila/march/ros1/build/computed_torque' returned '2': /usr/bin/cmake --build /home/sheila/march/ros1/build/computed_torque -- -j4 -l4
