[0.018s] Invoking command in '/home/sheila/march/ros1/build/computed_torque': /usr/bin/cmake --build /home/sheila/march/ros1/build/computed_torque -- -j4 -l4
[0.107s] [  0%] Built target dynamic_reconfigure_generate_messages_nodejs
[0.107s] [  0%] Built target rosgraph_msgs_generate_messages_py
[0.109s] [  0%] Built target std_msgs_generate_messages_eus
[0.109s] [  0%] Built target actionlib_msgs_generate_messages_nodejs
[0.147s] [  0%] Built target actionlib_msgs_generate_messages_cpp
[0.149s] [  0%] Built target control_msgs_generate_messages_lisp
[0.150s] [  0%] Built target rosgraph_msgs_generate_messages_eus
[0.151s] [  0%] Built target actionlib_msgs_generate_messages_lisp
[0.183s] [  0%] Built target control_toolbox_generate_messages_nodejs
[0.186s] [  0%] Built target std_msgs_generate_messages_lisp
[0.186s] [  0%] Built target control_msgs_generate_messages_cpp
[0.201s] [  0%] Built target roscpp_generate_messages_lisp
[0.221s] [  0%] Built target actionlib_msgs_generate_messages_eus
[0.225s] [  0%] Built target dynamic_reconfigure_generate_messages_py
[0.225s] [  0%] Built target control_msgs_generate_messages_nodejs
[0.242s] [  0%] Built target rosgraph_msgs_generate_messages_lisp
[0.261s] [  0%] Built target actionlib_generate_messages_py
[0.264s] [  0%] Built target _catkin_empty_exported_target
[0.264s] [  0%] Built target actionlib_generate_messages_lisp
[0.280s] [  0%] Built target actionlib_generate_messages_nodejs
[0.299s] [  0%] Built target control_msgs_generate_messages_eus
[0.302s] [  0%] Built target trajectory_msgs_generate_messages_cpp
[0.302s] [  0%] Built target trajectory_msgs_generate_messages_nodejs
[0.318s] [  0%] Built target control_toolbox_generate_messages_py
[0.338s] [  0%] Built target std_msgs_generate_messages_nodejs
[0.339s] [  0%] Built target std_msgs_generate_messages_py
[0.339s] [  0%] Built target geometry_msgs_generate_messages_eus
[0.358s] [  0%] Built target roscpp_generate_messages_nodejs
[0.376s] [  0%] Built target actionlib_generate_messages_cpp
[0.376s] [  0%] Built target std_msgs_generate_messages_cpp
[0.377s] [  0%] Built target actionlib_msgs_generate_messages_py
[0.394s] [  0%] Built target rosgraph_msgs_generate_messages_nodejs
[0.413s] [  0%] Built target roscpp_generate_messages_cpp
[0.414s] [  0%] Built target roscpp_generate_messages_eus
[0.417s] [  0%] Built target control_toolbox_gencfg
[0.433s] [  0%] Built target control_msgs_generate_messages_py
[0.451s] [  0%] Built target geometry_msgs_generate_messages_cpp
[0.454s] [  0%] Built target geometry_msgs_generate_messages_lisp
[0.455s] [  0%] Built target geometry_msgs_generate_messages_py
[0.472s] [  0%] Built target trajectory_msgs_generate_messages_lisp
[0.489s] [  0%] Built target rosgraph_msgs_generate_messages_cpp
[0.491s] [  0%] Built target actionlib_generate_messages_eus
[0.491s] [  0%] Built target trajectory_msgs_generate_messages_py
[0.509s] [  0%] Built target trajectory_msgs_generate_messages_eus
[0.528s] [  0%] Built target roscpp_generate_messages_py
[0.528s] [  0%] Built target control_toolbox_generate_messages_cpp
[0.529s] [  0%] Built target control_toolbox_generate_messages_eus
[0.547s] [  0%] Built target control_toolbox_generate_messages_lisp
[0.566s] [  0%] Built target dynamic_reconfigure_generate_messages_eus
[0.566s] [  0%] Built target dynamic_reconfigure_generate_messages_cpp
[0.566s] [  0%] Built target geometry_msgs_generate_messages_nodejs
[0.579s] [  0%] Built target dynamic_reconfigure_gencfg
[0.591s] [  0%] Built target dynamic_reconfigure_generate_messages_lisp
[0.622s] [ 50%] [32mBuilding CXX object CMakeFiles/computed_torque_lib.dir/src/computed_torque_controller.cpp.o[0m
[3.883s] In file included from [01m[K/home/sheila/march/ros1/src/control/computed_torque/src/computed_torque_controller.cpp:5[m[K:
[3.883s] [01m[K/home/sheila/march/ros1/src/control/computed_torque/include/computed_torque/computed_torque_controller.h:66:83:[m[K [01;31m[Kerror: [m[Kâ€˜[01m[KState[m[Kâ€™ does not name a type
[3.883s]    66 | d update(const ros::Time &time, const ros::Duration &period, const [01;31m[KState[m[K& desired_state, const State& state_error );
[3.883s]       |                                                                    [01;31m[K^~~~~[m[K
[3.883s] 
[3.885s] [01m[K/home/sheila/march/ros1/src/control/computed_torque/include/computed_torque/computed_torque_controller.h:66:111:[m[K [01;31m[Kerror: [m[Kâ€˜[01m[KState[m[Kâ€™ does not name a type
[3.885s]    66 | me, const ros::Duration &period, const State& desired_state, const [01;31m[KState[m[K& state_error );
[3.885s]       |                                                                    [01;31m[K^~~~~[m[K
[3.885s] 
[3.912s] In file included from [01m[K/home/sheila/march/ros1/src/control/computed_torque/include/computed_torque/computed_torque_controller.h:117[m[K,
[3.912s]                  from [01m[K/home/sheila/march/ros1/src/control/computed_torque/src/computed_torque_controller.cpp:5[m[K:
[3.912s] [01m[K/home/sheila/march/ros1/src/control/computed_torque/include/computed_torque/computed_torque_controller.hpp:[m[K In member function â€˜[01m[Kbool controller_ns::computed_torque_controller_class::init(std::vector<hardware_interface::JointHandle>&, ros::NodeHandle&)[m[Kâ€™:
[3.912s] [01m[K/home/sheila/march/ros1/src/control/computed_torque/include/computed_torque/computed_torque_controller.hpp:68:5:[m[K [01;31m[Kerror: [m[Kâ€˜[01m[Kcommand_pub_[m[Kâ€™ was not declared in this scope
[3.912s]    68 |     [01;31m[Kcommand_pub_[m[K = std::make_unique<realtime_tools::RealtimePublisher<std_msgs::Float64MultiArray>>(nh, "/march/mpc/command", 10);
[3.913s]       |     [01;31m[K^~~~~~~~~~~~[m[K
[3.921s] In file included from [01m[K/home/sheila/march/ros1/src/control/computed_torque/include/computed_torque/computed_torque_controller.h:117[m[K,
[3.921s]                  from [01m[K/home/sheila/march/ros1/src/control/computed_torque/src/computed_torque_controller.cpp:5[m[K:
[3.921s] [01m[K/home/sheila/march/ros1/src/control/computed_torque/include/computed_torque/computed_torque_controller.hpp:[m[K At global scope:
[3.922s] [01m[K/home/sheila/march/ros1/src/control/computed_torque/include/computed_torque/computed_torque_controller.hpp:75:53:[m[K [01;31m[Kerror: [m[Kâ€˜[01m[KState[m[Kâ€™ does not name a type
[3.922s]    75 |                                               const [01;31m[KState[m[K& desired_state, const State& state_error ){
[3.922s]       |                                                     [01;31m[K^~~~~[m[K
[3.923s] [01m[K/home/sheila/march/ros1/src/control/computed_torque/include/computed_torque/computed_torque_controller.hpp:75:81:[m[K [01;31m[Kerror: [m[Kâ€˜[01m[KState[m[Kâ€™ does not name a type
[3.924s]    75 |                                  const State& desired_state, const [01;31m[KState[m[K& state_error ){
[3.924s]       |                                                                    [01;31m[K^~~~~[m[K
[3.924s] 
[3.927s] [01m[K/home/sheila/march/ros1/src/control/computed_torque/include/computed_torque/computed_torque_controller.hpp:[m[K In member function â€˜[01m[Kvoid controller_ns::computed_torque_controller_class::update(const ros::Time&, const ros::Duration&, const int&, const int&)[m[Kâ€™:
[3.927s] [01m[K/home/sheila/march/ros1/src/control/computed_torque/include/computed_torque/computed_torque_controller.hpp:79:28:[m[K [01;31m[Kerror: [m[Kâ€˜[01m[Kn_joints[m[Kâ€™ was not declared in this scope; did you mean â€˜[01m[Knum_joints_[m[Kâ€™?
[3.927s]    79 |     for(unsigned int i=0;i<[01;31m[Kn_joints[m[K;i++){
[3.927s]       |                            [01;31m[K^~~~~~~~[m[K
[3.927s]       |                            [32m[Knum_joints_[m[K
[3.930s] [01m[K/home/sheila/march/ros1/src/control/computed_torque/include/computed_torque/computed_torque_controller.hpp:80:7:[m[K [01;31m[Kerror: [m[Kâ€˜[01m[Kcurrent[m[Kâ€™ was not declared in this scope; did you mean â€˜[01m[Kcurrent_vel[m[Kâ€™?
[3.931s]    80 |       [01;31m[Kcurrent[m[K.q(i) = (*joint_handles_ptr_)[i].getPosition();
[3.931s]       |       [01;31m[K^~~~~~~[m[K
[3.931s]       |       [32m[Kcurrent_vel[m[K
[3.934s] [01m[K/home/sheila/march/ros1/src/control/computed_torque/include/computed_torque/computed_torque_controller.hpp:84:7:[m[K [01;31m[Kerror: [m[Kâ€˜[01m[Kdesired[m[Kâ€™ was not declared in this scope
[3.935s]    84 |       [01;31m[Kdesired[m[K.q(i) = desired_state.position[i];
[3.935s]       |       [01;31m[K^~~~~~~[m[K
[3.935s] [01m[K/home/sheila/march/ros1/src/control/computed_torque/include/computed_torque/computed_torque_controller.hpp:84:36:[m[K [01;31m[Kerror: [m[Krequest for member â€˜[01m[Kposition[m[Kâ€™ in â€˜[01m[Kdesired_state[m[Kâ€™, which is of non-class type â€˜[01m[Kconst int[m[Kâ€™
[3.935s]    84 |       desired.q(i) = desired_state.[01;31m[Kposition[m[K[i];
[3.935s]       |                                    [01;31m[K^~~~~~~~[m[K
[3.935s] [01m[K/home/sheila/march/ros1/src/control/computed_torque/include/computed_torque/computed_torque_controller.hpp:85:39:[m[K [01;31m[Kerror: [m[Krequest for member â€˜[01m[Kvelocity[m[Kâ€™ in â€˜[01m[Kdesired_state[m[Kâ€™, which is of non-class type â€˜[01m[Kconst int[m[Kâ€™
[3.936s]    85 |       desired.qdot(i) = desired_state.[01;31m[Kvelocity[m[K[i];
[3.936s]       |                                       [01;31m[K^~~~~~~~[m[K
[3.936s] [01m[K/home/sheila/march/ros1/src/control/computed_torque/include/computed_torque/computed_torque_controller.hpp:86:42:[m[K [01;31m[Kerror: [m[Krequest for member â€˜[01m[Kacceleration[m[Kâ€™ in â€˜[01m[Kdesired_state[m[Kâ€™, which is of non-class type â€˜[01m[Kconst int[m[Kâ€™
[3.936s]    86 |       desired.qdotdot(i) = desired_state.[01;31m[Kacceleration[m[K[i];
[3.936s]       |                                          [01;31m[K^~~~~~~~~~~~[m[K
[3.938s] [01m[K/home/sheila/march/ros1/src/control/computed_torque/include/computed_torque/computed_torque_controller.hpp:88:7:[m[K [01;31m[Kerror: [m[Kâ€˜[01m[Kerror[m[Kâ€™ was not declared in this scope; did you mean â€˜[01m[Kperror[m[Kâ€™?
[3.938s]    88 |       [01;31m[Kerror[m[K.q(i) = state_error.position[i];
[3.938s]       |       [01;31m[K^~~~~[m[K
[3.938s]       |       [32m[Kperror[m[K
[3.938s] [01m[K/home/sheila/march/ros1/src/control/computed_torque/include/computed_torque/computed_torque_controller.hpp:88:32:[m[K [01;31m[Kerror: [m[Krequest for member â€˜[01m[Kposition[m[Kâ€™ in â€˜[01m[Kstate_error[m[Kâ€™, which is of non-class type â€˜[01m[Kconst int[m[Kâ€™
[3.938s]    88 |       error.q(i) = state_error.[01;31m[Kposition[m[K[i];
[3.938s]       |                                [01;31m[K^~~~~~~~[m[K
[3.938s] [01m[K/home/sheila/march/ros1/src/control/computed_torque/include/computed_torque/computed_torque_controller.hpp:89:35:[m[K [01;31m[Kerror: [m[Krequest for member â€˜[01m[Kvelocity[m[Kâ€™ in â€˜[01m[Kstate_error[m[Kâ€™, which is of non-class type â€˜[01m[Kconst int[m[Kâ€™
[3.939s]    89 |       error.qdot(i) = state_error.[01;31m[Kvelocity[m[K[i];
[3.939s]       |                                   [01;31m[K^~~~~~~~[m[K
[3.941s] [01m[K/home/sheila/march/ros1/src/control/computed_torque/include/computed_torque/computed_torque_controller.hpp:93:28:[m[K [01;31m[Kerror: [m[Kâ€˜[01m[Kn_joints[m[Kâ€™ was not declared in this scope; did you mean â€˜[01m[Knum_joints_[m[Kâ€™?
[3.942s]    93 |     for(unsigned int i=0;i<[01;31m[Kn_joints[m[K;i++){
[3.942s]       |                            [01;31m[K^~~~~~~~[m[K
[3.942s]       |                            [32m[Knum_joints_[m[K
[3.945s] [01m[K/home/sheila/march/ros1/src/control/computed_torque/include/computed_torque/computed_torque_controller.hpp:104:54:[m[K [01;31m[Kerror: [m[Kâ€˜[01m[Kchain[m[Kâ€™ was not declared in this scope
[3.945s]   104 |     KDL::ChainDynParam dynamics = KDL::ChainDynParam([01;31m[Kchain[m[K, KDL::Vector(0.0,0.0,-9.81));
[3.945s]       |                                                      [01;31m[K^~~~~[m[K
[3.949s] [01m[K/home/sheila/march/ros1/src/control/computed_torque/include/computed_torque/computed_torque_controller.hpp:107:27:[m[K [01;31m[Kerror: [m[Kâ€˜[01m[Kcurrent[m[Kâ€™ was not declared in this scope; did you mean â€˜[01m[Kcurrent_vel[m[Kâ€™?
[3.949s]   107 |     dynamics.JntToGravity([01;31m[Kcurrent[m[K.q,G);
[3.949s]       |                           [01;31m[K^~~~~~~[m[K
[3.949s]       |                           [32m[Kcurrent_vel[m[K
[3.954s] [01m[K/home/sheila/march/ros1/src/control/computed_torque/include/computed_torque/computed_torque_controller.hpp:111:24:[m[K [01;31m[Kerror: [m[Kâ€˜[01m[Kdesired[m[Kâ€™ was not declared in this scope
[3.954s]   111 |     tau.data = M.data*([01;31m[Kdesired[m[K.qdotdot.data + Kp*error.q.data + Kv*error.qdot.data) + C.data + G.data - F * current.qdot.data;
[3.954s]       |                        [01;31m[K^~~~~~~[m[K
[3.955s] [01m[K/home/sheila/march/ros1/src/control/computed_torque/include/computed_torque/computed_torque_controller.hpp:111:50:[m[K [01;31m[Kerror: [m[Kâ€˜[01m[Kerror[m[Kâ€™ was not declared in this scope; did you mean â€˜[01m[Kperror[m[Kâ€™?
[3.955s]   111 |     tau.data = M.data*(desired.qdotdot.data + Kp*[01;31m[Kerror[m[K.q.data + Kv*error.qdot.data) + C.data + G.data - F * current.qdot.data;
[3.955s]       |                                                  [01;31m[K^~~~~[m[K
[3.955s]       |                                                  [32m[Kperror[m[K
[3.959s] [01m[K/home/sheila/march/ros1/src/control/computed_torque/include/computed_torque/computed_torque_controller.hpp:112:34:[m[K [01;31m[Kerror: [m[Kâ€˜[01m[Kn_joints[m[Kâ€™ was not declared in this scope; did you mean â€˜[01m[Knum_joints_[m[Kâ€™?
[3.959s]   112 |     for (unsigned int i = 0; i < [01;31m[Kn_joints[m[K; ++i)
[3.959s]       |                                  [01;31m[K^~~~~~~~[m[K
[3.959s]       |                                  [32m[Knum_joints_[m[K
[3.970s] [01m[K/home/sheila/march/ros1/src/control/computed_torque/include/computed_torque/computed_torque_controller.hpp:116:54:[m[K [01;31m[Kerror: [m[Kâ€˜[01m[Kerrror[m[Kâ€™ was not declared in this scope; did you mean â€˜[01m[Kperror[m[Kâ€™?
[3.971s]   116 |         const double command = -Kp*error.q.data - Kv*[01;31m[Kerrror[m[K.qdot.data;
[3.971s]       |                                                      [01;31m[K^~~~~~[m[K
[3.971s]       |                                                      [32m[Kperror[m[K
[3.971s] [01m[K/home/sheila/march/ros1/src/control/computed_torque/include/computed_torque/computed_torque_controller.hpp:[m[K At global scope:
[3.971s] [01m[K/home/sheila/march/ros1/src/control/computed_torque/include/computed_torque/computed_torque_controller.hpp:137:6:[m[K [01;31m[Kerror: [m[Kâ€˜[01m[KModelPredictiveControllerInterface[m[Kâ€™ has not been declared
[3.971s]   137 | void [01;31m[KModelPredictiveControllerInterface[m[K::stopping(const ros::Time& /*time*/){ }
[3.971s]       |      [01;31m[K^~~~~~~~~~~~~~~~~~~~~~~~~~~~~~~~~~[m[K
[3.974s] In file included from [01m[K/opt/ros/noetic/include/class_loader/class_loader.hpp:47[m[K,
[3.974s]                  from [01m[K/opt/ros/noetic/include/pluginlib/./class_list_macros.hpp:40[m[K,
[3.974s]                  from [01m[K/opt/ros/noetic/include/pluginlib/class_list_macros.h:35[m[K,
[3.974s]                  from [01m[K/home/sheila/march/ros1/src/control/computed_torque/src/computed_torque_controller.cpp:2[m[K:
[3.974s] [01m[K/home/sheila/march/ros1/src/control/computed_torque/src/computed_torque_controller.cpp:13:24:[m[K [01;31m[Kerror: [m[Kâ€˜[01m[Keffort_controller[m[Kâ€™ does not name a type; did you mean â€˜[01m[Keffort_controllers[m[Kâ€™?
[3.974s]    13 | PLUGINLIB_EXPORT_CLASS([01;31m[Keffort_controller[m[K::ComputedTorque, controller_interface::ControllerBase);
[3.974s]       |                        [01;31m[K^~~~~~~~~~~~~~~~~[m[K
[3.975s] [01m[K/opt/ros/noetic/include/class_loader/register_macro.hpp:43:14:[m[K [01;36m[Knote: [m[Kin definition of macro â€˜[01m[KCLASS_LOADER_REGISTER_CLASS_INTERNAL_WITH_MESSAGE[m[Kâ€™
[3.975s]    43 |     typedef  [01;36m[KDerived[m[K _derived; \
[3.975s]       |              [01;36m[K^~~~~~~[m[K
[3.975s] [01m[K/opt/ros/noetic/include/class_loader/register_macro.hpp:63:3:[m[K [01;36m[Knote: [m[Kin expansion of macro â€˜[01m[KCLASS_LOADER_REGISTER_CLASS_INTERNAL_HOP1_WITH_MESSAGE[m[Kâ€™
[3.975s]    63 |   [01;36m[KCLASS_LOADER_REGISTER_CLASS_INTERNAL_HOP1_WITH_MESSAGE[m[K(Derived, Base, __COUNTER__, Message)
[3.975s]       |   [01;36m[K^~~~~~~~~~~~~~~~~~~~~~~~~~~~~~~~~~~~~~~~~~~~~~~~~~~~~~[m[K
[3.975s] [01m[K/opt/ros/noetic/include/class_loader/register_macro.hpp:70:3:[m[K [01;36m[Knote: [m[Kin expansion of macro â€˜[01m[KCLASS_LOADER_REGISTER_CLASS_WITH_MESSAGE[m[Kâ€™
[3.975s]    70 |   [01;36m[KCLASS_LOADER_REGISTER_CLASS_WITH_MESSAGE[m[K(Derived, Base, "")
[3.975s]       |   [01;36m[K^~~~~~~~~~~~~~~~~~~~~~~~~~~~~~~~~~~~~~~~[m[K
[3.975s] [01m[K/opt/ros/noetic/include/pluginlib/./class_list_macros.hpp:49:3:[m[K [01;36m[Knote: [m[Kin expansion of macro â€˜[01m[KCLASS_LOADER_REGISTER_CLASS[m[Kâ€™
[3.976s]    49 |   [01;36m[KCLASS_LOADER_REGISTER_CLASS[m[K(class_type, base_class_type)
[3.976s]       |   [01;36m[K^~~~~~~~~~~~~~~~~~~~~~~~~~~[m[K
[3.976s] [01m[K/home/sheila/march/ros1/src/control/computed_torque/src/computed_torque_controller.cpp:13:1:[m[K [01;36m[Knote: [m[Kin expansion of macro â€˜[01m[KPLUGINLIB_EXPORT_CLASS[m[Kâ€™
[3.976s]    13 | [01;36m[KPLUGINLIB_EXPORT_CLASS[m[K(effort_controller::ComputedTorque, controller_interface::ControllerBase);
[3.976s]       | [01;36m[K^~~~~~~~~~~~~~~~~~~~~~[m[K
[3.979s] [01m[K/home/sheila/march/ros1/src/control/computed_torque/src/computed_torque_controller.cpp:[m[K In constructor â€˜[01m[K{anonymous}::ProxyExec0::ProxyExec0()[m[Kâ€™:
[3.979s] [01m[K/opt/ros/noetic/include/class_loader/register_macro.hpp:49:42:[m[K [01;31m[Kerror: [m[Kâ€˜[01m[K_derived[m[Kâ€™ was not declared in this scope
[3.979s]    49 |       class_loader::impl::registerPlugin<[01;31m[K_derived[m[K, _base>(#Derived, #Base); \
[3.980s]       |                                          [01;31m[K^~~~~~~~[m[K
[3.980s] [01m[K/opt/ros/noetic/include/class_loader/register_macro.hpp:56:3:[m[K [01;36m[Knote: [m[Kin expansion of macro â€˜[01m[KCLASS_LOADER_REGISTER_CLASS_INTERNAL_WITH_MESSAGE[m[Kâ€™
[3.980s]    56 |   [01;36m[KCLASS_LOADER_REGISTER_CLASS_INTERNAL_WITH_MESSAGE[m[K(Derived, Base, UniqueID, Message)
[3.980s]       |   [01;36m[K^~~~~~~~~~~~~~~~~~~~~~~~~~~~~~~~~~~~~~~~~~~~~~~~~[m[K
[3.980s] [01m[K/opt/ros/noetic/include/class_loader/register_macro.hpp:63:3:[m[K [01;36m[Knote: [m[Kin expansion of macro â€˜[01m[KCLASS_LOADER_REGISTER_CLASS_INTERNAL_HOP1_WITH_MESSAGE[m[Kâ€™
[3.980s]    63 |   [01;36m[KCLASS_LOADER_REGISTER_CLASS_INTERNAL_HOP1_WITH_MESSAGE[m[K(Derived, Base, __COUNTER__, Message)
[3.980s]       |   [01;36m[K^~~~~~~~~~~~~~~~~~~~~~~~~~~~~~~~~~~~~~~~~~~~~~~~~~~~~~[m[K
[3.980s] [01m[K/opt/ros/noetic/include/class_loader/register_macro.hpp:70:3:[m[K [01;36m[Knote: [m[Kin expansion of macro â€˜[01m[KCLASS_LOADER_REGISTER_CLASS_WITH_MESSAGE[m[Kâ€™
[3.980s]    70 |   [01;36m[KCLASS_LOADER_REGISTER_CLASS_WITH_MESSAGE[m[K(Derived, Base, "")
[3.980s]       |   [01;36m[K^~~~~~~~~~~~~~~~~~~~~~~~~~~~~~~~~~~~~~~~[m[K
[3.980s] [01m[K/opt/ros/noetic/include/pluginlib/./class_list_macros.hpp:49:3:[m[K [01;36m[Knote: [m[Kin expansion of macro â€˜[01m[KCLASS_LOADER_REGISTER_CLASS[m[Kâ€™
[3.980s]    49 |   [01;36m[KCLASS_LOADER_REGISTER_CLASS[m[K(class_type, base_class_type)
[3.981s]       |   [01;36m[K^~~~~~~~~~~~~~~~~~~~~~~~~~~[m[K
[3.981s] [01m[K/home/sheila/march/ros1/src/control/computed_torque/src/computed_torque_controller.cpp:13:1:[m[K [01;36m[Knote: [m[Kin expansion of macro â€˜[01m[KPLUGINLIB_EXPORT_CLASS[m[Kâ€™
[3.981s]    13 | [01;36m[KPLUGINLIB_EXPORT_CLASS[m[K(effort_controller::ComputedTorque, controller_interface::ControllerBase);
[3.981s]       | [01;36m[K^~~~~~~~~~~~~~~~~~~~~~[m[K
[3.981s] [01m[K/opt/ros/noetic/include/class_loader/register_macro.hpp:49:74:[m[K [01;31m[Kerror: [m[Kno matching function for call to â€˜[01m[KregisterPlugin<<expression error>, {anonymous}::ProxyExec0::_base>(const char [34], const char [37])[m[Kâ€™
[3.981s]    49 |       class_loader::impl::registerPlugin<_derived, _base>(#Derived, #Base[01;31m[K)[m[K; \
[3.981s]       |                                                                          [01;31m[K^[m[K
[3.981s] [01m[K/opt/ros/noetic/include/class_loader/register_macro.hpp:56:3:[m[K [01;36m[Knote: [m[Kin expansion of macro â€˜[01m[KCLASS_LOADER_REGISTER_CLASS_INTERNAL_WITH_MESSAGE[m[Kâ€™
[3.981s]    56 |   [01;36m[KCLASS_LOADER_REGISTER_CLASS_INTERNAL_WITH_MESSAGE[m[K(Derived, Base, UniqueID, Message)
[3.981s]       |   [01;36m[K^~~~~~~~~~~~~~~~~~~~~~~~~~~~~~~~~~~~~~~~~~~~~~~~~[m[K
[3.981s] [01m[K/opt/ros/noetic/include/class_loader/register_macro.hpp:63:3:[m[K [01;36m[Knote: [m[Kin expansion of macro â€˜[01m[KCLASS_LOADER_REGISTER_CLASS_INTERNAL_HOP1_WITH_MESSAGE[m[Kâ€™
[3.981s]    63 |   [01;36m[KCLASS_LOADER_REGISTER_CLASS_INTERNAL_HOP1_WITH_MESSAGE[m[K(Derived, Base, __COUNTER__, Message)
[3.981s]       |   [01;36m[K^~~~~~~~~~~~~~~~~~~~~~~~~~~~~~~~~~~~~~~~~~~~~~~~~~~~~~[m[K
[3.982s] [01m[K/opt/ros/noetic/include/class_loader/register_macro.hpp:70:3:[m[K [01;36m[Knote: [m[Kin expansion of macro â€˜[01m[KCLASS_LOADER_REGISTER_CLASS_WITH_MESSAGE[m[Kâ€™
[3.982s]    70 |   [01;36m[KCLASS_LOADER_REGISTER_CLASS_WITH_MESSAGE[m[K(Derived, Base, "")
[3.982s]       |   [01;36m[K^~~~~~~~~~~~~~~~~~~~~~~~~~~~~~~~~~~~~~~~[m[K
[3.982s] [01m[K/opt/ros/noetic/include/pluginlib/./class_list_macros.hpp:49:3:[m[K [01;36m[Knote: [m[Kin expansion of macro â€˜[01m[KCLASS_LOADER_REGISTER_CLASS[m[Kâ€™
[3.982s]    49 |   [01;36m[KCLASS_LOADER_REGISTER_CLASS[m[K(class_type, base_class_type)
[3.982s]       |   [01;36m[K^~~~~~~~~~~~~~~~~~~~~~~~~~~[m[K
[3.982s] [01m[K/home/sheila/march/ros1/src/control/computed_torque/src/computed_torque_controller.cpp:13:1:[m[K [01;36m[Knote: [m[Kin expansion of macro â€˜[01m[KPLUGINLIB_EXPORT_CLASS[m[Kâ€™
[3.982s]    13 | [01;36m[KPLUGINLIB_EXPORT_CLASS[m[K(effort_controller::ComputedTorque, controller_interface::ControllerBase);
[3.982s]       | [01;36m[K^~~~~~~~~~~~~~~~~~~~~~[m[K
[3.982s] In file included from [01m[K/opt/ros/noetic/include/class_loader/class_loader.hpp:46[m[K,
[3.982s]                  from [01m[K/opt/ros/noetic/include/pluginlib/./class_list_macros.hpp:40[m[K,
[3.982s]                  from [01m[K/opt/ros/noetic/include/pluginlib/class_list_macros.h:35[m[K,
[3.982s]                  from [01m[K/home/sheila/march/ros1/src/control/computed_torque/src/computed_torque_controller.cpp:2[m[K:
[3.983s] [01m[K/opt/ros/noetic/include/class_loader/class_loader_core.hpp:176:6:[m[K [01;36m[Knote: [m[Kcandidate: â€˜[01m[Ktemplate<class Derived, class Base> void class_loader::impl::registerPlugin(const string&, const string&)[m[Kâ€™
[3.983s]   176 | void [01;36m[KregisterPlugin[m[K(const std::string & class_name, const std::string & base_class_name)
[3.983s]       |      [01;36m[K^~~~~~~~~~~~~~[m[K
[3.983s] [01m[K/opt/ros/noetic/include/class_loader/class_loader_core.hpp:176:6:[m[K [01;36m[Knote: [m[K  template argument deduction/substitution failed:
[3.983s] In file included from [01m[K/opt/ros/noetic/include/class_loader/class_loader.hpp:47[m[K,
[3.983s]                  from [01m[K/opt/ros/noetic/include/pluginlib/./class_list_macros.hpp:40[m[K,
[3.983s]                  from [01m[K/opt/ros/noetic/include/pluginlib/class_list_macros.h:35[m[K,
[3.983s]                  from [01m[K/home/sheila/march/ros1/src/control/computed_torque/src/computed_torque_controller.cpp:2[m[K:
[3.983s] [01m[K/opt/ros/noetic/include/class_loader/register_macro.hpp:49:74:[m[K [01;31m[Kerror: [m[Ktemplate argument 1 is invalid
[3.983s]    49 |       class_loader::impl::registerPlugin<_derived, _base>(#Derived, #Base[01;31m[K)[m[K; \
[3.983s]       |                                                                          [01;31m[K^[m[K
[3.983s] [01m[K/opt/ros/noetic/include/class_loader/register_macro.hpp:56:3:[m[K [01;36m[Knote: [m[Kin expansion of macro â€˜[01m[KCLASS_LOADER_REGISTER_CLASS_INTERNAL_WITH_MESSAGE[m[Kâ€™
[3.983s]    56 |   [01;36m[KCLASS_LOADER_REGISTER_CLASS_INTERNAL_WITH_MESSAGE[m[K(Derived, Base, UniqueID, Message)
[3.984s]       |   [01;36m[K^~~~~~~~~~~~~~~~~~~~~~~~~~~~~~~~~~~~~~~~~~~~~~~~~[m[K
[3.984s] [01m[K/opt/ros/noetic/include/class_loader/register_macro.hpp:63:3:[m[K [01;36m[Knote: [m[Kin expansion of macro â€˜[01m[KCLASS_LOADER_REGISTER_CLASS_INTERNAL_HOP1_WITH_MESSAGE[m[Kâ€™
[3.984s]    63 |   [01;36m[KCLASS_LOADER_REGISTER_CLASS_INTERNAL_HOP1_WITH_MESSAGE[m[K(Derived, Base, __COUNTER__, Message)
[3.984s]       |   [01;36m[K^~~~~~~~~~~~~~~~~~~~~~~~~~~~~~~~~~~~~~~~~~~~~~~~~~~~~~[m[K
[3.984s] [01m[K/opt/ros/noetic/include/class_loader/register_macro.hpp:70:3:[m[K [01;36m[Knote: [m[Kin expansion of macro â€˜[01m[KCLASS_LOADER_REGISTER_CLASS_WITH_MESSAGE[m[Kâ€™
[3.984s]    70 |   [01;36m[KCLASS_LOADER_REGISTER_CLASS_WITH_MESSAGE[m[K(Derived, Base, "")
[3.984s]       |   [01;36m[K^~~~~~~~~~~~~~~~~~~~~~~~~~~~~~~~~~~~~~~~[m[K
[3.984s] [01m[K/opt/ros/noetic/include/pluginlib/./class_list_macros.hpp:49:3:[m[K [01;36m[Knote: [m[Kin expansion of macro â€˜[01m[KCLASS_LOADER_REGISTER_CLASS[m[Kâ€™
[3.984s]    49 |   [01;36m[KCLASS_LOADER_REGISTER_CLASS[m[K(class_type, base_class_type)
[3.984s]       |   [01;36m[K^~~~~~~~~~~~~~~~~~~~~~~~~~~[m[K
[3.984s] [01m[K/home/sheila/march/ros1/src/control/computed_torque/src/computed_torque_controller.cpp:13:1:[m[K [01;36m[Knote: [m[Kin expansion of macro â€˜[01m[KPLUGINLIB_EXPORT_CLASS[m[Kâ€™
[3.984s]    13 | [01;36m[KPLUGINLIB_EXPORT_CLASS[m[K(effort_controller::ComputedTorque, controller_interface::ControllerBase);
[3.984s]       | [01;36m[K^~~~~~~~~~~~~~~~~~~~~~[m[K
[5.069s] make[2]: *** [CMakeFiles/computed_torque_lib.dir/build.make:63: CMakeFiles/computed_torque_lib.dir/src/computed_torque_controller.cpp.o] Error 1
[5.069s] make[1]: *** [CMakeFiles/Makefile2:1811: CMakeFiles/computed_torque_lib.dir/all] Error 2
[5.069s] make: *** [Makefile:141: all] Error 2
[5.072s] Invoked command in '/home/sheila/march/ros1/build/computed_torque' returned '2': /usr/bin/cmake --build /home/sheila/march/ros1/build/computed_torque -- -j4 -l4
