[0.020s] Invoking command in '/home/sheila/march/ros1/build/computed_torque': /usr/bin/cmake --build /home/sheila/march/ros1/build/computed_torque -- -j4 -l4
[0.106s] [  0%] Built target sensor_msgs_generate_messages_nodejs
[0.106s] [  0%] Built target sensor_msgs_generate_messages_py
[0.109s] [  0%] Built target sensor_msgs_generate_messages_cpp
[0.120s] [  0%] Built target dynamic_reconfigure_generate_messages_nodejs
[0.145s] [  0%] Built target march_shared_msgs_generate_messages_py
[0.152s] [  0%] Built target march_shared_msgs_generate_messages_nodejs
[0.156s] [  0%] Built target march_shared_msgs_generate_messages_eus
[0.167s] [  0%] Built target roscpp_generate_messages_eus
[0.187s] [  0%] Built target roscpp_generate_messages_cpp
[0.192s] [  0%] Built target control_toolbox_gencfg
[0.197s] [  0%] Built target std_msgs_generate_messages_py
[0.205s] [  0%] Built target march_shared_msgs_generate_messages_cpp
[0.224s] [  0%] Built target std_msgs_generate_messages_nodejs
[0.236s] [  0%] Built target geometry_msgs_generate_messages_eus
[0.237s] [  0%] Built target roscpp_generate_messages_nodejs
[0.245s] [  0%] Built target std_msgs_generate_messages_cpp
[0.264s] [  0%] Built target actionlib_msgs_generate_messages_py
[0.276s] [  0%] Built target actionlib_generate_messages_cpp
[0.276s] [  0%] Built target march_shared_msgs_generate_messages_lisp
[0.285s] [  0%] Built target rosgraph_msgs_generate_messages_nodejs
[0.302s] [  0%] Built target rosgraph_msgs_generate_messages_lisp
[0.315s] [  0%] Built target actionlib_generate_messages_py
[0.315s] [  0%] Built target actionlib_generate_messages_lisp
[0.327s] [  0%] Built target _catkin_empty_exported_target
[0.341s] [  0%] Built target actionlib_generate_messages_nodejs
[0.357s] [  0%] Built target control_msgs_generate_messages_eus
[0.359s] [  0%] Built target trajectory_msgs_generate_messages_nodejs
[0.375s] [  0%] Built target trajectory_msgs_generate_messages_cpp
[0.376s] [  0%] Built target control_toolbox_generate_messages_py
[0.394s] [  0%] Built target rosgraph_msgs_generate_messages_py
[0.400s] [  0%] Built target std_msgs_generate_messages_eus
[0.414s] [  0%] Built target actionlib_msgs_generate_messages_nodejs
[0.415s] [  0%] Built target actionlib_msgs_generate_messages_lisp
[0.435s] [  0%] Built target actionlib_msgs_generate_messages_cpp
[0.442s] [  0%] Built target rosgraph_msgs_generate_messages_eus
[0.453s] [  0%] Built target sensor_msgs_generate_messages_eus
[0.457s] [  0%] Built target sensor_msgs_generate_messages_lisp
[0.473s] [  0%] Built target control_msgs_generate_messages_lisp
[0.483s] [  0%] Built target std_msgs_generate_messages_lisp
[0.492s] [  0%] Built target control_msgs_generate_messages_cpp
[0.500s] [  0%] Built target roscpp_generate_messages_lisp
[0.512s] [  0%] Built target control_toolbox_generate_messages_nodejs
[0.523s] [  0%] Built target actionlib_msgs_generate_messages_eus
[0.530s] [  0%] Built target dynamic_reconfigure_generate_messages_py
[0.543s] [  0%] Built target control_msgs_generate_messages_nodejs
[0.552s] [  0%] Built target control_msgs_generate_messages_py
[0.564s] [  0%] Built target geometry_msgs_generate_messages_cpp
[0.569s] [  0%] Built target geometry_msgs_generate_messages_lisp
[0.586s] [  0%] Built target geometry_msgs_generate_messages_py
[0.593s] [  0%] Built target trajectory_msgs_generate_messages_lisp
[0.604s] [  0%] Built target rosgraph_msgs_generate_messages_cpp
[0.610s] [  0%] Built target actionlib_generate_messages_eus
[0.627s] [  0%] Built target trajectory_msgs_generate_messages_py
[0.635s] [  0%] Built target trajectory_msgs_generate_messages_eus
[0.647s] [  0%] Built target roscpp_generate_messages_py
[0.649s] [  0%] Built target control_toolbox_generate_messages_cpp
[0.668s] [  0%] Built target control_toolbox_generate_messages_eus
[0.672s] [  0%] Built target control_toolbox_generate_messages_lisp
[0.691s] [  0%] Built target dynamic_reconfigure_generate_messages_cpp
[0.698s] [  0%] Built target geometry_msgs_generate_messages_nodejs
[0.709s] [  0%] Built target dynamic_reconfigure_gencfg
[0.710s] [  0%] Built target dynamic_reconfigure_generate_messages_eus
[0.721s] [  0%] Built target dynamic_reconfigure_generate_messages_lisp
[0.740s] [35m[1mScanning dependencies of target computed_torque_lib[0m
[0.765s] [ 50%] [32mBuilding CXX object CMakeFiles/computed_torque_lib.dir/src/computed_torque_controller.cpp.o[0m
[4.140s] In file included from [01m[K/home/sheila/march/ros1/src/control/computed_torque/src/computed_torque_controller.cpp:5[m[K:
[4.141s] [01m[K/home/sheila/march/ros1/src/control/computed_torque/include/computed_torque/computed_torque_controller.h:81:31:[m[K [01;31m[Kerror: [m[Kâ€˜[01m[KState[m[Kâ€™ does not name a type
[4.141s]    81 |                         const [01;31m[KState[m[K& desired_state,
[4.141s]       |                               [01;31m[K^~~~~[m[K
[4.143s] [01m[K/home/sheila/march/ros1/src/control/computed_torque/include/computed_torque/computed_torque_controller.h:82:31:[m[K [01;31m[Kerror: [m[Kâ€˜[01m[KState[m[Kâ€™ does not name a type
[4.143s]    82 |                         const [01;31m[KState[m[K& state_error );
[4.143s]       |                               [01;31m[K^~~~~[m[K
[4.144s] [01m[K/home/sheila/march/ros1/src/control/computed_torque/include/computed_torque/computed_torque_controller.h:115:22:[m[K [01;31m[Kerror: [m[Kexpected nested-name-specifier before â€˜[01m[KState[m[Kâ€™
[4.144s]   115 |             typename [01;31m[KState[m[K state_error_;           ///< Preallocated workspace variable.
[4.144s]       |                      [01;31m[K^~~~~[m[K
[4.144s] [01m[K/home/sheila/march/ros1/src/control/computed_torque/include/computed_torque/computed_torque_controller.h:115:22:[m[K [01;31m[Kerror: [m[Kexpected â€˜[01m[K;[m[Kâ€™ at end of member declaration
[4.144s]   115 |             typename [01;31m[KState[m[K state_error_;           ///< Preallocated workspace variable.
[4.144s]       |                      [01;31m[K^~~~~[m[K
[4.144s]       |                           [32m[K;[m[K
[4.148s] [01m[K/home/sheila/march/ros1/src/control/computed_torque/include/computed_torque/computed_torque_controller.h:115:28:[m[K [01;31m[Kerror: [m[Kâ€˜[01m[Kstate_error_[m[Kâ€™ does not name a type
[4.148s]   115 |             typename State [01;31m[Kstate_error_[m[K;           ///< Preallocated workspace variable.
[4.148s]       |                            [01;31m[K^~~~~~~~~~~~[m[K
[4.148s] [01m[K/home/sheila/march/ros1/src/control/computed_torque/include/computed_torque/computed_torque_controller.h:116:22:[m[K [01;31m[Kerror: [m[Kexpected nested-name-specifier before â€˜[01m[KState[m[Kâ€™
[4.149s]   116 |             typename [01;31m[KState[m[K desired_joint_state_;   ///< Preallocated workspace variable.
[4.149s]       |                      [01;31m[K^~~~~[m[K
[4.149s] [01m[K/home/sheila/march/ros1/src/control/computed_torque/include/computed_torque/computed_torque_controller.h:116:22:[m[K [01;31m[Kerror: [m[Kexpected â€˜[01m[K;[m[Kâ€™ at end of member declaration
[4.149s]   116 |             typename [01;31m[KState[m[K desired_joint_state_;   ///< Preallocated workspace variable.
[4.149s]       |                      [01;31m[K^~~~~[m[K
[4.149s]       |                           [32m[K;[m[K
[4.149s] [01m[K/home/sheila/march/ros1/src/control/computed_torque/include/computed_torque/computed_torque_controller.h:116:22:[m[K [01;31m[Kerror: [m[Kredeclaration of â€˜[01m[Kint controller_ns::computed_torque_controller_class::State[m[Kâ€™
[4.149s] [01m[K/home/sheila/march/ros1/src/control/computed_torque/include/computed_torque/computed_torque_controller.h:115:22:[m[K [01;36m[Knote: [m[Kprevious declaration â€˜[01m[Kint controller_ns::computed_torque_controller_class::State[m[Kâ€™
[4.149s]   115 |             typename [01;36m[KState[m[K state_error_;           ///< Preallocated workspace variable.
[4.149s]       |                      [01;36m[K^~~~~[m[K
[4.168s] [01m[K/home/sheila/march/ros1/src/control/computed_torque/include/computed_torque/computed_torque_controller.h:116:28:[m[K [01;31m[Kerror: [m[Kâ€˜[01m[Kdesired_joint_state_[m[Kâ€™ does not name a type
[4.168s]   116 |             typename State [01;31m[Kdesired_joint_state_[m[K;   ///< Preallocated workspace variable.
[4.168s]       |                            [01;31m[K^~~~~~~~~~~~~~~~~~~~[m[K
[4.201s] In file included from [01m[K/home/sheila/march/ros1/src/control/computed_torque/include/computed_torque/computed_torque_controller.h:159[m[K,
[4.201s]                  from [01m[K/home/sheila/march/ros1/src/control/computed_torque/src/computed_torque_controller.cpp:5[m[K:
[4.201s] [01m[K/home/sheila/march/ros1/src/control/computed_torque/include/computed_torque/computed_torque_controller.hpp:76:53:[m[K [01;31m[Kerror: [m[Kâ€˜[01m[KState[m[Kâ€™ does not name a type
[4.201s]    76 |                                               const [01;31m[KState[m[K& desired_state,
[4.201s]       |                                                     [01;31m[K^~~~~[m[K
[4.203s] [01m[K/home/sheila/march/ros1/src/control/computed_torque/include/computed_torque/computed_torque_controller.hpp:77:53:[m[K [01;31m[Kerror: [m[Kâ€˜[01m[KState[m[Kâ€™ does not name a type
[4.203s]    77 |                                               const [01;31m[KState[m[K& state_error ){
[4.203s]       |                                                     [01;31m[K^~~~~[m[K
[4.203s] [01m[K/home/sheila/march/ros1/src/control/computed_torque/include/computed_torque/computed_torque_controller.hpp:[m[K In member function â€˜[01m[Kvoid controller_ns::computed_torque_controller_class::update(const ros::Time&, const ros::Duration&, const int&, const int&)[m[Kâ€™:
[4.203s] [01m[K/home/sheila/march/ros1/src/control/computed_torque/include/computed_torque/computed_torque_controller.hpp:88:42:[m[K [01;31m[Kerror: [m[Krequest for member â€˜[01m[Kacceleration[m[Kâ€™ in â€˜[01m[Kdesired_state[m[Kâ€™, which is of non-class type â€˜[01m[Kconst int[m[Kâ€™
[4.203s]    88 |       desired.qdotdot(i) = desired_state.[01;31m[Kacceleration[m[K[i];
[4.203s]       |                                          [01;31m[K^~~~~~~~~~~~[m[K
[4.204s] [01m[K/home/sheila/march/ros1/src/control/computed_torque/include/computed_torque/computed_torque_controller.hpp:90:32:[m[K [01;31m[Kerror: [m[Krequest for member â€˜[01m[Kposition[m[Kâ€™ in â€˜[01m[Kstate_error[m[Kâ€™, which is of non-class type â€˜[01m[Kconst int[m[Kâ€™
[4.204s]    90 |       error.q(i) = state_error.[01;31m[Kposition[m[K[i];
[4.204s]       |                                [01;31m[K^~~~~~~~[m[K
[4.204s] [01m[K/home/sheila/march/ros1/src/control/computed_torque/include/computed_torque/computed_torque_controller.hpp:91:35:[m[K [01;31m[Kerror: [m[Krequest for member â€˜[01m[Kvelocity[m[Kâ€™ in â€˜[01m[Kstate_error[m[Kâ€™, which is of non-class type â€˜[01m[Kconst int[m[Kâ€™
[4.204s]    91 |       error.qdot(i) = state_error.[01;31m[Kvelocity[m[K[i];
[4.204s]       |                                   [01;31m[K^~~~~~~~[m[K
[4.304s] [01m[K/home/sheila/march/ros1/src/control/computed_torque/include/computed_torque/computed_torque_controller.hpp:118:54:[m[K [01;31m[Kerror: [m[Kâ€˜[01m[Kerrror[m[Kâ€™ was not declared in this scope; did you mean â€˜[01m[Kerror[m[Kâ€™?
[4.304s]   118 |         const double command = -Kp*error.q.data - Kv*[01;31m[Kerrror[m[K.qdot.data;
[4.304s]       |                                                      [01;31m[K^~~~~~[m[K
[4.304s]       |                                                      [32m[Kerror[m[K
[5.240s] In file included from [01m[K/opt/ros/noetic/include/class_loader/class_loader_core.hpp:45[m[K,
[5.240s]                  from [01m[K/opt/ros/noetic/include/class_loader/class_loader.hpp:46[m[K,
[5.240s]                  from [01m[K/opt/ros/noetic/include/pluginlib/./class_list_macros.hpp:40[m[K,
[5.240s]                  from [01m[K/opt/ros/noetic/include/pluginlib/class_list_macros.h:35[m[K,
[5.240s]                  from [01m[K/home/sheila/march/ros1/src/control/computed_torque/src/computed_torque_controller.cpp:2[m[K:
[5.241s] /opt/ros/noetic/include/class_loader/meta_object.hpp: In instantiation of â€˜[01m[KB* class_loader::impl::MetaObject<C, B>::create() const [with C = controller_ns::computed_torque_controller_class; B = controller_interface::ControllerBase][m[Kâ€™:
[5.241s] [01m[K/opt/ros/noetic/include/class_loader/meta_object.hpp:196:7:[m[K   required from here
[5.241s] [01m[K/opt/ros/noetic/include/class_loader/meta_object.hpp:198:12:[m[K [01;31m[Kerror: [m[Kinvalid new-expression of abstract class type â€˜[01m[Kcontroller_ns::computed_torque_controller_class[m[Kâ€™
[5.241s]   198 |     return [01;31m[Knew C[m[K;
[5.241s]       |            [01;31m[K^~~~~[m[K
[5.241s] In file included from [01m[K/home/sheila/march/ros1/src/control/computed_torque/src/computed_torque_controller.cpp:5[m[K:
[5.242s] [01m[K/home/sheila/march/ros1/src/control/computed_torque/include/computed_torque/computed_torque_controller.h:75:11:[m[K [01;36m[Knote: [m[K  because the following virtual functions are pure within â€˜[01m[Kcontroller_ns::computed_torque_controller_class[m[Kâ€™:
[5.242s]    75 |     class [01;36m[Kcomputed_torque_controller_class[m[K : public controller_interface::Controller<hardware_interface::EffortJointInterface> {
[5.242s]       |           [01;36m[K^~~~~~~~~~~~~~~~~~~~~~~~~~~~~~~~[m[K
[5.242s] In file included from [01m[K/opt/ros/noetic/include/controller_interface/controller.h:35[m[K,
[5.242s]                  from [01m[K/home/sheila/march/ros1/src/control/computed_torque/include/computed_torque/computed_torque_controller.h:24[m[K,
[5.242s]                  from [01m[K/home/sheila/march/ros1/src/control/computed_torque/src/computed_torque_controller.cpp:5[m[K:
[5.243s] [01m[K/opt/ros/noetic/include/controller_interface/controller_base.h:73:16:[m[K [01;36m[Knote: [m[K	â€˜[01m[Kvirtual void controller_interface::ControllerBase::update(const ros::Time&, const ros::Duration&)[m[Kâ€™
[5.243s]    73 |   virtual void [01;36m[Kupdate[m[K(const ros::Time& time, const ros::Duration& period) = 0;
[5.243s]       |                [01;36m[K^~~~~~[m[K
[5.601s] make[2]: *** [CMakeFiles/computed_torque_lib.dir/build.make:63: CMakeFiles/computed_torque_lib.dir/src/computed_torque_controller.cpp.o] Error 1
[5.601s] make[1]: *** [CMakeFiles/Makefile2:265: CMakeFiles/computed_torque_lib.dir/all] Error 2
[5.601s] make: *** [Makefile:141: all] Error 2
[5.603s] Invoked command in '/home/sheila/march/ros1/build/computed_torque' returned '2': /usr/bin/cmake --build /home/sheila/march/ros1/build/computed_torque -- -j4 -l4
